一本気
下手人
火木土
月水金
五十音
口下手
口上手
三本足
山林学
十字火
十文字
出目金
女学生
女子大
小学校
小学生
小文字
上中下
上天気
人口学
人力車
水力学
赤十字
先入見
大学生
大中小
大文字
大目玉
中学校
中学生
天下一
天文学
日本車
日本人
入学金
入学生
入出力
八千草
本草学
先先月
出入口
生一本
十八金
大人気
金石文
空下手
空気口
八文字
金文字
金石学
日本一
日本犬
日本学
人文字
水中花
小手先
小正月
女文字
女学校
四天王
大八車
大山木
男文字
花文字
花水木
月見草
千六本
森林学
木金土
火木金
女子校
男子校
入出金
小女子
空白文
赤四手
水文学
日本円
大学校
金花虫
青人草
水上下
二文字
天気雨
川八目
名目上
犬四手
青文字
入力文
石百足
青金石
土日月
日月火
四本足
出出虫
中日本
花見月
水字貝
大水青
中学年
人気校
十二天
小玉貝
白木耳
日本字
四王天
土中水
五文字
女子力
中年男
中年女
本土人
天青石
入手先
水先人
日天子
月天子
下中音
大正月
女正月
田字草
白文字
月火水
火水木
水木金
人文学
手入力
大赤字
火山学
大先生
八王子
天下人
右上手
左上手
八八花
大日本
立三本
日本文
赤木耳
赤玉土
四文字
小水力