馬酔木
海鷂魚
於転婆
片口鰯
我利勉
山梔子
佝僂病
痀瘻病
炬燵掛
護美箱
薯蕷芋
薯蕷藷
傍迷惑
穂紫蘇
亜細亜
英吉利
以色列
伊太利
犬薄荷
越幾斯
荻野式
阿蘭陀
加加阿
加答児
加奈陀
柬埔寨
基督教
久留子
撒哈拉
叙利亜
蘇格蘭
窒扶斯
土耳古
土耳其
独逸語
双節棍
洪牙利
匈牙利
伴天連
破天連
巴奈馬
糜爛剤
天鵞絨
天鵝絨
比律賓
勃牙利
風太郎
白耳義
葡萄牙
馬尼剌
木乃伊
墨西哥
莫斯科
弗化物
摩洛哥
欧羅巴
拉丁語
羅甸語
羅典語
羅馬字
華盛頓
亜鉛引
亜鉛華
亜鉛版
亜鉛末
亜温帯
亜寒帯
亜硝酸
亜熱帯
亜麻糸
亜麻仁
亜麻製
亜麻布
亜硫酸
亜砒酸
阿多福
於多福
阿片窟
鴉片窟
阿弥陀
阿彌陀
愛煙家
愛郷心
愛犬家
愛好家
愛国心
愛唱歌
愛唱曲
愛蔵版
愛知県
愛弟子
愛読書
愛猫家
挨拶状
悪因縁
悪影響
悪餓鬼
悪感化
悪戯着
悪材料
悪質化
悪趣味
悪習慣
悪循環
悪条件
悪推量
悪太郎
悪天候
悪天使
悪洒落
握寿司
圧延機
圧延鋼
圧砕機
圧搾機
圧搾器
圧痛点
圧電気
圧迫感
圧力計
圧力鍋
圧力波
斡旋料
安楽死
安酒場
安全域
安全器
安全期
安定化
安定器
安普請
暗褐色
暗号化
暗黒期
暗証化
暗赤色
案山子
案内係
案内所
案内書
案内嬢
伊佐木
伊達姿
伊達衆
伊達女
伊達男
伊達着
伊呂波
以呂波
位牌堂
依頼状
依頼心
偉丈夫
囲炉裏
居炉裏
囲炉裡
委員会
委員長
委託生
委任状
意気地
意固地
依怙地
依估地
意識体
意地悪
意味合
意味論
慰安婦
慰謝料
慰藉料
慰霊祭
為政家
為替尻
異機種
異性体
異星人
異体字
異分子
異邦人
移動体
維持費
胃下垂
胃洗浄
異洗浄
胃潰瘍
衣食住
違約金
違和感
異和感
遺家族
遺言書
遺言状
遺失物
遺伝学
遺伝子
遺伝病
遺伝法
遺留品
医院長
医化学
医学界
医学史
医学士
医学生
医学部
医師会
医師法
医務室
医薬品
医療車
医療品
井戸綱
井戸車
井戸水
井戸側
井戸端
育英会
育児院
育児園
育児室
育児食
育児法
育種家
育種所
育雛器
育毛剤
磯巾着
一安心
一院制
一音節
一箇年
一角獣
一括式
一機軸
一局部
一筋道
一筋縄
一筋繩
一見識
一元化
一元論
一絃琴
一弦琴
一戸建
一口話
一合目
一昨晩
一昨夜
一酸化
一仕事
一時金
一時払
一次元
一周忌
一周期
一周年
一重桜
一瞬間
一升瓶
一升壜
一神教
一神論
一身上
一寸先
一世紀
一生涯
一斉安
一斉高
一隻眼
一切経
一槽式
一体化
一対一
一代記
一大事
一段落
一致点
一昼夜
一直線
一定量
一転機
一等国
一等車
一等賞
一等親
一等星
一等卒
一等兵
一般化
一般人
一般法
一般論
一風呂
一辺倒
一本気
一本松
一本杉
一本槍
一本釣
一本道
一幕物
一面観
一面識
一毛作
一目散
一夜漬
一夕話
一覧表
一里塚
一粒種
一了簡
一両年
一輪車
一塁手
一塁線
一刹那
一殺那
稲荷鮨
稲熱病
芋蔓式
印画紙
陰画紙
印刻師
印刷機
印刷業
印刷工
印刷紙
印刷社
印刷術
印刷所
印刷人
印刷物
印字機
印象派
印度教
印度人
印判師
印半纏
印半天
引火点
引取人
引当金
引用句
引用符
引用文
飲酒癖
飲食店
飲食物
飲水量
飲料水
陰極線
陰電気
陰電子
陰日向
陰弁慶
隠元豆
隠蔽子
右大臣
宇宙学
宇宙食
宇宙人
宇宙線
宇宙船
宇宙服
宇宙帽
烏羽玉
烏羽色
烏犀角
烏帽子
雨合羽
雨量計
嘘八百
運送屋
運転士
運転手
運転席
運動員
運動会
運動場
運動費
運動量
運動力
運命論
運輸省
運輸相
荏胡麻
営業畑
営業部
営林署
嬰記号
影響力
影法師
映画化
映画館
映画社
映画評
映写機
曳火弾
曳光弾
栄養価
栄養士
栄養素
永久歯
永子作
永小作
永住権
永年間
英会話
英語版
英国人
英作文
英数字
英単語
英文学
英文法
英連邦
疫病神
閲覧室
厭世家
厭世観
円為替
円運動
円記号
円軌道
円借款
円刃刀
円錐形
円錐体
円虫類
円筒形
円盤状
円盤投
円舞曲
園遊会
演算機
演算子
演奏会
演舞場
演繹法
炎天下
燕青拳
猿芝居
猿真似
遠隔視
遠隔地
遠眼鏡
遠距離
遠近法
遠心機
遠心分
遠心力
遠地点
遠日点
鉛中毒
塩化物
塩加減
塩素酸
塩風呂
潮風呂
汚染菌
汚染源
凹眼鏡
凹面鏡
奥之院
奥御殿
奥座敷
応援歌
応援団
応接間
応接室
応答能
応用力
押問答
横隔膜
横膈膜
横座標
横文字
横恋慕
黄褐色
黄金国
黄金術
黄金色
黄金律
黄口児
黄菖蒲
黄水仙
黄鉄鉱
黄道光
黄道色
黄道帯
黄道面
黄白色
黄表紙
黄碧玉
黄変米
黄緑色
岡山県
岡場所
沖積期
沖積世
沖積層
沖積土
沖仲仕
沖縄県
牡牛座
牡羊座
乙女座
乙女心
少女心
卸問屋
卸酒販
卸相場
温度計
音韻学
音楽会
音樂會
音楽史
音沙汰
音声学
下院議
下屋敷
下級職
下級審
下級生
下協議
下稽古
下検査
下検分
下降線
下仕事
下士官
下手人
下手物
下手糞
下宿屋
下宿人
下宿料
下準備
下水管
下水溝
下水道
下世話
下請負
下線部
下層土
下相談
下足番
下足料
下駄屋
下駄箱
下駄番
下台所
下町風
下馬先
下馬評
下付金
下腹部
化学剤
化学式
化学上
化学戦
化学線
化学品
化合物
化粧下
化粧室
化粧代
化粧台
化粧着
化粧殿
化粧箱
化粧品
化粧料
化石学
化石層
化膿菌
仮勘定
仮記入
仮議長
仮差押
仮釈放
仮受取
仮出獄
仮出所
仮処分
仮小屋
仮条約
仮進級
仮政府
仮調印
仮綴本
仮定款
仮定形
仮定法
仮入学
仮納金
仮納税
仮普請
仮分数
仮埋葬
仮名遣
仮名文
仮名本
仮免許
仮免状
仮繃帯
何箇月
何時迄
何時間
何時頃
何処迄
何代目
伽芝居
伽草子
伽藍鳥
価格差
価格帯
価格表
価値観
価電子
加虐愛
加工業
加工紙
加工歯
加工税
加工賃
加工費
加工品
加算器
加算機
加湿器
加湿機
加除式
加入金
加入権
加農砲
加配米
加判人
加盟国
加盟店
加硫法
可換群
可視化
可塑剤
可塑物
可鍛鉄
可動堰
可燃物
可能法
可変数
可変長
夏羽織
夏至線
夏至点
夏時間
夏時刻
夏場所
夏大根
夏帽子
夏蜜柑
夏木立
家具屋
家計簿
家政婦
家族達
家庭科
家庭欄
科学院
果実酒
果実店
果樹園
果物屋
歌舞伎
歌舞妓
歌謡曲
河童巻
火炎瓶
火加減
火口湖
火山灰
火山岩
火食鳥
食火鶏
火成岩
火星人
火打石
火縄銃
火木土
花時計
花菖蒲
花吹雪
花電車
花粉症
花野菜
花椰菜
花柳界
花柳病
花林糖
花崗岩
荷為替
荷馬車
荷厄介
菓子屋
青竜蝦
課徴金
貨物駅
貨物船
迦楼羅
過去形
過激派
過食症
過渡期
過半数
過敏症
過不足
過保護
過労死
俄景気
俄成金
俄分限
俄勉強
我物顔
画一化
画学紙
画仙紙
画用紙
餓鬼道
会員券
会員証
会員制
会議室
会議所
会議場
会議録
会計学
会計官
会計士
会見記
会社員
会席膳
会津塗
解決策
解集合
解像力
解毒剤
解毒薬
解熱剤
解熱薬
解剖学
回帰線
回顧録
回数券
回想録
回転軸
回復力
回路図
壊血病
怪我人
怪事件
怪人物
怪文書
懐中物
戒厳令
改革案
改札口
改札鋏
改正案
改訂版
改定版
改良点
海王星
海岸線
煎海鼠
熬海鼠
海産業
海産物
海商法
海水着
海水浴
海兵隊
灰神楽
灰青色
灰白質
灰白色
灰緑色
皆既食
皆既蝕
絵巻物
絵日記
絵文字
開回路
開業医
開口部
開墾地
開催式
階級章
凱旋軍
凱旋門
外為法
外陰部
外科医
外科学
外交官
外国語
外国人
外国製
外祖父
外務省
外野手
外野席
外用薬
外来語
街路樹
拡張化
格子戸
格子窓
格子点
格子面
格納庫
格変化
核家族
核開発
核災害
核実験
核戦争
核弾頭
核燃料
核爆弾
核爆発
核反応
核武装
核分裂
核兵器
核融合
確認書
確率論
角砂糖
学園祭
学期末
学協会
学者肌
学者膚
学習塾
学生証
学生寮
学部生
学部長
楽観論
楽天家
割引券
割当額
割烹着
割烹店
括約筋
活字体
活性化
活性炭
活動家
活動誌
活発化
滑稽本
滑石粉
滑走路
滑沢剤
蒲公英
干菓子
乾菓子
乾湿計
乾漆像
乾所帯
乾性油
乾生姜
乾燥果
乾燥器
乾燥機
乾燥剤
乾燥材
乾燥室
乾燥地
乾燥卵
乾燥炉
乾電池
乾物屋
乾酪素
冠動脈
寒帯林
寒暖計
刊行会
勘定係
勘定場
勘定尻
勧工場
勧告案
勧告状
勧進元
勧世縒
勧誘員
完結文
完成品
官求品
官公庁
官庁街
官房長
官僚化
幹事会
幹事長
幹部会
感嘆符
感歎符
感知器
感動詞
感無量
慣用句
換気扇
換算表
柑橘類
甘橘類
歓楽街
歓迎会
歓送会
漢越音
漢時代
漢方薬
漢民族
環境庁
甘味料
監査役
監察医
監視塔
看護学
看護士
看護卒
看護長
看護婦
看護兵
看護法
看板屋
看板娘
看病人
管楽器
管弦楽
管絃楽
管制塔
管理局
管理職
管理人
簡易化
簡素化
簡体字
簡略化
緩下薬
緩衝器
翰林院
肝硬変
艦載機
観光客
観光団
観光地
観自在
觀自在
観世音
觀世音
観戦記
観覧車
間一髪
間狂言
間接税
間奏曲
間投詞
関心事
関西弁
関西辯
関節炎
関節技
関東弁
韓国語
韓国人
丸太材
丸天井
円天井
丸砥石
丸花蜂
円花蜂
丸坊主
含糖量
含油層
含有量
含嗽薬
玩弄物
眼科医
眼軟膏
岩手県
岩石圏
贋手紙
雁皮紙
雁木車
雁木鑢
顔写真
企画書
企業化
企業家
企業心
危険視
危険物
喜歌劇
寄宿舎
寄生虫
岐阜県
希元素
稀元素
希釈液
希土類
稀土類
希硫酸
稀硫酸
幾何学
揮発油
既往症
既視感
既製服
既定値
既得権
期待値
棄言葉
機械化
機械語
機関車
機関銃
機業家
機動隊
機動力
機能語
機雷原
帰納法
気圧計
気化器
気化熱
気管支
気苦労
気象学
気象台
気象庁
気分屋
気密室
汽車賃
季節風
紀行文
規格化
基準化
規準化
規定値
記憶法
記者団
記述子
記数法
記念館
記念碑
記譜法
貴金属
貴重品
貴族院
貴婦人
起重機
輝煌帝
騎士道
騎馬戦
騎兵隊
疑似症
偽似症
偽証罪
偽造罪
偽妊娠
儀典長
儀礼兵
儀仗兵
技術力
擬革紙
擬古文
擬人化
擬声語
擬態語
擬宝珠
疑問詞
疑問符
疑問文
義援金
義捐金
義侠心
義俠心
食蟻獣
蟻地獄
議決権
議事堂
議事録
菊人形
喫水線
吃水線
喫茶店
黍団子
客商売
脚線美
逆効果
逆行列
逆探知
逆提案
逆噴射
逆茂木
逆輸入
久慈目
仇同士
敵同士
休茶屋
休閑地
休憩室
休憩所
休止符
休息所
休泊所
休眠期
休養室
及第点
吸血鬼
宮崎県
宮内庁
急行券
急降下
急上昇
急停車
救急車
救急箱
救護班
救済策
救世軍
救世主
救命艇
求職係
求心力
求人口
求人誌
汲取口
泣上戸
給水栓
給電線
給湯器
給付金
旧勘定
旧教徒
旧形式
旧市街
旧思想
旧字体
舊字體
旧主人
旧世界
旧正月
旧体制
旧大陸
旧年末
旧藩主
牛小屋
牛乳屋
居酒屋
居住地
居留守
居留地
巨人国
巨大症
拒食症
拒否権
虚空蔵
虚無僧
許可書
魚介類
魚貝類
魚市場
魚雷艇
京阪神
京人形
京都府
供給源
供給地
供給路
供出米
供述書
供託金
供託物
供物台
供養塚
供養塔
競争力
共栄圏
共益費
共学制
共産化
共産軍
共産圏
共産党
共進会
共通語
共通点
共同線
共同体
協同体
共白髪
友白髪
共有地
共有物
共和国
共和制
共和党
協議員
協議会
協議官
協議所
協商国
協奏曲
協定案
協定書
協約国
協約書
協力鋼
境界線
強硬派
強心剤
強綿薬
強力粉
恐妻家
恐妻病
恐怖症
教育省
教科書
教会史
教材費
教習所
教習生
教職員
橋脚舟
橋頭堡
橋頭保
狂犬病
狂詩曲
狂想曲
狭心症
胸三寸
脅迫罪
脅迫状
興行化
興行師
興行主
興信所
興信録
興奮剤
蕎麦殻
凝固点
凝集力
凝着力
業界紙
業界初
曲芸師
曲射砲
曲線美
曲独楽
曲馬師
曲馬団
極楽鳥
極座標
極地圏
玉砂利
吉丁虫
玉虫色
玉蜀黍
僅少差
勤務員
勤務先
均一化
禁煙車
禁反言
筋肉痛
近縁属
近距離
近似値
近親婚
近代化
近代史
近日点
金環食
金環蝕
金鉱地
金剛手
金剛石
金婚式
金字塔
金時計
金属間
金平糖
金餅糖
金満家
金無垢
金木犀
金目鯛
金眼鯛
金利鞘
金輪際
公孫樹
鴨脚樹
銀行員
銀婚式
九官鳥
九星家
九星術
倶楽部
句読点
句読法
区役所
苦学生
苦労人
駆逐艦
駆虫剤
駆動機
具体化
具体策
具体例
愚連隊
空部屋
空間軸
空気孔
空手家
空手形
空集合
空相場
空対空
空対地
空中戦
空挺隊
空洞化
空冷式
偶像化
偶像教
偶像視
靴一足
熊本県
群馬県
軍医監
軍楽手
軍楽隊
軍楽長
軍官憲
軍国色
軍資金
軍事上
軍事通
軍事犯
軍事費
軍事面
軍事力
軍需品
軍政府
軍政部
軍隊化
軍隊式
軍隊葬
軍団長
軍放送
軍用艦
軍用機
軍用金
軍用犬
軍用鳩
軍用品
軍令部
軍荼利
係争物
傾斜角
傾斜面
刑事上
刑事犯
刑務官
刑務所
兄弟愛
兄弟子
兄弟分
珪藻土
型変換
契約書
形意拳
形而下
形而上
形態素
形容詞
恵比寿
恵比須
系図学
系統樹
系列化
経営学
経営陣
経企庁
経済界
経済学
経済力
経常費
継電器
罫線表
計画案
計算尺
計算書
計算木
計理士
経理士
警戒心
警告音
警察官
警察署
警察庁
警視庁
警報音
軽音楽
軽歌劇
軽気球
軽騎兵
軽金属
軽工業
軽水炉
軽犯罪
軽労働
頚静脈
頸静脈
頸動脈
頚動脈
芸術家
芸能界
芸能人
迎撃機
迎賓館
劇映画
劇作家
劇文学
欠勤届
欠席届
決死隊
決勝戦
決定権
穴居人
結果論
結合子
結婚式
結婚祝
結膜炎
結紮糸
結紮術
血液型
血色素
血友病
月刊誌
月桂冠
月桂樹
月水金
月長石
月例会
倹約家
倦怠感
倦怠期
健胃剤
健胃錠
健脚家
健康児
健康体
健康地
健康美
健脳剤
健筆家
健忘症
健啖家
喧嘩腰
建造物
建築家
検温器
検眼医
検問所
検量線
牽引車
牽引力
牽制球
犬小屋
犬張子
犬追物
献呈本
研究員
研究会
研究室
研究生
研削盤
研修員
研修課
研修生
絹織物
県知事
見世物
見積書
見物人
謙譲語
謙遜語
遣唐使
顕微鏡
原画像
原形質
原稿紙
原稿料
原裁判
原材料
原産地
原産物
原始人
原始林
原子雲
原子価
原子核
原子症
原子説
原子戦
原子病
原子砲
原子量
原子力
原子炉
原住民
原色版
原振動
原水爆
原寸大
原成岩
原生林
原繊維
原動機
原動力
原爆症
原判決
厳美渓
幻覚剤
幻想劇
弦楽器
絃楽器
減衰器
玄関先
玄関番
玄武岩
玄米茶
現在地
現時代
現時点
現住所
現代詩
現代人
言語学
限界点
限度額
個人差
個人展
個別化
古井戸
古事記
古写本
古生物
古戦場
古銭学
古泉学
古代語
古代史
古代人
古典学
古典語
古典派
古伝説
古版本
古筆家
古武道
古物商
古文学
古本屋
呼吸器
呼吸法
固定給
固定子
固定長
固有値
孤児院
孤立化
戸籍係
枯草熱
狐格子
股関節
股間節
胡麻塩
胡麻油
虎燕拳
鼓手長
鼓笛隊
五十音
五旬節
五寸釘
五線紙
五線譜
五大国
五大洋
五斗米
五辺形
五目飯
五目鮨
五稜郭
五稜堡
五輪旗
互助会
午餐会
呉服屋
呉服商
呉服店
呉服物
吾妹子
吾木香
吾亦紅
娯楽室
後遺症
後始末
跡始末
後進国
後頭部
後発品
後半生
誤作動
誤動作
誤変換
護衛艦
乞高評
交易会
交換円
交換器
交換局
交換手
交換所
交換船
交換台
交換品
交歓会
交響楽
交響曲
交際家
交際国
交際上
交際費
交際法
交渉員
交戦権
交戦国
交代員
交代制
交替制
交通費
交通網
交通量
交通路
交読文
交付金
交霊術
降霊術
候補生
候補地
光化学
光合成
光磁気
光通信
光電子
光電池
光熱費
公安官
公会堂
公海上
公開状
公共債
公共心
公共物
公教会
公使館
公社債
公衆網
公証人
公生涯
公生活
公聴会
公定価
公徳心
公倍数
公判廷
公分母
公文書
公募債
公法人
公民科
公民館
公民権
公務員
公約数
公有地
公有物
公有林
公用語
公用車
公用文
功名心
効果音
効率化
勾引状
拘引状
厚化粧
厚生省
口下手
口相撲
口角力
口奇麗
口供書
口言葉
口座係
口述書
口小言
口上手
口忠実
口内炎
口入屋
口拍子
口返答
口約束
向学心
向上心
向心力
向日葵
好加減
好奇心
好事家
好色漢
好人物
好男子
好都合
工員寮
工学科
工具入
工作物
広告社
広告主
広告塔
広島県
広範囲
広報官
弘済会
恒温器
恒久化
恒等式
抗凝固
抗真菌
抗生剤
拘置所
控訴審
攻防戦
更衣室
更生期
更年期
校正刷
構成子
構造体
構文法
構文木
洪積世
洪積層
甲乙丙
甲殻類
甲状腺
甲鉄艦
皇太后
皇太子
紅冠鳥
絞首刑
絞首台
考古学
航空機
航空券
航空便
莢隠元
荒仕事
行政官
行政府
行列式
講演会
購読料
購買力
酵素学
酵母菌
鉱山業
鉱物学
降雨量
降水量
降魔術
香辛料
香川県
香味料
高圧縮
高機能
高気圧
高級品
高血圧
高校生
高山病
高姿勢
高射砲
高周波
高所病
高水準
高性能
高知県
高電位
高飛車
高品質
高分子
合議制
合宿所
合唱隊
合唱団
合成語
合成酒
合成物
合成力
合切袋
合奏調
合同軍
合併症
合法化
合理化
拷問具
豪雨禍
豪華版
豪商層
克己心
刻一刻
告別式
国慶節
国際化
国際法
国産車
国事犯
国税局
国税庁
国全土
国防費
国務省
国連旗
黒雲母
黒褐色
黒眼鏡
黒砂糖
黒死病
黒色癌
黒色腫
黒水引
黒水熱
黒装束
黒頭巾
黒内障
黒曜岩
黒曜石
黒耀石
黒繻子
黒銹病
骨組織
骨董品
今月分
今月末
今時分
今世界
今世紀
今朝方
今道心
今様歌
婚姻届
婚姻法
懇親会
懇談会
昆虫学
昆布茶
根拠地
混成語
混成団
混分数
佐賀県
叉手網
差機関
砂時計
詐欺師
座右銘
座席表
座談会
座標軸
座布団
座蒲団
坐蒲団
催淫剤
催促状
催眠剤
催眠術
催眠薬
催涙銃
催涙弾
再下付
再確認
再割引
再感染
再帰熱
再起動
再協議
再教育
再禁止
再吟味
再軍備
再建築
再検査
再検討
再交付
再工事
再抗弁
再構成
再構築
再考慮
再降臨
再試験
再試行
再試合
再受浸
再従兄
再従弟
再出発
再循環
再処理
再上映
再審査
再浸礼
再尋問
再生産
再生品
再生法
再製品
再洗礼
再選挙
再組織
再創造
再測量
再注文
再調査
再調整
再定義
再提案
再訂版
再投稿
再投資
再投票
再入学
再入国
再配置
再配分
再発行
再発足
再評価
再浮上
再武装
再封鎖
再服役
再分配
再編成
再保険
再放送
再輸出
再輸入
再来月
再来週
再来年
再臨派
最高裁
最高潮
最高峰
最終回
最小化
最小限
最少限
最小値
最新式
最盛期
最先端
最尖端
最前戦
最前線
最大化
最大値
最低限
最適化
才槌頭
歳未満
才未満
栽培種
栽培所
砕氷船
細胞核
細胞学
細胞質
細胞膜
菜種殻
菜種油
裁決書
裁断師
裁判官
裁判権
裁判所
裁判上
裁判人
裁判長
裁縫師
在庫品
在校生
罪悪感
財政難
財政力
埼玉県
造酒屋
作業衣
作業場
作業費
作業服
作曲家
作詩法
作戦上
作務衣
削氷機
刷毛先
刷毛目
撮影所
撮影隊
擦過傷
殺人鬼
殺虫剤
殺風景
薩摩芋
薩摩焼
雑記帳
雑木林
晒木綿
三羽烏
三角巾
三角琴
三角筋
三角錐
三角波
三角帆
三角法
三角帽
三脚架
三業地
三原色
三元色
三行半
三下半
三国一
三叉路
三差路
三次元
三尺帯
三十戸
三十路
三重冠
三重県
三重殺
三重唱
三重奏
三重盗
三乗根
三畳紀
三世相
三仙叉
三大国
三大節
三等分
三拍子
三幅対
三分搗
三文判
三本足
三幕物
三面鏡
三毛作
三毛猫
三葉虫
三稜鏡
三輪車
三塁手
三塁線
三塁打
傘歯車
参賀帳
参観人
参議院
参考書
参考人
参考品
参事会
参事官
参政官
参政権
参謀長
参与官
和佐比
山火事
山岳部
山間部
山形県
山口県
山女魚
山小屋
山水画
山茶花
山羊座
山梨県
山林学
山椒魚
不見目
散弾銃
霰弾銃
珊瑚礁
産科学
産卵口
蚕糸業
蚕卵紙
酸化物
酸性雨
酸中毒
仕事師
仕事場
仕事台
仕事着
仕事箱
仕事柄
仕手株
仕上工
仕置場
仕入先
仕舞屋
仕舞物
仕方話
仕方噺
仕形噺
仕訳書
仕訳帳
仕訳表
仕様書
仕立屋
仕立券
仕立物
使節団
使徒書
使徒達
使用権
使用人
使用方
使用法
使用料
使用量
使用例
司法権
司令官
司令室
司令部
史学家
史料館
四角形
四次元
四十雀
四重奏
四畳半
四半期
四輪車
士君子
始祖鳥
子画面
子会社
子宮頸
子宮頚
子供達
子守唄
子守歌
子煩悩
市街戦
市街地
市長選
市民権
市民法
市役所
市有地
市有物
市吏員
師団長
志願兵
思春期
思想犯
思惑買
指揮官
指揮所
指揮棒
指示詞
指示先
指定券
指定席
指導部
指話法
支店網
枝垂柳
止血剤
死刑囚
死亡数
氏子札
氏子帳
獅子座
獅子唐
私自身
私書箱
私生活
私有地
糸切歯
天糸瓜
糸電話
糸蚯蚓
紙芝居
紫外線
紫水晶
紫陽花
脂肪酸
脂肪層
至急便
至東京
視覚化
視神経
視聴覚
試運転
試供品
試金石
試験官
試験管
試験法
試作機
試作品
試算表
試着室
資本金
資料室
雌螺子
雌捻子
歯科医
歯科学
歯牙状
歯軌条
歯神経
歯齦炎
事業化
事業家
事業界
事業主
事業所
事業税
事業部
事件表
事故歴
事実上
事務員
事務家
事務会
事務官
事務器
事務机
事務局
事務室
事務所
事務長
事務服
事務量
似顔絵
似顔画
似而非
似非事
似非親
侍衛長
侍気質
侍従官
侍従職
侍従長
児童画
児童劇
文字典
慈善家
慈善会
慈善心
慈善鍋
慈善箱
慈悲心
持続力
時間割
時間給
時間軸
時間帯
時間表
時系列
時計屋
時計皿
時計台
時計店
時刻表
時代劇
次世代
次善策
次男坊
滋賀県
滋養分
磁性層
示力図
耳鼻科
自意識
自衛隊
自家製
自画像
自己流
自国語
自治省
自治体
自叙伝
自然数
自然林
自走砲
自尊心
自堕落
自転軸
自転車
自動化
自働化
自動詞
自動車
自販機
自閉症
自由化
自由業
自由席
自由党
自立語
自立心
式次第
識別子
七角形
七五調
七福神
七分袖
七辺形
七面鳥
七面倒
執達吏
失語症
室内楽
湿電池
湿度計
実業家
実験群
実験室
実行権
実施例
実時間
実測図
実用化
芝刈機
舎利塩
写植機
写真屋
写真家
写真顔
写真師
写真術
写真帳
写真版
写真班
写生画
写生文
射手座
射的場
斜角柱
社員寮
社会悪
社会学
社会人
社会党
社会面
社外秘
社用車
社用族
謝肉祭
車椅子
車海老
車高短
車用品
車両化
邪魔物
借越金
借地権
借入金
借用書
尺貫法
杓文字
若鳥丼
若年型
稚海藻
裙蔕菜
弱音器
弱材料
弱小国
弱体化
弱味噌
主観論
主眼点
主記憶
主教冠
主教室
主計局
主権国
主催国
主産地
主産物
主治医
主情論
主食物
主人顔
主人公
主人役
主陣地
主成分
主製品
主戦論
主題歌
主導権
主要駅
主要国
主要点
主流派
主力株
主力艦
取扱方
取沙汰
守銭奴
手加減
手荷物
手巻鮨
手工芸
手術室
手信語
手数料
手拍子
手品師
手風琴
手裏剣
手料理
朱印状
朱印船
朱子学
朱文金
狩猟期
酒石酸
首都圏
儒学界
受信機
受信器
受信側
受身形
受精卵
受像機
受付係
受話器
受話機
寿司飯
寿老人
授業料
収穫期
収穫高
収穫物
収監状
収監力
収税官
収税所
収税人
収税吏
収入源
収入役
収納額
収容所
収容力
周囲長
周極星
周旋屋
周旋業
周旋人
周旋料
周波数
周波帯
周辺国
周遊券
宗主国
就業地
就職口
就職先
就職難
就任式
修院長
修験道
修辞学
修辞法
修飾語
修飾子
修整版
修正案
修繕工
修繕費
修道院
修道会
修道士
修道女
修羅場
修羅道
修理屋
修理工
修理代
拾得物
秋田県
秋刀魚
終止形
終止符
終身刑
終着駅
終電車
終盤戦
衆議院
週刊紙
週刊誌
集中線
集配人
住所録
住生活
住宅街
住宅地
住宅難
住民税
住民票
充電器
充当金
十五夜
十三夜
十字架
十字火
十字街
十字軍
十字形
十字線
十字路
十進制
十進法
十二宮
十二支
十二単
十二分
十文字
壱拾萬
十六夜
従業員
従兄弟
従姉妹
従来型
柔道家
柔道場
柔道着
縦旋盤
重言葉
重火器
重軌条
重騎兵
重禁錮
重禁固
重謹慎
重金属
重工業
重酸素
重手代
重症例
重水素
重戦車
重大化
重大視
重箱読
重母音
重役会
重要視
重量感
重量噸
重労働
銃連射
寄居虫
宿泊先
縮刷版
縮緬紙
縮緬皺
熟字訓
出格子
出願人
出漁期
出漁権
出勤簿
出金額
出稽古
出血死
出血症
出血斑
出港船
出札係
出札掛
出札口
出札所
出産数
出仕事
出資額
出資金
出初式
出身校
出身地
出世間
出世作
出世頭
出征軍
出生地
出席簿
出前持
出鱈目
出張員
出張所
出張店
出土品
出入国
出納係
出納簿
出発点
出版屋
出版界
出版業
出版元
出版費
出版部
出版物
出版法
出品国
出品人
出品物
出不精
出無精
出放題
出目金
出来高
出来事
出来秋
出来心
出来星
出来値
出力線
准士官
準会員
準教員
准教員
準決勝
準社員
準大手
準備金
潤滑油
純文学
純米酒
巡視艇
巡洋艦
処女膜
処世術
初期化
初期値
初産婦
初場所
初体験
初対面
初誕生
初投稿
初任給
所在地
所持品
所帯主
所得税
所有権
所有地
所有物
暑中伺
庶民劇
庶務課
署名式
書簡集
書記長
書誌学
諸器械
諸問題
助監督
助教授
助教諭
助産院
助産所
助産婦
助数詞
助成金
助太刀
助動詞
叙事詩
叙事文
叙情詩
抒情詩
女一般
女学生
女子高
女子大
女性器
女性像
女性美
女便所
女郎花
除雪車
除草剤
除幕式
傷病兵
召喚状
召集令
商学士
商慣習
商議員
商業化
商業界
商業街
商業学
商業史
商業地
商業文
商工業
商行為
商取引
商船旗
商船隊
商店街
商売気
商売筋
商売人
商売敵
商売仇
商売柄
商標権
商品学
商品券
商務官
商務省
商用化
商用語
商用文
奨学金
奨学生
奨励金
将棋盤
将来像
小液胞
小火器
小学校
小学生
小間物
小気味
小規模
小型化
小遣銭
小細工
小作農
小児科
小松菜
小切手
小説家
小道具
小麦色
小麦粉
小判型
小判形
小文字
小文節
小惑星
少国民
少資本
小食家
少食家
少数党
少年院
少年会
少年団
少年法
承認状
招待券
招待状
松竹梅
松葉杖
消音器
消化剤
消火器
消火栓
消失点
消息筋
消毒剤
消費税
消費量
消防士
消防車
消防署
消耗品
渉外部
焼蕎麦
照射法
症候群
省電力
硝酸塩
硝酸銀
肖像画
衝撃波
証明書
象牙色
鍾乳石
鐘乳石
鍾乳洞
鐘乳洞
障害物
障碍物
上屋敷
上下線
上下動
上菓子
上機嫌
上級生
上景気
上古史
上向線
上首尾
上昇線
上場株
上申書
上水道
上製本
上奏文
上層雲
上層階
上層土
上層風
上草履
上中下
上調子
上天気
上棟式
上等品
上等兵
上納金
上納米
上半期
上半身
上表紙
乗換駅
乗換券
乗降場
乗合船
乗算器
乗車駅
乗車券
乗車口
乗車賃
乗組員
乗馬靴
乗馬隊
乗馬服
乗務員
乗用車
冗談口
冗談事
剰余金
場所柄
常習犯
常日頃
常分数
常用癖
常緑樹
情報化
情報源
情報元
情報量
条件文
浄水器
浄水場
浄瑠璃
蒸留水
醸造学
醸造所
植物園
植民地
殖民地
植木屋
植木鉢
織物業
職員室
職能給
色鉛筆
色眼鏡
色収差
食管法
食生活
食堂車
食料品
尻軽女
伸縮法
信玄袋
信号旗
信号機
信号手
信号所
信号塔
信号灯
信心家
信託業
信任状
信用状
信頼感
侵入軍
侵略軍
侵略国
寝化粧
寝間着
寝具類
寝台券
寝台車
寝台虫
寝道具
寝不足
寝物語
審議会
審査員
審査官
審判役
審美眼
心臓部
心停止
心電図
心不全
心理学
心理戦
振出人
新快速
新学期
新潟県
新幹線
新記録
新技術
新形式
新建材
新時代
新世紀
新生物
新製品
新体制
新体操
新庁舎
新訂版
新入生
新年会
新発売
新聞紙
新聞社
深呼吸
深刻化
申告箱
申請書
申命記
真意義
真魚鰹
真菌症
真空管
真空帯
真四角
真似事
真珠光
真珠質
真珠色
真珠層
真珠母
真人間
真正直
真正面
真清水
真善美
真田虫
真面目
眞面目
神経科
神経質
神経症
神経節
神経戦
神秘学
神謡集
紳士服
親画面
親近感
親孝行
親子丼
親馬鹿
親不孝
親不幸
親睦会
親密感
診察台
診断書
進退伺
震災地
人一倍
人格化
人格権
人間愛
人間界
人間学
人間業
人間技
人間苦
人間味
人形師
人件費
人口学
人工雨
人工芝
人工雪
人工池
人工雷
人工林
人事院
人事課
人事欄
人種学
人情劇
人情本
人情味
人心地
人真似
人生観
人生派
人雪崩
人相見
人相書
人造湖
人造米
人体学
人非人
人物画
人物像
人物評
人文史
人望家
人民軍
人名簿
人名録
人力車
人類愛
人類猿
人類学
人類史
仁王門
二王門
仁王力
腎不全
陣太鼓
図書館
図書室
吹奏楽
吹替版
垂直線
推進機
推薦状
水掛論
水化物
水菓子
水銀柱
水源地
水彩画
水産業
水産物
水酸化
水商売
水蒸気
水族館
水道屋
水道管
水道栓
水芭蕉
水瓶座
水兵服
水平線
水墨画
水面下
水力学
水冷式
水疱瘡
炊飯器
睡眠剤
睡眠薬
随行員
数億年
数係数
数表示
枢機卿
雛人形
雛罌粟
雛芥子
杉並木
蕎麦滓
世界一
世界史
世界人
世間話
世紀末
世捨人
世俗化
世俗心
世帯主
世話焼
世話人
瀬戸際
瀬戸物
凄文句
制海権
制球力
制空権
制御下
制御盤
制作室
制酸剤
制動機
制動手
勢力圏
性悪説
性教育
性成熟
性転換
性遊戯
成績表
成層圏
成文化
政治家
政治学
政治力
整理券
整流器
星気体
星条旗
星状体
晴舞台
晴後雨
正会員
正覚坊
正規軍
正規兵
正義感
正教員
正教会
正教師
正弦波
正誤表
正攻法
正視眼
正字法
正社員
正書法
正常化
正則化
正中線
正電気
正投手
正当化
正統派
正反対
正比例
正符号
正方形
正面図
清掃車
清掃夫
生甲斐
生意気
生化学
生活難
生活費
生産高
生産地
生殖器
生殖腺
生石灰
生態学
生中継
生番組
生物学
生物戦
生放送
精一杯
精神科
精錬所
聖歌隊
声楽家
製鋼業
製鋼所
製図家
製造品
製粉所
西海岸
西半球
西部劇
西洋人
西洋葱
請求書
請負人
青海原
青懸巣
青紫蘇
青春期
青少年
青信号
青森県
青天井
青銅色
青二才
青藍色
静岡県
静止画
静電気
静脈炎
税務署
税理士
斥候隊
斥候兵
石鹸水
石首魚
石川県
石炭酸
石灯篭
石灯籠
石燈篭
石燈籠
石斑魚
石版画
積乱雲
積立金
赤外線
赤褐色
赤血球
赤十字
赤電話
赤翡翠
切狂言
切断図
切断面
接触線
接続語
接続口
接続詞
接着剤
接着力
接頭語
接頭辞
接尾語
接尾辞
摂動論
折衷案
設計図
窃盗罪
窃盗犯
説得力
説明書
雪達磨
雪花菜
雪合戦
雪上車
絶対値
絶対論
蝉時雨
仙花紙
泉貨紙
覇王樹
仙人掌
先学期
先議権
先験論
先史学
先住民
先進国
先天病
先日付
先入観
先入見
先入主
先任順
先発隊
千一夜
千羽鶴
千三屋
千秋楽
千石船
千卒長
千代紙
千鳥足
千葉県
千里眼
千両箱
占拠地
占取権
占星術
占有権
占領下
占領軍
占領地
宣教師
専門家
専門語
専門章
専門店
戦闘機
戦闘服
扇風機
扇風器
洗濯機
洗濯糊
洗濯物
洗面器
洗面所
潜水艦
潜水夫
潜望鏡
煎豆腐
旋光角
穿山甲
選挙権
選挙戦
選手権
選択子
選択肢
鮮紅色
前衛戦
前額部
前勘定
前駆戦
前景気
前口上
前車軸
前借金
前哨戦
前哨線
前哨地
前照灯
前進軸
前進力
前世界
前世紀
前奏曲
前装砲
前置詞
前渡金
前登録
前頭部
前任地
前半期
前半戦
前鼻緒
前舞台
前夜祭
前立腺
善知識
善智識
漸近線
全音符
全荷重
全会衆
全強風
全候補
全国民
全市民
全質化
全住民
全勝軍
全身像
全身病
全身浴
全人格
全人生
全世界
全勢力
全生涯
全盛期
全製品
全責任
全速力
全単射
全地方
全天候
全二重
全日制
全能力
全反射
全封地
全民衆
全裸体
全論点
禅問答
狙撃兵
疎外感
祖父母
租借地
粗悪品
粗大塵
荒利益
粗利益
素粒子
組織化
鼠海豚
鼠咬症
鼠径部
鼠蹊部
鼠頚部
鼠頸部
鼡径部
創刊号
創業費
創作権
創作力
創世期
創世記
創造説
創造物
創造力
双暗車
双殻類
双眼鏡
双曲線
双子座
双子葉
双生児
双蹄獸
双胴機
双発機
叢時雨
群時雨
村時雨
倉庫業
倉敷料
壮行会
奏鳴曲
掃海艇
掃除婦
挿入図
操縦席
操舵手
争奪戦
争覇戦
痩我慢
相違点
相合傘
相相傘
相手方
相対死
相対尽
相対値
相対論
相当数
総会屋
総決算
総攻撃
総資産
総辞職
総収入
総人口
総選挙
総務庁
総目録
総理府
総領事
草野球
草履虫
葬儀式
葬送曲
蒼白色
装甲車
走高跳
走幅跳
走査線
送受信
送別会
増刊号
増殖炉
増訂版
増幅器
贈収賄
造園術
造兵廠
造幣局
促進剤
側面観
側面図
即興曲
測候所
測長機
測量図
速度計
俗趣味
俗世界
俗世間
俗文学
属性値
卒業式
卒業生
存在論
孫息子
尊王家
尊王党
尊敬語
村八分
多角形
多元論
多原子
多項式
多国籍
多次元
多重化
多神論
多数決
多段階
多島海
多年草
多変数
多辺形
多面角
多面体
多様化
太極拳
太鼓判
太平洋
大平洋
太陽暦
堕胎医
妥協案
打楽器
打撲傷
陀羅尼
駄菓子
駄洒落
駄酒落
駄法螺
体育家
体育館
体温器
体温計
体系化
体験談
体腔壁
体裁上
体操場
体量器
対応値
対応版
対角化
対角線
対義語
対象体
対情報
対話式
帯域幅
帯分数
待合室
戴冠式
貸金庫
貸付金
逮捕状
代願人
代議員
代議士
代稽古
代言人
代執行
代書人
代数学
代数式
代替物
代燃車
代表格
代表作
代表団
代表部
代表例
代名詞
代用食
代用肉
代用品
代理業
代理権
代理人
代理店
代理部
代赭色
台風眼
台湾人
大雑把
大宇宙
大家族
大外刈
大学院
大学生
大学卒
大企業
大規模
大虐殺
大鋸屑
大競争
大型機
大好物
大黒柱
大災害
大祭司
大阪府
大使館
大司教
大寺院
大主教
大丈夫
大成功
大西洋
大掃除
大相撲
大蔵省
大多数
大地震
大中小
大都会
大統領
大陪審
大反対
大部分
大文字
大文節
大目玉
大理石
大陸棚
大和絵
大和魂
醍醐味
卓越風
卓話会
啄木鳥
宅急便
宅配便
託児所
脱衣場
脱穀機
脱獄囚
脱脂綿
狸蕎麦
大口魚
単一化
単一形
単音節
単漢字
単眼鏡
単語集
単語篇
単行書
単行本
単坐機
単座機
単坐式
単細胞
單細胞
単子葉
単試合
単従陣
単縦列
単純化
単色画
単色光
単振動
単身銃
単数型
単発機
単発銃
単比例
単弁花
単本位
単葉機
単利表
単利法
探検隊
探険隊
探査機
探索木
探知機
探知器
淡黄色
淡紅色
炭化物
炭酸塩
炭酸水
炭素鋼
短距離
短時間
短縮形
蛋白質
誕生石
団扇虫
弾道弾
断頭台
断熱材
断末魔
断末摩
断末間
暖房機
暖房器
男子高
男風呂
男便所
値段表
地下化
地下街
地下茎
地下室
地下鉄
地下道
地球儀
地形図
地元紙
地質学
地震学
地震計
地震国
地震帯
地対空
地対地
地平線
地方債
地雷原
地理学
致死量
致命傷
畜殺場
畜生道
竹蜻蛉
竹細工
蓄音機
蓄音器
蓄積管
蓄電池
蓄膿症
逐語訳
窒息死
茶菓子
茶褐色
茶道具
茶飯事
茶碗蒸
嫡出子
摘出子
着心地
着番号
着物姿
中位数
中医学
中央口
中央部
中華街
中学校
中学生
中間駅
中間国
中間子
中間層
中間体
中間派
中規模
中級品
中距離
中共軍
中空壁
中継所
中堅手
中古車
中古品
中耕機
中国語
中国人
中仕切
中支那
中耳炎
中心地
中心点
中水道
中世史
中性子
中折帽
中長期
中道派
中南米
中二階
中年増
中波長
中盤戦
中立国
中立面
中力粉
中労委
仲介物
仲間褒
仲裁人
仲人口
仲買人
仲立人
忠臣蔵
抽籤券
抽選券
昼興行
昼食会
柱時計
注意点
注意報
注射器
注釈書
注文品
虫眼鏡
虫垂炎
駐在員
駐車場
駐停車
駐屯所
駐屯地
駐輪場
著作権
著述家
貯金箱
貯水池
丁字形
丁定規
丁寧語
弔慰金
弔祭料
彫刻家
彫刻界
彫刻師
彫刻術
彫刻刀
彫刻版
彫刻物
彫塑術
徴兵制
朝稽古
朝寝坊
朝鮮語
聴診器
聴導犬
聴聞会
腸捻転
腸閉塞
調印式
調査票
調味料
超越点
超音速
超格子
超簡易
超合金
超時空
超自然
超大国
超特急
超能力
超媒体
超文面
超満員
長椅子
長音階
長距離
長崎県
長時間
長方形
長方体
長野県
長粒米
勅選集
勅任官
直映館
直轄地
直撃弾
直取引
直接税
直接費
直銭形
直足袋
直談判
直弟子
直方体
直立茎
沈丁花
珍道具
珍糞漢
珍紛漢
陳奮翰
鎮魂曲
鎮静剤
鎮痛剤
鎮痛薬
追試験
追体験
追悼会
追悼式
通過駅
通気孔
通行止
通行人
通信員
通信網
漬物石
爪楊枝
妻楊枝
低価格
低学年
低気圧
低丘陵
低教会
低金利
低血圧
低周波
低順位
低所得
低障碍
低水準
低性能
低成長
低賃金
低電位
低能児
低脳児
低物価
低利金
停音符
停止線
停船場
停留所
偵察機
偵察隊
剃刀砥
定位置
定冠詞
定期券
定型詩
定時制
定礎式
定足数
定比例
帝王学
庭仕事
抵抗器
抵当権
提供側
鼎立戦
敵部隊
滴定量
適齢期
徹甲弾
鉄工所
鉄鉱石
鉄染色
鉄板焼
天井灯
天井裏
天王星
天下一
天眼鏡
天眼通
天気運
天気屋
天気図
天球儀
髪切虫
天狗風
天狗話
天刑病
天皇家
天皇旗
天皇制
天皇杯
天才児
天産物
天蚕糸
天竺鼠
天主教
天守閣
天象儀
天上界
天神髭
天水桶
天然色
天然痘
天体学
天体図
天長節
天頂儀
天頂点
天動説
天道虫
天日瓦
天日法
天秤座
天秤棒
天文家
天文学
天文台
天狼星
天麩羅
天婦羅
天麸羅
展示会
展示物
展望台
展覧会
店仕舞
店頭株
見世番
添加剤
添加物
添乗員
転校生
転入届
点火栓
点火薬
点眼器
点眼水
点光源
点数制
点滴器
点鼻薬
点滅器
伝音器
伝記物
伝書鳩
伝声管
伝声器
伝染毒
伝染病
伝送先
伝送路
伝道師
伝道船
伝馬船
伝法肌
殿上人
殿様蛙
殿様芸
殿様風
澱粉質
田舎道
田舎風
田舎娘
電圧計
電解液
電解質
電解槽
電気工
電気代
電算機
電子化
電子殻
電磁気
電磁石
電車賃
電通大
電熱器
電離層
電流計
電話機
電話局
電話室
電話線
電話帳
電話網
屠殺場
不如帰
霍公鳥
沓手鳥
登山客
登録簿
途上国
努力家
度量衡
土下座
土建屋
土壇場
土地柄
筆頭菜
逆様事
倒置法
党派心
凍結器
刀圭家
刀剣商
刀鍛冶
唐茄子
唐辛子
唐芥子
島根県
島帝国
投光器
投資家
投書欄
投票権
投与量
搭乗券
東海岸
東海道
東京着
東京都
東京発
東西屋
東天紅
東南亜
東半球
東北人
東洋人
東洋通
東洋風
桃源郷
桃源境
盗聴器
盗聴機
湯桶読
湯治場
湯豆腐
当世風
当世流
痘痕面
等圧式
等圧線
等温式
等温線
等高線
等身大
糖尿病
統計学
統語学
統合化
統制線
謄写器
謄写版
豆鉄砲
陶芸家
陶磁器
頭蓋骨
頭骸骨
頭頂部
頭文字
闘技場
動員令
動滑車
動向表
動植物
動物愛
動物園
動物化
動物界
動物学
動物誌
動物質
動物相
動脈血
動名詞
動力学
動力源
動力炉
同位体
同意義
同意見
同意語
同一視
同音語
同学年
同期式
同期生
同義語
同級生
同居人
同好会
同国民
同志会
同時代
同種類
同趣味
同情心
同心円
同人種
同性愛
同素体
同窓会
同窓生
同族会
同年輩
同父母
同腹仔
同分母
同胞愛
同盟軍
同盟国
導火線
導電体
撞木杖
銅版画
得意気
得意先
徳島県
特異点
特急券
特許権
特許主
特許法
特効薬
特攻隊
特産物
特殊鋼
特待生
特徴量
特派員
特別委
篤志家
篤農家
毒科学
毒見役
毒味役
独居室
独禁法
独身寮
独占欲
独立心
独立班
読者層
読唇術
読心術
栃木県
凸面鏡
突然死
突破口
鳶職人
屯田兵
豚小屋
頓珍漢
奈良県
内科医
内火艇
内外人
内外野
内割引
内勘定
内曲球
内交渉
内国産
内沙汰
内耳炎
内斜視
内需型
内祝言
内出血
内緒話
内証話
内申書
内親王
内鮮人
内大臣
内地人
内地米
内弟子
内反脚
内服薬
内弁慶
内幕話
内務省
内野手
内野席
内遊星
内容物
内用薬
内裏雛
内陸国
内陸霧
内惑星
内帑金
眉尖刀
南京錠
南極海
南極圏
南極光
南極星
南極帯
南極洋
南半球
南蛮人
南蛮船
南方産
南北朝
軟着陸
難破船
二返事
二院制
二箇所
二階家
二階屋
二業地
二筋道
二元論
二原子
二項式
二国間
二次元
二十重
二重顎
二重釜
二重唱
二重織
二重身
二重星
二重税
二重奏
二重窓
二重底
二乗根
二進法
二進木
二線式
二槽式
二直角
二等賞
二等親
二等分
二等兵
二頭筋
二拍子
二分木
二本差
二本棒
二毛作
二輪車
二塁手
二塁打
二連式
二連銃
二連発
肉料理
日刊紙
日系人
日光浴
日射病
日照権
日中韓
日本画
日本海
日本間
日本軍
日本語
日本史
日本紙
日本式
日本車
日本酒
日本食
日本人
日本晴
日本製
日本側
日本茶
日本刀
日本髪
日本風
日用品
乳化剤
乳兄弟
乳酸菌
乳脂肪
乳臭児
乳状液
乳製品
乳石英
乳濁液
乳白色
乳母車
乳幼児
乳用牛
入知恵
入苑券
入会金
入会権
入会式
入学金
入学式
入学生
入学難
入漁権
入漁料
入港料
入国税
入射角
入手難
入出力
入場券
入場権
入場税
入場門
入場料
入湯客
入道雲
入母屋
入力線
如何物
任命式
任命状
妊産婦
妊婦服
猫目石
猫眼石
熱可塑
熱拡散
熱血漢
熱硬化
熱帯魚
熱力学
年賀状
年会費
年貢米
年産額
年始状
年代記
年代順
年齢差
年齢層
粘着力
粘土質
濃褐色
濃青色
濃緑色
能楽堂
能狂言
能動態
能舞台
能文家
能弁家
能率給
脳溢血
脳梗塞
脳硬塞
脳細胞
脳珊瑚
脳出血
脳貧血
脳味噌
農閑期
農作業
農産物
巴旦杏
波止場
波戸場
波打際
派生語
破瓜病
破擦音
破傷風
破天荒
破落戸
破裂音
破廉恥
馬鹿力
馬鹿話
馬小屋
俳諧師
廃棄物
廃要素
拝火教
排気量
排水溝
排他律
敗戦国
敗北感
背番号
肺活量
肺結核
配管工
培養液
媒介物
媒酌人
媒妁人
媒染剤
梅雨期
買掛金
買物袋
売国奴
売笑婦
売上票
売買高
賠償金
陪審員
寿喜焼
剥製術
博愛家
博士号
博物学
博物館
博覧会
博奕宿
拍子木
白亜紀
白亜質
白眼視
白血球
白血病
白子干
舶来品
薄化粧
薄荷精
薄馬鹿
迫撃砲
爆撃機
爆心地
爆発管
爆発物
爆発力
莫大小
目利安
麦芽糖
麦粒腫
八折判
八角形
八極拳
八九分
八卦掌
八字髭
八重雲
八重垣
八重桜
八重歯
八千草
八千代
八潮路
八幡宮
八百屋
八百長
八辺形
発煙筒
発禁本
発見料
発行所
発酵乳
発祥地
発信音
発信側
発生学
発電機
発電所
発表会
伴奏部
判検事
判断力
判任官
判別式
半意識
半陰影
半陰陽
半円形
半塩水
半音階
半可通
半夏生
半過去
半開国
半官報
半貴石
半狂乱
半月刊
半減期
半舷砲
半身像
半身浴
半世紀
半製品
半切符
半濁音
半長靴
半長形
半直線
半艇身
半透明
半導体
半独立
半二重
半病人
半部族
半母音
半面識
半盲症
半裸体
半諧音
半鹹水
反意語
反英雄
反革命
反逆人
反射鏡
反政府
反体制
反対語
反対色
反対側
反対党
反対票
反対論
反動家
反動派
反発力
反比例
反物屋
反物質
反陽子
反乱軍
叛乱軍
反粒子
帆立貝
搬送波
板金屋
汎関数
汎神論
汎用機
犯罪学
繁華街
繁体字
販売機
晩餐会
卑金属
卑劣漢
否定語
否定文
妃殿下
彼岸花
彼岸会
批評家
批評眼
披露宴
披露目
比較級
皮膚科
皮膚病
秘書室
緋衣草
被減数
被告人
被災地
被写体
被除数
被乗数
避暑地
避雷針
非営利
非課税
非活動
非許容
非金属
非公開
非公式
非合法
非常口
非常識
非常線
非接触
非線形
非線型
非対応
非対称
非同期
非売品
非変換
非民主
飛行家
飛行機
飛行士
飛行場
飛行船
備後表
備荒食
備蓄米
備忘録
尾状花
微系数
微塵子
微生物
微調整
微粒子
琵琶行
眉唾物
美術館
美術品
美少女
美少年
美粧院
美人局
美容院
美容師
鼻下長
鼻眼鏡
鼻呼吸
鼻出血
鼻濁音
膝蓋骨
膝関節
必治薬
必需品
必要事
必要品
必要物
筆不精
筆無精
百貨店
百合根
百姓家
百卒長
百分比
壱百萬
百万遍
百面相
百葉箱
標準化
標準語
氷河期
氷菓子
氷砂糖
氷点下
漂白剤
漂流木
表記法
表具屋
表具師
表決権
表玄関
表沙汰
表座敷
表示書
表示灯
表示物
表彰状
表忠塔
表忠碑
表二階
表日本
表面化
表面上
評議員
評議会
評論家
病原菌
病源菌
病理学
鰭脚類
貧窮化
貧血症
貧乏神
貧乏人
貧乏籤
貧乏鬮
貧民街
貧民窟
不安気
不安心
不安定
不意気
不一致
不衛生
不穏当
不可解
不可逆
不可欠
不可誤
不可視
不可侵
不可知
不可能
不可避
不可分
不介入
不拡大
不格好
不恰好
無格好
不確実
不活化
不活動
不完全
不寛容
不干渉
不感症
不機嫌
不気味
無気味
不規則
不規律
不起訴
不義理
不均衡
不均質
不均斉
不謹慎
不具合
不敬罪
不敬虔
不景気
不経済
不決断
不決定
不結果
不健康
不健全
不検束
不見識
不公正
不公平
不行儀
不行状
不行跡
不合格
不合理
不細工
不錆鋼
不参加
不賛成
不思議
不死身
不死鳥
不似合
不時着
不自然
不自由
不手際
不首尾
不十分
不充分
不従順
不祝儀
不熟練
不純物
不所存
不勝手
不承諾
不承知
不承認
不消化
不祥事
不肖私
不条理
不浄場
不信義
不信仰
不信実
不信心
不信任
不侵略
不審火
不心得
不親切
不人気
不人情
不随意
不世出
不成功
不成績
不成立
不整合
不整脈
不正確
不正規
不正直
不精巧
無精髭
不精髭
不誠意
不誠実
不摂生
不節制
不戦勝
不鮮明
不善感
不相応
不足勝
不体裁
不退転
不注意
不調和
不貞寝
不定期
不定詞
不定法
不適切
不適当
不適任
不徹底
不都合
不倒翁
不凍液
不凍海
不凍剤
不等辺
不統一
不透明
不動産
不動心
不同意
不同化
不導体
不道徳
不道理
不得意
不得策
不得手
不徳漢
不特定
不如意
不妊症
不認承
不熱心
不発弾
不必要
不評判
不品行
不等号
無風流
不風流
不服従
不分割
不文法
不文明
不文律
不勉強
不本意
不満足
不眠症
不名数
不名誉
不明確
不明瞭
不明朗
不夜城
不愉快
不用意
不用品
不養生
不利益
不履行
不流通
不良化
不良品
不料簡
不量見
不了見
不倫罪
不連続
不老泉
不銹鋼
付添人
付焼刃
付加税
付属語
付属書
付属節
付属品
附属品
付属物
付帯犯
夫婦仲
婦女子
婦人科
婦人服
富山県
府知事
扶養料
普及版
普請場
普通科
普通株
普通人
普通弾
普通便
普通法
浮気女
浮世絵
父兄会
符号化
符号器
譜面台
負符号
赴任地
武家物
武器庫
武器倉
武士道
武者絵
武装具
武装船
武勇伝
武力戦
舞台裏
舞踏会
舞踏會
舞踏曲
葡萄酒
葡萄棚
葡萄糖
部屋代
部屋着
部外秘
部落民
楓子香
風土病
風呂屋
風呂桶
風呂釜
風呂場
風呂敷
伏射濠
伏魔殿
副会長
副議長
副産物
副司令
副社長
副首相
副収入
副食物
副葬品
副抵当
副牧師
副領事
復習文
福井県
福岡県
福島県
腹上死
腹膜炎
腹話術
複合語
複雑化
複数個
複素数
複葉機
沸騰点
仏教徒
仏舎利
仏生会
仏頂面
仏法僧
物数奇
物真似
物品税
物理学
分科会
分解能
分界線
分岐駅
分岐線
分岐点
分教場
分極化
分光学
分光器
分工場
分散型
分子説
分子量
分譲地
分水界
分水線
分水嶺
分析表
分析学
分担額
分担金
分度器
分配金
分泌液
分泌物
分別心
分娩期
分与税
分類学
分類表
分列式
噴火口
噴火孔
噴霧器
噴霧機
糞度胸
雰囲気
文化祭
文化財
文学史
文学賞
文庫化
文庫本
文字列
文節数
文部省
文房具
並行線
併行線
併発症
兵学校
兵器庫
兵器工
兵器廠
兵庫県
兵曹長
兵法家
兵糧米
兵站学
兵站線
兵站部
平安京
平安朝
平易化
平屋根
平滑化
平均値
平均点
平均律
平行線
平行棒
平城京
平生着
平底船
平土間
平等観
平等権
平年作
平方形
平方根
平方和
平面鏡
平面形
平面図
平炉法
平和国
並大抵
閉回路
閉経期
閉世界
米海軍
米議会
米空軍
米国人
米国民
米上院
米陸軍
変圧器
変圧所
変異体
変化球
変換器
変換機
変換子
変光星
変成岩
変声期
変奏曲
変速機
変調波
変電所
変拍子
変分学
変流器
片一方
片栗粉
片手間
片袖机
片田舎
編笠茸
編集子
編集部
返却値
便衣隊
便宜上
便利屋
勉強家
弁慶蟹
弁慶縞
弁慶草
弁護士
弁護人
弁護団
弁護料
弁財天
弁才天
辨財天
辯才天
弁償金
弁証学
弁証法
弁証論
弁当屋
弁当箱
弁務官
弁理士
弁鰓類
保安林
保育園
保管金
保管証
保管人
保管物
保管料
保管林
保健医
保健婦
保険医
保険金
保険証
保険料
保護金
保護国
保護司
保護色
保護税
保護鳥
保護領
保釈金
保守党
保証金
保証人
保証付
保障付
保身術
保全会
保存量
保有米
保養院
保養地
捕鯨船
補助金
補償金
補聴器
墓碑銘
母国語
母細胞
母集団
母性愛
菩提樹
俸給袋
俸祿米
包容力
報告書
報道官
奉迎門
奉献式
奉献物
奉献頌
奉公口
奉公人
奉公先
奉仕女
奉納額
奉納物
奉幣使
放射線
放射能
放水路
放送局
放物線
抛物線
方形波
方程式
方面隊
法王庁
法曹界
法務省
法律上
芳名録
褒言葉
亡祖父
傍聴券
傍聴人
傍聴席
傍聴料
坊主頭
妨害物
妨業員
忘年会
暴走族
暴風雨
暴力団
望遠鏡
棒暗記
貿易業
貿易品
貿易法
防音室
防火扉
防火壁
防寒服
防空砲
防止法
防臭剤
防塵室
防塵着
防総省
防虫剤
防長官
防毒面
防波堤
防腐剤
北欧人
北海道
北極海
北極熊
北極圏
北極光
北極星
北極洋
北国人
北朝鮮
北斗星
北半球
僕仲間
朴念仁
牧場鳥
牧草地
牧畜業
没交渉
本会議
本街道
本格化
本拠地
本金庫
本契約
本建築
本国人
本試験
本場所
本場物
本籍地
本草学
本調子
本舞台
本塁打
翻車魚
翻訳家
翻訳権
凡試合
摩擦音
摩天楼
摩利支
磨研紙
魔術師
魔法使
魔法瓶
麻酔剤
麻酔薬
埋蔵金
幕僚長
又従兄
又従弟
又小作
又請負
又弟子
末始終
万愚節
万国史
万国民
万葉集
萬葉集
満州国
味噌汁
未解決
未開墾
未開拓
未開発
未確定
未刊行
未完成
未記入
未教育
未経過
未経験
未決監
未決済
未決算
未決囚
未決定
未公表
未耕地
未墾地
未収載
未熟児
未処置
未処分
未消化
未遂罪
未成品
未製品
未然形
未組織
未知数
未着手
未丁年
未通女
未定義
未定稿
未登記
未踏査
未配当
未発見
未発行
未発達
未発表
未亡人
未来型
未来像
未来派
密売品
蜜柑畑
脈搏数
民営化
民間人
民芸品
民事上
民主化
民主国
民主党
民需品
民衆駅
民数記
民俗学
民族学
民族史
民約説
民譚集
夢心地
夢想家
夢遊病
無愛想
不愛想
無意識
無意味
無遠慮
無花果
映日果
無感覚
無関係
無関心
無気力
無言劇
無限小
無限大
無降水
無作為
無作法
不作法
無慈悲
無邪気
無手順
無宗派
無重力
無症状
無条件
無尽蔵
無水物
無制限
無政府
無声音
無責任
無節操
無線機
無造作
無雑作
無駄骨
無駄足
無駄話
無担保
無秩序
無鉄砲
無頓着
無保証
無報酬
無防備
無理数
無礼講
婿養子
冥王星
名付親
名誉職
名誉心
命中数
命中弾
命冥加
命令形
命令書
命令文
命令法
明細書
明赤色
明日葉
鳴門巻
免許証
免許状
免罪符
免税表
免税品
免租地
綿織物
面相筆
毛織物
猛攻撃
盲学校
盲腸炎
盲導犬
盲滅法
網杓子
木工場
木製品
木天蓼
木版画
懸鉤子
黙示録
黙秘権
黙否権
目玉焼
目的語
目的地
問題児
問題点
紋切型
門下生
門外漢
冶金学
夜会服
夜学校
夜間部
夜汽車
夜光虫
夜仕事
夜商人
夜想曲
蚊母鳥
夜盗虫
夜尿症
夜盲症
野外劇
野球場
野球部
野菜畑
野心家
野蛮人
野放図
野薔薇
厄介事
厄介物
約半分
薬効物
薬剤師
輸出入
輸送機
輸入額
唯我論
唯心論
唯物論
唯理論
優越感
優越権
優秀品
優勝旗
優勝馬
優勝杯
優生学
優先株
優先権
優待券
優等賞
優等生
優曇華
優良株
優良児
優良馬
優良品
勇猛心
友好国
幽寂味
幽冥界
幽霊株
幽霊船
幽霊話
幽邃境
憂鬱症
憂欝症
有意義
有限個
有神論
有声音
有体物
有袋類
有頂天
有頂点
有平糖
有名人
有理式
有理数
由来書
誘拐犯
誘電体
誘惑物
遊園地
遊撃手
遊撃戦
遊歩道
遊覧船
郵政省
郵送料
郵便屋
郵便局
郵便袋
郵便物
雄弁家
予科生
予算案
予算上
予審廷
予選会
予想屋
予想高
予知夢
予定案
予定説
予備員
予備科
予備金
予備校
予備室
予備隊
予備馬
予備費
予備錨
予備品
予備兵
予備役
予報音
予防策
予防線
予防法
予防薬
予約語
予饌会
余所見
余所目
余水吐
余水路
余白注
与太郎
与太話
与野党
幼馴染
幼児語
幼稚園
揚子江
揚水車
揚陸艦
揺籃期
洋菓子
洋芥子
洋辛子
溶鉱炉
熔鉱炉
鎔鉱炉
用語集
用心棒
葉牡丹
葉緑素
要撃機
邀撃機
陽子線
陽電子
養老院
羅針盤
裸一貫
裸体画
来学期
来客筋
来世紀
来賓席
頼信紙
落下傘
落語家
落成式
酪製品
酪農家
酪農場
乱高下
卵黄嚢
卵細胞
卵巣炎
卵塔場
乱塔場
欄参照
履歴書
理化学
理学部
理事長
理髪師
理髪店
理不尽
理容師
裏鬼門
裏書人
裏千家
裏貸屋
裏長屋
裏背戸
裏表紙
裏面史
裏木戸
離魂病
陸運局
立候補
立体感
立体派
立方体
立法府
流刑地
流行歌
流星雨
流鏑馬
留学生
留守居
留守電
留守番
竜舌蘭
龍舌蘭
竜田姫
旅客機
両議院
両脚規
両脚器
両極端
両国語
両手利
両成敗
両替屋
両替機
両替商
両替人
両天秤
両陛下
両用機
料金所
料理屋
料理店
料理法
量子化
領事館
領収書
領収証
力一杯
力仕事
力自慢
力織機
力不足
倫理学
林檎病
燐灰石
臨場感
輪郭線
輪転機
累進税
類義語
類人猿
令夫人
例年祭
冷却器
冷血漢
冷湿布
冷水浴
冷蔵庫
冷蔵車
冷蔵船
冷蔵法
冷凍魚
冷凍業
冷凍庫
冷凍剤
冷凍車
冷凍船
冷房車
冷罨法
零行列
霊安室
霊長類
霊柩車
暦改正
歴史家
歴史画
歴史学
歴史観
歴史劇
歴史上
歴代史
歴年齢
暦年齢
劣勢感
劣等感
恋愛観
恋物語
練習場
連合会
連体形
連体詞
連帯感
連用形
連絡駅
連絡会
連絡先
連絡線
連絡船
錬金術
露出症
労働歌
労働祭
労働省
労働党
労働力
労農党
労役場
浪花節
浪人生
浪漫派
老婆心
聾学校
蝋人形
六角形
六角堂
六三制
六十路
六重唱
六重奏
六大州
六分儀
六辺形
六連発
和菓子
話下手
藁半紙
腕時計
丼勘定
俯仰角
俯瞰図
偃月刀
傀儡師
傀儡子
兌換券
几帳面
剪裁機
剪定鋏
匐行疹
哺乳瓶
哺乳類
喇叭手
喇嘛教
嗜好品
夾雑物
夾竹桃
嬶天下
孵化器
孵卵器
孵卵機
屁理屈
屏風岩
彎月状
罹災民
截断面
扁青石
扁桃腺
扁桃油
扁平足
偏平足
揉療治
擂粉木
摺子木
枸櫞酸
梭子魚
梵天王
棗椰子
榴弾砲
潛心力
熨斗袋
爬虫類
猊鼻渓
猜疑心
猩紅熱
琥珀色
皺苦茶
稟議書
禀議書
禀請書
緘口令
箝口令
鉗口令
羞恥心
翡翠色
腱鞘炎
膃肭臍
膀胱炎
膠原病
膠着語
莢豌豆
荼枳尼
蓖麻子
蕁麻疹
薔薇色
蜃気楼
石竜子
蝙蝠傘
螳螂拳
蟷螂拳
馬刀貝
馬蛤貝
犢鼻褌
襤褸家
襤褸屋
躁鬱病
躁欝病
仕付方
輻射点
邯鄲師
鉤括弧
鈎括弧
鍵括弧
鑽孔機
鑚孔機
鑿岩機
削岩機
韋陀天
蝦虎魚
牛尾魚
寿留女
鸚鵡貝
麝香鹿
麝香水
麝香鼠
麝香猫
鼈甲色
齧歯類
悪感情
依頼人
一家言
一個人
一昨年
一私人
一夜妻
黄玉石
黄銅鉱
黄熱病
下半期
下半身
化粧水
綿津見
乾船渠
偽君子
吉祥天
給油所
軍艦鳥
決定版
研究所
肩甲骨
肩胛骨
古印紙
古道具
古文書
五角形
五倍子
碁会所
三角形
三味線
借家人
出生数
出来物
益荒男
信天翁
阿呆鳥
真珠貝
人頭税
勢力家
曾祖父
曽祖父
曾祖母
曽祖母
創造主
早合点
大聖堂
脱衣所
直輸出
直輸入
停車場
弟息子
天津神
天日塩
凍豆腐
氷豆腐
内玄関
内分泌
南氷洋
派出所
売春婦
八分目
美男子
氷削機
不器量
不寝番
不知火
不適格
不面目
不用心
無用心
副読本
粉微塵
平信徒
偏頭痛
片頭痛
保育所
保健所
保養所
北氷洋
盆灯籠
万華鏡
萬花鏡
万国旗
万能薬
未曾有
未曽有
密入国
裏日本
療養所
和太鼓
娑婆気
太鼓持
杜夫魚
合言葉
鮎魚女
青浮草
青大将
朝御飯
圧濾器
圧瀘器
貴方方
有田焼
石決明
安全弁
安全瓣
生字引
悪戯書
一分金
一分銀
一輪挿
一箇月
一箇所
一騎打
一軒家
一軒屋
一帳羅
一張羅
命辛辛
忌言葉
埋立地
于蘭盆
盂蘭盆
売掛金
絵葉書
絵端書
大叔父
大伯父
従祖父
大叔母
大伯母
大袈裟
弟弟子
面白味
表表紙
顔馴染
拡声器
拡声機
掛布団
掛蒲団
火砕流
火災流
箇条書
可溶片
可鎔片
仮払金
歌留多
加留多
嘉留太
乾燥季
乾燥期
感嘆詞
感歎詞
合衆国
合州国
祈祷書
祈禱書
勤王家
黒猩猩
蛍光灯
蛍光燈
螢光灯
螢光燈
計算機
計算器
健康方
健康法
下克上
下剋上
小意気
耕運機
耕耘機
交差点
交叉点
小間使
五大州
五大洲
差出人
三角州
三角洲
三段跳
潮干狩
汐干狩
四季施
敷布団
敷蒲団
刺戟剤
刺激剤
刺激物
刺戟物
七宝焼
仕放題
注連縄
写真機
写真器
写生帖
写生帳
遮断機
遮断器
出版社
猩猩緋
言葉典
吸取紙
数箇月
数奇屋
数寄屋
磨硝子
擦硝子
摺硝子
制御器
制御機
赤裸裸
切断機
截断機
先先月
善後策
前前回
総売上
掃除機
掃除器
卒都婆
卒塔婆
率塔婆
十露盤
尊皇王
縦社会
玉子焼
代替品
段段畑
段段畠
乳呑児
乳飲子
乳呑子
乳飲児
直接法
直説法
釣道具
手忠実
天瓜粉
天花粉
天宮図
天球図
天道乾
出入口
取引先
同士打
二階建
延人員
延日数
乗心地
惚気話
飲兵衛
呑兵衛
初節供
初節句
鼻風邪
花言葉
鼻高高
晩御飯
引込線
引出物
火消壷
火消壺
単衣物
人差指
泌尿器
告天子
氷酢酸
氷醋酸
比目魚
昼御飯
不活発
不活溌
吹出物
不始末
不仕末
普段着
不断着
不釣合
古武士
不調法
無調法
奉加帳
奉賀帳
法蓮草
鳳蓮草
干葡萄
乾葡萄
前売券
丸暗記
丸諳記
丸木舟
丸木船
曼荼羅
曼陀羅
未成年
未青年
申込書
萌黄色
萠黄色
萌木色
八目鰻
夜見世
来来週
濾過器
瀘過器
悪悪戯
荻江節
音楽学
音楽祭
関係調
清元節
百済楽
日傭取
自民党
旗二流
旗二旒
表六玉
兵六玉
証取法
鉄砲玉
鉄砲弾
覚醒剤
風邪薬
虚栄心
工学部
最大限
自営業
資本家
食中毒
速達便
蕎麦屋
楕円形
煙草屋
張本人
帳本人
通産省
口喧嘩
小売店
診療所
硝子戸
大前提
取締役
話言葉
腹一杯
不燃物
偏差値
法学部
発起人
無期限
無機物
無神経
無生物
有機物
要注意
復調器
安心感
医科学
一時期
引受人
陰関数
右中間
営業所
栄養学
円相場
演出家
横断幕
屋台骨
仮面劇
河川敷
改良種
開発部
割引債
感染症
管制官
企画室
基準法
期待感
機関紙
機関誌
義太夫
議定書
急成長
防水布
防水扉
便乱坊
不分明
生一本
度外視
顕在化
価千金
地球上
軍人風
半月形
樹枝状
会社立
可処分
既発表
金属製
無鑑査
安息香
阿羅漢
阿修羅
操人形
培養基
婆羅門
琵琶湖
防潮堤
貿易風
暴風圏
棒高跳
没常識
分遣隊
文筆業
無頼漢
病原体
地動説
地方版
地方紙
地方色
地磁気
地下水
窒化物
知能犯
知識欲
腸結核
直滑降
直円柱
超巨星
中生代
中性塩
唾液腺
大道芸
大音声
大腿骨
断裁機
断裁器
脱脂乳
脱力感
電磁波
電気釜
電気炉
土着民
同類項
道徳律
栄養分
栄誉礼
豌豆豆
狗尾草
流行語
円錐台
副神経
副総理
風来坊
冬将軍
外耳道
外交団
格天井
配電盤
肺浸潤
白昼夢
白中夢
薄力粉
浜茄子
羽布団
羽蒲団
半月弁
半熟卵
反射炉
波羅蜜
針仕事
初舞台
平叙文
飛蚊症
比電荷
日時計
必要悪
報道陣
方眼紙
法医学
補助翼
法制局
蛍烏賊
維管束
因果律
犬黄楊
硫黄泉
除電針
猿知恵
老夫婦
回送車
老人力
橙皮油
序破急
白檀油
付属校
潤目鰯
潤目節
自自公
公明党
鉄条網
荊棘線
糠味噌
猩猩蠅
猩猩蝿
筆記帳
植物質
受取人
購入先
石南花
継息子
六連星
高祖父
未整理
衣更着
青味泥
居場所
居心地
競走馬
競馬場
禁止法
金融債
金屏風
芸術院
芸術祭
決勝点
血糖値
建設省
建築学
検察官
検察庁
検事正
研究官
現行犯
現段階
個個人
古新聞
固定費
後半戦
公式戦
好景気
好成績
工作員
広葉樹
皇民党
行楽地
行進曲
行政権
居合道
回転儀
尾骶骨
一分半
巻煙草
金牛宮
金切声
焼夷弾
陣羽織
茶話会
用務員
猟犬座
飛道具
雑居寝
已然形
赤信号
集合体
時代相
実験台
磁力線
自作農
磁鉄鉱
除虫菊
蒸発皿
浄化槽
醸造酒
重電機
受動態
十八金
従価税
熟練工
潤筆料
従属節
壁新聞
禾本科
貝殻虫
介殻虫
快削鋼
下意識
貝細工
火口原
雷親父
緩下剤
観相学
片貿易
経緯儀
検流計
自棄糞
恒河沙
阿僧祇
那由多
複数形
海松貝
甘海老
馬鹿貝
馬珂貝
鯣烏賊
中高生
新登場
五万米
五真米
竜皮巻
喫煙席
搭乗員
飯匙倩
総務部
明晰夢
小芥子
私小説
拡大鏡
小切子
半濁点
大人気
頭字語
遮断壁
高電圧
球座標
三頭筋
黄金虫
金亀子
根切虫
四重唱
五重唱
五重奏
便利帳
深海魚
情報誌
調理場
碁盤縞
精薄児
貸本屋
組合頭
内視鏡
観客席
一場面
予定表
愛餐会
既知数
木戸銭
起磁力
金石文
荒蕪地
子供心
口蓋垂
後配株
金毘羅
金比羅
交通禍
小役人
固溶体
細小魚
高山蝶
苦灰石
極距離
町工場
窓硝子
孫弟子
埋蔵物
抹香鯨
真桑瓜
豆電球
豆台風
茉莉花
待宵草
身勝手
耳学問
水資源
水仕事
蒙古斑
目的格
紋白蝶
無駄口
無煙炭
無事故
無理式
生欠伸
生演奏
生返事
値嵩株
粘板岩
熱機関
日本猿
肉体美
日章旗
野葡萄
農繁期
脳血栓
濃硫酸
凌霄花
尿毒症
大喜利
尾長猿
温湿布
親会社
楽隠居
乱開発
乱気流
瀝青炭
歴青炭
連合軍
離弁花
理解力
理想郷
里程標
老眼鏡
六面体
露天掘
良導体
緑地帯
料理人
両生類
両棲類
量子論
隆鼻術
流動食
流星群
産褥熱
砂糖黍
生物圏
政府筋
制癌剤
清教徒
青年期
生理学
晴雨計
製造業
製造元
世界観
世間体
責任感
赤痢菌
石炭殻
石灰水
責道具
腺病質
扇状地
斜滑降
射幸心
射倖心
四分六
子午線
支配人
詞華集
新開地
進化論
神経痛
新機軸
新生代
新世界
素人目
刺繍糸
自然界
金赤色
和楽器
手土産
湯湯婆
再配布
座椅子
非常勤
語源学
明後年
空下手
空取引
音楽家
手榴弾
没食子
一生面
神通力
四拍子
落葉松
救助網
外蒙古
木煉瓦
雑収入
接骨木
彩色画
旅商人
風邪気
如雨露
八宝菜
宝石店
水位計
水位標
飼葉桶
熱気球
瑠璃色
環状線
運動靴
回漕業
廻漕業
胃腸薬
空梅雨
恐水病
金剛力
急傾斜
音楽堂
用兵術
通用門
配給米
独擅場
娯楽街
逆比例
袖珍本
誘蛾灯
終刊号
終列車
手仕事
手間賃
社会科
党大会
診察料
実社会
勝負事
昇降口
登竜門
登龍門
証人台
蒸菓子
放牧地
放浪癖
訪問着
塗擦剤
茶番劇
予告篇
野球熱
預貯金
枢軸国
対向車
対流圏
見栄坊
処方箋
車中談
広告欄
文学士
文学部
尾頭付
火口壁
師範代
詰将棋
尼僧院
日記帳
日銀券
批准書
偏執狂
始業式
試験場
宿根草
船火事
船着場
舟着場
水道局
水準儀
水酸基
高学年
国際人
国土庁
国文学
再開発
再認識
最恵国
最高級
最高検
最重点
最前列
最優遇
三等星
産業界
四死球
支店長
私企業
私文書
治験薬
自衛官
自治権
自由形
自由型
実生活
写真集
主税局
取締法
首脳部
主脳部
授賞式
受賞式
州政府
集大成
大犬座
小犬座
手引書
利比亜
寄生木
矢継早
小奇麗
小綺麗
紹介状
消化器
食器棚
食肉類
省力化
小冊子
小市民
消息通
小前提
相乗積
測距儀
装身具
素寒貧
帯電体
大食漢
退職金
太陽年
探照灯
探照燈
淡水湖
多神教
鉄道網
灯台守
糖衣錠
隣近所
追徴金
売上高
陽電気
有機体
夢物語
遊離基
財産家
前頭葉
造物主
造船所
無一物
無辺際
空念仏
応接係
対蹠地
秋田犬
夕月夜
小人数
星月夜
壁訴訟
女丈夫
審判員
唐獅子
出生届
多人数
貨客船
外分泌
目八分
芝居気
風邪声
無常感
無常観
発振機
発振器
暗暗裏
暗暗裡
手間暇
手間隙
登録済
家付娘
年恰好
年格好
矢羽根
革命歌
革命家
出合頭
出会頭
掘炬燵
長尾鶏
長尾鳥
聴音器
聴音機
寺子屋
寺小屋
流線形
流線型
靴下留
禁漁期
禁猟期
水様液
水溶液
金槌頭
退紅色
褪紅色
断断固
断断乎
腕自慢
腕相撲
院外団
冠大会
券売機
巻積雲
絹積雲
巻寿司
官公吏
官給品
管財人
管轄権
園芸学
園芸家
還付金
還付税
原籍地
萎縮症
萎縮腎
宣伝屋
宣伝員
宣伝費
宣伝戦
宣言書
宣告書
宣誓式
宣誓書
衛生上
衛生兵
衛生学
衛生隊
衛星国
斡旋案
瓦屋根
軍略家
軍艦旗
揮毫料
運送人
運送店
運送料
運送船
運送費
運送業
運根鈍
運動具
運動界
運動欄
運転台
運転費
運営費
運搬人
運搬費
運輸量
違警罪
君主国
郡役所
骨仕事
骨肉腫
骨相学
骨格筋
骨膜炎
骨髄炎
鬼百合
筍生活
回収金
回春剤
回送店
回漕店
回帰熱
回教国
回教徒
回転機
回復期
回遊船
回遊魚
回游魚
胃痙攣
胃腸炎
胃腸病
帰化人
帰還兵
貴公子
遺失品
遺留分
遺贈分
混入物
混合林
混合物
混合酒
混合語
混合機
混交林
混成岩
混成物
混成品
混成酒
混血児
混和物
混種語
恵方詣
均等化
均等割
血反吐
血圧計
血尿症
血栓症
血清学
血液学
血達磨
血統書
菌類学
懐中鏡
懐旧談
懐炉灰
懐具合
懐工合
懐郷病
懐勘定
懐疑心
懐疑論
募金箱
募集費
墓誌銘
模造品
模範生
模擬店
模擬戦
妄想症
妄語戒
荒事師
荒法師
荒物屋
荒療治
網漁業
麻実油
麻酔銃
麻織物
摩擦熱
魔女狩
魔方陣
無一文
無双窓
無水酸
無欠席
無欠勤
無名指
無灯火
無自覚
無体物
無沙汰
不沙汰
無批判
無技巧
無投票
無利子
無利息
無表情
無価値
無免許
無抵抗
無定形
無定見
無所属
無重量
無風帯
無神論
無計画
無軌道
無能力
無教育
無配当
無得点
無菌法
無理解
無規律
無着陸
無期刑
無税品
無統制
無意義
無試験
無資力
無資格
無精卵
無駄花
無駄飯
無線局
無縁仏
無趣味
無機質
無警告
無警察
無韻詩
無競争
舞台劇
舞踊劇
舞踏室
舞踏服
舞踏病
舞踏靴
馬鹿面
馬蹄形
明文化
猛吹雪
工作品
工芸品
工学士
工事費
工務店
工業化
工業国
工業界
功労金
攻撃力
攻撃軍
攻撃側
攻撃隊
肛門学
空元気
空中線
空中権
空出張
空世辞
空気口
空気枕
空気浴
空気銃
空返事
空軍力
空景気
空証文
空閑地
空想力
空想家
空論家
控訴人
控訴状
控訴院
控訴権
恐怖心
恐喝罪
溶岩流
溶接工
溶接剤
溶接機
溶解力
溶解炉
溶解熱
欲得尽
公文所
公民学
公用物
公共財
公害病
公害罪
公募株
公証料
公選制
松食虫
喉自慢
喉頭炎
喉頭癌
胸膜炎
港湾税
口上書
口真似
口唇期
口唇裂
口腔癌
口蓋音
口語文
口語体
口語訳
後日談
後日譚
後仕舞
後見人
後知恵
後援会
半永久
半端物
判事補
発火点
発会式
発光体
発声法
発言力
発言権
発育期
発明品
発明家
発信人
発射台
発射薬
発案権
発動機
發動機
発情期
発想法
発酵素
発電子
発熱量
発頭人
反抗期
反逆児
反逆罪
反芻類
反復説
返信料
貝殻骨
敗血症
肺血症
敗残兵
八文字
八面体
肺水腫
片山里
片手桶
片為替
片脳油
片意地
拝物教
拝観料
破防法
破砕機
破産法
破壊力
破魔弓
破魔矢
陰陽師
陰謀家
金一封
金文字
金欠病
金本位
金石学
金杓子
金物屋
金釘流
金魚草
金魚鉢
金壺眼
金解禁
金盞花
金鳳花
金融界
金融業
金鍍金
飲用水
飲仲間
飲酒家
減速材
減塩食
感化院
感圧紙
感光紙
感染原
感情家
感情論
感覚毛
感覚点
感覚器
感覚論
感想文
感謝状
感謝祭
吸入器
吸収剤
吸音材
急勾配
急行便
急先鋒
急病人
急転換
急進派
急進党
合成紙
合唱曲
合掌造
給水所
給水塔
給水管
給油船
給排水
給費生
音響学
音韻論
暗号文
暗号学
暗剣殺
暗記物
暗黒面
暗黒街
暗紫色
暗緑色
闇再販
闇取引
闇相場
闇商人
闇給与
応召兵
応急策
禁制品
禁治産
禁酒法
禁転載
禁衛隊
禁輸品
勘定尽
勘定書
堪忍袋
古生代
古代紫
苦心談
固形物
枯山水
格子造
格子縞
格闘技
挌闘技
抗毒素
抗議文
航空学
航空病
航空路
航空隊
航海術
航続力
戸主権
戸障子
戸籍法
雇用主
雪平鍋
行平鍋
行在所
行政法
東洋学
東宮職
重合体
重馬場
動力計
動脈瘤
種種相
童話劇
鐘撞堂
用水池
用水路
用益権
用器画
用箪笥
湧出量
通行税
通学生
通知表
通知票
通信社
通信費
通信簿
通信欄
通俗化
通風孔
通風口
通風機
通話料
同位角
洞察力
桐一葉
胴間声
筒井筒
読者欄
読後感
読書人
読書力
読書会
読書室
読書界
読書家
銃剣術
禿頭病
非人情
非合理
非国民
非武装
非現業
非晶質
非戦論
非衛生
排水量
排水路
排水管
排出物
排気管
排泄物
悲喜劇
悲観論
分子式
分相応
分数式
分類法
粉石鹸
仏文科
噴気孔
配分法
配当金
配給所
配達人
配達先
配達料
配電所
配電線
配線図
配膳人
配膳室
飛行服
飛行便
飛行隊
飛行艇
捕虫網
捕鯨砲
哺乳期
補充兵
補給路
薄荷糖
薄雪草
父母会
父性愛
布団蒸
布海苔
鹿角菜
扶助料
歩合制
歩合算
歩行器
歩数計
独立国
独立祭
独立語
独立権
独奏会
独習書
独断論
独創力
独演会
独壇場
触太鼓
主任制
注文先
注文服
注射針
注射液
注連飾
注意力
注意書
駐在所
駐留軍
株主権
殊勲賞
豆板銀
逗留客
頭足類
頭陀袋
頭頂骨
闘牛士
闘牛場
投石機
投石器
投射角
投書家
投票所
投票箱
投影図
投影法
投影機
投稿欄
投融資
投機心
五十肩
語彙力
娯楽場
逆光線
逆命題
逆宣伝
逆関数
逆函数
逆輸出
抽象画
抽象論
油圧器
油送船
油槽船
油送管
油砥石
輸入品
輸入税
輸出品
輸出税
輸卵管
輸尿管
輸送船
輸送量
輸送費
輸精管
中心角
中国服
中性紙
中和熱
中華鍋
中間色
中継局
朝日影
朝風呂
朝鮮人
潮汐表
透写紙
透明体
透視力
誘拐罪
誘導体
誘導弾
首実検
首実験
咀嚼筋
祖国愛
租借権
組織力
昔気質
昔堅気
昔馴染
借地料
酢酸塩
守備兵
守備隊
守護神
肘鉄砲
討伐軍
討論会
受信人
受益権
受領証
受難曲
受難週
受難節
受難劇
受験生
受験料
受験票
授乳期
授産所
畜産学
蓄電器
冬木立
冬至線
終末論
終身官
終夜灯
終業式
収賄罪
収斂剤
収穫祭
手一杯
手工業
手不足
手内職
手文庫
手弁当
手仕舞
手付金
手札型
手沢本
手投弾
手芸品
手奇麗
手綺麗
手長猿
手相見
手柄顔
手真似
手配師
手術台
手術衣
手細工
手腕家
手塩皿
手話法
昼光色
昼夜帯
逐字訳
獣医学
浚渫船
浚渫機
竣工式
竣功式
酸化鉄
酸性岩
酸性紙
村夫子
村芝居
村役場
鎖帷子
損害額
都市化
都会人
都議会
著作物
著作家
著述業
着尺地
着火点
着物地
着信局
着眼点
着道楽
署名国
諸外国
書生論
書留料
書記局
書記官
書院造
書評欄
書簡文
書簡箋
書翰箋
書籍商
土用波
土石流
土気色
土地鑑
土地勘
土団子
土百姓
土性骨
土建業
土俗学
土俵際
土産話
社内報
社会化
社会部
社会鍋
社交界
社交家
社務所
托鉢僧
石切場
石火矢
石合戦
石灰石
石灰乳
石灰岩
石灰洞
石竹色
石材商
石炭紀
石炭層
石細工
石鹸箱
図案家
図書券
貯木場
貯金局
貯炭所
貯蔵所
貯蔵品
貯蔵室
遮蔽物
黍魚子
鼠花火
専用車
専用機
専有権
専売局
専売品
専門化
専門医
専門書
団子鼻
団結心
団結権
転化糖
転換炉
転換期
転路器
転轍手
転轍機
随想録
随意筋
堕胎罪
鍛冶屋
縁起物
旋盤工
端末機
端境期
断面図
真分数
真骨頂
鎮守府
鎮魂祭
至上権
至近弾
脂肪油
脂肪質
珍無類
診察券
診察室
遅刻届
遅知恵
遅進児
身上持
身仕舞
身奇麗
身綺麗
実用品
実在論
実行力
実体化
実体論
実物大
実習生
実務家
実証論
実際家
実録物
実験式
質問書
勝手口
勝手元
勝負師
昇汞水
昇降機
登山家
登記所
登記料
登舷礼
証人席
証拠金
徴発令
蒸気圧
蒸気船
蒸汽船
蒸発熱
蒸風呂
蒸留酒
蒸留器
取入口
取引所
取引高
取立金
取次店
取扱所
取扱人
取放題
取巻連
趣意書
宗主権
宗門改
宗教心
宗教学
宗教画
宗教家
宗教劇
窓際族
総力戦
総大将
総支出
総本店
総本家
総仕舞
総花式
総指揮
総退却
総索引
総動員
総勘定
総督府
総領娘
総罷業
葱坊主
足拍子
足忠実
足長蜂
脚長蜂
足温器
速射砲
速記術
速記録
数珠玉
従属国
従量税
走馬灯
走馬燈
送水管
送気管
送油管
送金額
送信機
送風機
送話器
送電線
方向舵
方位角
方法論
方解石
方錐形
防火戸
防火線
防炎剤
防食剤
防蝕剤
防空壕
防砂林
防雪林
防湿剤
防寒具
防寒靴
防潜網
防衛庁
放水管
放火狂
放火罪
放送法
放送劇
放電管
放熱器
紡錘形
紡績工
紡績糸
病虫害
病院船
並木道
並木路
百万言
除外例
除草器
除湿器
除湿機
斜陽族
塗布剤
舎利塔
茶坊主
茶屋酒
茶箪笥
予約金
予餞会
序盤戦
野次馬
弥次馬
野良着
香具師
野営地
野路子
野暮天
野獣派
射利心
射撃場
射爆場
謝恩会
兎小屋
区民税
枢密院
駆潜艇
拘束力
鉤十字
駒下駄
局地風
偶蹄類
唯名論
堆積学
堆積岩
堆積物
堆積層
推計学
推進力
推進器
頓痴気
春分点
春場所
炊事場
隊商宿
対位法
対抗馬
対抗策
対応策
対称軸
対頂角
対戦車
対話体
加算税
加薬飯
建白書
建具屋
建設業
建築士
建築物
建築費
建議案
荷受人
荷送人
寒気団
寒冷紗
寒垢離
寒稽古
献立表
献金箱
献納品
漢文学
漢方医
漢数字
喫煙車
喫煙室
間欠泉
間歇泉
間欠熱
間歇熱
癇癪玉
疳癪玉
簡単服
介護人
見目形
見取図
見張所
見習工
不見転
見舞金
見舞客
現代化
現代語
現在高
現行法
現実化
現実感
現象学
現象界
現象論
現業員
現像液
刊行物
研究家
研修所
研磨材
研磨紙
看護人
周波計
周期律
彫物師
彫金師
調印国
調律師
調剤師
調教師
調馬師
調馬場
調理人
調理台
調理師
陶酔境
陶器商
融解点
融解熱
醜業婦
忠魂碑
忠霊塔
毒人参
毒物学
毒蜘蛛
鋳物師
鋳造所
鋳掛屋
居丈高
威丈高
居合抜
居住権
居留民
居催促
仮執行
蝦夷松
海老腰
家系図
家庭着
家屋税
家屋敷
家政学
家政科
家族法
処女地
処女作
処女林
処女峰
処世訓
処刑台
車大工
車井戸
車馬賃
夏季熱
夏風邪
往生際
皇室費
皇霊殿
広告料
広告費
広告業
広報部
横紋筋
横断面
鉱物質
光行差
光度計
光量子
光電管
光線銃
幌馬車
新人王
新生児
新生面
新左翼
新字体
新紀元
新教徒
新造語
新聞業
新聞種
新興国
親切気
親文字
親日家
親兄弟
親任式
親任官
親告罪
親和力
親衛兵
親衛隊
蘚苔学
最上級
最下位
最左翼
最右翼
最多数
最高点
最敬礼
撮影機
七草粥
切分法
絶交状
絶対量
絶縁体
絶縁線
膝小僧
膝拍子
節博士
未来形
物干竿
物件費
物見櫓
物相飯
物納税
文人画
文化人
文化史
文化庁
文化圏
文字盤
文体論
文芸学
文芸欄
文学界
文学論
文明国
文章語
文章論
文筆家
文献学
文語文
文語体
文選工
紋章学
米産地
米問屋
米騒動
迷信家
微分学
微分法
微苦笑
微積分
尾長鶏
尾長鳥
旗魚座
梶木座
梶木鮪
没理想
没趣味
火山帯
火山脈
火山弾
火山礫
火事泥
火事場
火点頃
火葬場
火達磨
火熨斗
火薬庫
美丈夫
美女桜
美文調
美食家
美容術
美術史
美術界
美術家
美意識
美顔水
美顔術
紫雲英
紫露草
資本財
資産家
資産株
自由刑
自由詩
自由権
自主権
自在画
自在鉤
自身番
自制心
自治会
自治領
自乗根
自負心
自責点
自然人
自然力
自然死
自然法
自然美
自然薯
自然生
自然観
自棄酒
自慢話
自衛権
自警団
堅信礼
腎臓炎
腎臓病
賢夫人
寿司屋
稽古台
稽古事
稽古着
皆勤賞
結氷期
結団式
結核菌
結納金
結晶学
一工夫
一寸見
一匹狼
一苦労
一般職
肌襦袢
開会式
開架式
開校式
開票所
開閉器
開閉機
筋電図
牽牛星
付着力
府議会
腐葉土
腐植土
附着力
豊水期
奉行所
棒磁石
忍耐力
認可証
認証官
認識票
認識論
尼法師
泥仕合
泥試合
泥板岩
泥炭地
泥縄式
二刀流
二弦琴
二期作
二期制
日本一
日本化
日本犬
日本学
日向水
日照計
日曜版
人工語
人文字
人気株
人国記
人相学
人間像
年甲斐
年齢給
潤滑剤
秘書官
秘書課
密造酒
密貿易
密輸入
密輸出
密輸品
比丘尼
比例式
比重計
比翼塚
頻度数
筆記体
弥縫策
彌縫策
偏西風
偏執病
偏微分
編上靴
編年史
編年体
編集長
番小屋
番号札
板目紙
板金工
板門店
板屋貝
販売人
販売店
繁分数
繁殖期
治療代
治療法
始末屋
始末書
始球式
飴細工
式部官
式部省
試掘権
試験紙
以遠権
似我蜂
等深線
等距離
等語線
秋日和
秋場所
愁嘆場
宿命論
宿直室
宿泊人
宿泊所
宿泊料
酒造家
酒造場
酒造業
匙加減
提示部
適不適
適応症
敵愾心
正反合
正念場
征服欲
政治犯
政治屋
政府案
政党員
政務官
政略家
役人風
役力士
役不足
約不足
役目柄
役員会
擲弾筒
蜘蛛膜
循環器
遁走曲
沿海州
船大工
舟大工
船小屋
船外機
船板塀
船幽霊
船舶業
巡査長
巡航船
巡視船
水中花
水加減
水平面
水平動
水圧計
水圧機
水成岩
水利権
水泳着
水泳帽
水風呂
水茶屋
水耕法
水害地
水栽培
水時計
水紋学
水飢饉
水理学
水産庁
水産学
水蛇座
水晶体
水量計
水道料
水準器
水鉄砲
水雷艇
水蜜桃
水銀灯
水蟷螂
追分節
追羽根
追羽子
追送検
追而書
追起訴
追複曲
追徴税
追撃戦
追撃機
累乗根
累減税
螺子釘
論理学
輪番制
輪舞曲
類似点
類音語
類概念
尺取虫
沢庵漬
駅馬車
渡世人
渡船場
夜盗蛾
液量計
夕化粧
不作為
不忠実
不断草
不等式
不徳義
不確定
部分品
部分食
部隊長
背文字
背任罪
背美鯨
背格好
背恰好
背筋力
派出婦
派遣軍
派遣隊
副知事
副都心
材木屋
材木商
財政学
財界人
財務官
財産税
財産権
在来種
在来線
在学生
在留民
採油権
採炭所
採掘権
採算株
災害地
朽葉色
考現学
考証学
考課表
拷問台
嗅神経
嗅煙草
宮内省
招待客
招待席
招請国
照明弾
照明器
照度計
超弩級
超音波
超党派
超短波
超過額
超新星
超伝導
超電導
到来物
到着駅
焼死体
焼却炉
焼野原
肖像権
哨戒艇
哨戒機
消化液
消化腺
消化管
消去法
消石灰
消防庁
消防団
消防隊
消防艇
消毒器
消毒薬
消炎剤
消耗戦
消息文
消費財
消費材
蛸入道
蛸坊主
蛸配当
蛸部屋
小天地
小手先
小正月
小休止
小会派
小百姓
小宇宙
小作人
小作米
小作料
小作権
小坊主
小豆色
小売商
小児病
小利口
小夜曲
小便所
小屋掛
小為替
小荷物
小馬鹿
小莫迦
小熊座
小綬鶏
小糠雨
答申書
執行吏
執政官
踏切番
渉禽類
畳水練
摂関家
摂護腺
友禅染
有孔虫
有功章
有気音
有名税
有期刑
有税品
有煙炭
有意差
有蹄類
有難味
右心房
右心室
国文法
国文科
国民服
国民軍
国有化
国有地
国有林
国言葉
国防色
国防省
国連軍
国産品
国営化
国境線
国際色
国際語
国璽書
郵便車
郵便受
郵便船
郵便箱
活人画
活用形
活用語
活字本
活版本
活版屋
活性剤
活断層
闊葉樹
緩衝国
緩衝液
過大視
過不及
過去帳
過飽和
換気口
遠山里
遠征隊
遠視眼
砲丸投
飽和点
保存食
保安官
保育器
保証書
保護林
腹八分
腹足類
腹具合
腹時計
宝物殿
宝冠章
浮浪児
浮動株
浮動票
浮塵子
白蝋虫
相手役
相似形
相弟子
相部屋
相場師
相続人
相続税
相談役
相談所
想像力
箱入娘
箱火鉢
箱馬車
素人芸
素封家
素浪人
双翅類
双球菌
粗目糖
粗製品
青底翳
青内障
青瓦台
青年会
青年団
青写真
青物屋
青海苔
青海亀
青枯病
青電話
青銅器
青豌豆
青瓢箪
情報部
情報網
清涼剤
清朝体
清算人
清算書
静力学
静水圧
静物画
静脈血
静脈瘤
浄土宗
浄土教
浄水地
精白米
精白糖
精油所
精神力
精神病
精勤賞
精製法
精製品
精製糖
請求権
請求額
請負師
請負業
請願書
星雲説
壁一重
避妊法
避妊薬
避病院
避寒地
避暑客
避難民
避難所
評判記
併合罪
名人肌
名人芸
名文家
名刺判
名店街
名宛人
名望家
名義人
銘酒屋
銘銘皿
民有林
民約論
民衆化
売上金
売渡証
冥加金
命名式
鳴禽類
施餓鬼
蛇紋石
蛇遣座
延長戦
延滞金
延滞税
滞在地
滞在客
滞在費
世界語
世間並
世話役
世話物
移民法
浅知恵
残余額
残念賞
線香代
砂利道
砂防林
砂風呂
砂糖漬
散文詩
散水車
撒水車
散髪屋
撒布剤
産出高
産卵期
産科医
産褥期
殺人罪
殺菌力
殺菌剤
山羊髭
山吹色
山岳病
山津波
山査子
山楂子
山樝子
山猫座
山葡萄
山葵漬
俄狂言
義兄弟
義和団
義勇兵
義勇軍
顔見世
言甲斐
言行録
言葉尻
言葉質
基本給
基地局
旗行列
季刊誌
季節感
器量人
器楽曲
安山岩
安死術
安全灯
安定感
按手礼
案内状
案内図
宴会場
干拓地
干渉計
干渉縞
肝心要
閑日月
閑古鳥
閑子鳥
姦通罪
冷水塊
冷却剤
零細農
隣人愛
隣保館
隣接地
利己心
利付債
利休色
利久色
利休鼠
利尿剤
利権屋
吝嗇家
低山帯
低次元
低姿勢
底引網
底曳網
抵抗力
梯子車
梯子段
梯子酒
矢飛白
体重計
指人形
指示薬
指南役
指南車
指南番
指相撲
凝灰岩
擬人法
臆病風
姫小松
医原病
抑留所
肯定文
核拡散
核軍縮
恒星年
革細工
皮細工
革新派
極大値
極小値
極限値
極前線
極彩色
極悪人
交声曲
交尾期
交配種
校友会
校正係
学士院
学友会
学生服
学生帽
学用品
学芸会
学校医
学籍簿
教区民
教会法
教会員
教会堂
教会暦
教育長
教育学
教育法
教育界
教育家
教育費
教皇庁
教則本
教授会
教授法
教護院
女子供
女文字
女王蜂
女所帯
女世帯
女学校
女店員
女性化
女性学
女房役
女郎屋
女道楽
奴豆腐
弩級艦
怒髪天
如何程
如菩薩
若大将
若旦那
若白髪
若年寄
若草色
若殿原
若隠居
庭下駄
庭木戸
挺身隊
挺進隊
錫製品
紙一重
紙纏頭
紙表紙
紙屑籠
紙粘土
紙鉄砲
地上権
地下線
地中海
地文学
地引網
地曳網
地方病
地方税
地平面
地衣類
地吹雪
地形学
地役権
国津神
地政学
地域差
地誌学
地蔵顔
地質図
地震波
地鎮祭
成人式
成人病
成文法
成文律
成年式
成長点
成長株
成熟期
盛菓子
蹄鉄工
整流子
整理部
神代杉
神学士
神学校
神信心
神祇官
神格化
神経炎
神経学
神経病
神無月
神話学
神嘗祭
紳士録
電子管
電子銃
電力計
電力債
電気屋
電気量
電位差
電波法
電波星
電信局
電信柱
電信機
電動機
電報料
電話口
電話料
電磁場
電機子
引立役
引換券
演芸会
演習林
演説家
演劇界
先鋭化
洗礼式
洗車場
洗面台
洗眼薬
西日本
西欧化
西洋化
西洋式
西洋画
西洋風
西洋紙
西班牙
西陣織
四十肩
四天王
四六判
四分円
紙四手
四辺形
四半分
四旬節
四角柱
四面体
死亡届
死生観
死刑場
死装束
死産児
私生子
私生児
私有物
私家集
細菌学
細密画
沈没船
沈殿物
沈澱物
枕屏風
枕言葉
耽美派
針千本
針土竜
針供養
針葉樹
探究心
探求心
探海灯
探検家
探険家
深山烏
深山鴉
深山桜
深成岩
審美学
淫売宿
懸垂線
懸想文
懸賞金
懸壅垂
計時係
計量法
計量器
計数管
継電気
携帯品
待避線
持久力
持久戦
持参人
持参金
歯肉炎
市民税
市議会
台布巾
得業士
得意顔
統制品
統治権
統帥権
統計表
道中記
道化方
道化師
道具方
道具屋
道具箱
道祖神
道普請
道義心
道徳心
道徳学
道徳家
導波管
導関数
祝賀会
祝儀袋
条約国
虫媒花
波布茶
被告席
被害地
罷免権
増大号
増血剤
層位学
層積雲
贈与税
贈呈本
贈呈式
贈呈品
贈答品
贈賄罪
滋養物
磁力計
磁石盤
磁気学
磁気嵐
磁性体
再突入
培養土
伏流水
服飾品
婦人会
婦人病
海上法
海上権
海水魚
海水帽
甲斐絹
海老茶
葡萄茶
海老錠
海坊主
海軍省
海洋学
海食台
海食洞
海食崖
海流瓶
海運業
海豚座
海蛇座
海賊版
海酸漿
海潮音
黒八丈
黒文字
黒斑病
黒穂病
夢判断
釣鐘草
場外株
揚羽蝶
揚雲雀
湯文字
湯加減
豆腐皮
湯熨斗
唐変木
唐津焼
唐胡麻
唐破風
上告審
上得意
商業国
浪費癖
落札値
落花生
落第生
落第点
落葉樹
露天商
露出計
露西亜
魯西亜
距離計
虚仮猿
虚弱児
虚無党
許可制
許可証
許容量
隙間風
丁子油
丁字帯
丁字路
打物師
打撃王
町人物
町内会
町役人
町役場
町村制
町奉行
町道場
町議会
頂戴物
定収入
定式化
定住地
定価表
定例会
定規座
定着剤
定着液
定期船
定義域
定置網
錠前屋
策源地
積分学
積雪量
積極策
積載量
争議権
脊髄炎
可変翼
奇形児
畸形児
綺麗事
奇麗事
綺麗所
奇麗所
寄付金
寄附金
寄留地
寄宿生
寄宿料
寄棟造
寄贈品
綺羅星
阿婆擦
歌会始
渇水期
出走馬
出版権
出歯亀
退蔵品
鉄火丼
鉄火巻
鉄火場
鉄石心
鉄面皮
鉄砲水
鉄道便
鉄鋼業
機内食
機帆船
機密費
機械工
機械学
機械油
機械論
機関士
機関庫
近代詩
近代劇
近地点
近体詩
近海魚
近視眼
近眼鏡
希釈熱
屈折角
屈折語
掘井戸
掘削機
慰安会
慰労会
慰問品
慰問袋
慰霊塔
温泉郷
温排水
温罨法
穴杓子
練兵場
練習曲
練習帳
練習船
練歯磨
煉歯磨
爛熟期
燗徳利
連小便
連子窓
連合国
連判状
連邦制
連発銃
連隊長
連隊旗
連動機
連結器
連歌師
連鎖店
蓮華草
蓮華坐
蓮華座
羅紗紙
羅針儀
列伝体
会社法
檜皮葺
檜舞台
桧舞台
絵図面
絵画館
絵草紙
絵双紙
絵草子
権利金
権威筋
観兵式
観念論
観客層
観桜会
観測所
観測船
観掌術
観察力
観察眼
観閲式
観覧券
観覧席
観覧料
観艦式
話上手
話半分
話相手
母子草
母子寮
母系制
牧羊犬
牧羊地
牧師館
求人難
救助船
救助隊
救命具
救急法
救援軍
救難船
救護所
球面鏡
毬栗頭
告発状
告訴人
鳩小屋
鳩羽色
鳩時計
膠着剤
傷害罪
障子紙
屠蘇散
亜麻色
亜燐酸
誓約書
制御棒
製氷所
製氷機
製氷器
製糸業
製材所
製版所
製油所
製革業
製茶業
製陶業
製紙業
製粉業
製粉機
製塩業
製靴業
製鉄所
製鉄業
製糖所
製糖業
大入道
大人物
大八車
大上段
大小便
大山猫
大元帥
大太鼓
大公国
大手筋
大本営
大広間
大旦那
大白鳥
大礼服
大臼歯
大気圧
大気圏
大回転
大団円
大自然
大豆油
大豆粕
大見得
大車輪
大法廷
大往生
大英断
大和芋
大和煮
大和歌
大海原
大神宮
大逆罪
大将軍
大部屋
大宮司
大根足
大根脚
大時代
大動脈
大黒天
大御所
大幅物
大衆化
大衆紙
大道具
大過去
大業物
大僧正
大腸炎
大腸菌
大福帳
大福餅
大演習
大蜥蜴
大静脈
大熊座
大審院
大蔵経
大盤石
大磐石
大蝙蝠
大震災
大勲位
大憲章
大蟻食
泰山木
大山木
太刀先
太刀持
太刀筋
太公望
太古代
太平楽
太陰暦
太陽虫
太陽灯
太陽炉
太陽神
太陽熱
太鼓腹
多毛作
多方面
多肉果
多肉質
多汗症
多血質
多足類
多発機
多数派
多趣味
達磨忌
達磨船
舌下腺
直円錐
直走路
直腸癌
植毛術
植生図
植字機
植物油
食物油
植物学
植物界
植樹祭
置手紙
置炬燵
徳用品
徳義心
特別号
特別法
特別機
特売品
特売場
特価品
特待券
特科兵
特級酒
特約店
特産品
特許庁
特許料
特集号
勅撰集
左大臣
左心房
左心室
左団扇
差出口
差配人
祭祀料
祭壇座
賛美歌
讚美歌
讃美歌
甘茶蔓
甘海苔
甘納豆
甘露煮
甲烏賊
押切帳
押寿司
圧縮機
圧縮器
敢闘賞
塩化銀
塩水湖
塩胡椒
塩煎餅
塩類泉
艶福家
既決囚
既往歴
既設線
既製品
概念論
気丈夫
気乗薄
気保養
気送管
気候学
気候帯
気動車
気無精
気鬱症
気欝症
汽缶室
愛妻家
愛玩物
愛書家
愛鳥家
入会地
入園料
内反足
内国債
内風呂
内接円
内緒事
内証事
納戸色
納付金
納骨堂
納税額
南洋材
南極点
賃仕事
賃借権
賃貸人
賃貸借
男一匹
男文字
男伊達
男性美
男所帯
男冥利
寝小便
寝心地
寝正月
寝椅子
寝装品
寝業師
寝殿造
寝煙草
潜水服
潜水病
潜水器
潜伏期
潜函病
潜航艇
潜勢力
心丈夫
心身症
心配事
心得顔
心意気
心電計
心霊学
心霊術
心臓病
惨死体
羊小屋
羊皮紙
洋皮紙
養毛剤
養父母
養育費
養蚕業
養豚場
養魚池
養魚場
養嗣子
養蜂家
養鶏家
養鶏場
養鶏業
洋画家
洋服屋
洋品店
洋裁師
象牙質
象皮病
象徴派
象徴詩
椰子油
栄養剤
蛍光体
営林局
営造物
営業費
画架座
桜前線
規則書
規格判
規格品
改進党
紀元節
記号論
記名株
記事文
記念物
記念品
記念祭
記者席
記憶力
記録係
起工式
起動機
起訴状
起電力
起電機
起請文
起爆剤
起爆薬
興行権
里言葉
里神楽
理事会
理屈屋
理神論
理財家
理想化
理想型
理想家
理論家
裏番組
督戦隊
鳥小屋
鳥打帽
鳥媒花
鳥瞰図
鳥観図
鳥類学
弔問客
薬包紙
薬用酒
薬局方
薬局法
薬事法
薬理学
労務課
労働権
漂流物
漂流船
瓢箪鯰
爆裂弾
表面積
表情筋
表彰式
長丁場
長町場
長大息
長火鉢
長水路
長四角
長広舌
長音符
長須鯨
長簀鯨
長期戦
長談義
長談議
帳面面
常平倉
常夜灯
常夜燈
常套句
常套語
常得意
定得意
常設館
常備金
常備軍
常備薬
作為犯
作劇術
詐欺罪
創作家
所有格
所作事
所持金
所得顔
所番地
訴訟法
訴願人
初一念
初生児
初年兵
初航海
初等科
初診料
将軍家
将軍職
荘園制
装飾品
装飾音
薔薇園
床見世
床面積
床暖房
床運動
槍術家
槍騎兵
境界標
景教徒
影印本
強力犯
強化米
強壮剤
強行軍
強硬軍
強制力
強奪物
映写幕
映画界
競争心
競技会
競技場
競売人
競馬馬
知日家
知恵袋
知恵歯
知恵熱
知識人
聴取料
聴神経
聴聞僧
聴講生
声明書
聖公会
聖家族
聖誕祭
聖餐式
支出額
支度金
支配力
支配権
技能賞
技術士
枝折戸
柴折戸
枝垂桜
蟹工船
蠏工船
単子論
単孔類
単性花
単項式
弾着点
弾薬庫
戦中派
戦利品
戦車隊
戦前派
戦後派
戦時色
戦病死
戦術家
戦略上
戦略家
戦勝国
戦闘力
戦闘員
戦闘帽
展望車
展開図
脱毛剤
脱毛症
脱水症
脱水機
脱色剤
脱走兵
脱臭剤
税務官
税関吏
税関長
説明文
説教師
説経節
瀬戸焼
幻覚症
幻想曲
玄人筋
化粧紙
花文字
花水木
花形株
花供養
花屋敷
花相撲
花粉管
花鳥画
花茣蓙
貨物車
偽造品
限定版
根菜類
根粒菌
眼鏡屋
眼鏡猿
銀本位
銀世界
銀白色
銀行券
銀行界
銀行家
銀行業
銀砂子
銀細工
懇話会
店屋物
点火器
点眼薬
粘液質
粘着剤
胆汁質
胆石症
胆嚢炎
帆前船
帆掛船
汎心論
法人税
法王権
法学士
法治国
法律学
法律家
法律案
法華宗
法華経
法理学
法務局
品評会
快気祝
快男子
快男児
快速船
快記録
決定論
決断力
決勝線
決算期
決闘状
決議文
決議案
決議権
越中褌
月世界
月見草
月夜茸
月経帯
外字紙
外気圏
外交員
外耳炎
外国債
外信部
外洋船
外祖母
外商部
外接円
外貨債
外輪船
燕千鳥
燕尾服
蒙古語
蒙古襞
冒険談
帽子屋
帽子掛
木工所
木工具
木太刀
木戸番
木石漢
木炭画
木食虫
木蠧虫
木賃宿
木綿糸
木綿物
木綿針
木螺子
木捻子
目一杯
目分量
目見得
目的論
目鼻立
挑戦状
逃避行
眺望権
蕎麦粉
高下駄
高山帯
高圧線
高角砲
高足蟹
高脚蟹
高度計
高祖母
高級車
高高指
高島田
高野槙
高野槇
高温計
高等官
高楊子
高楊枝
高層雲
高障害
高潮線
高調子
高踏派
高積雲
高瀬舟
県人会
県民税
県議会
毛皮商
毛唐人
毛細管
毛氈苔
毛繻子
略記法
両性花
梁山泊
櫓太鼓
更生品
硬口蓋
硬化油
硬化症
硬骨漢
魚河岸
魚類学
漁色家
漁業法
漁業権
漁獲物
漁獲高
誇張法
華厳宗
華厳経
慣用語
慣習法
訓詁学
穿孔機
慢性化
漫画家
漫遊客
漫談家
面会人
満天下
満年齢
満艦飾
万灯会
綿火薬
綿実油
棉実油
綿菓子
綿帽子
綿製品
千六本
繊六本
千分比
千歳飴
進入灯
進入路
進水式
進行形
進行係
進呈本
進歩党
進駐軍
集札係
集合論
集会所
集光器
集金人
集魚灯
集散地
集塵袋
集塵機
雑役夫
雑役婦
雑貨商
雑報欄
囃子方
参詣人
三下奴
三角比
三角柱
三角座
三角旗
三角翼
三杯酢
三重苦
三冠王
三冠馬
三段目
三指鴎
三連符
三連勝
三斑鶉
三府鶉
三等賞
三等親
森林学
森林法
森林浴
森林帯
検圧器
検事局
検波器
検定料
検査役
検査官
検疫官
検疫所
検案書
検眼鏡
検潮器
検閲官
検糖計
蝋細工
協和音
繊毛虫
繊維素
線維素
接合子
接合剤
接受国
接待係
接待費
接客婦
接客業
接骨医
挿入句
監守人
監視所
監視船
監視網
監督官
監察官
鑑別所
鑑定人
鑑定家
鑑定書
鑑定料
鑑識家
鑑識眼
臨時費
臨港線
屋台店
屋形船
屋根屋
屋根裏
握力計
宇宙塵
宇宙論
宇宙観
羽二重
羽団扇
羽根車
羽斑蚊
羽織袴
雨台風
時代色
時代物
時計座
時節柄
芝海老
志願書
耳下腺
耳小骨
耐久力
耐火力
耐圧力
耐性菌
耐熱鋼
能力給
能装束
仕切書
仕手戦
仕掛人
事業団
司法官
塞栓症
賽銭箱
色事師
色素体
色情狂
遭遇戦
草双紙
草団子
草屋根
草相撲
草創期
草雲雀
草競馬
造石高
造石税
造血剤
造林学
造船業
造営物
造営費
造影剤
憂鬱質
優駿馬
幼友達
幼年期
幼児期
操車係
操車場
操舵室
操業費
操縦士
操縦桿
藻菌類
藻塩草
繰入金
繰越金
躁鬱質
縞栗鼠
縞瑪瑙
縞織物
藁人形
藁布団
藁蒲団
藁屋根
劇中劇
需用家
繻子織
乳児院
乳房炎
乳腺炎
緑十字
緑内障
緑玉石
緑柱石
緑黄色
緑藻類
録音機
蔵屋敷
蔵書家
蔵書票
葬儀屋
葬儀場
郷土史
郷土色
郷土愛
形成層
形式美
形象化
形態学
形態論
形骸化
耕作地
耕作物
幸運児
掛時計
掛蕎麦
危機感
詭弁家
傾斜計
恋女房
離乳食
離乳期
離座敷
離着陸
離間策
離縁状
卵胎生
玉子酒
劣等生
乱反射
乱泥流
乱杭歯
乱数表
乱層雲
乱調子
裸電球
咽頭炎
衣紋掛
穏健派
煙草入
煙草盆
印紙税
本予算
本因坊
本体論
本島人
本格派
肥満児
肥満症
糞味噌
糞勉強
免疫体
免税店
免税点
問題劇
聞上手
敏腕家
竜涎香
龍涎香
竜骨座
竜騎兵
朧月夜
朧昆布
陸半球
陸軍省
陸海空
陸屋根
陸産物
陸軟風
陸蒸気
陸戦隊
全音階
全寮制
選手団
選択権
選科生
選挙人
選挙法
選球眼
代理母
代議制
袋戸棚
貸出金
貸費生
縄梯子
縄暖簾
蝿地獄
蠅地獄
蝿取草
蠅取草
子午環
子供服
子宮癌
小馬座
糸蜻蛉
思考力
思惑師
思想界
思想家
思想劇
側頭葉
測地学
測地線
測定法
測深機
測量船
測程器
測微計
即位式
即売会
即効薬
即興詩
富士壺
富士絹
富士額
富裕税
福寿草
福神漬
福音書
福禄寿
菩提心
遊技場
遊戯場
遊泳術
遊牧民
遊撃隊
遊蕩児
遊興税
遊興費
遊覧地
遊覧客
農夫症
農地法
農作物
農牧地
農業国
農機具
濃度計
肉用種
肉食獣
肉弾戦
肉襦袢
復水器
復古調
復活祭
複十字
複本位
複写紙
複写機
複比例
福利表
複利法
複座機
複複線
報知機
報奨金
褒奨金
報償金
溺死体
脳外科
脳充血
脳神経
脳震盪
脳振盪
脳挫傷
脳梅毒
脳腫瘍
脳膜炎
饒舌家
冗舌家
尿検査
尿道炎
玉子丼
玉手箱
煮出汁
赤毛布
赤味噌
赤茄子
赤海亀
赤砂糖
赤道祭
赤道儀
赤苦津
赤新聞
赤鉄鉱
赤電車
赤蜻蛉
赤銅色
菖蒲湯
陽極線
護身術
護送車
護送船
護衛兵
生存権
生地獄
生体学
生体膜
生兵法
生没年
生歿年
生命力
生命線
生物界
生活力
生活苦
生活圏
生臭物
生計費
生徒会
生菓子
生産力
生産物
生産財
生産費
生蕎麦
生魑魅
生醤油
性犯罪
性善説
敬老会
警世家
警戒色
警戒線
警防団
警官隊
警報器
警報機
警察犬
警察権
経世家
経師屋
経済人
経済法
経済家
経済欄
経帷子
経産婦
経営費
経営権
経営難
経験談
経験論
軽口話
軽合金
軽業師
軽演劇
燃料棒
難行道
難視聴
難問題
熱処理
熱伝導
熱汚染
熱風炉
熱射病
熱帯夜
熱帯林
熱帯病
熱容量
熱量計
熱電対
熱器具
織物商
職員録
職階制
職務給
職業病
末代物
熏蒸剤
燻蒸剤
雲上人
田舎家
田植歌
田植唄
田雲雀
田園詩
陳列室
陳列窓
陳列棚
陳述書
陳情書
天井値
天狗茸
天竺葵
天理教
嫌煙権
陥没湖
欠陥車
構成員
構造式
講習会
講釈師
講義録
講談師
購買部
振出局
振動数
振舞酒
震源地
異文化
異教徒
異端視
翼手目
翌翌年
埋蔵量
狸囃子
流布本
流行目
流行眼
流行色
流行児
流行病
流通税
流動体
流動物
流量計
硫化物
硫黄華
硫酸紙
硫酸銅
柳行李
捜索隊
騒乱罪
騒擾罪
掃除人
好一対
好下物
好天気
好好爺
好色本
好色家
好角家
好材料
好取組
好結果
好塩菌
好戦国
好敵手
貿易商
牡丹杏
牡丹雪
腰巾着
腰弁当
腰布団
腰羽目
腰赤燕
約束事
約定書
穀象虫
角細工
角膜炎
角錐台
紅毛人
紅生姜
紅生薑
紅白粉
紅葉狩
紅猿子
紅衛兵
旦那芸
丹頂鶴
炭疽病
炭酸紙
蛋白尿
前半生
前身頃
前相撲
前衛派
立小便
立太子
立方根
立会人
立行司
立体戦
立体鏡
立志伝
立見客
立見席
立法権
立往生
立脚地
立脚点
立替金
立稽古
林野庁
林産物
林檎酒
淋巴液
淋巴球
淋巴節
葉菜類
葉緑体
淡水魚
淡彩画
淡褐色
淡緑色
談話室
廉価版
廉価品
廉恥心
岩石学
岩田帯
岩清水
岩雲雀
癌細胞
旅日記
旅行先
旅行家
旅行記
旅芸人
旅興行
旅館業
食人種
食用油
食卓塩
食前酒
食品店
食道楽
食塩水
食糧庁
弓取式
留守宅
留置場
榴散弾
老人病
老大国
老大家
老廃物
老練家
牢名主
牢役人
譲渡人
交譲木
醸造家
醸造業
攘夷論
白人種
白子鳩
白内障
白内症
白木蓮
白日夢
白玉粉
白玉楼
白地図
白灯油
白亜館
白兵戦
白拍子
白胡麻
白砂糖
白雪姫
白鳥座
白無垢
白装束
白雲石
白詰草
白鉄鉱
白鉛鉱
白髪頭
白銅貨
白熱灯
白熱戦
白蝋病
蜥蜴座
軟口蓋
軟文学
雪女郎
雪化粧
雪月花
雪見酒
雪辱戦
雪割草
雪景色
座敷牢
座頭鯨
翻訳書
変曲点
孤立語
礼拝堂
黎明期
短毛種
短水路
短日月
短兵急
短音階
染色体
染物屋
染髪剤
風力計
風切羽
風水害
風向計
風呂代
風見鶏
風刺画
風物詩
風物誌
風俗画
風致林
風速計
風馬牛
風鳥座
風媒花
風景画
風雲児
風鈴草
鳳仙花
鳳凰座
早乙女
早少女
早生児
早仕舞
早見表
早教育
早産児
早場米
降圧剤
降車口
降雨林
降神術
降雪量
楽屋話
楽器店
犬畜生
烏天狗
鴉天狗
鵞口瘡
鵝口瘡
鸚鵡病
猫額大
虎河豚
僧帽弁
獅子吼
獅子鼻
獅子頭
葡萄色
葡萄畑
葡萄園
畑水練
辻強盗
辻説法
鱈場蟹
饂飩屋
饂飩粉
意地尽
藍晶石
連分数
臨界点
催事場
殺鼠剤
生活環
七曜表
紫斑病
滲炭鋼
獅子宮
織女星
省資源
小見世
種概念
素反応
素因数
総二階
煙草銭
短期間
単糖類
定滑車
督促状
徒競走
通知簿
氏素姓
揚抗比
有尾類
雑所得
線維束
繊維束
蒲団皮
布団皮
安保理
按摩膏
萎黄病
易損品
韋駄天
一要素
一朱銀
一層目
一般席
田舎侍
薄紫色
歌合戦
宇宙博
運動領
映画狂
影響圏
英語塾
英数国
英文科
栄養源
栄養短
腋窩腺
閲兵台
大宮人
大御代
伯父貴
鬼刑事
親分株
会員章
海岸端
会計課
解散説
会社葬
界磁極
海水温
海賊王
海馬回
開腹術
劃一化
隔月刊
角分散
核崩壊
革命児
掛小屋
過現未
火口丘
菓子折
過失犯
貸店舗
菓子鉢
菓子盆
渦状文
火星年
可塑材
片手鍋
滑空機
葛根湯
滑翔機
可搬式
貨物便
空約束
仮契約
過硫酸
仮溶接
皮財布
革手袋
瓦煎餅
歓迎宴
関西馬
巻子本
緩衝弁
緩徐曲
鹹水湖
関数族
漢蔵語
感熱剤
観楓会
寒冷地
外国勢
該問題
楽譜台
岳友会
機関座
期待薄
軌道船
絹一匹
祈年祭
黄八丈
旧軍人
窮措大
給料袋
挟瞼器
強硬策
強硬論
教授陣
共和政
旭日章
巨人軍
巨人党
去勢牛
近海物
金属片
技術面
偽造印
擬爆弾
行官庁
玉整理
銀交換
鎖伝動
倶舎宗
果物籠
屈折軸
苦味素
遇不遇
具申書
具体案
軍国調
軍当局
計算簿
経済戦
継電鍵
警備員
警備艇
警部補
競輪場
毛織錦
決定稿
肩甲帯
検査員
研削代
研米機
芸術論
現体制
現内閣
好影響
甲殻綱
高架線
交換嬢
甲骨文
高燥地
皇統譜
弘仁格
高木層
肛門科
高野聖
高陵土
港湾局
黒式尉
黒色尉
国防論
古生界
古代切
古代裂
寿教室
顧問団
獄中記
誤投下
砕岩機
最賃法
細動脈
採綿器
作業班
錯字症
左中間
殺人狂
殺人犯
撮像管
薩摩閥
三悪趣
佐幕派
左右軸
三国志
三尊仏
傘伐林
散歩旁
散歩道
三眠蚕
在東京
雑居地
雑文家
暫定案
示圧計
子音群
止音器
市街図
史記抄
止血帯
刺激臭
私娼窟
指掌紋
紫宸殿
紫震殿
糸状虫
自然増
自然律
下着類
視地平
七面体
執金鋼
脂肪心
脂肪体
下二桁
社会層
釈空海
斜投影
収集魔
修道尼
守護霊
取材班
出穂期
須弥壇
峻下剤
松根油
照射野
消臭剤
小主観
掌中本
商店主
焦電気
小東京
消毒液
商人街
訟務部
書記補
食肉目
植物誌
食連星
処生訓
指了図
白鉢巻
神経核
深紅色
進行相
紳士靴
新正月
親展書
新内閣
親王妃
新発明
真犯人
新聞舗
深夜族
時局柄
自公民
地獄変
辞職願
辞書類
時事論
地蔵尊
実数体
実関数
実名詞
自動扉
自賠法
磁方位
事務屋
地元民
弱電器
純収入
純良品
娘子軍
畳成語
醸造酢
条里制
上腕筋
女性軍
女生徒
女性徒
地雷火
人造藍
水酸根
水平翼
酢料理
瑞宝章
静圧比
生活法
青化物
正教授
整経機
成功裏
成功裡
製作所
生産額
制酸薬
製材業
清子音
青色症
政治色
生得権
生徒数
青年輩
製氷皿
西洋碁
世界新
積算法
石油王
節炭器
窃盗狂
賎業婦
賤業婦
線織面
戦時下
先生方
先先週
洗濯粉
仙台侯
先着順
専門職
前車輪
前進角
前住所
総監督
惣管領
早慶戦
草月流
繰糸機
早春賦
早東戦
総務局
早明戦
総予算
組織体
措辞法
梳綿機
租庸調
増加分
増税案
帯黄色
大正琴
対生葉
逮捕歴
太陽光
多音節
多極化
単位元
単勝式
大歓迎
大学寮
大極殿
大西郷
大赤斑
大祖父
大納言
奪三振
脱石油
脱炭酸
団菊祭
団地族
旦那衆
知覚知
力関係
畜産業
知識層
知情意
茶器組
中以上
中辞典
沖積統
中毒死
超大型
調合剤
貯水槽
珍現象
蔦紅葉
定期便
敵艦隊
適時打
鉄砲座
天台宗
天然塩
電動式
電報局
投機熱
登記簿
当歳駒
透視図
東照宮
当直員
都議選
督学官
徳川方
徳川家
徳川勢
徳用瓶
登山口
登山帽
特級品
凸凹紙
動安定
同郷人
道議会
道交法
銅相場
動物達
同母姉
動摩擦
土台石
読解力
努力賞
内角球
内臓弓
難波潟
生学問
並製品
難事業
日運動
日独伊
鈍黄色
日本領
入金票
入港税
燃焼炉
年末迄
年齢順
農漁民
排気口
排気弁
排障器
排水孔
延縄漁
破戒僧
白頭翁
白金族
判決文
半翅目
売却益
貝独楽
被害届
筆記具
筆耕料
必読書
平教員
平党員
広口瓶
微分商
病中吟
秒時計
深緑色
仏文学
風土記
付年表
浮遊物
芙蓉峰
噴飯物
舞楽面
部長閲
物価高
文語調
文士連
分相機
文明館
平衡錘
勉強机
放火魔
硼酸末
放生会
包装紙
放送網
補強筋
某高校
暴風域
埋伏歯
溝形鋼
未踏峰
未登峰
身分柄
民社党
明朝体
無蓋車
無響室
名作選
名詞句
名探偵
名投手
名場面
名誉慾
毛製品
猛練習
百千鳥
野菜汁
安月給
豹脚蚊
大和心
友人間
誘電子
遊冶郎
有力馬
輸入盤
要確認
養殖池
用水堀
容積比
揚炭機
揚陸料
羅方位
立明戦
緑白色
臨床医
隣接県
励振管
煉瓦塀
蓮月尼
煉丹術
錬丹術
練丹術
労働相
鹿野苑
若竹亭
若夫婦
悪知恵
木金土
火木金
石鹸皿
三軸室
支持力
支持杭
上載圧
拘束圧
実験値
剪断箱
主応力
非排水
試験機
液状化
地表面
間隙比
細粒分
脱気水
正規化
全自動
励振器
励磁損
励磁機
変調器
導入部
主信号
混合器
高優先
回折損
液晶盤
誤挿入
裸婦画
猛特訓
猛勉強
玉音盤
老海鼠
洗濯籠
核文法
格理論
項位置
合理論
自然類
主要部
先行詞
挿入文
超規則
道具論
葉節点
必須格
不飽和
論理和
胡孫眼
天井扇
姫御子
女王蟻
参院選
承認図
変成器
補佐役
意見書
米市場
看護師
軍艦巻
小豆鱒
牡丹蝦
得点圏
内安打
亜鉛鉄
亜音速
亜大陸
亜脱臼
愛校心
愛党心
悪玉化
悪宣伝
圧力釜
暗号帳
闇市場
位相差
修了証
副鼻腔
意識下
依存症
意匠権
慰労金
移転先
医療費
育児書
一体感
一等地
芋羊羹
芋羊羮
印刷屋
引力圏
陰極管
迂回路
運動家
英語劇
英語圏
英米人
英米法
駅長室
越冬隊
演習場
演奏家
鉛直線
欧米人
温泉宿
音楽隊
仮登記
加速器
家計費
歌劇場
歌唱力
花火師
花盗人
菓子器
課題曲
貨物室
会計係
解決法
解散権
解説書
解答欄
解放感
開放感
懐疑派
懐柔策
改札係
改造車
改良品
海外版
海賊船
開催国
開催地
開拓地
開通式
開幕戦
革製品
革命軍
学芸員
学生課
学年末
活動力
巻頭言
慣用音
肝臓癌
観劇会
観光局
観賞魚
観測網
関係詞
関数論
企画課
基準点
基本語
奇術師
奇想曲
綺想曲
寄港地
機械科
機関室
機関長
記念樹
技術料
義務感
喫煙所
脚本家
逆転層
吸湿剤
吸収力
給水車
虚脱感
距離感
漁獲量
競争馬
強姦罪
教務課
教養部
興行界
禁煙席
筋肉質
金魚屋
金剛砂
金剛杖
銀時計
駆動力
駆動輪
空気穴
屈曲部
訓練所
訓練生
契約金
形式論
形成期
形容語
稽古場
経済面
警察力
警備隊
軽量級
芸術品
劇場街
欠乏症
建設費
建築業
憲兵隊
検出器
権利書
献血車
研究科
研究心
研究費
研磨機
原子論
厳冬期
現代劇
現代史
現代版
現地人
限定詞
個体群
個体差
古書展
固定票
故障車
枯葉剤
後半期
語学力
交響詩
口話法
工作室
工場長
幸福感
広報課
広報誌
控除額
校長室
構成比
構築物
甲板員
航海士
行楽客
行商人
行政学
講演料
香水瓶
高音部
高度差
高等科
合格点
合成音
合奏団
豪華船
国語学
国際線
国内線
国内法
砂糖水
挫折感
最終案
最北端
採石場
採点表
細胞壁
材料費
作業員
作詞家
作用点
殺陣師
雑貨店
参加国
散兵線
珊瑚海
仕事量
司令塔
四季報
始発駅
姉妹校
市販品
志望校
指揮権
指導員
指導力
支給額
獅子舞
紙細工
紙吹雪
紙製品
試作車
試乗車
試聴室
資金源
資本力
資本論
治療費
自習室
自信家
識別力
執行部
執着心
執務室
質量数
実業界
実験場
実体鏡
煮沸器
社長室
車掌室
車内灯
手羽先
手配書
受信料
受領書
授与式
囚人服
収益金
収集家
修正液
集中力
住居跡
住宅費
重圧感
重量級
出演料
出世魚
循環線
準備室
順応力
処理場
初飛行
助手席
女子校
女子寮
女友達
小品集
少数派
承諾書
昇降舵
消防法
照会先
照準器
賞金王
障壁画
上腕骨
乗降客
乗船券
常識家
常識人
食文化
信仰心
心拍数
振付師
振動計
振動子
新刊書
新人賞
新造船
新年号
浸透圧
申告書
申告制
真実味
真理値
親切心
親日派
診断学
進学塾
人形劇
人事部
人情話
人情噺
人情咄
図書費
図像学
随筆家
隨筆家
随筆集
隨筆集
髄膜炎
世帯数
制動灯
社民党
売春宿
性行動
性衝動
性道徳
性本能
成長期
政権党
政府米
整骨師
整数比
整数論
整髪剤
整髪料
整備工
生息地
精算所
精算書
精肉店
精米所
聖火台
製作費
製造所
製本屋
西洋史
青果物
石膏像
積分法
切迫感
接近戦
接続駅
設備費
専攻科
専用線
戦車兵
洗浄器
洗濯屋
洗濯代
船長室
選挙民
全国紙
素人筋
組合員
組合費
組織学
組織票
倉庫番
捜査陣
操作盤
相似点
相続権
総務課
送付先
測定器
測定値
測量器
測量士
尊厳死
多数党
太陽風
妥協点
打撃戦
体育祭
対数表
待避所
大型車
大衆車
大腿部
大病人
狸親父
単数形
嘆願書
短大生
短編集
蛋白源
団体客
弾性体
男子校
知日派
地球人
地獄耳
痴呆症
竹輪麩
竹輪麸
中華丼
中心部
中隊長
中和剤
抽出物
抽象化
注文書
貯水量
貯蔵庫
調査員
調査団
調理法
諜報員
直行便
賃借人
通産相
通知状
通訳官
低音部
停泊地
定期戦
定常波
定年制
提出物
哲学書
展示場
展示品
展望塔
転居先
転送先
転入生
転任先
伝導体
電子音
吐瀉物
渡来人
登山靴
登山道
登録料
賭博場
都市部
投手陣
投手戦
投手力
投書箱
投票数
東洋史
当歳馬
当事国
統語論
統率力
豆腐屋
同系色
同国人
同情票
道徳上
桃花鳥
得意客
得票数
特製品
特選品
特捜部
特大号
特注品
特等席
特別室
特別職
特別席
読取機
読取器
二極化
二重丸
二分法
日程表
日付印
日附印
入館料
入場式
任命権
認証式
認定証
年代物
燃料費
納品書
納付書
農学部
蚤取粉
配水管
梅雨空
白色光
発信局
発着所
発売元
発泡剤
反射角
反射光
反省会
反則金
反対派
版画家
繁殖地
繁殖力
販売元
販売部
販売網
批判力
疲労感
皮脂腺
秘書科
被害額
備考欄
美術書
美術商
美術展
美術部
標識灯
標準型
表現力
表彰台
描写力
不変量
舞踊家
舞踊団
副詞句
復元力
復原力
復刻版
覆刻版
複刻版
復讐劇
復讐心
復讐戦
複製品
分隊長
分布図
分離派
紛失届
文教族
文章題
文法書
平常心
閉会式
編集局
弁当代
保育料
保健室
保険屋
保守派
保存料
捕物帳
捕物帖
歩合給
補給線
補佐官
補助員
補助線
奉仕品
宝石商
宝石箱
放映権
放水車
法改正
芳香剤
訪問客
冒険家
冒険心
防衛費
防護壁
埋葬地
慢性病
満足感
漫画本
漫才師
未開人
未開地
未来学
密輸船
無水鍋
名人戦
命名法
明細表
迷彩服
免許制
面会室
模造紙
模範囚
猛禽類
目的物
薬学部
愉快犯
油圧計
輸送力
優勝戦
優先席
優良店
有価物
有効打
有望株
有名校
遊休地
予備軍
予約係
予約制
予約席
預託金
養殖場
翼面積
理工科
理事国
理想論
旅行鞄
両替所
料金表
料理番
療養費
量記号
量販店
領海線
類似品
冷却液
冷却水
冷蔵室
冷凍機
冷凍器
冷凍室
練習機
練習所
練習生
連続体
露出狂
労働法
和声学
和声法
籐椅子
輻射線
輻射熱
大洋州
三国人
保佐人
補助人
合議体
紹介文
極鰺刺
三悪道
訴訟人
対世効
無認識
平水夫
微温湯
異人種
異民族
胃拡張
黄土色
海鼠腸
街宣車
褐鉄鉱
甘夏柑
間氷期
丸屋根
円屋根
喜望峰
稀覯本
逆回転
急展開
極低温
銀灰色
軽電機
絹層雲
巻層雲
後置詞
後背地
公権力
抗癌剤
抗酸菌
硬骨魚
鉱産物
今川焼
紺飛白
再加工
再販売
最後列
三和音
不生女
産油国
始生代
子安貝
小安貝
子嚢菌
私家版
失読症
実定法
車前草
大葉子
十姉妹
書見台
諸経費
序二段
宵待草
小臼歯
小太鼓
消息子
新生活
真名鶴
酢味噌
性科学
生野菜
税収入
舌平目
船会社
前宣伝
槍烏賊
走禽類
帯広告
帯番組
大仕事
大所帯
大代表
大納会
大発会
大発生
卓袱台
単母音
仲見世
長母音
転貸借
燕子花
独航船
頓服薬
屯服薬
日計表
農学校
配偶子
白味噌
浜千鳥
浜木綿
副音声
補集合
防風林
無安打
無干渉
無患子
無国籍
無思慮
名文句
矢車草
柳葉魚
夕景色
葉煙草
葉鶏頭
雁来紅
裏街道
陸海軍
立面図
冷暗所
冷暖房
橄欖石
齧歯目
四十路
小判鮫
水不足
大年増
全日本
胡頽子
不沈艦
宇宙研
医科研
多言語
情報学
精算人
署名鑑
好選手
通訳人
水道水
顔文字
瓦斯灯
瓦斯燈
阿仙薬
悪液質
綾織物
安全帽
暗紅色
位相語
異食症
異数体
移住民
胃穿孔
萎縮病
衣装方
遺棄罪
遺存種
育児嚢
一次式
一重瞼
一太刀
一般角
一般式
引用書
右胸心
宇宙病
宇宙法
隠翅虫
羽隠虫
羽状脈
運動学
鋭先形
円環体
円偏光
堰止湖
鉛公害
鉛室法
鉛直面
塩化金
塩化錫
塩化鉄
塩化銅
塩辛声
塩素水
塩類腺
横領罪
牡丹皮
牡蠣油
温帯林
下顎骨
下属音
仮道管
仮導管
価値論
加熱器
加熱炉
夏水仙
夏布団
家長権
家庭医
寡頭制
科学史
果菜類
河海豚
川海豚
河原鳩
河跡湖
火工品
火砕岩
火山雷
火取蛾
禾穀類
花亀虫
花虎魚
花式図
花信風
花菱草
花毛氈
華字紙
菓子皿
過越祭
過給機
過酸症
過熟児
過熱器
過冷却
画学生
解釈学
解析学
解離熱
回転角
回転計
回転子
回転窓
回転体
回転扉
回転面
回転篩
回盲部
快楽説
海人酸
海成層
海跡湖
海蜘蛛
海泡石
海洋法
海陸風
灰重石
灰色雁
灰色熊
灰吹法
界磁石
絵空事
絵空言
絵物語
辛子色
芥子色
辛子油
芥子油
芥子粒
罌粟粒
蟹食猿
蟹星雲
開放創
貝杓子
外陰炎
外貨建
外気浴
外航船
外国法
外骨格
外車船
外出血
外性器
外套眼
外套膜
外務員
外惑星
外胚葉
鎧蜥蜴
核移植
核黄疸
核磁子
核小体
核戦略
核戦力
核廃絶
確信犯
角化症
角距離
角質層
角測量
角目鳥
角蜥蜴
閣内相
隔膜法
隔離説
学習机
額面株
顎関節
掛袱紗
滑多鰈
褐藻類
鰹節虫
樺太鱒
兜頭巾
噛煙草
我楽多
瓦落多
冠不全
寒紅梅
完全数
官能基
官僚制
干海老
感染源
感熱紙
換羽期
環境権
管継手
管珊瑚
管状花
肝吸虫
総務省
環境省
財務省
内閣府
金融庁
臨時工
譲許表
未知語
抵抗体
道徳劇
寓意劇
長電話
日常品
村議会
申立人
諸条件
入出金
調査部
受講生
英国民
大火傷
急斜面
豆知識
無宗教
入門書
診断薬
着手金
口述権
頒布権
貸与権
親方株
留守録
須恵器
英英語
鉄格子
二次体
筑前煮
玉筋魚
小女子
擬音語
短母音
揚音符
吟醸酒
鉱物油
裁断機
人民元
被造物
大法官
多国間
改革派
改正法
環境法
肝機能
肝不全
間接費
疑問票
金融街
公企業
口蓋裂
工程線
抗鬱剤
高帯域
骨髄腫
酸血症
市販薬
試験薬
事故死
失見当
腫瘍学
銃規制
出血熱
純利益
小法廷
信任票
信用買
心気症
心筋症
水頭症
政府軍
生産量
接続料
線量計
大恐慌
大銀行
大衆薬
炭疽菌
男女比
地上戦
地方局
腸炭疽
通信料
低体温
独唱会
内科学
熱疲労
肺気腫
肺炭疽
売上税
陪審制
半棒術
貧困線
不交付
放送権
法史学
法秩序
無効票
利益幅
裏取引
六尺棒
鍼治療
針治療
旧漢字
同人誌
番号帳
長柄刀
野太刀
長太刀
薙刀術
長刀術
北東風
移植鏝
白鼻心
期待権
私人間
再生紙
補助輪
鐚一文
運営上
椰子蟹
松葉蟹
花咲蟹
藻屑蟹
平家蟹
健康上
好条件
高金利
国民党
最上階
最年少
最年長
市庁舎
摩納哥
突慳貪
何方道
翻筋斗
個人戦
団体戦
真珠腫
開口数
幾内亜
実体験
手作業
最終章
住環境
重軽傷
重軽症
小型車
小動物
小論文
少子化
少人数
数箇国
数箇所
赤煉瓦
双方向
大金持
大発見
繊維質
調査官
長期間
直営店
賃貸料
冬作物
同年代
入退院
年度末
筆忠実
不美人
物干台
賦存量
未処理
名演技
友愛会
夕御飯
旅客船
両方向
青粉毒
道州制
光解離
丸一晩
中高年
大師範
多筒式
丸網機
王太子
王太妃
王党派
工場主
君主制
君主政
大天使
遠征軍
伯夫人
四神獣
多者間
支那竹
関東軍
鍬形虫
五形拳
五車星
斬馬刀
生命体
天帝星
廃刀令
流浪人
州議会
州議選
渉外係
救援隊
間伐材
秘密裡
秘密裏
要介護
研修会
通信文
下宿生
熱発生
底意地
地縛霊
自縛霊
自爆霊
新開発
入植地
照明灯
狂牛病
地下牢
協議書
商品力
農漁業
婦人靴
銃弾跡
統廃合
新嘗祭
大嘗祭
紙風船
奨励賞
未開封
小太刀
専門誌
係助詞
沈金彫
被虜人
仕入高
論理積
負論理
声明文
羅紗綿
羅紗緬
請願権
高成長
経財相
組織図
外適応
縮絨工
懲治監
開教師
翻訳調
魚料理
保温材
端子台
銀行印
小羽鵜
幹細胞
部単位
銃剣道
絶滅種
斬鉄剣
即返事
即返信
祈祷師
祈禱師
空白文
指示子
脱衣室
通路側
甚兵衛
調湿剤
理髪室
噴射式
起震車
多民族
陳列品
霊長目
大冒険
馭者座
食洗機
絞刑吏
膨張剤
膨脹剤
色校正
若者頭
年寄株
決定戦
新弟子
心技体
審判長
三役格
幕内格
十両格
幕下格
行司溜
準優勝
同部屋
初土俵
初優勝
不戦敗
部屋頭
星取表
控布団
控力士
勝負俵
大横綱
大金星
推挙式
雲龍型
雲竜型
四本柱
準年寄
相撲字
二段目
新十両
新入幕
新三役
新大関
新横綱
再十両
再入幕
絵番付
板番付
水引幕
山稽古
優勝額
再出場
根岸流
紙番付
片鉄炮
力士会
断髪式
塵浄水
道産子
道産娘
場所入
番付表
常陸梅
赤毛猿
悪送球
味加減
羅漢柏
無彩色
五面体
吊足場
遡河魚
溯河魚
受取書
滑腔砲
強電線
弱電線
麒麟児
三角竜
尻子玉
埴猪口
覇王竜
隠遁術
七方出
万力鎖
水蜘蛛
取扱書
出張費
登山隊
温泉地
黒御影
玄昌石
雨波貝
北寄貝
増粘剤
安本丹
能天気
能転気
脳天気
制汗剤
粘液便
正論理
啓蒙書
格助詞
企画部
清水器
試用版
縦横比
鍋料理
名詞節
付加語
建具師
紅毛夷
墨黠虜
蔵書印
共依存
輸入量
指定詞
導波路
手取金
電子線
昇圧機
劇場版
大津波
礼拝所
連合体
木炭車
木糖醇
山葵田
琵琶笛
蒲鉾型
蒲鉾形
門出茸
巡回僧
全面安
遺体袋
性産業
部長付
調査役
副長官
軽鬆土
買物客
獦子鳥
鮟鱇形
安全圏
家壁蝨
牛羚羊
牛氈鹿
閻魔帳
性体験
野球拳
返読点
農業家
農場主
手本帖
不足分
半島国
半島人
大建築
機関手
配置薬
大会社
登録証
肺実質
答弁書
飛空艇
登下校
中継網
杭打設
中屋敷
貯金帳
無教会
改善点
守護竜
守護龍
受信箱
外交史
探偵団
自由人
自由画
女子部
大爆笑
鉄亜鈴
金雀児
金雀枝
大欠伸
大鬼蓮
賭博師
投機師
細工師
経営面
耳年増
厚労省
参加費
悪知識
植物相
接尾詞
貞操帯
経産省
大画面
自走式
草茫茫
引換証
文科省
検討会
両刃鋸
横架材
独居房
文化省
二重瞼
二重腰
無党派
標本室
辞書学
審判官
鹿尾菜
羊栖菜
皮膚癌
暈倒病
水平軸
再委託
稲荷揚
闇金融
療法士
推薦書
石刻文
本選挙
入口点
高床式
副総裁
光造形
大混乱
務長官
本部長
憲法上
竜骨弁
石榴石
柘榴石
正露丸
征露丸
投薬量
小倉餡
政調会
弁明書
無派閥
外交術
農水省
農水産
投開票
魔女子
大事業
赤魚鯛
阿候鯛
必殺技
返戻金
国緊隊
分社化
撥音便
促音便
白妙菊
堕天使
昨年夏
党首脳
三角槭
野生犬
大陸狼
灰色狼
蝦夷狼
過電圧
加電圧
中皮腫
犯罪歴
符号語
閑散期
陳情団
光熱水
核問題
黄蜀葵
総支部
複合機
中継地
天才肌
空乏層
逓倍器
耐火物
陀羅助
英雄譚
譚詩曲
申込人
調整値
醤油顔
赤酸塊
黒酸塊
房酸塊
交流会
濃藍色
金蓮花
満作科
熊葛科
一財産
胡麻木
放射角
光陰極
熱陰極
濾水器
白膠木
紫木蓮
紫木蘭
異人館
西洋榛
一葉楓
田虫葉
鬼胡桃
金糸梅
銀木犀
砂糖楓
三手楓
紫式部
小真弓
小峰楓
上溝桜
沢胡桃
白雲木
板屋楓
姫沙羅
野牡丹
山毛欅
山法師
山帽子
赤四手
紙相撲
輝安鉱
警備兵
負傷兵
八十代
昼食代
車載器
不快感
行動学
骨董屋
省略形
変化形
変異形
閃緑岩
斑糲岩
酸性土
水羊羹
水羊羮
骨董店
嫉妬心
闘争心
裏工作
学務課
心膜炎
負電気
負電荷
歯周病
小忠実
反義語
水文学
外国産
基本法
怒阿呆
度阿呆
好印象
草石蚕
大変化
弦理論
宇宙像
非摂動
強結合
稀崩壊
厳密解
弱結合
複合核
殻構造
近似解
重力場
物性学
放射光
非破壊
風信子
男友達
鬼課長
鬼将軍
雄螺旋
雄捻子
雄螺子
尾羽根
親時計
女主人
女冥利
女寡婦
解氷期
退任展
裁判員
散布図
分散図
推移図
歯茎音
総合職
電磁弁
梱包材
客単価
集客力
兄者人
還府金
服役囚
不可算
介護士
保湿液
片笑窪
酢漿草
酸漿草
鳩酸草
牡丹鍋
短角牛
長角牛
濾波器
非主要
名容詞
芸者屋
藝者屋
平社員
特攻服
料理長
大海老
校閲係
大怪我
大試合
玩具屋
小部分
小企業
小部屋
小取回
大邸宅
交渉人
支持層
妙竹林
入構証
増改築
星河豚
二交替
反対番
加工乳
低脂肪
木目込
貿易上
大黒鼠
大変革
勉強会
個体数
未確認
低燃費
停車駅
旭日旗
剛速球
豪速球
占星学
好業績
地味婚
特別展
星勘定
九柱戯
歴史書
生理痛
皮膚炎
空気圧
会計簿
救助艇
荒治療
最速化
問題視
疑問視
古着屋
所属長
大火事
高利益
天体核
実空間
記念誌
宝飾品
玄人跣
真魚箸
京阪奈
管理棟
意味深
欠陥品
岩盤浴
後夜祭
最優先
通過点
四分位
認知症
親代代
円関数
発泡酒
誤認識
心拍計
彼自身
存在感
一本化
屠畜場
米連邦
拡張子
分教会
髪文字
狼少年
青坊主
焼火箸
市女笠
中童子
柑子色
藁草履
肉食鳥
土佐犬
短周期
不支持
高齢化
頭子音
末子音
遣隋使
対馬音
漢字音
五芒星
五紡星
過燐酸
革表紙
皮表紙
金型費
箇国語
殺処分
事実婚
結納式
絶好調
特許品
飛距離
火皿貝
落下物
男爵芋
男爵薯
中心街
日本初
貸金業
保険業
住空間
剣歯虎
剣闘士
二等車
写真画
相矛盾
臨済宗
様子見
大洪水
副流煙
観相術
外事課
外挿法
一芝居
小鰺刺
棊子麺
碁子麺
私年号
五葉松
生産児
利酒師
外宇宙
統語法
記者室
総書記
温泉卵
小堀流
橋本病
空手着
剣道着
和名抄
倭名鈔
天井画
大打撃
唐宋音
音博士
黄檗宗
四脚門
貿易船
盲長屋
身障児
按摩師
漁船員
清掃員
家畜商
大衆魚
無人駅
名門校
蒙古症
支那人
汚穢屋
代書屋
校務員
屠殺人
厩務員
獣医師
祈祷会
祈禱会
決定打
京言葉
探偵社
重視型
宗教色
駱駝色
鐘鼎文
太鼓台
収蔵庫
胎蔵界
大日経
金剛界
弥勒仏
兜率天
大自在
銀杏返
土産物
檳榔樹
鎮守社
学問所
開山堂
念持仏
還水槽
熱中症
犬酸漿
溝酸漿
大伽藍
唐草文
小括弧
総裁選
新陰流
時限目
薬業界
日本円
大麻草
野戦砲
入管法
脳血管
肝疾患
刑法犯
自然史
剣道場
支配下
矮惑星
延喜式
使命感
終助詞
刺激薬
今週末
脱構築
全財産
佞武多
甲斐路
副助詞
申請人
宣誓人
国家間
目的税
実行犯
新発見
両国間
主要因
平均台
陳列台
悪党面
記録面
金市場
男生徒
男性徒
太陰月
無名骨
日朝間
設計書
作業量
大角豆
交雑種
襤褸糞
異性愛
不正常
群青色
収納室
収納庫
混合薬
発条秤
馬面剥
感性界
感性論
監視員
大括弧
腐女子
貴腐人
年寄衆
笊蕎麦
水産品
支援策
輸出額
無公害
審議官
案内人
怪電話
鯥五郎
輸入枠
経理部
不信感
経理課
聴解力
首長国
核保有
浪費家
七変化
世界初
世帯員
信用残
単鉤法
双鉤法
超限数
業務課
業務部
希硝酸
奇蹄目
輝銅鉱
帰謬法
業務上
固有種
吸水管
求積法
旧石器
急転回
嬉遊曲
教戒師
教誨師
身八口
浴衣地
征韓論
中高型
頭高型
尾高型
平板型
重犯罪
故意犯
身請金
形式上
議運委
施設庁
防止策
核廃棄
事情通
不採算
日本新
秘境駅
版権物
調度品
文章体
待避壕
分娩室
瘤蜜柑
落羽松
潜水艇
給油機
給油艦
脳年齢
面接官
普通紙
商売女
殺人課
輸入米
国産米
新素材
学士号
合計数
回想記
武勇談
体操服
秋明菊
豆黄金
草木瓜
収集品
携帯型
馬鹿穴
最重要
魔道士
魔導師
魔導士
魔道師
昆布巻
五本指
温度差
磯千鳥
林檎飴
日本鹿
譲受人
支出金
電視台
分裂病
種牡馬
関連語
不織布
水和物
大喧嘩
不登校
香母酢
伊予柑
舟状骨
中止法
中止形
古細菌
作業着
無農薬
普通体
魚醤油
大躍進
資源塵
郭言葉
廓言葉
遊里語
反台鉋
理容室
勝負服
科捜研
坊主畳
没風流
爆発音
防衛省
防衛力
大浴場
現実味
悪印象
持久走
小便器
金準備
栗金団
擬餌鉤
擬餌針
儀杖兵
蟻走感
検索表
一形式
万葉調
着信音
大迷惑
非軍事
拒絶感
新冷戦
赤水晶
総重量
花嫁姿
食事代
会費制
警戒感
全方位
夏至祭
旅行券
色無地
色指定
色指数
杉原紙
奉書紙
首長竜
共作曲
現地着
当社比
現場着
重力子
蔵骨器
墓泥棒
調査課
心情論
自己満
無足人
過去問
尊大語
充電池
大部隊
吸収体
総画数
農園主
学生会
清潔感
結納品
長熨斗
動画家
集合知
半通夜
食器類
手毬花
重電気
再就職
組織論
感染病
太鼓虫
緑膿菌
治療薬
腹腔鏡
人工弁
食道癌
挿入口
負担感
改良型
安定期
降誕祭
丁度今
菌血症
抗菌剤
大流行
窃盗団
保安係
市民軍
大陸法
宗教法
脈絡膜
肺動脈
案内役
呼吸筋
羽織紐
長方向
慎重論
脳損傷
診断法
松果体
一欠片
一騒動
細胞間
移民局
卵料理
螺旋状
同性婚
諸症状
流涙症
構造物
新首相
幾星霜
駄目元
推奨株
献金額
献花台
万霊節
焼香台
赤烏賊
手紙文
医師団
研修医
癌診断
血流量
検査法
反射波
尿酸値
認定医
若年層
正常値
拡張期
収縮期
網膜症
石灰質
血管壁
心疾患
脂肪肝
海綿状
脳組織
粉末状
扁桃炎
肝細胞
一分野
一家族
挿入歌
偽商品
地上絵
筋硬直
急性期
慢性期
抗老化
骨髄腔
性機能
脳底部
栄養物
断層像
即死亡
腸詰菌
健康人
仕事口
白海豚
甚平鮫
懲役刑
最高刑
片麻痺
至福感
内面化
無力感
超自我
銀鍍金
軍隊蟻
産卵管
外呼吸
内呼吸
肺呼吸
鰓呼吸
外来種
手術代
大失敗
統一感
影富士
技術点
講書始
皇族費
菊花章
黒胡椒
仮眠室
麻薬犬
難読語
非協力
問題群
新概念
敵対国
核抑止
用語法
関税局
外来魚
理念型
宅老所
託老所
身分証
公述人
猟官制
特別会
仕事始
忠誠心
銃撃戦
交通課
内閣法
打開策
打解策
法輪功
国務院
包虫症
浮気心
捜査官
家禽類
感染力
死亡例
感染例
腎機能
腎障害
脳動脈
報告例
修理店
販売員
大勝利
最後尾
情報通
資金力
夫婦間
乾燥感
新成人
幼少期
大事件
新設校
上座部
新宗教
金光教
大本教
霊友会
日蓮宗
鍋奉行
沖縄戦
脱獄犯
無回答
恋愛運
結婚運
仕事運
健康運
勉強運
石狩鍋
八正道
八聖道
三法印
大衆部
失敗作
記者証
演技力
死刑台
腎盂炎
納豆菌
州警察
検死官
宣伝部
奥義書
連座制
卒園式
輸入国
帝揚羽
楽天地
白点病
大進歩
車泥棒
勤務医
数直線
大人数
点数係
大樺斑
羽長蝗
族議員
新進党
産学官
逆方向
強盗犯
大学校
谷垣派
古賀派
町村派
伊吹派
志帥会
山崎派
高村派
為公会
津島派
雑誌社
起業家
灯台草
燈台草
厚労相
外小股
小褄取
外無双
内無双
大逆手
大銀杏
女相撲
新相撲
鬢付油
塵手水
黒人兵
禁固刑
禁錮刑
多毛類
激戦地
入社式
差別語
送風口
独身男
新人類
大募集
黄瓜菜
焼菓子
有理化
有利化
活人剣
犯人像
密出国
歌番組
妖術師
大飢饉
気取子
開瞼器
非識字
新平民
関東煮
茶巾鮨
白身魚
赤身魚
車検証
毛表皮
盛蕎麦
土瓶蒸
散蓮華
紹興酒
茶懐石
中国茶
中国酒
日本通
双線形
双線型
登場感
発酵病
北前船
再発信
貿易量
特急便
再配達
圧縮袋
新体験
新政府
限度枠
学会誌
小売値
衣料品
名刺大
昭和史
早退届
男性観
女性観
恙虫病
技師長
海賊旗
矢車菊
栄光蘭
千寿蘭
二輪草
山吹草
乙女桜
友禅菊
朝霧草
闇献金
大学芋
炭素税
代動詞
沼沢地
逓信省
嫌悪感
記録会
抑止力
最新鋭
銃刀法
総所得
女性語
客室係
社説面
大事故
陰陽暦
老朽化
物活論
無答責
基本金
藪柑子
薮柑子
折鶴蘭
日本狼
六国史
日本紀
日本米
開音節
鼻母音
琉球語
顫動音
大和文
開口音
合口音
霰粒腫
石地蔵
煩悩鷺
助産師
強談判
擁護論
予算委
周産期
洗浄剤
宏池会
診療科
金剛杵
離婚届
天保暦
法師髪
一般医
公欠届
出来婚
指小辞
方尖柱
避妊具
給紙機
表現法
形式知
暗黙知
準体言
定動詞
本動詞
道府県
後頭葉
頭頂葉
前頭骨
側頭骨
後頭骨
蝶形骨
上顎骨
口蓋骨
神経筋
疑問点
年相応
歳相応
返答書
核施設
核科学
合計額
手柄話
卵円窓
正円窓
蝸牛殻
卵形嚢
球形嚢
毛様体
硝子体
朝自習
防衛策
杜仲茶
杜仲科
木彫師
万聖節
自然体
反射能
吸煙器
熊之実
氷下魚
助宗鱈
助惣鱈
都知事
少糖類
多糖類
仕掛品
熱分解
野菜屑
薊芥子
虎列剌
大豆粉
古書店
担当医
赤珊瑚
花見酒
汽水湖
氷河湖
蕃茘枝
背表紙
伝来語
大至急
叔父貴
中国史
台湾茶
胡蝶蘭
羽蝶蘭
象海豹
胡麻斑
豹海豹
残存種
昔蜥蜴
洗剤液
柔軟剤
柔軟材
分波器
面倒見
老婦人
通知書
若衆道
人鳥類
国籍法
不突合
枝尺取
白衛軍
府県制
噛付亀
一見客
準新作
本波布
本山葵
日本鰻
真穴子
人間型
大女将
若女将
超保守
背理法
姫女苑
姫女菀
排中律
語用論
三分法
同一律
学校祭
大学祭
国語科
非常食
唱歌集
集合財
私的財
総需要
亀頭炎
海綿体
前庭球
技術屋
泥棒猫
死荷重
静荷重
下級財
上級財
逆進税
比例税
記憶術
耆那教
兵馬俑
多関節
自由財
盲蜘蛛
座頭虫
蚊蜻蛉
耐久財
中間財
劣等財
優等財
加齢臭
正常財
強姦犯
線条痕
旋条痕
名古屋
北九州
権兵衛
二杯酢
三合会
哥老会
初会合
月中旬
駐機場
便失禁
日本鶉
黄巴旦
介助犬
人面魚
嘴細鴉
嘴太鴉
樺太犬
曹長石
斜長石
学術誌
胎生学
蝦夷羆
金花虫
歩行虫
塵芥虫
瓜羽虫
姫黄金
甲虫目
鞘翅類
源五郎
米搗虫
叩頭虫
鉄砲虫
真海豚
大角羊
鎌海豚
条海豚
巨頭鯨
赤坊鯨
扇歯鯨
小鰯鯨
五島鯨
南槌鯨
乾闥婆
緊那羅
稲象虫
豆象虫
大象虫
筬象虫
白蟻擬
頬白鮫
子守鮫
真章魚
眼仁奈
樺太梟
団子虫
油角鮫
尾長鮫
神楽鮫
坂田鮫
奴智鮫
箕作鮫
小網座
川蜻蛉
河蜻蛉
眼鏡熊
豹紋蛸
水章魚
手長蛸
鳥盤類
竜盤類
浦島草
天南星
里芋科
順序数
滑脳症
鼈甲蜂
竜田揚
立田揚
周期表
被昇天
三博士
無原罪
創造論
超長波
光伝導
光電導
受注額
君子蘭
水素化
酸素酸
人工肺
水銀剤
白金黒
操作部
制御部
処理部
解析部
記憶部
送信部
酸化錫
臭素紙
砒素剤
孤立感
閉塞感
自傷癖
中間値
長元坊
吹出口
中央値
胡蘿蔔
山縞馬
山斑馬
珪素鋼
自白剤
投稿文
金属音
慈悲殺
示性値
精神波
国交省
受発注
栗鼠擬
茅渟鯛
大佐賀
非売知
比売知
赤目魚
眼奈太
畑栗鼠
地栗鼠
総議員
白色体
木登魚
朝鮮鮒
欣欣然
公公然
紅団扇
説話集
姫海燕
水薙鳥
水凪鳥
潜海燕
姫雨燕
計器盤
饕餮文
幌蚊帳
人屋根
真鍮鑞
一夜干
二十脚
行人偏
教唆罪
教唆犯
内乱罪
集団犯
猥褻罪
強盗罪
結合犯
集合犯
地獄道
人間道
一夕偏
三皇后
歯膜炎
縞秧鶏
人格神
原始星
南十字
十字座
十二直
宿曜経
朔望月
朔望潮
行程表
准教授
準教授
青人草
立心偏
路線図
受信音
小衣蛾
斑紙魚
衣魚虫
雲母虫
天社蛾
浜防風
侮辱罪
九州弁
東北弁
食品群
未成熟
連勝式
音変化
音變化
外果皮
内果皮
中果皮
裂開果
摺込染
伊達締
長襦袢
医学書
神聖視
感動文
感嘆文
珪肺症
継父母
副部長
海蝲蛄
猟友会
九十路
甲羅蒸
食用花
高灯台
高燈台
油頁岩
数時間
集中型
言葉数
読者数
浸透印
原子団
蝦夷地
半数体
二倍体
位牌所
早稲田
外出先
屋久鹿
蝦夷鹿
台湾鹿
一角犀
烏犀帯
全粒粉
水上機
水上下
幻影肢
動作主
仕掛物
田楽焼
田植踊
水烏賊
地球照
屋久猿
県病院
婚外子
首陀羅
四種姓
刹帝利
回転鮨
無修正
法相宗
無生忍
蔓茘枝
整合説
対応説
仏心宗
達磨宗
達磨歌
祖師禅
蘿蔔草
如来禅
多雨林
上新粉
上糝粉
手長蝦
転法輪
証拠品
土産品
倉稲魂
宇迦魂
三狐神
宇賀神
医方明
如来蔵
仏手柑
置時計
山水牛
訂正印
桜海老
果実酢
新当流
卜伝流
常不軽
真言宗
繁縷塩
初挑戦
平均棍
大発作
小発作
失声症
立体視
古皮質
旧皮質
新皮質
外障眼
全体論
視交叉
後成説
前成説
共感覚
中心窩
越冬地
卯月鳥
夕影鳥
浅羽鳥
文目鳥
勧農鳥
早苗鳥
黄昏鳥
百声鳥
無常鳥
田長鳥
杜鵑草
油点草
時鳥草
山杜鵑
呼子鳥
合法鳥
大百舌
倶伎羅
拘枳羅
拘耆羅
鬼郭公
大瑠璃
小瑠璃
吠瑠璃
瑠璃鶲
瑠璃鳥
鶉水鶏
鶉秧鶏
行行子
仰仰子
大地鷸
大地鴫
緋連雀
背黒鴎
中杓鷸
石千鳥
大杓鷸
大尺鷸
黄脚鷸
米利堅
盗賊鴎
小千鳥
羽白鴨
尾黒鷸
鰭足鷸
赤足鷸
襟巻鷸
京女鷸
瑠璃鶇
黒歌鳥
嘴黒鶲
星椋鳥
八哥鳥
食細胞
卵胞期
下垂体
前胸腺
針烏賊
真烏賊
墨烏賊
柚胡椒
喜知次
来次第
不可得
出納帳
網闘士
制気口
胡麻鯖
胡瓜魚
胚盤胞
紋黄蝶
越年蝶
肉団子
精進物
姥目樫
今芽樫
重陽子
胡椒鯛
大富豪
河鹿蛙
金襖子
卸会社
五角錐
五角柱
六角柱
八角錐
八角柱
大茴香
枇杷酒
半固体
日避猿
草刈鎌
内骨格
無顎類
円口類
燐脂質
糖脂質
芳香油
足根骨
中足骨
手根骨
中手骨
下腿骨
床掃除
担子菌
変形菌
放線菌
座禅草
相転移
太陽鳥
太陽潮
太陰潮
太陽蝶
大不敬
謀大逆
銭貨学
私鋳銭
端黄卵
等黄卵
海盤車
石風呂
岩風呂
単純泉
酸性泉
眼鏡蛇
家蝙蝠
油蝙蝠
蚊食鳥
酒石英
牛海老
噴出岩
沈積岩
頁岩油
角閃石
二文字
時辰儀
時計草
小胞体
性淘汰
岩流圏
橄欖岩
榴輝岩
州権論
長鼻類
少林流
正断層
逆断層
蕎麦切
赤樅茸
対馬貂
胸白貂
乳茸刺
白檜曾
頬白鴨
尾巻猿
栗鼠猿
公会議
熱的死
同族列
同族体
中立説
共進化
赤芽球
変形体
塹壕熱
野兎病
波状熱
馬鼻疽
海葡萄
解決済
色見本
毛長鼬
烏賊墨
河原鶸
川原鶸
黄金鶸
黄嘴鶸
機織鳥
金襴鳥
胸赤鶸
金翅雀
千歳鳥
弓作成
西岩燕
青足鴫
馬糞鷹
五十雀
蟷螂擬
黒揚羽
並揚羽
柚子坊
烏揚羽
仏泥鰌
森青蛙
知知武
自己目
野球帽
南蛮黍
紅毛船
臨床上
無足類
苔植物
角苔類
紫鷺苔
飛螻蛄
羊毛猿
針金虫
輪虫類
腹毛類
線虫類
鉤頭虫
線形虫
森雲雀
投機筋
疥癬虫
慣用法
大原則
総務相
多角化
多年生
波布草
想像上
大阪鮨
防衛戦
防衛線
櫛水母
唐当帰
松毬魚
自然食
受診暦
輸出国
長寿命
雇用国
射干玉
野干玉
法廷画
主祷文
無着色
四国稗
唐人稗
連絡網
事例集
上気道
士師記
共鳴器
発音器
喉頭蓋
口蹄疫
問答法
産婆術
等値面
獅子猿
蒸発岩
仏教書
仏教家
吾妻琴
散布体
湯帷子
二畳紀
奥陶紀
原生代
完新世
更新世
鮮新世
中新世
漸新世
始新世
最新世
暁新世
現在世
間充織
膀胱鏡
膀胱癌
運賃箱
偶然論
黒雷鳥
古神道
神儒仏
前頭筋
眼輪筋
口輪筋
大胸筋
縫工筋
僧帽筋
広背筋
腓腹筋
平目筋
膝蓋腱
閉殻筋
外転筋
内転筋
凝集素
凝集原
禅坊主
掛茶屋
片持梁
海綿質
海綿鉄
威儀細
護摩壇
五奉行
五大老
遊水地
天気雨
庭見草
丸葉萩
九蓋草
小茄子
初時雨
空気袋
決定木
料理書
屋久杉
小杉原
袋鼯鼠
水深計
残圧計
土産店
主原因
転出先
統計法
転出届
水平社
六観音
六地蔵
六道銭
七観音
大谷派
高田派
木辺派
山元派
鎮西派
西山派
少林拳
閉鎖式
核医学
歌劇団
百合科
撒爾沙
撒児沙
猿捕茨
土茯苓
磯蚯蚓
岩磯目
赤孑孑
毛壁蝨
葉壁蝨
貧毛類
縞蚯蚓
免疫学
抗血清
血清病
脱感作
除感作
藺草科
動原体
紡錘体
微小管
鉄骨造
蟹味噌
推論式
推理式
彰義隊
鱈戦争
減感剤
輪胴式
偶関数
奇関数
話題作
激励会
満州族
木麻黄
通学鞄
帰宅部
異端児
巻頭歌
悪茄子
手水舎
菲沃斯
赤芽柏
山茱萸
再転送
指燃草
灰色蓬
背高蓬
河原蓬
河原艾
朝鮮蓬
糞人参
蜜穴熊
矯味剤
卑罵語
軽蔑語
美化語
其処許
饋電線
毒電波
蔓植物
泥灰岩
火山群
火山砂
火砕物
砕屑岩
砕屑物
火山列
火山毛
火山塵
昇華熱
風配図
根本悪
張力計
所属先
諸元表
阿乙呉
一段上
普通話
捜査網
矢視図
石鹸石
変動費
秋分点
冬至点
酸化数
多胎児
小口径
高収入
提案書
牛乳計
豆腐乳
桜桃忌
食用菊
料理菊
色茶屋
書籍館
私書函
鉛筆画
視等級
交番所
飛竜頭
飛竜子
運動部
文芸部
準惑星
孤独感
金魚藻
蝦蔓虫
母文字
葡萄葛
葡萄膜
大鷹狩
小鷹狩
稚児隼
刺椿象
刺亀虫
宝飾店
入寮式
胡楊樹
作編曲
舌三寸
火車婆
青鞜派
寒冷渦
珍走団
労組法
双極子
減圧症
方鉛鉱
量子数
並行論
相制説
重粒子
軽粒子
粒子線
小胞子
大胞子
胞子嚢
半整数
譬喩歌
直言歌
乗継便
太鼓打
偽瓢虫
腱膜瘤
最悪期
近点年
近点月
恒星月
恒星天
恒星表
児童会
円錐面
頭状花
楕円面
楕円体
二次林
加圧器
面積計
臨界角
巾着袋
内容語
宿木鶇
無翅類
有翅類
横海老
端脚類
浜跳虫
斉一説
気功師
母平均
前年比
全画面
縦座標
遷音速
総秘書
地域色
電気鰻
川八目
砂八目
八目鏑
経由地
前意識
理性論
九谷焼
白樺油
姥彼岸
彼岸桜
波波迦
金剛桜
丁字桜
烏文木
大島桜
牡丹桜
富士桜
夜開草
飯杓子
河豚毒
多用途
名目上
要出典
葉書大
林務官
失敗談
花角力
冬瓜子
小悪魔
勾股弦
鈎股弦
七弦琴
七絃琴
百済琴
普化宗
明清楽
前駆体
白羊宮
双児宮
巨蟹宮
処女宮
天秤宮
天蠍宮
天蝎宮
人馬宮
騎射宮
磨羯宮
双魚宮
黒雀蜂
腰細蜂
鱗翅類
膜翅類
着物虱
松藻虫
洗濯槽
茶立虫
黒大蟻
埋葬虫
鬼蜻蜓
銀蜻蜓
蛇蜻蛉
川螻蛄
黒山蟻
赤山蟻
泡吹虫
馬追虫
葉切蟻
虫引虻
虫曳虻
挙尾虫
家白蟻
兵隊蟻
竹節虫
世界線
銀河群
銀河団
逆縁婚
米食鳥
錦華鳥
錦花鳥
進学校
弓籠手
射籠手
礼奉公
走行会
進行波
物質波
波動説
物質量
優婆塞
優婆夷
沙弥尼
声聞僧
検知器
陰謀論
陰謀説
赤紫蘇
十八禁
大連立
順不同
敬称略
表現型
代表権
在留届
変更届
空燃比
汽水域
茶挽草
直示秤
檳榔子
去痰薬
唐棕櫚
唐棕梠
油椰子
多羅樹
多羅葉
貝多羅
和布蕪
税負担
鉄酵母
銅酵母
善玉菌
蜂屋柿
富有柿
次郎柿
超空間
腎小体
腎単位
糸球体
糸毬体
問診票
問診表
抱合語
包合語
後氷期
連鎖群
狩人蜂
倍数体
一倍体
三倍体
基本数
四倍体
警告色
隠蔽色
婚姻色
性細胞
体細胞
娘細胞
嬢細胞
鱗片葉
肉芽腫
絵手紙
午後一
深層水
底層水
中層水
上層水
臍帯血
鞘味泥
予報円
着衣泳
地元語
精米機
経済史
経営上
採金地
手操作
雑貨屋
護教論
意味不
五等爵
行刑官
進行役
袋蟻食
戒律宗
純正律
純正調
調子笛
十二律
天竺楽
林邑楽
呂旋法
律旋法
六調子
壱越調
太食調
大食調
陽音階
陰音階
陰旋法
陽旋法
律音階
果実蝿
果実蠅
瓜実蠅
瓜実蝿
寄生蠅
寄生蝿
風俗嬢
茘枝貝
天人鳥
長吻虻
赤牛虻
洗口液
香雨鳥
降河魚
降流魚
昇流魚
生態型
地方型
琵琶鱒
陸封型
降海型
湖沼学
陸水学
湖沼型
頭胸部
出糸管
蝿取紙
蠅取紙
担子器
胞子体
配偶体
造胞体
花独活
運動着
斑蜘蛛
地蜘蛛
袋蜘蛛
平蜘蛛
花蜘蛛
蟹蜘蛛
土蜘蛛
棚蜘蛛
店蜘蛛
笹蜘蛛
草蜘蛛
鬼蜘蛛
蟻蜘蛛
概念化
低木層
草本層
椿象目
異翅類
同翅類
軍配虫
桑木虱
藤海鼠
脈翅類
駱駝虫
立羽蝶
黄立羽
男根期
肛門期
斧足類
板皮類
中間圏
電離圏
磁気圏
吸虫類
肺吸虫
片山病
能力値
真羽太
赤羽太
雉羽太
本諸子
気宇仙
蓑笠子
橈脚類
受水槽
帯水層
打撃数
打席数
犠牲打
呉服尺
享保尺
折衷尺
天平尺
棒人間
八咫鏡
編集版
八咫烏
宣伝文
金鉱脈
服飾店
枠物語
水槽車
塩基対
三大洋
裁量権
八尋殿
八洲国
関八州
大八洲
空腹感
出歯鼠
絹毛鼠
毛長鼠
野地鼠
勅祭社
猿楽能
道陸神
絵馬堂
絵馬殿
祇園会
式部職
権現造
天満宮
八幡神
引赤薬
発赤薬
神楽笛
式年祭
神楽殿
上棟祭
遷宮祭
教部省
時代祭
例大祭
神社局
神祇院
神祇省
官幣社
国幣社
無格社
神田祭
全真教
扶桑教
大社教
神理教
神習教
実行教
黒住教
大成教
神宮教
犬四手
熊四手
要治療
陽明学
忍耐心
低料金
初出場
歯列弓
緋鳥鴨
大阪弁
高粱酒
大嘗会
筑紫鴨
程朱学
性理学
紅羅雲
私奴婢
官奴婢
公奴婢
紫貽貝
検潮儀
検電器
充填剤
充塡剤
中子星
足垂星
唐鋤星
雨降星
一斗枡
稲見星
紫微垣
土人形
標本化
繊蘿蔔
常盤桜
高圧水
桑白皮
末期癌
紙綴器
大型化
類型化
模型化
嘴広鴨
四等官
常香盤
調光器
法句経
通用口
法規制
書記素
世界樹
落書帳
蝶形弁
蝶蝶魚
静音化
一体型
十辺形
辞書形
句動詞
触知覚
黒魔術
白魔術
経験値
帝国兵
魔道書
魔導書
最高額
妄想癖
深径覚
準同型
巾零元
和集合
閉区間
零因子
有限型
十二経
雨四光
藪蕎麦
倹約令
現在形
誕生会
副詞節
掃除魚
五文型
心血管
中書省
門下省
尚書省
利用料
都察院
請求項
真河豚
箱河豚
大海烏
姫海雀
給食室
複勝式
複試合
見世棚
古雑誌
古時計
立志式
山繭蛾
感電死
臙脂虫
文否定
語否定
準否定
側女房
衝突痕
郷里制
弾正台
司法省
呼吸孔
津軽弁
千里竹
高麗笛
馬頭琴
文明史
古英語
中英語
非定型
否定形
備前焼
付喪神
野臥間
小開扉
満州語
立毛筋
起毛筋
平滑筋
思案顔
自宅裏
構想力
癌告知
半田鏝
工場街
麒麟竭
麒麟血
竜血樹
蛸烏賊
墨汁嚢
山桜桃
口頭語
山言葉
完了形
重量法
車前子
車前科
草蜉蝣
草蜻蛉
中務省
治部省
民部省
左弁官
閉音節
真名本
真字本
歌詞集
問題集
乙姫蝦
海老蟹
小海老
赤手蟹
陸宿借
岡宿借
黄鶺鴒
小啄木
山椒喰
三光鳥
内陸部
鳶合羽
緋秧鶏
緋水鶏
山翡翠
山魚狗
太平州
点耳薬
大御神
防衛相
大御宝
星宝貝
統合体
給油口
麒麟草
麒麟菜
結晶粒
伸開線
縮閉線
食習慣
巫女舞
溶連菌
木綿綿
含嗽剤
映画会
表形式
文字間
探傷面
予約券
確認証
荒人神
成果物
熱疲憊
林檎園
観念化
条虫類
絛虫類
水爬虫
甘蔗糖
浜昼顔
茄子科
走野老
衝羽根
車葉草
西洋梨
山薄荷
風蝶草
千本槍
白灯蛾
蛇皮線
黒木蔦
猫義義
姫春蝉
見島牛
冬眠鼠
割線法
安定液
土壌学
毒舌家
発射筒
地方官
烏草樹
羅漢槙
大谷渡
三角柏
音楽界
当日券
真牡蠣
定家葛
西洋柊
金襴手
生薑茶
苔虫類
酸漿貝
羽織虫
腸鰓類
翼鰓類
男性器
口内謝
円貨建
米国車
歓喜天
自在天
多聞天
多門天
広目天
増長天
持国天
聖観音
正観音
壮年期
台湾語
女学院
節約家
緋縮緬
常磐津
内道場
内供奉
館内図
朝鮮鼬
明治節
地久節
四方拝
四大節
灌仏会
体験版
一限目
免責額
小事件
均田制
体操着
多重塔
多層塔
五香粉
待雪草
松雪草
遭難船
都鳥貝
黄心樹
川水雲
二糖類
名詞法
形容句
接中辞
賦形剤
磔刑像
姑獲鳥
老紳士
正定業
輸配送
亜空間
亜光速
異次元
枯尾花
大師堂
善根宿
輪袈裟
納経帳
遍路姿
島四国
開経偈
十如是
追及権
分類群
二名法
三白眼
誘眠剤
癲狂院
脳病院
珪化木
舗装路
金剛鈴
層序学
微化石
多宝塔
八品詞
加持身
本地身
智山派
豊山派
身口意
小商人
非日常
神聖化
救貧法
弁神論
神義論
物神論
一斗缶
司会役
付着物
温野菜
原体験
理学士
風露草
模様莧
参考本
周辺化
鳥糞石
海鳥糞
糞化石
腎結石
補充書
香盤表
自明解
正定値
監視下
軽速歩
斜横足
時間目
守衛所
自由訳
仕組債
食料費
武道家
非通知
消化力
勤務地
急接近
最優秀
消灯令
定旋律
脂肪滴
希塩酸
稀塩酸
弱塩基
弱塩酸
観月会
技術員
受付嬢
債務国
代行業
同意書
左翼党
整水器
十進数
八進数
曖昧量
桁位置
桁移動
圧伸器
移行期
移動局
一次局
一般色
印字欄
右下隅
右上隅
右方端
宇宙局
英文字
演算器
演算数
演算表
演算部
応答側
横倍角
欧字列
下位語
下位層
仮引数
仮原文
仮手続
仮想局
仮配列
可搬型
可変部
課金制
過負荷
画面上
会話形
回線群
回線網
階層化
外部型
完全版
環境句
環境光
環状網
監視局
簡略版
観測値
関連図
丸括弧
危険域
基準縁
基準値
規準値
基底解
基本値
基本文
記憶列
記号列
記述項
起動側
逆編集
共通化
共通線
狭帯域
局管理
空状態
空白化
空白列
係数器
型定義
継続行
継続文
計数器
計測値
決定表
検出部
肩文字
鍵管理
原稿台
原資料
原文語
減算器
減衰量
源項目
現位置
現在値
現在点
現地化
現付番
現要素
限定子
呼出側
呼処理
呼制御
固有色
互換機
後方端
誤差幅
交換機
交換型
交換網
公開鍵
公開文
広域網
広帯域
構成節
構成体
構造型
構文素
行位置
行間隔
行起点
行始端
行番号
行方向
高画質
高速化
高度化
国番号
左下隅
左上隅
左辺値
左方端
差分法
座標点
再割当
再計算
再始動
再実行
再接続
再設定
再宣言
再組立
再送信
再描画
最右端
最左端
最終値
最終版
最上位
最新版
最大数
最頻値
細分化
細胞状
作業域
索引語
雑時間
参照権
参照先
参照線
散布量
算術式
算術文
算術和
始端部
子操作
指定子
指動輪
紙媒体
試験群
試験体
字方向
時分割
次元数
自立型
実引数
実記憶
実験網
実効値
実効長
実行文
実体文
実体木
手順書
受諾側
受動局
修正版
終端間
終端部
終着局
集合型
集中化
集中局
従属局
重回帰
出回線
出口点
準内字
純正品
順序木
順番列
順編成
初期点
書簡箱
商用版
消光比
消磁器
照合機
証明証
上位語
上位層
上下限
上下列
上限値
冗長化
冗長量
情報群
条件式
色空間
色指標
色写像
色分解
色補正
信号局
信号網
新機能
新規呼
真空槽
親操作
親要素
推定値
数字句
数値型
数値語
数表現
制御域
制御局
制御権
制御卓
制御点
整数型
整数値
星状網
正規形
生映像
製表機
製品化
製品版
積分器
宣言子
宣言文
穿孔部
線間隔
線状網
選択型
遷移図
前方端
全集合
全体語
疎結合
組始端
組終端
双安定
層管理
挿入点
操作卓
操作棒
総括票
走査器
送信器
送信側
増分量
即接続
束指標
属性型
属性表
多機能
多義語
対話型
対話形
袋文字
代入文
大改訂
大記憶
大容量
単位列
単純型
単方向
断片化
知識木
地球局
地上波
地図帳
置換文
遅延線
中括弧
中軌道
中継器
中断点
注記行
注記項
著作集
超高速
超小型
頂点色
直定数
通信行
通信節
通信量
通信路
通知型
低損失
低遅延
低電力
低容量
定数式
伝播側
電子式
電磁界
登録機
登録器
投影線
等化器
統一化
動画像
動作行
同位列
同期化
同時間
特定子
内容長
内容部
難語集
二次局
二重化
入回線
入力行
入力順
入力値
入力類
任意型
認証局
年日付
配線盤
配電器
配列値
倍長語
発信元
発信源
発生順
汎欧州
汎用体
否定積
否定和
比較器
比較式
秘密鍵
被加数
非圧縮
非常駐
非直結
必要語
標題誌
表計算
表示域
表示器
表示面
表要素
評価値
描画像
付番核
付番群
浮上高
符号表
部品表
部分語
部分木
部分列
副電力
副要求
復号化
複号化
復号器
復調機
複合局
複合式
複合文
複合法
複数行
物理層
分散化
分周器
分離子
分離符
文関数
文献集
文字像
文字幅
文字枠
文書化
文書館
文書型
文番号
文脈列
平均化
柄様式
米政府
辺線種
保守盤
補助語
補数器
母関数
包絡線
方向姓
防爆形
本体部
未規定
密結合
密閉型
無変換
名称集
名前群
明確化
網管理
木構造
木状網
木探索
輸出権
優先語
有効域
有効化
有効桁
用語表
要求側
要素型
要素数
略成語
量集合
隣接局
累算器
累積和
暦日付
列番号
列変数
連結式
連結網
連続紙
連絡節
論文集
論理型
論理図
被告側
訴追側
免疫源
出版地
呪術師
可能形
独占権
航時機
無性語
電装品
低血糖
配架法
管理官
頭首工
計測器
保管庫
除光液
開発元
最高限
中心核
外眼筋
眼窩底
回転灯
直観像
対処法
単語表
当選券
当籤券
排卵痛
誘導子
電気式
本切羽
連絡盤
選炭機
副申書
論文誌
側坐核
側座核
鶏胸肉
金銭尽
生物剤
対消滅
人工乳
複合体
受容器
資金面
後腹膜
大分類
白鬼茸
野球人
就学生
抗張力
瓦人形
爆薬庫
蜂蜜酒
派手婚
公労委
公労法
小手毬
証券化
深川飯
名産地
紳士風
淑女風
保健師
修正論
客観視
客観化
計算尽
異世代
同世代
陳列棟
発生源
楽屋口
内輪差
不適合
高学歴
黒魔法
白魔法
通学路
空芯菜
空心菜
柔剣棒
避難場
預言書
歴代志
宮大工
豊後梅
唐木瓜
白木瓜
緋木瓜
淀木瓜
真木瓜
大神楽
代神楽
乙女椿
肥後椿
佗助椿
花車椿
蓮見白
木付子
華鬘草
林鐘梅
富士薊
金宝樹
棕櫚竹
黄素馨
美容柳
珍至梅
唐糸草
秋海棠
蔓梅擬
満天星
白玉椿
花海棠
大手毬
青文字
小羊歯
小歯朶
天門冬
紅葉李
合歓木
風船葛
珊瑚樹
冬牡丹
柊南天
守破離
木工芸
顛末記
数種類
鉱工業
領有権
攻撃機
極最近
衡平法
皇民化
座敷犬
精算機
着色剤
着色料
分注器
大雀蜂
養蜂場
雨水桝
瞬発力
送信所
照会状
輸送車
手術着
旧憲法
装蹄師
装締師
表外字
手術跡
手術痕
這柏槇
誤表記
草蘇鉄
宗教史
最大手
法務部
小頭症
扇動家
煽動家
販管費
報償費
空港駅
英語訳
前段階
身分制
権力欲
草食獣
留置所
交霊会
降霊会
紅芋茎
宿泊客
法教育
保存先
会見場
誘導灯
休眠芽
大捕物
非球面
不存在
個人間
支配層
反主流
西洋語
医歯薬
賛成論
民法典
分離論
中継車
延命草
新材料
低学歴
常態化
回顧談
多幸感
多幸症
富裕層
経験譚
肉筆画
合流渠
基本権
生命権
自然権
翌翌月
法哲学
社会権
黒鹿毛
青鹿毛
栃栗毛
川原毛
黒栗毛
紅栗毛
白栗毛
樹木医
委嘱状
吊戸棚
釣戸棚
依頼書
渡来神
風俗店
主演作
公教育
自由民
保健省
様式化
注目株
防黴剤
超高層
資料館
商学部
不適正
力相撲
雑種犬
膨張式
事故米
色再現
直腸膣
排気音
正典化
感傷劇
調心輪
小型犬
中型犬
大型犬
水水母
近現代
構造色
丁寧体
霊体験
入浴剤
法整備
兄貴分
先導車
北極点
角部屋
風化岩
彼個人
送付状
珍事件
地元産
映画学
乳飲料
発信機
無調整
拡音器
拡音機
検討図
鋳鍛鋼
順位表
枷蚯蚓
壁下地
無洗米
動詞句
資金難
除雪機
全面高
回向文
寿退社
不要論
西欧人
威圧感
収蔵品
躁状態
同志愛
同士愛
高麗鼠
小椋鳥
小山羊
子山羊
枯露柿
強意見
鉄道駅
温水器
草刈場
草刈機
刈払機
皇霊祭
神楽歌
笏拍子
尺拍子
引込管
相似比
擬人観
小盗人
文芸家
愛飲家
実業団
原盤権
図工室
阿闍梨
矛盾律
自同律
坪単価
駐退機
椰子殻
桧葉叉
真昆布
長昆布
一風景
渦巻線
渦形式
桿状体
杆状体
格闘家
挌闘家
異国人
紙婚式
木婚式
錫婚式
銅婚式
藁婚式
高等部
上方語
江戸語
東京語
性形質
後形質
単結合
対生成
電子対
電子雲
幻肢痛
染色質
単量体
筆禅道
人工湖
人口湖
酔芙蓉
未来人
天気祭
飲酒店
六甲颪
零余子
大王松
町全体
性風俗
奇形腫
玄関口
再拘留
左官屋
強皮症
鞏皮症
天津飯
残尿感
視学官
海老尾
法人格
壁崩壊
前掲書
敏感肌
得意技
植物館
航宙士
星間雲
星間塵
好対照
神明社
神明造
落葉状
狭視野
凍結胚
発展型
複母音
中二病
厨二病
当番兵
跛行婚
導水管
浮気症
接骨院
脳活動
接触式
高負荷
日震学
素饂飩
操体法
宣命体
貴大学
労働官
移植片
日本国
盗難車
半時間
期間工
指文字
外出着
家庭劇
天師道
道路網
富士派
三鳥派
新精霊
幸若舞
大時化
大馬鹿
安全網
淡青色
青野菜
木挽台
猿田彦
庚申待
糸巻鱝
糸巻鱏
協和語
興亜語
日満語
奉教人
整備士
配位子
独参湯
緊張感
帳台構
朝鮮鐘
和林檎
赤茶色
鬱状態
欝状態
唐果物
唐菓子
膣痙攣
膣前庭
前庭窓
膜迷路
骨迷路
迷路炎
口径食
口径比
紀伝体
秘伝書
白粘土
鼻科学
白蓮教
問題化
歯磨剤
水歯磨
顆粒剤
顆粒状
閾刺激
閻魔顔
閻浮提
赤家蚊
下足室
木犀草
梱包費
最大量
異世界
仮納付
職務上
保水力
須磨琴
共同溝
共同栓
属人法
西王母
新書判
半魚人
鋭錐石
受身文
受動文
測量家
地域化
代当主
山王祭
八脚門
八足門
大和鞍
鬱金香
増解結
抽出法
牽引役
参加枠
好青年
杜鵑花
潔癖症
飢餓感
警務官
警務隊
日避虫
鋏角類
遊泳肢
梟鸚鵡
生毛体
涙小管
鼻涙管
劣後債
子啼爺
藪肉桂
脳頭蓋
診療費
応答長
符号付
塩水黽
粒状斑
耐屈曲
体系学
空港税
北極線
南極線
大猟獣
理論値
特技兵
承認証
承認印
比抵抗
試合場
拘束衣
診断医
雑性花
個包装
赦免状
原猿類
真猿類
天目台
一次回
提携先
先買権
金時豆
絹雲母
白雲母
大角鹿
物洗貝
螺線面
太陽儀
太陽鏡
公理論
対数尺
黄麻布
蛇舅母
飛蜥蜴
蜥蜴目
有鱗類
単純語
細胞診
石細胞
精細胞
柔細胞
臭細胞
嗅細胞
視細胞
刺細胞
骨細胞
間細胞
類脂質
神獣鏡
支配株
性反応
半透膜
表舞台
粉砕機
小遣帳
単弓類
双弓類
無弓類
盤竜類
獣弓類
鎌脚虫
阿蘭若
本発明
補酵素
助酵素
補因子
蛞蝓魚
琥珀酸
林檎酸
性役割
多様体
交易路
積集合
開集合
差集合
点集合
凸集合
閉集合
冪集合
羃集合
余集合
羊膜類
真獣類
後獣類
背乾鯨
北極鯨
家畜化
旅行鳩
多系統
側系統
単系統
分岐学
昔蜻蛉
寿星桃
翁戎貝
長者貝
漏斗胸
脱腸帯
待兼鰐
入江鰐
白鶺鴒
主原料
選択式
不応期
対麻痺
椎麻痺
秋田貝
合成数
遭遇説
作用素
松果腺
顎下腺
絹糸腺
麝香腺
鼠径腺
乳腺症
粘液腺
皮膚腺
烏口骨
烏喙骨
烏啄骨
顔面骨
脊椎骨
真子鰈
婆婆鰈
箱海老
有限体
側湾症
側彎症
黄肌鮪
黒芥子
白芥子
動物間
岩鷓鴣
推理力
猫火鉢
大巴旦
小巴旦
珊瑚蛇
泥炭土
黒慈姑
山椒藻
雄蛭木
雌蛭木
紅樹林
蛭木騙
使君子
四君子
同意味
八重葎
松葉蘭
松葉菊
発展場
岩蓮華
万代草
収縮胞
分泌腺
鋳鉄管
調節卵
祈願所
産官学
突撃砲
等値線
顔認証
八分儀
象限儀
四分儀
哲学史
教父学
談義所
汎理論
現金化
使用域
腎臓学
最後発
本論文
解析器
表層形
薮茗荷
藪茗荷
花茗荷
何種類
攪拌機
撹拌機
共分散
空手道
芋焼酎
藷焼酎
薯焼酎
一本眉
鎮魂歌
毒蜥蜴
真菌毒
五加木
獣脚類
堅頭竜
鳥脚類
竜脚類
鴨嘴竜
電熱線
入力文
紅葉苺
苗代苺
冷房機
冷房器
赤矢柄
青矢柄
浮矢柄
腐生菌
三稜草
銀竜草
無葉蘭
出土地
波羅夷
玻璃器
四重禁
民政党
民進党
囮捜査
紡錘車
石製品
放射状
車輪石
銀目鯛
銀眼鯛
露菌病
燐青銅
顆粒球
菫青石
膠原質
粃糠疹
睾丸炎
瀝青岩
橙花油
橙黄色
楔状骨
攀禽類
攀縁茎
漿尿膜
秋唐松
蒸発計
油菜科
古地理
胆汁酸
美容室
疎水基
親水基
糸引鰺
岩弁慶
海毛虫
梅鉢草
実経験
生販在
異言語
計算上
孟宗竹
上一段
下一段
斜方形
熱電子
延齢草
扇芭蕉
旅人木
大粟反
大毛蓼
大寿林
大野貝
方向角
踊子草
尾長鴨
洞井守
巾着草
肝臓茸
和時計
菊萵苣
金水引
万寿菊
蜘蛛猿
金鍔焼
集積化
珪化物
珪酸塩
硅酸塩
小谷渡
小糠草
瘤白鳥
捨身技
枕草紙
一対多
多対多
梨子地
深山樒
慣行犯
慣手段
活版所
統一法
再集計
千鳥草
田芥子
放屁虫
味噌玉
猩猩草
一等鯛
子守蛙
鉄砲魚
狗母魚
姫花蜂
楊子魚
仁座鯛
船食虫
蔓苔桃
真旗魚
真梶木
眼梶木
眼旗魚
目旗魚
目梶木
四角豆
統制派
皇道派
葛藤科
棘魚類
障害児
贖宥状
墨絵風
玉味噌
味噌樽
処方薬
翼甲類
肉鰭類
記号学
相手先
尾索類
記号素
最高位
月球儀
鷸駝鳥
数分間
背高鴫
背高鷸
反嘴鷸
露兜樹
着味液
電気鯰
似義須
板鰓類
被嚢類
二葉柿
双葉柿
武闘家
和解案
四足獣
触手冠
水茄子
腕足類
種漬花
種付花
錫杖草
飛燕草
介添人
田代芋
田代薯
蛙鮟鱇
著名人
捜査員
片眼鏡
先取点
半自動
半人工
半纏木
全面積
電離箱
大還暦
黒梶木
黒旗魚
常連客
飛行体
鳳凰木
豊年蝦
北極狐
敦盛草
海松菜
夜香木
椰子科
沃化銀
沃化物
沃素価
鍼療法
鍼麻酔
淋巴管
燐酸塩
連理草
黄体期
阿耆尼
京都賞
片月見
灰色藻
拮抗筋
冪級数
羃級数
肋間筋
鹹水魚
胡坐鼻
白粉焼
隕石孔
資料集
貫頭衣
修道僧
分留塔
伊予弁
老年期
法務官
紺四郎
耶蘇教
犬香需
雁木鱝
雁木鱏
麒麟座
瓦灯口
評価減
唐天竺
唐土船
唐土人
懸垂式
跨座式
連合野
臨界量
緑閃石
量水計
両唇音
黒茶色
流紋岩
流星塵
立体角
離人症
離岸流
理想像
理財学
藍銅鉱
木化石
変化量
蜜吸科
落葉剤
養子論
葉状体
茎葉体
葉状茎
遊走子
誘導路
有肺類
有色体
有彩色
事自体
聖書学
釈義学
豊年祭
侮蔑語
江戸弁
至上神
最高神
数値化
共役角
夜驚症
目的因
形相因
質料因
動力因
作用因
木目塗
木質化
網様体
網膜炎
網翅目
模式図
明順応
暗順応
無尾類
無任所
無性芽
緘黙症
無言症
無月経
無気肺
無汗症
無感動
夏安居
冬安居
万霊祭
膜翅目
没義道
謀反人
紅嘴烏
黒丸烏
房室弁
胞子葉
内胚乳
金羊皮
可能態
自然学
放電灯
放出音
柔組織
放射圧
放散虫
報時球
政策学
法制史
統辞論
語彙論
博言学
悪魔派
片麻岩
代表所
代表処
粉砂糖
裸蝋燭
面皰面
楽団員
自己愛
顎沙魚
変性剤
閉曲線
平歯車
文章法
粉白粉
分離器
分離機
物自体
石材店
修行僧
常光線
複屈折
二葉葵
双葉葵
補佐人
輔佐人
明治期
意志力
丸文字
航海法
安堵感
長期化
副検事
負触媒
正触媒
腐食剤
父系制
河川水
浮浪人
放流水
濁度計
出荷料
普遍化
付属肢
聖骸布
駅逓局
過電流
後世方
古医方
建築史
世界像
大蜈蚣
小蜈蚣
地百足
石百足
石蜈蚣
亜低木
色素胞
営巣地
田平子
自鳴琴
紙腔琴
異性化
遺産税
淫売屋
脂肪腫
車中泊
防水着
非友好
鶏小屋
隷属国
非現実
談義本
光線束
声楽曲
文庫版
医療法
計量化
計量士
洋装本
和装本
渦虫類
衛星船
鋭尖形
白変種
長風呂
藁仕事
垂直圏
鉛直圏
烹炊所
小新聞
大新聞
業界人
張見世
黄血塩
渾天儀
周転円
離心円
検査係
発売所
度田舎
怒田舎
催吐薬
等脚類
山高帽
負担金
負担額
整骨院
無傷針
楷書体
並穴針
並孔針
牙海蜷
紅梅焼
靴足袋
直翅類
飛蝗目
長翅目
原尾類
綾杉状
振興策
景観権
充実感
表題曲
虚言症
楽屋裏
三柱門
白飛白
箆蝶鮫
月下香
止瀉剤
呼吸鎖
口角泡
鋤足蛙
藜海老
足相撲
草稿本
漢熟検
前評判
統計量
現代戦
自決権
難読化
法規範
毛嚢炎
修士号
子宮腔
学習法
副専攻
抗磁力
保磁力
過疎化
四分法
跳地鼠
仮株券
仮種皮
茶封筒
国交相
臭豆腐
小電力
北栗鼠
闇社会
過呼吸
五叉路
火消役
定火消
走鳥類
平胸類
蝙蝠蛾
原獣類
荒地鼠
奇蹄類
鼻中隔
国民食
枝角類
児童館
格技場
挌技場
古人骨
釣銭口
返金口
味噌糞
黒紫色
粒子径
一呼吸
夜御飯
自小作
連珠形
連珠毛
本占地
本湿地
原初元
三益友
三損友
小翼羽
強姦魔
非処女
脱官僚
現病歴
網目版
上肢帯
下肢帯
学位記
慰霊碑
追悼碑
追悼塔
礼拝式
連結詞
奉納金
祭壇画
蝦蟇腫
火打金
鉄工廠
回帰式
回転翼
海洋底
海緑石
灰長石
旅行社
角括弧
閣外相
宿泊数
奇兵隊
地下駅
送電網
皆脚類
開区間
開頭術
階段室
外交家
外斜視
消防船
工作船
軌陸車
悉無律
熱固定
擦半鐘
計画書
太陽柱
女同士
男同士
非特異
正整数
擬射影
固有射
擬有効
双有理
高次元
陸上部
遊女屋
貸座敷
淡紫色
衛戍地
普通車
部活動
職業柄
革工場
留年生
必勝法
排熱口
廃熱口
無脂肪
長半径
背負子
原単位
搬送物
羊羹色
停留場
待合所
語彙素
白足袋
新体詩
笛奴鯛
粘土層
国衙領
社交服
社交場
発送電
中廊下
現代文
爪半月
報連相
倒置文
児童書
燕子掌
去年末
段級制
持将棋
再整理
倫理観
西洋館
熱帯国
講義室
口髭猿
再結晶
内毒素
最下部
妻問婚
夜這星
操舵輪
黄金比
教育令
需用費
當十錢
軽野砲
徳政令
大商人
溝状舌
恵方巻
吉方巻
環境税
歳徳神
和包丁
立振舞
新内節
大和琴
四方竹
綾藺笠
紅葉笠
紅葉傘
整理屋
根保証
霊能力
再判定
要督促
留意点
二進数
監視哨
音便形
鹿煎餅
火山涙
公訴権
吾妻鏡
発光器
二箇年
三箇年
四箇年
五箇年
六箇年
七箇年
八箇年
九箇年
十箇年
即身仏
枸杞子
輜重兵
輸送科
認証書
更新暦
烏滸言
搾乳器
搾乳機
士大夫
趣味家
古窯址
古窯趾
修道服
墳丘墓
非公認
分蜜糖
上白糖
下流域
新市場
低浸襲
青金石
野沢菜
旧情報
熱損失
光環境
蛍光管
光損失
成長面
負投手
高得点
赤行嚢
赤行囊
竹麦魚
青羽挵
視野角
衝突器
指導標
仮想化
名詞止
体言止
土日月
日月火
森林地
建設地
半単純
緊張病
完成版
研究部
印度洋
群棲地
編入学
安全帯
不胎化
巡見使
未登録
外省人
本省人
山岳地
因州弁
狩猟隊
出雲弁
時祷書
発信地
系統学
基本形
基本型
接頭詞
撮像機
生政治
非自己
方言学
示談金
麝香牛
大水鼠
小人症
水鴎流
水鷗流
背筋鼠
子海豹
翻訳学
蔓竜胆
発音学
発声学
大貧民
抑鬱症
顔認識
顔画像
力本説
虎斑鮫
非自立
七分丈
性交渉
防止剤
箏曲家
騎士団
甘味所
甘味処
完結相
完了相
州長官
接続法
条件法
赤玉葱
農耕地
除塵機
牛製品
形成体
撮影会
再発表
斬奸状
目白鮫
泡風呂
墨付鮫
黒尖鮫
干物女
厚底靴
四本足
地図学
現地語
止水栓
光触媒
緩衝材
差分商
条鰭綱
可換環
季節柄
水風船
砂漠化
又来週
大相場
通話口
墨浮鮴
縞浮鮴
土取場
脱出口
文言葉
良質紙
時計塔
粘度計
脳波計
幼芽鞘
天気輪
鋼青色
大学士
逆転写
通行券
豆電灯
豆電燈
構築子
前期比
報道人
報道局
報道部
石炭袋
硝子球
硝子玉
内膳司
蚊遣器
腰掛台
庭石菖
銭勘定
風帆船
向河岸
今戸焼
鍋島焼
路地口
勘亭流
美人画
不動尊
稽古本
再交渉
長煙管
尻端折
絽縮緬
護身刀
路地裏
板屋根
製造場
運弓法
座敷着
大島紬
観音堂
木版摺
洒落本
液冷式
投擲槍
採掘師
木工師
地底湖
板金鎧
射撃孔
戦化粧
略本暦
方位神
八将神
天一神
分生子
分離片
牢屋敷
遊山船
好循環
色硝子
絵蝋燭
牛飼座
天文方
接眼鏡
涙滴型
人工物
被爆国
不正解
思索家
金梅草
海藻類
天然型
料理鋏
推奨量
偏東風
極東風
鱗翅目
夔鳳鏡
夔鳳文
三蓬莱
胡銅器
佐波理
核攻撃
安納芋
深宇宙
茄子属
鵯上戸
開成所
赤芽芋
微地形
矢場女
温泉場
出養生
高帽子
轆轤首
角茄子
狐茄子
角座標
楊弓場
琉球芋
歌沢節
哥沢節
亡者船
引揚船
博打打
博奕打
肺静脈
核化学
秋茄子
石榴鼻
新憲法
大地主
軌道面
公転面
肥担桶
投弾帯
救命筏
救命桴
姫雀蜂
紋雀蜂
奴隷制
軒丸瓦
軒平瓦
油障子
雨障子
厨子棚
造像記
唐縮緬
毛斯綸
土瀝青
単峰型
乾麺麭
雑巾摺
造仏所
線積分
触覚器
女言葉
男言葉
官有地
山形紋
珍渦虫
板唐戸
桟唐戸
肺血流
藍紫色
紺青鬼
棘突起
膜電位
卵白質
雁金草
海軟風
腓腸筋
下降調
上昇調
文学書
演芸場
演芸館
手提籠
縦格子
竪格子
鞠躬如
仏桑花
仏桑華
限量子
生活誌
宗教熱
面格子
推進剤
名残雪
夏座敷
初松魚
小望月
手弱女
党本部
交渉団
強盗団
七曜星
佐保姫
銘銘盆
芋煮会
畑仕事
送迎車
失認症
初当選
佐保神
季言葉
振舞水
般若湯
低軌道
調整役
光量計
牽牛子
開発費
核疑惑
中高齢
実動車
実働車
望火楼
最安値
低重力
最高値
交際術
生姜湯
生薑湯
天鼠子
天鼠矢
衆院選
数字譜
板塔婆
雪山偈
五時教
分光計
渋団扇
茹海老
懐都合
寝茣蓙
妾奉公
都護府
給水船
按察使
港則法
辻駕籠
絵日傘
白子漁
常滑焼
当座帳
造形物
弁財船
弁才船
紛失物
八丈絹
八丈縞
貯水場
海鼠子
勤勉家
島寒菊
演説会
日本鼬
最後屁
餅菓子
模倣犯
放物面
抛物面
面開発
船引網
船曳網
琉球藍
竪畝織
小倉織
春慶塗
天明調
亀屋縞
栃麺棒
担鰭骨
女部屋
男部屋
雲霧林
賛助員
健胃薬
金唐革
金唐皮
女神子
梓巫女
副意識
現実界
空也餅
出出虫
女御子
和算家
和三盆
唐三盆
男御子
男皇子
補充法
阿閦仏
十三仏
散瞳薬
仏足石
婉曲法
覗眼鏡
可住地
得意場
有吻類
大草原
水仕女
新面目
新世代
転輪王
輪宝貝
質問状
覗機関
箱眼鏡
貝割菜
大内裏
十二門
富本銭
五摂家
分国法
貴霜朝
談林派
檀林派
談林風
檀林風
命数法
植生帯
山地帯
雲級図
友千鳥
千草色
小夜嵐
乙女子
少女子
緩急車
鴛鴦茶
平山城
台割表
八十神
川千鳥
群千鳥
子規忌
役者絵
保冷剤
一分判
強弱法
弾道学
飛翔体
満腹感
霊台郎
翼状針
離婚劇
中東欧
生砂糖
家族会
中間線
総務会
採卵鶏
月平均
年平均
世代間
情報館
生型法
木賊葺
養蜂箱
鋸屋根
越屋根
腰屋根
切妻造
細腰鼓
事故機
抵抗感
通常型
東日本
中日本
財政面
先行馬
遊説先
有力筋
警備人
膵臓癌
鍼灸師
借用語
狐日和
水葬礼
蹴子覆
抽筒子
蹴子痕
対空砲
宣明暦
神宮暦
燃燈仏
無人機
喪失感
小豆飯
媒介語
泡洗車
同位面
回転数
尊敬心
支石墓
再葬墓
三昧耶
三摩耶
不定形
学園長
県警察
心臓弁
蛍光色
結晶水
結晶面
結晶質
結晶軸
準結晶
単結晶
染色法
初冠雪
十寸鏡
真澄鏡
賓頭盧
辻講釈
蝦夷葱
女髪結
淫売婦
淫賣婦
一中節
洋服店
片肌脱
阿菊虫
高足駄
小座敷
鴨南蛮
整備室
国防相
小政党
襟白粉
私窩子
楊梅瘡
鼠繻子
母屋桁
支那語
酢昆布
透渡殿
阿武船
打麦場
門付歌
鳥追棒
鳥追歌
房中術
持佛堂
武徳殿
馬場殿
端女郎
局女郎
細工所
鉄甲船
武家造
雅楽寮
南大門
露地門
内露地
内路地
外露地
外路地
中門廊
主殿造
平安宮
南蛮煮
闇穴道
暗穴道
地獄絵
一本指
丸太船
丸太舟
新選組
新撰組
雲雀骨
丸子船
両院制
語中音
育種学
影響下
運搬船
渦巻状
六神丸
棕櫚箒
風船玉
重病人
熨斗糸
小料理
仏馬力
寝場所
料飲店
団子屋
立版古
野博打
馬糞紙
講談本
和漢薬
非暴力
持小屋
遡求権
専売制
大目付
物質界
精神界
求人欄
書道家
宿営地
鋼鉄製
配電網
郷友会
陳列箱
硝子壺
硝子屋
魔術団
新所帯
新世帯
飯茶碗
細石器
日輪草
地財法
手本紙
石榴口
初風呂
留風呂
毛切石
茶筅髪
辻相撲
入込湯
据風呂
釜風呂
竈風呂
辻風呂
風呂女
紅葉袋
兵庫髷
加賀紋
女郎買
石油蝋
島田髷
燈籠鬢
奥上臈
部屋方
部屋子
横兵庫
屏風絵
手織機
舞囃子
自然木
月雪花
不定称
立女形
無愛嬌
無愛敬
地火炉
地下炉
自棄腹
観世流
能太夫
水白粉
傀儡女
飯盛女
内教坊
芸娼妓
飯売女
旅籠屋
高評価
家父入
絶好機
仁寿殿
里内裏
弘徽殿
承香殿
麗景殿
登華殿
登花殿
宣耀殿
常寧殿
清涼殿
高御座
酒機嫌
茶屋女
遊山所
結構人
共同湯
町駕籠
町駕篭
女弁士
女辯士
瀬取船
上荷船
発条指
分裂症
天体暦
長岡京
応天門
朝堂院
平城宮
南部暦
発馬機
木工品
天神髷
十七殿
後涼殿
校書殿
安福殿
宜陽殿
儀陽殿
春興殿
皇后宮
専修科
江戸城
作物所
進物所
襲芳舎
凝華舎
凝花舎
飛香舎
淑景舎
昭陽舎
目撃談
過疎地
手続法
実体法
英議会
政権下
政倫審
補訂版
手酌酒
直噴射
雨傘蛇
鉄扇術
転換点
管理権
実年齢
弥生尽
親子月
春待月
霜降月
雪待月
神在月
神有月
神去月
時雨月
初霜月
寝覚月
紅葉月
太郎月
早緑月
年端月
梅見月
雪消月
秋風月
濃染月
木染月
燕去月
紅染月
七夜月
愛逢月
風待月
涼暮月
常夏月
松風月
早苗月
夏端月
花残月
花見月
夢見月
言語化
船首像
石版刷
足関節
色図鑑
細工物
水喧嘩
浮人形
水狂言
夏芝居
水機関
水絡繰
薬味皿
鹿火屋
蚊火屋
海兵団
行脚僧
三具足
消災呪
唯識派
唯識宗
不変化
醤油皿
霹靂神
赤富士
接着面
装束能
新聞屋
六知事
分屯地
日米豪
日米濠
寺務所
雪装束
落成祝
日本踊
汁粉屋
風呂水
無境化
無国境
無境界
脱境界
脱国境
航海図
航海長
紫猿子
猿子鳥
大猿子
萩猿子
鎖歯車
再発見
文脈化
模造刀
儀礼刀
模擬刀
居合刀
抜刀術
大噴火
地上茎
絵羽織
同田貫
胴田貫
鼓膜炎
人外境
起源説
語源説
支配頭
無点本
提重箱
中小姓
散乱体
伽羅蕗
致死傷
組屋敷
子宮口
子宮脱
軟骨膜
真骨類
種子骨
咽頭歯
完全花
完全葉
普通葉
十腕類
八腕類
女地主
哀傷歌
田計里
春竜胆
金剛経
金剛心
雌日芝
女日芝
雄日芝
鑑賞眼
文芸誌
岩沢瀉
岩面高
石炭灰
孔夫子
指示語
風来人
七賢人
白蝶貝
黒蝶貝
海松食
俗神道
橘神道
神祇伯
羽箒貝
三角貝
海茸貝
震源域
弾性波
砕屑丘
火砕丘
地震動
風台風
大震法
小地震
中地震
鳥飼病
笊貝科
満潮線
干潮線
潮上帯
潮間帯
潮下帯
玉貝科
蝦夷貝
腹足綱
越虫貝
大蛇貝
水字貝
馬蹄螺
水晶貝
朝顔貝
錦渦貝
泡舟貝
裏渦貝
蟻鳥科
卵割腔
未分化
動物極
植物極
中黄卵
中心体
部分割
不等割
官房学
変成帯
構造線
断層帯
活褶曲
貫入岩
断層線
断層面
断層湖
断層崖
瑠璃貝
紅葉貝
石畳貝
丸簾貝
羽衣烏
鼻閉塞
揚巻貝
雪眼鏡
雪頬白
雪野原
三盆白
暴風雪
雪量計
雪氷学
大雪加
薄雪鳩
雪対策
融雪機
未払金
鼠亜目
溶岩洞
尾白鹿
終着点
前臼歯
後臼歯
人工歯
歯髄腔
歯周炎
歯肉溝
歯槽骨
歯根膜
直腸脱
結腸癌
大腸癌
進行癌
早期癌
粘膜癌
強心臓
心臓死
心臓形
体循環
肺循環
大循環
小循環
三尖弁
二尖弁
洞結節
内性器
副睾丸
大陰唇
小陰唇
基盤岩
羊背岩
総報酬
君沢形
煙水晶
黒水晶
黍砂糖
本多髷
三温糖
平準化
宿泊費
枝垂杉
録音盤
一生物
鋤鼻器
鳥刺竿
脳科学
網目状
民有地
取調室
馬鹿鳥
警視長
警視監
警視正
中心線
魔法杖
都会派
大殿筋
莫臥児
莫臥爾
処刑場
近縁種
馬尾藻
神馬藻
貨幣学
州浜草
嘱託医
警音器
銀食器
女祭司
延滞料
都人士
消防夫
女教師
女司祭
女教皇
平面角
肉蒲団
肉布団
辻便所
実世界
投機家
大盛況
浮遊霊
岩苦菜
親王家
問注所
中納言
楊弓店
鉱山学
江戸子
江戸児
牛肉屋
肌布団
指定単
菓子箱
生息子
牛鍋屋
八股文
管理費
大手術
小手術
出合宿
洗髪剤
蕎麦掻
梅花祭
乞巧奠
長信銀
大宗教
咽頭弓
胚芽米
山下駄
柳下駄
馬下駄
一本歯
汚言症
醜語症
鼬穴熊
組体操
反語法
鋸鍬形
副大臣
実念論
模写説
反映論
女子会
同年齢
療養地
年始着
冬景色
桟留縞
自動式
感潮域
冷却材
実験所
保安院
耳掃除
耳掻草
白水郎
放射霧
放射計
放射熱
熱放射
撞木鮫
雨久花
馬鹿鮫
大水青
原発巣
転移巣
重水炉
高速炉
超臨界
脱原発
私保険
公保険
保険薬
自国民
防護服
守護人
松阪牛
米沢牛
土佐弁
近江牛
無角牛
蛛形類
無角類
制御室
鮒寿司
早寿司
観音経
普門品
供奉僧
五七調
大会旗
筋断裂
穴掘梟
穴堀梟
汚染水
浜雲雀
菜種菜
賞与金
現預金
川崎病
仲立業
彫金家
二量体
三量体
四量体
強精剤
強精薬
規那皮
取水口
変動幅
茎若布
肝移植
期近物
都市圏
中間期
大店法
評価損
評価益
翌日物
部民制
硬化剤
野狐禅
成幼虫
戸籍簿
人別帳
紅海月
三椏紙
蓬莱飾
切山椒
大服茶
大福茶
神楽堂
黄金餅
黄金餠
山椒餅
初富士
初景色
初東風
雛菓子
胴付鋸
鮑熨斗
告解師
蝉海老
腐肉食
初若菜
生姜酒
納豆汁
冬至粥
治部煮
三平汁
薩摩汁
冬林檎
畔唐菜
畔冬菜
根深汁
塩汁鍋
十夜粥
百物語
柚餅子
時雨忌
色打掛
冬北斗
芳名帳
創作欲
南大頭
微塵粉
糝粉餅
頼母子
大漁旗
配給制
神経腫
泥人形
鮮魚店
恐怖感
落下音
鼻音化
鼻甲介
鼻咽頭
鼠径管
鼠蹊管
黒皮症
黒熱病
黒泥土
黒化液
黄鉛鉱
黄色腫
白皮症
麻酔学
麻酔医
鶏冠石
魚鱗癬
高血糖
高浮彫
高品位
髄膜腫
骨髄球
骨端炎
骨端症
骨盤帯
骨盤位
骨年齢
逮捕権
魔法円
行動力
呪術医
民間薬
淫羊藿
日本蝮
三振法
春日和
貝寄風
精霊会
聖霊会
精霊舟
精霊船
涅槃会
仮入部
体制側
都市型
春疾風
春早手
潮干潟
技科大
技術科
民自党
新局面
健康病
最遠点
制水弁
皇太孫
電力量
発受電
全地球
機能面
斬首刑
中山道
中仙道
木曽路
企画力
駆風剤
駆虫薬
不安感
養生法
養殖業
食道鏡
食道炎
供給網
景況感
飛将棋
顧問官
類縁体
類似体
蜘蛛類
顕生代
顔面筋
郵務局
顎動脈
顆粒層
神経叢
頭血腫
頭索類
音響器
音響機
音素論
巡回群
麻子仁
源氏星
平家星
立飲屋
立呑屋
箱寿司
島嶼国
砲術家
鞭毛虫
非凡人
急拡大
静電場
静菌剤
静脈洞
静脈圧
青緑色
青化法
好決算
賛成票
株式化
企業間
湾曲部
解剖図
留学先
清政府
革命派
電波源
電気盆
除細動
電子戦
電位計
零空間
六尺褌
代替機
最深部
集音機
集積点
大強風
疾強風
至軽風
陰電荷
陰謀団
閾値下
関連痛
関節窩
関節痛
間擦疹
開花期
開創器
閃光灯
長角果
長日月
長老派
経産相
構造壁
鑑定官
鎮静化
沈静化
鎮痙薬
鎮痙剤
鏡像体
鍛冶場
錐体路
真割引
鉱石車
鉱床学
金輪王
鉄芽球
鉤虫症
金雲母
金緑石
金紅石
金庫株
病院長
重晶石
重感染
重力計
重力波
薬品臭
酸性塩
精製塩
自然塩
水中毒
酸素化
酸性化
砒酸鉛
硼酸塩
大資本
大勝負
酸化銅
酸化剤
酢酸鉛
現存在
偽情報
配糖体
配合土
部分群
還元剤
青血引
青武鯛
赤舌鮃
脂底鯥
油底鯥
網目鰻
脂坊主
油坊主
糸撚鯛
糸引鯊
糸引鰯
伊寿墨
伊須墨
石笛鯛
石泥鰌
石垣鯛
海天狗
薄葉剥
鬼金目
鬼虎魚
方頭魚
金時鯛
銀亀鯵
極楽鯊
草河豚
禁帯出
皐月鱒
拶双魚
白舵木
縞泥鰌
縞河豚
薔薇鱮
薔薇鰱
田諸子
達磨鮫
那辺加
煮頃鮒
姫沙魚
葉虎魚
薔薇鯥
雛諸子
姫虎魚
琵琶鰉
振袖魚
望遠魚
蓬莱鱛
風船鰻
数秘術
大恩人
斑樽見
緑河豚
蚯蚓鯊
灸羽田
檸檬鮫
浪人鯵
黄鯝魚
扁桃体
夜光貝
桧扇貝
遷車台
達成感
過誤腫
過眠症
過形成
社大党
言論界
研究書
巻藁矢
論説欄
中学年
運送品
運動野
感覚野
運動覚
造精器
蔵精器
造卵器
蔵卵器
筆写体
宋朝体
古代米
蕎麦飯
深川丼
原料費
猛訓練
雪風巻
書類鞄
俳句会
一向宗
点灯管
口分田
通行証
通行料
非連続
接置詞
無添加
通行権
高土間
上層部
連絡員
満州人
文具店
派遣団
米軍機
略奪品
閉架式
捜索願
絶対悪
陥入爪
州知事
犯罪人
逃亡犯
再結成
暴露本
商品化
中央駅
一定値
田舎人
古美術
非盲検
壮行式
対立王
軽質油
美容法
重質油
検定済
超過分
裏社会
同一化
水死体
少年課
転落死
庭掃除
警察医
推進部
超越神
狙撃銃
政財界
超大物
食事会
有力紙
探偵業
収集癖
蒐集癖
講師料
死亡地
総菜屋
薄桃色
惣菜店
天竺鯛
成道会
相続分
家族観
精鋭軍
調査法
投石紐
骨角器
教養人
護民官
名選手
発掘隊
調査隊
仏教国
投槍器
透明質
透明帯
臙脂色
生臙脂
避難路
副将軍
猛反対
大手柄
南海岸
常灯明
常燈明
聖水盤
古武術
売春街
挑戦権
近接学
近代人
輝銀鉱
需品科
手羽元
大親友
大病院
転写紙
軟骨腫
軟膏剤
軟腐病
軟石鹸
硬石鹸
軟化症
軍事化
大先輩
車輪止
車軸藻
焼芋屋
蹄葉炎
高流量
絶飲食
距離標
番太郎
印判屋
朗読会
文明人
筆跡学
超越数
超分子
起動力
走時表
演習室
陣痛室
通気管
赤銅鉱
赤粘土
赤星病
質問表
完晶質
準学士
胸髄症
大百科
新発意
総合館
化粧缶
三宝柑
破城槌
夏本番
食後酒
送水口
放水口
海鼠売
貯蔵物
貫生葉
販売術
貨幣石
貧歯類
財政家
硫酸塩
取出口
遠島船
土手焼
土手煮
一本漬
透明感
写真展
避難口
単語帳
鼈甲飴
貪瞋痴
貪瞋癡
伝説上
観音扉
大手行
投入口
返却口
味噌煮
白慈姑
大満足
家庭塵
半地下
五門禅
五門禪
蠕虫病
膵臓痛
熱成形
脳筋症
伯父御
叔父御
般若経
警察隊
水金梅
仕手柱
目付柱
大臣柱
地謡座
切戸口
後見座
狂言座
脇正面
中正面
出発便
融資額
卸売業
小拍子
結節点
解散風
電灯線
短冊形
違反車
瞑想法
名物男
公選法
順位戦
猛反発
友人宅
滅菌剤
屈辱感
人情家
支払額
二国論
磯辺揚
原画展
国立大
失望感
農村部
修正法
排煙口
油粘土
優良賞
大量死
椅子席
仮決定
訓読文
俗文体
普通文
機材庫
未舗装
漢文典
和文体
漢文法
入庫車
洋包丁
皿螺子
包丁人
包丁師
鮪包丁
開缶器
干渉法
鑑評会
優秀賞
知藩事
株取引
突起物
売却損
不況型
上昇期
下降期
追加額
未就学
朝学習
説明会
接続先
諸注意
番外地
純漢文
半幅帯
大乱戦
精神面
生活面
快進撃
同期元
同期先
発炎筒
非一致
非可分
好位置
私募債
特別賞
銃犯罪
全段階
再逆転
最高齢
最終戦
太物店
太玉串
税収増
楷行草
美男葛
暫定値
党税調
配送便
鉄無地
検針済
咬合面
実行委
指数化
前月比
電源車
調速機
制度化
軍高官
地蔵盆
旧帝大
空調機
学年暦
社員証
一門会
気血水
八端織
八反織
試験片
試験室
試験台
女兄弟
女姉妹
男兄弟
闇将軍
出場所
捜査線
証拠物
記号化
溶原菌
轆轤師
出張版
筋蒲鉾
異業種
小所帯
和唐紙
角閃岩
角礫岩
暗記力
発想力
出題例
結婚観
文章力
風津波
目安箱
給湯室
無酸素
有酸素
謝礼金
金麩羅
金麸羅
観光業
融資枠
幻歯痛
奇御魂
往来物
給茶機
給茶器
生物体
沈殿槽
温暖化
演芸人
赤字額
嗜糞症
原型炉
実山椒
多文化
一行物
合掌組
小屋組
算盤尽
漕艇場
神経毒
有毒物
製造国
出資法
人気校
民有化
両院協
制服組
視話法
視覚野
視空間
視準儀
乗船場
前小口
先安観
最終便
左胸心
人生論
教育論
大問題
溶接部
縦方向
意義素
区間賞
旋頭歌
三連休
独奏曲
高価格
大作家
包囲網
販売費
丁重語
調査局
自分史
白犬薺
皺加工
急発展
講習料
保安上
弱気筋
強気筋
魔法薬
走攻守
成績書
光電離
狂言方
本狂言
狂言師
踊念仏
念仏踊
科白劇
虫籠窓
小屋根
大屋根
正気散
鍾馗散
裕福層
宮内官
腸管膜
中幅帯
鍾馗蘭
自己像
武道館
監督生
古文字
磨崖仏
摩崖仏
仲継人
春時雨
捨頭巾
黒南風
南東風
黄雀風
祓魔師
窓敷居
同期会
漂流記
大観衆
黒人参
三葉芹
野芥子
野罌粟
入内雀
車軸草
拠出金
相手国
一方向
議長国
飼育員
印欧語
利用客
接続便
公立校
私立校
玉串料
党幹部
盆踊歌
盆踊唄
国公立
女性史
南蛮漬
無伴奏
英仏独
技術陣
選択制
金属量
重元素
流動化
負担増
国家語
実用語
狼人間
被服費
女伊達
分権化
経済圏
大歓声
三単現
花薄荷
姫薄荷
薄荷脳
薄荷油
初制覇
宗教上
民族上
土器片
人種上
更新料
音楽院
家族愛
網平茸
上質葉
職業人
人間力
新方言
男性語
不良株
若者語
半獣神
集会室
泥濘道
残酷焼
閻魔王
十二天
閻魔天
焔摩天
人頭幢
尾長梟
金目梟
眼鏡梟
洞窟熊
黒梅擬
熊手婆
菓子司
関節面
鶴亀算
手札判
談話会
測高器
測光器
漫画化
公開株
丸椅子
辻馬車
未開国
野蛮国
寛骨臼
人造石
自然石
大空襲
危急種
希少種
割安感
略礼服
職人技
料理酒
意気組
不審物
鱶潤目
拡大管
太夫元
竜宮城
龍宮城
無駄毛
脳手術
追物射
砕氷艦
柚香菊
柚香焼
空挺兵
襟細胞
褐色斑
複製権
複分解
補間法
補外法
字幕版
北極狼
森林狼
内陸湖
無口湖
不満気
着地点
全摘出
大騒動
室内灯
和僑会
装飾物
装飾家
被験薬
衰退期
月見酒
山岳会
内容美
内容積
海面下
浮遊法
全米一
大惨事
春爛漫
衛兵所
血管腫
血管炎
血玉髄
血液病
吻殻綱
前鰓類
掘足綱
池蝶貝
小玉貝
後鰓類
八千種
香道具
潮吹貝
支那蛤
土負蜆
翼形類
大和蜆
緑貽貝
松毬貝
共学校
非常灯
雲雀貝
連音符
壬生菜
単板綱
溝腹綱
白海老
上手物
虹彩炎
水媒花
永楽銭
夢日記
薬物学
薬剤学
薪小屋
薄葉紙
薄茶色
蓄財家
蒸気霧
変若水
菱面体
菱鉄鉱
狩猟豹
爪羽鶏
数字根
岩石層
高塩分
少年兵
自由帳
改編期
共通項
菌糸体
荷物車
立位置
無濾過
花被片
杉花粉
全作品
外環道
色度図
船首楼
船尾材
舌圧子
舌下錠
興奮薬
臭素酸
臭化銀
臭化物
蟹目釘
軽車両
自動症
銀杏蟹
前処理
上行路
下行路
膵臓炎
膵壊死
膨大部
膜性骨
音数律
桃花染
長春花
脊髄猫
棒砂糖
太白星
太白飴
砂糖計
山伏茸
橅湿地
橅占地
紫湿地
紫占地
黄占地
畑占地
畑湿地
花平茸
白木耳
麦御飯
団子汁
味噌餡
太鼓焼
岩高蘭
北極鱈
圏界面
腿口類
腹横筋
腸間膜
腸疾患
腰神経
神足通
宿命通
六神通
機械室
出退勤
営業員
重役室
予告灯
新方式
夏学期
気管炎
灌流圧
潅流圧
腎静脈
脾脱疽
脾動脈
脳浮腫
脱落膜
和封筒
幾種類
脱分極
脱分化
語彙表
速報値
脊髄癆
脊椎炎
脊柱管
脈絡叢
脈管炎
脈管学
胸骨柄
胸膜腔
胡桃油
胞胚腔
融氷液
融氷期
丸耳象
背景幕
胆管炎
輸胆管
肺切除
肺性心
肺胞炎
肺鬱血
白梨樹
潮見表
平地林
西洋流
全快祝
尿失禁
炬燵虫
碁盤目
菜種粕
自家醸
紅大豆
全粉乳
肩関節
金時芋
超一流
日向夏
尚一層
猶一層
要相談
来月号
来月末
独鈷石
礼讃舞
蕾状期
藍摺絵
有機米
食中酒
光沢剤
玄米粉
百一物
野生児
酢酸菌
防虫網
金胡麻
桑葉末
黒麹菌
咀嚼力
保安課
保安庁
保育士
保育室
鳳凰貝
蓬莱竹
鳳凰竹
鳳凰丸
鳳凰文
報恩講
荷物室
抱一派
八丈桑
人肌燗
晴天域
内覧会
全宇宙
白麹菌
無縁塚
無縁墓
金太郎
川越芋
氷小豆
十八界
蝋義歯
事業体
肝静脈
肝門脈
肝臓炎
肝動脈
肘関節
大吟醸
本醸造
有資格
来訪神
羅漢果
酪酸菌
絡糸嬢
駱駝炭
土竈炭
土窯炭
楽茶碗
楽天観
楽天論
酪農業
六欲天
悪玉菌
代謝物
黄癬菌
黒穂菌
原因菌
枯草菌
硝化菌
硝酸菌
食用菌
鉄細菌
白癬菌
発光菌
発酵菌
麦角菌
鼻疽菌
腐敗菌
放射菌
餅病菌
有毒菌
日本字
合折釘
藍革縅
青花紙
糸繰車
愛敬毛
愛敬紅
愛玉子
愛好会
挨拶語
早稲女
種分化
種形成
異形成
外交配
再逮捕
純資産
巨核球
多形核
九角形
恒星船
二個一
十角形
六芒星
六角星
輪状種
寝台船
胚発生
性選択
群選択
化石種
地球化
高精細
連体格
円環面
最尤法
化楽天
夜摩天
忉利天
四王天
貯湯槽
利尿薬
藍染屋
相借家
愛聴盤
阿逸多
入門機
敵味方
曖昧宿
曖昧屋
学級会
半自治
超豪華
秋入学
肋軟骨
結合角
和定食
会話力
貸倒金
黒歴史
前受金
準強姦
土壌水
土中水
雌刈萱
雄刈萱
合子草
雁鴨科
海水面
沿岸流
孵化場
美容液
予算化
塩場菜
小甘藻
数珠藻
左義長
三毬杖
健全化
振袖柳
化粧柳
大葉柳
念珠藻
蔓金梅
海松色
海松茶
水松茶
阿片法
仙台萩
千代萩
先代萩
煩悩魔
無色界
洗顔料
日野菜
和食処
発汗計
大気光
緑閃光
山頂光
大気差
反射虹
過剰虹
幻日環
対日照
甲虫類
夜光雲
航空法
蜜柑科
出囃子
自噴井
右傾化
国内製
捜査課
動物種
半乾燥
和食膳
道楽娘
芒硝泉
女関係
難関大
蟹食犬
大耳狐
灰色狐
黒足猫
植物種
硬葉樹
哺乳綱
獣形類
全獣類
獣亜綱
爬虫綱
竜弓類
単弓綱
盤竜目
獣弓目
異歯類
獣歯類
梁歯目
冠狐猿
黒狐猿
貧困層
移民団
出発地
猛抗議
腹直筋
一斤染
江戸紫
貝紫色
紫苑色
拳闘家
拳闘術
老人斑
尖頭器
硫化鉄
松脂岩
珪長岩
苦鉄質
珪長質
風適法
両生綱
昆虫綱
造山帯
厨子甕
遊漁船
発信力
金属屑
焼却灰
外側溝
大脳鎌
脳硬膜
島皮質
弁蓋部
三角部
毒性学
研磨面
比内鶏
比内鳥
大道走
小道走
命名権
小海雀
寝待月
臥待月
三題噺
三題咄
法令線
豊麗線
豊齢線
鼻唇溝
収納箱
婆娑羅
周縁部
五念門
日射量
白鰹鳥
劇画調
急浮上
球状帯
未解明
化石水
超変異
変異原
小人猪
藁帽子
瑠璃瓦
保護帽
赤色灯
烏骨鶏
土一揆
国一揆
補助券
事件屋
襤褸滓
矢状面
舎利殿
発射場
熱膨張
物性値
発明王
足白癬
右翼手
恐角目
肉歯目
顆節目
注射痕
猛虎弁
訪問地
訪問先
鼻周囲
商用車
米味噌
麦味噌
豆味噌
味噌豆
甘味噌
魚味噌
焼味噌
鬼味噌
鰹味噌
榧味噌
辛味噌
粉味噌
練味噌
桜味噌
上目線
醤油粕
意生身
従量制
黒海亀
防音壁
遮音壁
嫌煙家
妊孕能
卵巣癌
未熟卵
集電体
禿尖鼠
姫尖鼠
小地鼠
測量学
鳥衝突
蝦夷茜
精巣炎
双曲面
直音化
生春巻
刷毛箒
尿沈渣
桜吹雪
水琴窟
花泥棒
鉄工場
動物群
刺胞嚢
狭端体
氷雪藻
有鱗目
重歯目
北鳴兎
胸一杯
再履修
油目鑢
腐男子
個人語
双子語
老人語
蒙古族
樺細工
犀皮塗
略奪婚
掠奪婚
週末婚
相姦婚
族外婚
族内婚
筋萎縮
低年齢
高年齢
火口箱
屁糞葛
貨物箱
厚紙筒
鼻紙袋
窮屈袋
克灰袋
小便袋
太刀袋
救助袋
革足袋
日不見
金土竜
袋土竜
無削除
逆写像
生活科
近世語
吸着音
言語音
肛門弁
側面音
阻害音
超流動
超固体
緩叙法
送迎会
舌背音
舌頂音
唇歯音
反舌音
歯擦音
砂塵嵐
無駄言
皮膚弁
円蓋状
細胞死
阿呆口
阿呆面
低線量
陸援隊
一般道
乗車証
紅褐色
再稼働
再稼動
懲戒免
厳罰化
花虫綱
顧客層
分布域
暴走車
汎用品
煎茶道
切紙絵
衛生局
現代風
其色月
冷感症
抱合体
桂皮酸
加減酢
穀物酢
胡麻酢
生薑酢
擂胡麻
磨胡麻
超解像
超回転
超回復
超海洋
超核子
超低温
超空洞
超原子
超重核
大恋愛
超悪玉
幽回忌
黄金期
塩昆布
交通局
脅迫文
建設局
現業職
離党届
高野紙
異状死
外因死
間期死
孤独死
次次発
雨落石
野面石
推薦枠
初登場
現業庁
印刷局
勅使門
無信仰
無信心
愛玩犬
五文字
鏡文字
唐文字
閑文字
銀文字
縄文字
品文字
品字藻
独歩高
独歩安
異彩高
発起書
膿疱疹
出展社
阻害剤
沖言葉
学生語
滑昇風
滑降風
製品群
万馬券
統計値
尤度比
分割表
共変量
検出力
作動油
語形成
最新作
方言量
金玉袋
和製語
社内便
鱗茎菜
飛魚座
小狐座
般若面
女自慢
男自慢
硬派厨
深夜業
問題作
漫画字
最近親
宝石学
藁細工
環境学
半規管
波江蛙
石川蛙
鼻先蛙
無尾目
全翼機
分椎目
有尾目
最徐行
呼出音
最優良
酒造米
女風呂
峡谷風
傾度風
山谷風
自臭症
丁髷物
曲物屋
裸鰓類
青海牛
大蝶鮫
国王印
証言台
初公開
原発相
世界博
万国博
府民税
都民税
匍匐茎
高速船
水中翼
存在量
鰻茶漬
火傷病
全共闘
漬物屋
寄生蜂
内内定
全否定
子供顔
子供衆
大舟鴨
角叫鳥
取材源
袖香炉
五具足
角質化
白痴美
内国人
田舎間
江戸間
中京間
気孔体
未回答
新古品
本味醂
金地金
金為替
股動脈
大腿筋
家電店
外国籍
道議選
知事選
機能美
大絶賛
家内制
家雨蛙
矢毒蛙
斜交群
斜交軸
藍鉄鉱
岩緑青
顕色剤
買相場
売相場
海鮮鍋
握手会
愛国歌
郷土食
有力視
攻撃法
屋根瓦
新装版
戦闘艦
孤立死
紅茶茸
混合体
倒立式
乳犬歯
黄皮木
青色光
眼鏡店
再注目
足趾節
新型鬱
新型欝
葭障子
自信作
原風景
胆管癌
事業場
倒立像
中下駄
電車道
還元鉄
技術書
刑罰化
刑事罰
石鳥居
光沢紙
中国娘
小孩児
平家造
平屋造
平屋建
平家建
綿毛布
即戦力
発色団
黒鳶色
無酸紙
翻訳語
玉形弁
玉型弁
少納言
路線価
護摩木
指点字
木造船
硫酸鉄
山背風
英語力
高重力
女子力
工具箱
日本馬
図書係
製板所
金物店
洋品屋
黒電話
太陽族
異空間
洗濯場
圧力差
易行道
島豆腐
唐芙蓉
誕生仏
大腰筋
小腰筋
絵画展
細菌床
連絡帳
劣等種
松虫草
回峰行
私掠船
琉球鮎
琉球人
沖縄学
肺尖部
退職願
洋学校
線維症
繊維症
糸状菌
木質部
葬送歌
保水剤
予定死
奉仕料
迷子犬
迷子札
肉鰭綱
臍蜜柑
大鍬形
糸蒟蒻
文語形
口語形
亜氷期
凶行人
兇行人
海鸚鵡
亜高木
浅木炭
自然光
禁止令
支那畜
案内申
平家節
民族服
生出演
女真語
野生種
再導入
欧州楢
線描画
線文字
黄金株
治療食
何百個
箱水母
姫波布
夏外套
東京人
大阪人
細断機
柚子茶
年俸制
常夜鍋
隷属民
保冷車
瀉下薬
転呼音
光琳派
大原女
鍼灸院
莫大海
三遊間
抹茶塩
琥珀糖
集印帖
集印帳
河太郎
川太郎
動物霊
行疫神
臆病神
機中泊
保有株
赤川猪
四不像
口白鹿
牛皮消
低湿地
旗章学
外国株
外国米
金属灰
尖晶石
姫蟻食
水煙管
水煙草
岩煙草
銃乱射
屋敷林
読書灯
民放局
超塩基
強塩基
独我論
潮汐力
快速調
梯子高
夜出発
心雑音
迷演技
名調子
星形成
分子雲
銘柄米
関係筋
敬譲語
姉妹語
上代語
大正解
冷凍便
洗礼堂
洗礼盤
有精卵
采女司
三美神
凝固剤
専門紙
関西人
対蹠点
汚部屋
紅麹黴
鍾乳体
灰汁色
無方針
入園式
終園式
分娩台
大賛成
初奉公
見送人
自然犯
法定犯
免疫力
馬鹿女
糞餓鬼
裏階段
角封筒
現政権
今更感
資本主
鬢曽木
楽観視
瀬田蜆
肉製品
畜産物
薄荷水
電気柵
小旅行
情熱家
美青年
岩檜葉
異鰓類
年増女
経験上
浄玻璃
寒天蛸
偶蹄目
中胚葉
基底膜
肛後尾
体節制
神経索
袋八目
核内体
貸方票
小花梗
小花柄
方形骨
関節腔
円周角
和蘭芹
球状体
西京焼
便所神
慰安所
挨拶文
多毛綱
昔沙蚕
熱暴走
攻略本
主要紙
不協和
矢細工
一貫校
細菌類
白燐弾
発煙弾
野海棠
胃粘膜
胃小窩
野風増
通行本
無過失
命令調
中国学
支那学
有機酸
無機酸
結晶化
古記録
噴水孔
熾天使
内胚葉
節度使
海浜流
副振動
潮津波
南朝鮮
旗艦店
差別化
芝生茸
乾酪化
迷探偵
帰属感
大不況
西京漬
再入力
大活躍
還元糖
残業代
決起会
小鍬形
頒布会
自慢気
精神論
角柱形
隣同士
応量器
名脇役
病害虫
冊封使
電磁力
防湿庫
中年男
中年女
肛後腸
具現化
木活字
軟派師
富士講
最寄駅
分化能
反捕鯨
洗眼剤
帰化種
相撲界
韓国街
地域猫
盗人猫
故障品
過疎債
副主席
給食費
最貧国
制作費
財務相
組積造
着火剤
着火材
着火燃
飽和色
吐水口
綱梯子
抹茶色
重国籍
刺繍枠
分光法
合意点
姫蜂鳥
白千鳥
大千鳥
熱雑音
赤腹鷹
場風牌
連風牌
裸単騎
大三元
偽面梟
南面梟
大面梟
東面梟
弦管打
選考会
一手間
雑居房
運次第
託児室
搬入口
冠海雀
甲斐犬
突出部
老頭牌
名義上
原画家
模倣品
手元金
手許金
小三元
布団篭
炭焼窯
胡椒草
子項目
耳胼胝
漢字圏
中北部
多尿症
遺尿症
新天地
仏教語
立替払
大音量
英語人
混血人
生活音
寄宿寮
線路脇
本土人
不審死
赤水母
構成型
養成所
文字数
文字式
晴後曇
検査所
傾斜地
寮生活
交通圏
非承認
血吸蛭
株仲間
同韻語
崩壊熱
無所得
脱毛器
花灯籠
諸手当
製氷室
現行品
魚焼器
断捨離
断捨利
一般紙
大守宮
雪中花
野生化
心破裂
心膜腔
再手術
敵対視
改良版
仕事人
学生鞄
利用権
四行連
藤四郎
籐四郎
映写室
土竜塚
万病薬
強壮薬
解離腔
日銀法
童貞説
録音室
長財布
藤八拳
遮眼子
操縦法
格納箱
下足場
栽培家
一生分
家相学
最南端
最西端
誕生地
身体上
血肉化
子供会
塩酸塩
排気筒
不告知
絶対数
厚表紙
皮剥機
草書体
地雷臭
事件簿
水晶玉
修理人
外人妻
操作法
見思惑
跳躍力
学術書
日出国
生合成
機械類
格子柄
豚丹毒
豚尾猿
子牛肉
仔牛肉
放送分
発毛剤
線対称
怪情報
理系女
道路上
警務部
至聖所
巫山戯
反定立
代用語
最下段
絵双六
聴力計
前夜式
非整合
無根拠
準安定
送話口
老人学
翼状筋
不育症
羊膜腔
債権国
側頭部
締約国
武士団
縫線核
惣領制
十脚目
女校長
帝蝶鮫
緩染剤
緩和法
線維腫
繊維腫
線条体
緑陰樹
登録車
竹鉄砲
嘔吐物
更衣場
総胆管
総元締
綿繰機
地下湖
展示室
人形焼
鬼退治
固定客
復帰作
養成校
生産国
野田藤
支那藤
実店舗
待降節
姦淫罪
不明点
中核派
牛泥棒
牛盗人
病人食
餅巾着
生活感
白隠元
絨毛膜
給水池
大演説
結節状
結核症
結合剤
結合価
海岸砲
現地紙
可燃塵
一般塵
成木責
出場権
粥掻棒
一本箸
海老芋
行優先
遭難死
犯罪死
列優先
私物化
昇竜拳
昇龍拳
真海鞘
正選手
花烏賊
外来科
形成術
公共圏
正位置
逆位置
場所代
煮玉子
等寒線
配当表
術中死
実用書
家族葬
取材陣
重装備
車社会
介錯人
組織球
多客期
殺人剣
姐御肌
姉御肌
陽解法
評価式
大変形
初生値
土手道
政治論
気泡核
止血法
斑鳶鱝
斑鳶鱏
紋殻通
鎧鼬魚
狆穴子
珍穴子
翼沙魚
梨河豚
鼻髭鱓
花髭鱓
宗太鰹
惣太鰹
草紙剥
空雀鯛
利用法
精子数
監査人
素無視
失血死
松葉貝
細海蜷
朝鮮蛤
疣海蜷
新海苔
鮟鱇鍋
牡蠣飯
紅葉鍋
青紅葉
冬野菜
干菜汁
乾菜汁
干菜湯
寒苦鳥
小繭蜂
浮寝鳥
紅葉酒
松茸飯
青蜜柑
新小豆
新胡麻
新豆腐
氷頭膾
氷頭鱠
野木瓜
新蕎麦
菊花膾
菊花鱠
薯蕷汁
法師蝉
螻蛄才
螻蛄芸
柚子湯
柚味噌
花独楽
秋団扇
超軽量
生活史
彼岸潮
秋出水
春驟雨
花菜漬
普通種
春炬燵
春暖炉
春火鉢
炬燵櫓
中世語
呉茱萸
春外套
春手袋
小弓引
機内誌
前日譚
故買屋
八歳児
歌曲集
殺人刀
竜胆色
西洋種
陰陽家
異郷人
仏菩薩
星味泥
淡水藻
回旋塔
納期限
素屋根
飼育室
労働服
対立軸
見物客
調査室
古今集
食用蛙
糸鬢奴
争議団
水切棚
火格子
温泉街
庇護欲
参拝客
駆除剤
天道教
光分解
根性論
緊迫感
大音響
自分流
機嫌伺
人工葉
鰊蕎麦
伝統食
食養生
回復薬
中華饅
両手鍋
文化鍋
養殖魚
三一致
正長石
自然銅
自然銀
福地鉱
車骨鉱
紅銀鉱
砒銅鉱
斑銅鉱
硫化銅
天青石
氷晶石
鱗鉄鉱
針鉄鉱
黒銅鉱
蛋白石
鱗珪石
紅鉛鉱
大阪石
三笠石
硬石膏
明礬石
上国石
異極鉱
紅簾石
緑簾石
灰簾石
翠銅鉱
紅柱石
珪線石
鉄重石
珪灰石
透輝石
電気石
大隅石
葉長石
阿呆臭
巨大波
矩形波
魚眼石
葉蝋石
葉蠟石
藍閃石
透閃石
直閃石
蜜蝋石
黄長石
藍方石
親指族
山葵菜
分析官
乾燥肌
緑玉髄
保証状
守護代
緋寒桜
未来記
円石藻
社会派
基準線
純白色
中等部
小学部
機種変
水中銃
寒緋桜
重屏禁
袈裟固
富士塚
許容差
社有地
大環状
有力説
柳江人
兜海老
遷座祭
党官僚
平和裏
大太刀
婿入婚
嫁入婚
招婿婚
寝部屋
両性愛
異性運
銀舎利
八頭身
大湯屋
鶯神楽
輪抜奴
栄誉賞
東坡肉
人肉食
長脇差
四川省
滑液膜
滑液包
砂巾着
超展開
前鋸筋
梨状筋
葡萄鼠
代用魚
和人地
式内社
保護法
徴古館
搭乗口
謝恩使
慶賀使
練習台
国絵図
藩知事
土侯国
藩王国
琉球国
父子草
分離果
単花果
山鳥茸
斡旋員
屑穴子
瘤歯鯨
紐歯鯨
電子版
未収金
入手先
地方史
霊媒師
瞼板腺
愚痴話
小抹香
斑海豚
紅輪花
警告状
灰褐色
夜直鳥
肉骨粉
仮住所
官公署
姉羽鶴
既判力
製造物
演技派
琉球松
紅花油
確定力
争点効
信義則
捻髪音
手相術
無尽講
等価値
無駄金
火水母
発芽米
九輪草
走蜘蛛
放牧場
水平器
怪獣像
接平面
全微分
重積分
未収録
星座図
呼吸点
赤恙虫
砂糖蜱
表皮蜱
急旋回
水循環
内整理
糸楊枝
布教師
書類棚
瀬戸茅
背戸茅
松葉藺
医務官
付添役
住居費
所得割
橙赤色
雀卵斑
七事式
猫喫茶
稽留熱
小理屈
小理窟
名演説
回顧展
屈腱炎
赤黴病
人面瘡
早老症
強膜炎
鞏膜炎
卵管炎
好試合
翻訳文
得撫草
配送料
原資産
五街道
渋滞税
昔人間
島宇宙
異性装
宣伝係
文法上
車掌車
工程表
転勤族
大便所
超意識
未着品
特許群
低栄養
主菓子
古地図
無償化
無料化
策略家
播種床
遅場米
絶対視
絶対知
朝鮮漬
補助犬
入山料
遺棄児
天然水
心喰虫
料理通
三論宗
天然物
生前葬
寒梅粉
蕨手刀
女王国
金庫番
裏帳簿
勝負所
矢狭間
電波料
校正室
放水砲
放水銃
水大砲
終油礼
紺青色
虚無感
薬味酒
馬乳酒
最古参
剥離紙
自生地
二戸建
超光速
開拓使
神相撲
必携品
昆虫食
正義漢
北日本
南日本
大日本
大感謝
排水芯
東京円
光増感
刺激閾
弁別閾
古民家
枕営業
高山族
単連結
科技相
便所飯
泥沼化
冪指数
羃指数
視察員
蟹蝙蝠
兎蝙蝠
雛蝙蝠
鄙蝙蝠
翼手類
判例集
窓側席
家出人
乳漏症
都庁舎
小劇場
月面車
生命感
金融家
蛛形綱
敷設船
摂取量
封建制
深見草
花骨牌
超田舎
演武場
老舗店
万能葱
蒸留所
蒸溜所
反戦歌
鉄平石
抽選会
鑑定士
刃物師
低騒音
職人肌
分電盤
人生初
法定刑
赤海老
淡水産
運上金
艶小蜂
等圧面
暴露話
縄文人
内定式
内定先
揚水機
弁護側
大食家
検察側
発熱体
堆肥化
夫婦墓
特務艦
無化調
担当官
無乳症
乳房雲
合胞体
低評価
麻薬王
娃娃菜
司厨士
司厨長
主厨長
恒星間
梱包箱
高野箒
中華麺
中華麵
国債費
炭火焼
狙撃手
依頼主
反魂香
正電荷
裂烏賊
要冷蔵
操縦室
現役生
半潜水
運用長
活荷重
小僧子
新知識
新智識
線同期
支社長
地獄枘
補器室
異母妹
崇高美
蒸気浴
発展家
渦巻管
適応力
喫茶室
女性誌
鉄道線
副成分
湯風呂
空風呂
魚付林
入魂式
買取屋
金券屋
猩猩袴
法文化
螻蛄羽
細菌戦
細胞説
細胞毒
細糸期
視力表
沃素酸
部分音
純収益
紅皮症
原糸体
糸状体
糖原質
糖原病
甜菜糖
精製所
精緻化
精細管
粗飼料
粘液酸
粘液腫
筋骨型
筋電計
筋繊維
筋線維
筋緊張
筋細胞
筋痙攣
筋形質
筋収縮
電話代
等翅目
等張液
競走場
競売買
端度器
波長計
非表示
早御飯
内航船
和小物
好中球
窓間壁
突出物
空胞化
音楽室
私学校
巴里祭
神統記
平和学
依頼料
新境地
相手側
練習会
宇治茶
静岡茶
諜報網
貨物機
卵豆腐
液状卵
加工卵
凍結卵
冷凍卵
義父母
一弾指
懸濁液
柿落葉
駆動軸
実践家
学究肌
反省文
共鳴胴
根野菜
投扇興
公記録
高位株
低位株
麦焼酎
雷烏賊
銃火器
越年草
清明祭
美文字
地元車
皮肉屋
大念仏
夜行便
主調音
最下階
生成器
席次表
担保権
振動覚
人似猿
裂肉歯
番匠笠
助変数
行動圏
育種価
相談室
母分散
相関図
箱髭図
疎行列
漸化式
冪乗則
房楊枝
総楊枝
隣接辺
送信元
燃料庫
文科相
陳腐化
姫蜘蛛
小灰蝶
姫青木
緋目高
姫水鶏
姫秧鶏
納涼床
還幸祭
神幸祭
要領書
最大級
大教室
低品質
純喫茶
法格言
人造語
仏具店
按摩機
人口減
検索語
郡内織
神経膠
神経管
神智学
神学生
複素環
離発着
角鎖蛇
入湯税
保存版
紅白帽
暴君竜
好酸球
野試合
言語野
生死観
無人化
鶏唐揚
駄目男
駄目女
今現在
型鍛造
法人化
精霊棚
作業道
暗者女
非円形
回旋状
着陸船
銘銘膳
休刊号
妊娠線
夕河岸
宿泊券
遮光幕
尾根筋
鎌尾根
釜炒茶
摩尼珠
仮予約
円柱形
円柱状
脂肪線
青雁皮
南跳鯊
重低音
長胡椒
家畜車
窃盗癖
窃盜癖
行書体
島草履
這杜松
組太鼓
風藤葛
個性派
要求書
事務職
暗電流
市条例
周縁化
護憲派
原生地
卒原発
減原発
縮原発
連邦法
勾留状
準抗告
保護膜
魔法数
顛末書
丸大豆
塁打数
機関砲
分類辞
四角錐
火輪船
評価額
終末期
保有熱
波来土
四法印
陣笠連
武家衆
公家衆
社債券
水先人
徴税吏
娑羅樹
沙羅樹
白帯下
無性愛
人工光
週休制
石炭塔
代換法
捜査権
箱企業
定着氷
蓮葉氷
多年氷
氷晶点
谷氷河
流氷野
氷丘脈
周氷河
合成薬
赤古里
朝鮮服
敬老金
胎内仏
胎内佛
近点角
荷物番
動詞化
切断厨
臨参命
大陸命
大陸指
大海令
大海訓
大海指
全体像
黄赤色
分籍届
廃統合
教料書
局方品
寒水石
多脾症
紫馬肥
小玉銀
快感帯
朝鮮薊
徴兵令
大評判
開戦派
兵役法
色浴衣
侍大将
網細工
充電式
収益化
二代目
博物誌
会員権
未公開
後処理
後療法
奇麗目
常動曲
無窮動
回腸炎
結節腫
結腸炎
爪白癬
白禿瘡
月経痛
月経期
対象化
非平和
産後鬱
埋没毛
憲法学
黒呪術
江戸菊
聖天子
日天子
月天子
月宮殿
化粧鏡
囮広告
竹根蛇
小陪審
天狗猿
道化猿
疣鼻猿
台湾猿
金糸猴
近親調
下中音
溶銑炉
熔銑炉
塩対応
猿頬貝
猿頰貝
紹介料
看視人
非円唇
紅花苺
拮抗薬
初穂料
朝魔羅
耶蘇会
渦電流
装飾花
桂皮末
嚢虫症
磁電管
磁気力
磁束計
人定法
制定法
硫酸化
硝化綿
砂鉱床
石灰化
短指症
短尾類
短半径
極半径
知覚力
睡眠病
大海馬
味付卵
味玉子
美魔女
自衛艦
警備艦
均田法
出来役
蘭方医
非喫煙
虫白蠟
虫白蝋
冬薔薇
意識化
葡萄豆
粉吹芋
室外機
真砂土
在国衆
試作版
発行人
意向形
水族園
中国暦
世界暦
巡回展
青果店
実写化
都心部
準拠法
当駅止
配席図
行列店
防塵服
提案箱
部屋食
繁忙期
国産化
処分場
未申告
保安部
生権力
抄読会
整氷車
要援護
水温計
真正午
視正午
駐輪所
滑稽味
首長族
通話表
泥団子
諸事情
庇護権
行動派
野萵苣
憩室炎
阿部槙
点灯夫
初紅葉
両政府
役割語
肥満体
虎目石
虎眼石
軍基地
出荷先
正規生
臨時会
仁王経
活用表
鎮壇具
擬情語
閣僚級
旅行客
非核化
典型例
晩産化
晩婚化
過期産
正期産
奴隷船
採血法
応相談
癌研究
周堤墓
風営法
戦争屋
朝食券
賛成派
金属質
天然木
天然林
理義字
登山届
原告団
京友禅
敵性語
白粒岩
赤猿子
脳磁図
脳磁計
脳磁界
法解釈
好評価
調理室
磯巻鮨
磯巻卵
招魂社
神葬祭
招魂祭
霊璽簿
金砂鉱
整流管
作品集
小売業
衛生士
自衛団
終堆石
底堆石
側堆石
中堆石
沈積物
電装盤
大手紙
円熟味
古女房
三段腹
髑髏杯
逆睫毛
均質化
太極旗
決算書
孫会社
充足感
病院食
単装砲
連装砲
出来年
自治州
自治県
不安顔
痰切豆
旋毛虫
小線源
鰤大根
大根餅
虎斑蛙
当座煮
小皇帝
地方札
蜻蛉玉
勘定台
角変位
変位計
世話係
特商法
床上手
共有鍵
突撃隊
無線家
双胴船
冬戦争
鹵獲品
一升餅
生地屋
石敢當
石敢当
空屋敷
川穴子
銀湯鯉
黒平鯵
小蝶鮫
錦穴子
角苦瓜
衣笠茸
衣笠草
捕獲岩
五平餅
五平餠
赤福餅
涙滴状
宇宙機
重力圏
極軌道
比推力
透水層
黄金柑
黄蜜柑
尿崩症
四炭糖
学習書
銀行法
降圧薬
行政庁
過干渉
決死行
上下巻
町年寄
町名主
大正月
女正月
映画人
冥王代
展望窓
人民服
経験則
錦糸卵
金糸卵
鉄砲蝦
磯筋蝦
条件表
中戦車
豆戦車
軽戦車
平面波
神樹蚕
編曲家
逆格子
防鳥網
学問僧
既発債
盆茣蓙
犬雁足
団扇苔
雄羊歯
筬羊歯
獅子蘭
城山薇
玉羊歯
田字草
紅羊歯
穂羊歯
藪蘇鉄
足病医
家父長
酢文字
其文字
金玉糖
白山吹
運転室
輸送管
吸収線
肌断食
同圧線
同重体
楯状地
盾状地
卓状地
特異質
片山貝
宮入貝
遊離酸
肺浮腫
腐食薬
乱切法
乱刺法
紐鶏頭
仙人穀
海老根
青鈴蘭
一葉蘭
朝日蘭
偽鱗茎
偽球茎
擬球茎
采配蘭
小蕙蘭
蜘蛛蘭
確率場
山野草
瓔珞蘭
深山鶉
水蜻蛉
水千鳥
豆蔦蘭
摩耶蘭
東洋蘭
朱鷺草
韮葉蘭
成屋蘭
大鷺草
土通草
土木通
水道代
鈴虫草
社号標
蒸散計
蒸発散
隔離室
釣船草
吊舟草
沼大根
両全花
風散布
細枝楓
瓜肌楓
瓜膚楓
京菓子
小米草
柚子酒
非正規
商慣行
未婚化
犬升麻
一輪草
重過失
債権法
契約法
対当額
色柄物
単意論
単性説
単性論
仮現説
青鶏頭
姫昔蓬
姫昔艾
身体刑
蔓人参
神目箒
鳥海薊
三道具
逮捕術
捕手術
地蔵堂
鉄観音
新甘泉
車輪梅
小豆梨
中国梨
白文字
君影草
石持草
造語症
大字報
宝形造
方形造
定式幕
一重草
蔓荒布
発酵学
八進法
催花雨
舞鶴草
紫御殿
寒忌竹
玉緑茶
大桂馬
広葉桂
農用地
楊心流
黒臼子
岩南天
鋼繊維
差異化
写字室
甘野老
吉祥草
姫薮蘭
報告会
世間知
世間智
吃音症
花見客
根生葉
根出葉
先遣隊
骨伝導
肝臓病
振飛車
聖遺物
準光速
露地物
食糧法
支那栗
金糸瓜
錦糸瓜
糸瓜水
再発明
米百俵
駕籠屋
日本型
輸入車
大得意
高気密
高断熱
浣腸器
浣腸機
岩牡蠣
教育力
銅配線
変速比
功労賞
鼈甲餡
最東端
女体化
計算式
死生学
等生化
売子宿
端裏書
化身話
輸租田
大博士
職分田
公廨田
定積分
面積分
体積分
陽関数
積極論
基本列
非可換
疣井守
蚊母樹
梛木擬
物語風
失敗学
空虚感
全順序
大博打
大博奕
秘密箱
道路脇
前日談
道徳経
道徳經
四和音
三全音
風俗歌
賃労働
千成瓜
荒地瓜
寺納豆
唐納豆
多様式
商習慣
片旅籠
固定側
真珠病
牛肺疫
肉食魚
多能工
単能工
産子数
偏波面
判子絵
手合割
類別詞
未完了
河川学
心霊論
絞首索
九面体
十面体
乾漆造
年長組
脱亜鉛
陰茎骨
脳軟化
粟粒熱
移受換
物見台
多動児
買物籠
買物篭
試写会
雨羽織
肺壊疽
重粘土
擂鉢形
闇物資
下着泥
部分和
整級数
基本群
熱化学
一般項
健常児
擲弾兵
様式美
生気論
一線級
無香料
古気候
見学会
絶縁状
閻羅王
閻魔堂
大絶滅
骨煎餅
設定画
放射脳
姫茴香
魚問屋
数週間
数百万
行動家
植字工
馬鈴薯
馬鈴藷
救急科
性経験
限定品
羅睺羅
階段下
環世界
多音字
対抗品
油締木
居囃子
馬糞塚
犬辛子
大怪獣
蝦夷蝉
蝦夷蟬
猩猩蝦
貴方達
貴女達
淡水化
四元数
八元数
清真教
被爆地
造営材
前払金
上層語
基層語
略礼装
環反転
電動車
高潮堤
法執行
補給艦
補給船
固定翼
香港人
動静脈
点電荷
異符号
悪茶利
半紙本
蒟蒻本
海羊歯
分岐器
疱瘡神
住警器
紀年法
正電極
負電極
姉者人
理容店
理容所
聖史劇
神秘劇
美容所
美容店
理髪所
紡績機
米国化
水素水
大惑星
喉風邪
宇宙項
軌道上
卓球部
警保局
街道筋
都大路
作業台
郊外化
口腔液
岩隠子
雁甲蠃
天皇陵
囮商法
地電流
戦列艦
防寒帽
烏河豚
新聞学
綴字法
同値類
量化子
公現祭
十二夜
代数和
窃視症
瞠視症
竿姉妹
尿道口
接戦州
激戦州
水晶球
揚羽擬
登高器
土負貝
共焦点
増加量
空気砲
職人芸
漸層法
不定元
蜂巣炎
自殺点
姉妹艦
姉妹船
蛇床子
七大州
七大洲
保留音
蝋燭屋
蠟燭屋
大床子
月火水
火水木
水木金
波食棚
波食台
外連味
愛上男
民主制
電話番
労基法
海食棚
聖骨箱
観相家
指甲花
救貧院
原文儘
白丁花
地母神
本百姓
転車台
毒血症
毛帽子
賞金首
集気瓶
現代病
航空図
玩具箱
多孔質
人文学
共重合
遊戯銃
玩具銃
秋田蕗
降格圏
掛取引
潜伏先
馬鹿安
超微細
論理値
長整数
短整数
山括弧
波括弧
創作物
不斉地
点検口
旧皇族
大陸塊
電撃戦
付加刑
附加刑
等間隔
無限定
殺菌灯
中心力
生薬学
中毒学
痛単車
痛電車
旧車会
旧車會
十柱戯
逆電圧
花大根
紫花菜
紫花豆
黒目豆
黒大豆
蔓脚類
山母子
裁縫鳥
初夜権
色情症
即完売
生配信
耐力壁
右左折
障害走
刑法学
炊事婦
造船学
児童婚
物理量
天中殺
梅毒腫
自治寮
執刀医
零集合
集成材
非自明
電照菊
双子星
二等星
低予算
麩菓子
麸菓子
共謀罪
農民工
調査船
不遡及
作用線
駆風薬
数秘学
風倒木
司政官
若魚子
先発品
流通網
薮野兎
藪野兎
冠番組
外光派
潮吹穴
磯辺餅
唇音化
口蓋化
迷子石
脱進機
給食係
輝緑岩
風成土
風積土
面対称
量水標
量水器
水準点
測量標
直訳体
妨害罪
髯発条
早付木
早附木
中高層
鼻粘膜
偶発犯
類型論
類型学
機会犯
立体美
子守熊
帯気音
無気音
取水塔
信号弾
県大会
求知心
独自色
鎮咳剤
鎮咳薬
事後審
相変態
軍事学
縦断面
琺瑯質
八路軍
反故紙
反古紙
泥鰌汁
船名録
信号書
二遊間
落下点
移入種
侵入種
使役犬
狩猟犬
入学祝
内破音
入破音
廃課金
超正常
再生毛
紡毛糸
玉羅紗
救急隊
聖画像
塵芥車
防衛軍
背広組
非会員
引火源
鉄警隊
横断線
自絞死
後備役
弁膜症
社名版
鍬形草
英国病
司令船
機械船
殺虫灯
地面師
黄変症
閉鎖音
電波塔
菓子店
黒闇天
野戦食
行動食
草本帯
眼疾患
原田病
老年学
陸亀科
下部屋
時計学
椰子鳥
椰子糖
温蔵庫
管理上
行政上
実芭蕉
離職票
天秤秤
種牝馬
三鞭酒
軽四輪
包有物
特定厨
脱亜論
暗号法
欧文脈
硼珪酸
俳諧味
高身長
共同浴
偽十字
計測学
微気象
光茸蝿
平行調
並行調
訴求力
髭結晶
桜田麩
桜田麸
千島苺
詠春拳
咏春拳
民族誌
超曲面
超平面
竹夫人
竹婦人
覆面算
序数詞
基数詞
映画賞
大篝火
火山湖
足留薬
開水路
調節器
英語学
矛山車
鉾山車
文章家
路面店
雨外套
合金鉄
合金鋼
鉄合金
膿痂疹
脳虚血
法科学
民間機
脳塞栓
摩擦力
摩擦角
乳姉妹
魚子織
斜子織
石大工
日常語
燃料油
電解水
返礼品
艦上機
丸眼鏡
余因子
連鎖律
全域木
赤黒木
通信使
準天頂
無機塩
準備稿
奉安殿
出国税
試錐機
脱真実
紅葉襲
紅葉衣
左旋糖
歌物語
低炭素
循環型
無課金
偶因論
合体字
離岸堤
長茄子
共鳴箱
論壇誌
外患罪
高級感
大悪人
大罪人
歯切盤
台湾元
当身技
床関数
紅玉髄
煙草畑
子実体
補装具
弱冷車
先先代
強攻策
物質論
安置所
安置室
主戦場
嫌嫌期
杓子菜
湿布薬
可聴域
路側帯
女社長
査定額
墜落死
誤警報
筋肉美
指示棒
内製化
短旋法
人工肉
笹団扇
軽禁錮
軽禁固
尻文字
風水説
風水師
八卦鏡
八角鏡
大泥棒
神対応
耐震化
仕事観
抜毛症
抜毛癖
赤梅酢
築年数
大根葉
色素斑
小説化
舞台化
粗面岩
波動拳
繊維癌
退職届
一文銭
石包丁
石庖丁
虎狼痢
基本音
虎海老
擬音係
蒟蒻版
蒟蒻粉
没入感
東名阪
話題化
縦中横
南蛮宗
鼻洗浄
提宇子
大宇須
関特演
国防軍
心字池
右万字
左万字
篆刻家
借金苦
安全靴
樹木園
天然石
情報局
縦横家
一膳飯
番組表
全人代
復興庁
線維膜
稲椿象
稲亀虫
硬骨類
飼育箱
飼育瓶
城下鰈
内皮癌
絨毛癌
硬性癌
花緑青
角蜻蛉
授乳室
深井戸
神経剤
国民病
卸価格
示性式
特産種
無塵室
半化石
準化石
練羊羹
宅配人
楞伽経
偽松茸
一兵卒
単二型
単三型
単四型
単五型
単六型
人造氷
花前線
通信士
硝子瓶
打診器
合挽肉
加工肉
成型肉
成形肉
結着肉
一塊肉
手羽肉
部分肉
竜眼肉
刺青師
乾燥肉
鬼太鼓
小家族
蒸留塔
精留塔
後番組
諸兄姉
打診槌
親分肌
新象牙
寒暖差
非上場
四合瓶
猛打賞
左翼手
事務方
進化形
銅合金
育児語
最有力
無理筋
腐敗臭
青海波
清海波
青海破
高級紙
成長痛
板発条
蓮華台
個人店
食人族
両袖机
錦玉子
鳩槃荼
輪行袋
補給食
携行食
当時物
券面額
浮揚力
洗面室
寝釈迦
胡麻粒
太極図
貼付剤
山岳賞
対旋律
不幸話
半勃起
論理上
大株主
実質上
外交上
交流戦
発汗剤
日米韓
銀古美
子供園
幼保園
金古美
肛門腺
少年愛
無冠詞
左横書
右横書
生活語
法動詞
活動詞
大天狗
釣天狗
天狗物
小天狗
化学種
改善策
男体化
福音派
絶頂期
生命刑
名誉刑
財産刑
暗殺拳
炭酸鉛
薬種屋
仙人草
薬種商
幼物語
空気感
分断線
当時品
美食学
黒字化
貧乏舌
異物感
関節学
陣中食
調査書
昇天祭
性被害
性虐待
体組成
体組織
対戦台
予備罪
通用音
蟯虫症
統治下
主寝室
斑状歯
日本流
追加点
紅白戦
新大陸
陰生代
小麦畑
肺腺癌
浜大蒜
飼育場
企画展
常設展
絵地図
向岸流
新常態
副反応
地方風
世襲制
上顧客
解決案
目的化
小並感
下座唄
魔法陣
塵旋風
無腕症
重弁花
文字絵
停留点
矮小化
残便感
偽科学
政治囚
造形美
造型美
大脳脚
銃撃犯
極地法
俸禄米
塩風害
石油箱
山羊毛
合羽版
消防組
省人化
防護団
悪戯心
格闘術
近代語
医用蛭
格差婚
極弱火
開化丼
開花丼
弥生人
地溝油
燐鉱石
自分事
野菜室
診察所
地狂言
地芝居
荒壁土
冷水塔
冷却塔
肺気胸
合弁花
内内示
後継機
善女人
善男子
混合気
旗指物
指小旗
縦倍角
徴用工
殺傷力
珍回答
珍解答
通風管
超数学
希少糖
稀少糖
展望室
構内図
韓国学
交渉力
航空戦
毛牡蠣
群知能
朝夕食
食事処
和洋室
禁煙室
発着駅
取扱店
関節肢
大改正
施業林
豚味噌
肉味噌
栗御飯
単独室
仮需要
風呂蓋
仕事机
室内着
乗継地
精選版
仏弟子
自然葬
普及品
政官財
仏教学
超特大
食料庫
調馬索
分析器
黄禍論
過去世
過去生
単回答
寂寥感
窃盗症
両墓制
功徳蔵
美人湯
檜風呂
主浴槽
寝風呂
炭酸泉
美肌湯
噴射管
温泉浴
温泉学
温泉客
温泉権
温泉源
好熱菌
高温菌
要支援
建設族
道路族
本登記
登録税
面会権
内装材
外壁材
通気口
給気口
海外厨
真菌類
資産税
氷河学
後座砲
外婚制
新入荷
内婚制
薩婆訶
娑婆訶
蘇婆訶
印刷版
五賢帝
高揚感
点粒子
多血症
家鴨口
安徽省
福建省
甘粛省
貴州省
海南省
河北省
河南省
湖北省
湖南省
江蘇省
江西省
吉林省
遼寧省
青海省
陝西省
山東省
山西省
雲南省
浙江省
喫煙具
雁首草
毛筆画
所場代
単独犯
群像劇
群集劇
解体屋
起始点
区議会
点描画
酸味料
増量剤
調整剤
迷惑料
神経堤
桑実胚
粘結剤
粘結炭
幾千代
親項目
昆虫類
計算量
計量学
室内犬
室外犬
前会計
性自認
反応炉
助触媒
触媒毒
得点王
不均一
今週号
飲友達
有口湖
男性化
欧米化
外見上
負動産
同日着
含蜜糖
保湿剤
営業税
味音痴
西夏語
赤身肉
分散媒
分散相
検修場
相関詞
虐待死
手入力
難関校
大赤字
煙霧質
単縦陣
分散質
仮符号
海苔弁
核様体
超螺旋
血清型
外毒素
変旋光
姉妹群
分子線
原子線
安定剤
三糖類
在野党
中瀬鉱
超階乗
幌別鉱
指導医
可食部
捕捉剤
保存剤
防錆剤
鉱業権
河津鉱
幌満鉱
様似鉱
手稲石
豊羽鉱
凝結核
購買層
津軽鉱
褐錫鉱
大峰石
大峯石
単位胞
光学軸
櫻井鉱
桜井鉱
空間群
文様群
壁紙群
剰余類
特異値
線形化
並列化
蝋光沢
無光沢
繊維状
点対称
赤金鉱
原田石
岩手石
釜石石
四聖諦
南部石
仲介役
団地妻
下気道
喉頭鏡
咽頭痛
回向偈
種実類
梨状果
瓜状果
新鉱物
付箋紙
無審査
絶望視
修了式
真偽値
巻脚絆
阿仁鉱
管理員
大収納
子供室
構造化
断面積
円仏教
管理士
未加工
一定数
採用枠
占城稲
大唐米
温泉泥
母者人
父者人
恒信風
献上物
献残屋
催乳薬
告解場
上祭服
大反響
淮南子
再挑戦
属人化
文化面
年金額
露出魔
心筋炎
凶悪犯
動脈炎
浴仏会
竜華会
開心術
怪談話
怪談噺
怪談咄
災害級
関取鰮
関取鰯
屈曲位
性依存
斜頭症
内容量
合成酢
増醸酒
美人妻
内容品
返送品
原産国
諸料金
論理行
物理行
自社製
検査薬
法制化
義務化
運送状
保管所
簡化字
避難地
制限高
売物件
打言葉
引用元
誕生月
通知音
小気候
微気候
楽琵琶
大辞典
小辞典
調子物
小地域
料金箱
宅配車
指揮車
駐車券
合流車
下痢便
雨仕舞
地上階
黄信号
地下階
会話語
自然金
断食月
同系語
窮理学
究理学
海豚漁
桜並木
転路手
冠飾句
大議論
定番化
低家賃
小椅子
牛肉麺
尾瀬草
上皇后
軍警察
初仕事
火山学
花鳥図
退位式
海外県
大先生
難事件
鳥目絵
女装家
性倒錯
倒錯症
通学帽
正体字
悲壮感
言語権
寿司米
超大作
男社会
易疲労
異常値
清澄剤
福建語
芸者上
裏情報
金明竹
神経網
三角缶
審査権
新型車
松葉油
八王子
長靴下
唇形花
競売品
消防官
鉱業法
風俗犯
位置皿
馬防柵
酒寿司
赤寿司
干葉飯
乾葉飯
茶水晶
螺旋体
微絨毛
時計士
着物屋
和裁士
珈琲店
冒険団
書籍化
天下人
無給医
衰弱死
湿地帯
待機室
至極色
調整池
真行草
時津風
名台詞
戦上手
九段線
朝蜘蛛
貯蔵穴
横穴墓
金銀銅
求核剤
性玩具
分割線
使用感
地震光
阿梨樹
玉杓子
指南書
閲覧数
仏頂尊
到着音
糞上司
植物肉
宝物庫
処断刑
特化型
左半身
右半身
根付魚
後部席
主婦業
蔓薔薇
物置台
参加賞
牧場主
晶洞石
幾千万
街路灯
消波堤
闇営業
素十六
父権制
斜長岩
中華圏
中秋節
駅係員
五大陸
串団子
新商品
右上手
左上手
県外人
海賊党
検事長
福祉司
受審人
内水面
信託法
理容院
口呼吸
初出品
雲紋雀
前打音
眼症状
黄朽葉
点眼剤
豆殻茶
仏名会
放送枠
残念会
冷水機
冷水器
事故車
携行缶
試遊台
合同葬
社長業
試遊版
花一匁
武道場
幻灯機
牛腿肉
少女愛
大方針
不携帯
油井管
近過去
遠過去
根性悪
上面図
所轄署
定食屋
姫女子
姫男子
届出人
愛憎劇
乳児期
青竹色
蝦夷榎
訓練場
付加詞
交際官
波状雲
釣鐘堂
台湾犬
女性形
男性形
野球肘
皆様方
自主練
頭脳線
大豆肉
未精製
蜜砂糖
浣腸液
鵝眼銭
易感染
嗜虐心
四念処
紡織業
機織業
改革家
古参兵
回春型
果生型
初版本
清純派
凍結肩
竹小豆
文武官
秘密会
撓角法
馬鹿舌
防撓材
人新世
二黄卵
衣装持
駐屯軍
梅花皮
火神鳴
継続費
水神鳴
燐灰岩
尻相撲
鷺相撲
明所視
装備品
強風域
変身譚
黄身鮨
叡山菫
産褥婦
酒合戦
鉱物相
水成論
両把頭
硫気孔
安導券
安導権
氾濫原
保護室
子供兵
頓呼法
超純水
環境相
経済相
人数分
一筆箋
微圧計
回避策
妨害機
乳糜胸
進貢船
遣明船
遣明使
頌徳碑
島言葉
感想戦
区画線
名画座
卓球台
余裕手
花粉学
確定石
区民館
無意志
上質紙
通訳士
無効化
反射材
花見幕
宿泊税
基底核
青朽葉
取調官
口装砲
抗菌薬
骨牌税
低糖質
野合戦
営業車
食糧難
不殺生
梅春物
便潜血
心配症
奥医師
休耕地
定住化
蕎麦汁
石鹸玉
入力法
担根体
光脱毛
旅行業
陸蓮根
成果給
心配顔
業績給
在中物
二分心
性表現
小耳症
姉妹丼
棒姉妹
芋田楽
誘拐婚
遅刻魔
有名店
社会脳
雑草魂
石綿症
大隊長
定型文
手間代
茶道口
無遅刻
蜂蜜色
赤黄色
参集殿
避難先
瞑想家
釣太鼓
火災雲
男子便
抜爪術
不定休
対人戦
紅葉鳥
物産館
素物語
遊標尺
手洗場
懐古厨
保護犬
支局長
宇宙軍
国民兵
教育相
七宝文
準二世
邦字紙
土手鍋
笛吹鯛
浜笛吹
演劇部
配達員
非政府
培養肉
代替肉
政治局
変革期
譲渡会
有料化
牡丹色
赤系統
青系統
製造機
地方民
竜吐水
龍吐水
雲竜水
雲龍水
顱頂眼
計算手
肌感覚
受益圏
受苦圏
指関節
装備庁
監査官
属和音
三周忌
小祥忌
大祥忌
手掛女
手懸女
春野菜
夏野菜
秋野菜
海帰派
海亀派
最終財
過酢酸
基本財
小番付
個人蔵
梅毒疹
結核疹
日本病
激安店
胚移植
渡航歴
兵部省
境界層
公議所
集議院
小中高
賃加工
疣浮草
小浮草
野菜類
戦間期
節振舞
原典版
交替形
蘇合香
湯治客
寄稿家
臨時便
密売買
無声化
有声化
生命愛
縮約版
貧書生
選仏場
内家拳
羅漢斎
羅漢菜
羅漢齋
銭太鼓
精進鰻
品不足
汎神教
活字化
幽霊語
節分草
滞在歴
飲酒戒
物名歌
不安視
春景色
雨景色
人工鼻
研磨剤
観光省
納豆肥
苞納豆
比体積
藁納豆
水見舞
逸年号
異年号
地名学
環球法
邪淫戒
邪婬戒
韻律論
塗工紙
獅子王
尊属殺
智天使
貧困国
知能線
枕団子
無食欲
低地帯
通勤客
仏料理
夜道怪
五輪塔
花頭窓
火灯窓
華頭窓
向唐門
夢見草
血紅色
小芝居
蜘蛛貝
確実視
蝸牛管
無憂樹
大芝居
朱印帳
尾状核
洋食器
沖縄語
画像石
再考察
代用字
点鬼簿
幇助罪
回収車
無観客
服加減
熱回収
八割方
団子魚
礫石器
学習帳
回虫症
乳頭腫
底辺層
瑜伽師
勝負運
海賊盤
樹形図
光回線
軍大将
国政術
振興局
琉球燕
小洞燕
中古語
中古文
精力剤
表情皺
領主制
八八花
案内記
重症化
皇祖考
皇祖妣
母教会
来店客
屋根窓
真名文
真字文
日語校
左傾化
非同盟
再変換
伽耶琴
伽倻琴
剥土比
剝土比
自候生
空士長
空曹長
准空尉
実験論
空将補
海将補
陸将補
地理極
北磁極
具体詩
典具帖
天具帖
民芸紙
大和叺
大和魳
営業力
月旦評
主婦層
病因学
概念図
無媒介
煎胡麻
縫合糸
持針器
東京弁
塹壕戦
三善根
乗継券
露点計
露光計
祭囃子
最下層
学齢簿
洋食化
参加型
京野菜
日留試
概要欄
町中華
団扇絵
絵団扇
玩具絵
粗収入
冊子版
掃除屋
筆文字
手加工
上方絵
橋上駅
地上駅
高架駅
多項目
暗号鍵
算盤玉
畜産場
詰放題
純損失
怪現象
生物膜
手轆轤
精液量
治工具
三戦神
祝勝会
艶黒子
紙加工
後加工
金糸雀
陥入吻
焦燥感
腸重積
野生豚
月見茸
名言集
野菜庫
六歌仙
前景化
場外戦
客体化
簡易版
要塞化
南海道
西海道
楔河豚
鵞足炎
半光沢
江原道
京畿道
出世欲
山羊乳
体表面
連通管
火蜥蜴
毒針毛
仕付銀
最外側
二連球
準特急
大覚醒
長崎絵
形状詞
梅水晶
色上質
展色剤
特薄口
特厚口
新出語
休廃止
本場風
小隊長
内因死
鱈子唇
狐狗狸
乾屎橛
小獅子
電話台
黄蜻蛉
低懸念
袋菓子
神南備
破瓜期
復元品
禿茶瓶
会計室
無窮花
大転子
小転子
特殊紙
防舷材
蒙古人
防舷物
振付家
反応式
黒種草
府県税
勢力図
天地眼
固形食
無戸籍
火田民
私立大
公立大
発着枠
生木綿
焼茄子
大合唱
大津絵
地頭代
花札屋
平衡税
不就学
激変星
半同棲
小斑点
工芸家
大爆発
我御料
我御寮
和御寮
准男爵
配置図
飛行帽
三和土
真南蛮
真那伽
佐曾羅
左尊羅
採蘇羅
佐曽羅
飲食業
実測値
毬栗蟹
動画師
銀皮症
路上寝
一次会
先住権
三次会
力加減
神前式
最確数
安息角
小袖料
金包包
糞野郎
換毛期
普通品
上級品
子生婦
幸運夫
最高作
名誉賞
新古車
懐中花
絶不調
訓練機
笹寿司
主尋問
天主堂
冷房病
産業化
不凍栓
普通盛
協賛金
作動音
正規品
疎密波
蛇腹糸
射的屋
立法院