馬酔木
我利勉
護美箱
傍迷惑
英吉利
以色列
犬薄荷
加答児
久留子
土耳古
伴天連
破天連
風太郎
白耳義
愛煙家
愛郷心
愛犬家
愛好家
愛国心
愛唱歌
愛唱曲
愛蔵版
愛知県
愛弟子
愛読書
悪因縁
悪影響
悪餓鬼
悪感化
悪戯着
悪材料
悪質化
悪趣味
悪習慣
悪条件
悪推量
悪太郎
悪天候
悪天使
握寿司
圧延機
圧延鋼
圧搾機
圧搾器
圧痛点
圧電気
圧迫感
圧力計
圧力波
安楽死
安酒場
安全域
安全器
安全期
安定化
安定器
安普請
暗号化
暗黒期
暗証化
暗赤色
案山子
案内係
案内所
案内書
案内嬢
依頼状
依頼心
偉丈夫
囲炉裏
居炉裏
委員会
委員長
委託生
委任状
意気地
意固地
意識体
意地悪
意味合
意味論
慰安婦
慰謝料
慰霊祭
為政家
異機種
異性体
異星人
異体字
異分子
異邦人
移動体
維持費
胃下垂
衣食住
違約金
違和感
異和感
遺家族
遺言書
遺言状
遺失物
遺伝学
遺伝子
遺伝病
遺伝法
遺留品
医院長
医化学
医学界
医学史
医学士
医学生
医学部
医師会
医師法
医務室
医薬品
医療車
医療品
井戸綱
井戸車
井戸水
井戸側
井戸端
育英会
育児院
育児園
育児室
育児食
育児法
育種家
育種所
育毛剤
一安心
一院制
一音節
一箇年
一角獣
一機軸
一局部
一筋道
一筋縄
一見識
一元化
一元論
一戸建
一口話
一合目
一昨晩
一昨夜
一酸化
一仕事
一時金
一時払
一次元
一周忌
一周期
一周年
一重桜
一瞬間
一神教
一神論
一身上
一寸先
一世紀
一隻眼
一切経
一体化
一対一
一代記
一大事
一段落
一致点
一昼夜
一直線
一定量
一転機
一等国
一等車
一等賞
一等親
一等星
一等卒
一等兵
一般化
一般人
一般法
一般論
一辺倒
一本気
一本松
一本道
一幕物
一面観
一面識
一毛作
一目散
一夕話
一覧表
一粒種
一了簡
一両年
一輪車
稲熱病
印画紙
陰画紙
印刻師
印刷機
印刷業
印刷工
印刷紙
印刷社
印刷術
印刷所
印刷人
印刷物
印字機
印象派
印度教
印度人
印判師
印半天
引火点
引取人
引当金
引用句
引用符
引用文
飲酒癖
飲食店
飲食物
飲水量
飲料水
陰極線
陰電気
陰電子
陰日向
隠元豆
右大臣
宇宙学
宇宙食
宇宙人
宇宙線
宇宙船
宇宙服
宇宙帽
雨合羽
雨量計
運送屋
運転士
運転手
運転席
運動員
運動会
運動場
運動費
運動量
運動力
運命論
運輸省
運輸相
営業畑
営業部
営林署
影響力
影法師
映画化
映画館
映画社
映画評
映写機
栄養価
栄養士
栄養素
永久歯
永子作
永小作
永住権
永年間
英会話
英語版
英国人
英作文
英数字
英単語
英文学
英文法
英連邦
閲覧室
円為替
円運動
円記号
円軌道
円虫類
円盤状
円盤投
円舞曲
園遊会
演算子
演奏会
演舞場
炎天下
遠隔視
遠隔地
遠眼鏡
遠距離
遠近法
遠心機
遠心分
遠心力
遠地点
遠日点
鉛中毒
塩化物
塩加減
塩素酸
汚染源
奥御殿
奥座敷
応援歌
応援団
応接間
応接室
応答能
応用力
押問答
横隔膜
横座標
横文字
横恋慕
黄金国
黄金術
黄金色
黄金律
黄口児
黄鉄鉱
黄道光
黄道色
黄道帯
黄道面
黄白色
黄表紙
黄変米
黄緑色
岡山県
岡場所
沖積期
沖積世
沖積層
沖積土
沖仲仕
沖縄県
乙女座
乙女心
少女心
卸問屋
卸酒販
卸相場
温度計
音楽会
音楽史
音声学
下院議
下屋敷
下級職
下級審
下級生
下協議
下検査
下検分
下降線
下仕事
下士官
下手人
下手物
下宿屋
下宿人
下宿料
下準備
下水管
下水道
下世話
下請負
下線部
下層土
下相談
下足番
下足料
下台所
下町風
下馬先
下馬評
下付金
下腹部
化学剤
化学式
化学上
化学戦
化学線
化学品
化合物
化石学
化石層
仮勘定
仮記入
仮議長
仮差押
仮釈放
仮受取
仮出獄
仮出所
仮処分
仮小屋
仮条約
仮進級
仮政府
仮調印
仮定形
仮定法
仮入学
仮納金
仮納税
仮普請
仮分数
仮埋葬
仮名遣
仮名文
仮名本
仮免許
仮免状
何箇月
何時間
何代目
価格差
価格帯
価格表
価値観
価電子
加虐愛
加工業
加工紙
加工歯
加工税
加工賃
加工費
加工品
加算器
加算機
加湿器
加湿機
加除式
加入金
加入権
加農砲
加配米
加判人
加盟国
加盟店
可換群
可視化
可鍛鉄
可燃物
可能法
可変数
可変長
夏羽織
夏至線
夏至点
夏時間
夏時刻
夏場所
夏大根
夏帽子
夏木立
家具屋
家計簿
家政婦
家族達
家庭科
家庭欄
科学院
果実酒
果実店
果樹園
果物屋
歌謡曲
河童巻
火加減
火口湖
火山灰
火山岩
火食鳥
食火鶏
火成岩
火星人
火打石
火木土
花時計
花吹雪
花電車
花野菜
花林糖
荷為替
荷馬車
菓子屋
課徴金
貨物駅
貨物船
過去形
過激派
過渡期
過半数
過不足
過保護
過労死
我物顔
画一化
画学紙
画用紙
餓鬼道
会員券
会員証
会員制
会議室
会議所
会議場
会議録
会計学
会計官
会計士
会見記
会社員
解決策
解集合
解像力
解毒剤
解毒薬
解熱剤
解熱薬
回帰線
回顧録
回数券
回想録
回転軸
回復力
回路図
壊血病
怪我人
怪事件
怪人物
怪文書
戒厳令
改革案
改札口
改正案
改訂版
改定版
改良点
海王星
海岸線
海産業
海産物
海商法
海水着
海水浴
海兵隊
灰神楽
灰青色
灰白質
灰白色
灰緑色
皆既食
絵巻物
絵日記
絵文字
開回路
開業医
開口部
開墾地
開催式
階級章
外為法
外陰部
外科医
外科学
外交官
外国語
外国人
外国製
外祖父
外務省
外野手
外野席
外用薬
外来語
街路樹
拡張化
格子戸
格子窓
格子点
格子面
格納庫
格変化
確認書
確率論
角砂糖
学園祭
学期末
学協会
学者膚
学生証
学部生
学部長
楽観論
楽天家
割引券
割当額
活字体
活性化
活性炭
活動家
活動誌
活発化
滑石粉
滑走路
滑沢剤
干菓子
乾菓子
乾湿計
乾所帯
乾性油
乾燥果
乾燥器
乾燥機
乾燥剤
乾燥材
乾燥室
乾燥地
乾燥卵
乾燥炉
乾電池
乾物屋
冠動脈
寒帯林
寒暖計
刊行会
勘定係
勘定場
勧工場
勧告案
勧告状
勧進元
勧誘員
完結文
完成品
官公庁
官庁街
官房長
幹事会
幹事長
幹部会
感嘆符
感知器
感動詞
感無量
慣用句
換気扇
換算表
歓楽街
歓迎会
歓送会
漢越音
漢時代
漢方薬
漢民族
環境庁
甘味料
監査役
監察医
監視塔
看護学
看護士
看護卒
看護長
看護婦
看護兵
看護法
看板屋
看板娘
看病人
管楽器
管制塔
管理局
管理職
管理人
簡易化
簡素化
簡体字
簡略化
緩下薬
緩衝器
肝硬変
観光客
観光団
観光地
観自在
観世音
観戦記
観覧車
間一髪
間狂言
間接税
間奏曲
間投詞
関心事
関西弁
関節炎
関節技
関東弁
丸太材
丸天井
円天井
丸坊主
含糖量
含油層
含有量
眼科医
岩手県
岩石圏
顔写真
企画書
企業化
企業家
企業心
危険視
危険物
喜歌劇
寄宿舎
寄生虫
岐阜県
希元素
希釈液
希土類
幾何学
揮発油
既視感
既製服
既定値
既得権
期待値
棄言葉
機械化
機械語
機関車
機業家
機動隊
機動力
機能語
機雷原
帰納法
気圧計
気化器
気化熱
気管支
気苦労
気象学
気象台
気象庁
気分屋
気密室
汽車賃
季節風
紀行文
規格化
基準化
規準化
規定値
記憶法
記者団
記述子
記数法
記念館
記念碑
貴金属
貴重品
貴族院
貴婦人
起重機
騎士道
騎馬戦
騎兵隊
儀典長
儀礼兵
技術力
疑問詞
疑問符
疑問文
義援金
議決権
議事堂
議事録
菊人形
喫水線
喫茶店
客商売
脚線美
逆効果
逆行列
逆探知
逆提案
逆噴射
逆茂木
逆輸入
久慈目
敵同士
休茶屋
休憩室
休憩所
休止符
休息所
休泊所
休眠期
休養室
及第点
吸血鬼
宮崎県
宮内庁
急行券
急降下
急上昇
急停車
救急車
救急箱
救護班
救済策
救世軍
救世主
求職係
求心力
求人口
求人誌
泣上戸
給電線
給湯器
給付金
旧勘定
旧教徒
旧形式
旧市街
旧思想
旧字体
旧主人
旧世界
旧正月
旧体制
旧大陸
旧年末
旧藩主
牛小屋
牛乳屋
居酒屋
居住地
居留守
居留地
巨人国
虚空蔵
虚無僧
許可書
魚介類
魚貝類
魚市場
京阪神
京人形
京都府
供給源
供給地
供給路
供出米
供述書
供託金
供託物
供物台
供養塔
競争力
共栄圏
共益費
共学制
共産化
共産軍
共産圏
共産党
共進会
共通語
共通点
共同線
共同体
協同体
共白髪
友白髪
共有地
共有物
共和国
共和制
共和党
協議員
協議会
協議官
協議所
協商国
協奏曲
協定案
協定書
協約国
協約書
協力鋼
境界線
強硬派
強心剤
強綿薬
強力粉
恐妻家
恐妻病
教育省
教科書
教会史
教材費
教習所
教習生
教職員
橋脚舟
橋頭保
狂犬病
狂詩曲
狂想曲
胸三寸
脅迫罪
脅迫状
興行化
興行師
興行主
興信所
興信録
興奮剤
凝固点
凝集力
凝着力
業界紙
業界初
曲芸師
曲射砲
曲線美
曲独楽
曲馬師
曲馬団
極楽鳥
極座標
極地圏
玉砂利
吉丁虫
玉虫色
勤務員
勤務先
均一化
禁煙車
禁反言
筋肉痛
近縁属
近距離
近似値
近親婚
近代化
近代史
近日点
金環食
金鉱地
金婚式
金字塔
金時計
金属間
金平糖
金満家
金輪際
公孫樹
銀行員
銀婚式
九官鳥
九星家
九星術
句読点
句読法
区役所
苦学生
苦労人
駆虫剤
駆動機
具体化
具体策
具体例
愚連隊
空部屋
空間軸
空気孔
空手家
空手形
空集合
空相場
空対空
空対地
空中戦
空冷式
偶像化
偶像教
偶像視
熊本県
群馬県
軍医監
軍楽手
軍楽隊
軍楽長
軍官憲
軍国色
軍資金
軍事上
軍事通
軍事犯
軍事費
軍事面
軍事力
軍需品
軍政府
軍政部
軍隊化
軍隊式
軍隊葬
軍団長
軍放送
軍用機
軍用金
軍用犬
軍用品
軍令部
係争物
傾斜角
傾斜面
刑事上
刑事犯
刑務官
刑務所
兄弟愛
兄弟子
兄弟分
型変換
契約書
形態素
形容詞
恵比寿
系図学
系統樹
系列化
経営学
経営陣
経企庁
経済界
経済学
経済力
経常費
継電器
計画案
計算尺
計算書
計算木
計理士
経理士
警戒心
警告音
警察官
警察署
警察庁
警視庁
警報音
軽音楽
軽歌劇
軽気球
軽騎兵
軽金属
軽工業
軽水炉
軽犯罪
軽労働
芸術家
芸能界
芸能人
迎撃機
劇映画
劇作家
劇文学
欠勤届
欠席届
決死隊
決勝戦
決定権
穴居人
結果論
結合子
結婚式
結婚祝
結膜炎
血液型
血色素
血友病
月刊誌
月水金
月長石
月例会
倹約家
健胃剤
健胃錠
健脚家
健康児
健康体
健康地
健康美
健脳剤
健筆家
建造物
建築家
検温器
検眼医
検問所
検量線
犬小屋
犬張子
犬追物
研究員
研究会
研究室
研究生
研削盤
研修員
研修課
研修生
絹織物
県知事
見世物
見積書
見物人
遣唐使
原画像
原形質
原稿紙
原稿料
原裁判
原材料
原産地
原産物
原始人
原始林
原子雲
原子価
原子説
原子戦
原子病
原子砲
原子量
原子力
原子炉
原住民
原色版
原振動
原水爆
原寸大
原成岩
原生林
原動機
原動力
原判決
幻覚剤
幻想劇
減衰器
玄関先
玄関番
玄武岩
玄米茶
現在地
現時代
現時点
現住所
現代詩
現代人
言語学
限界点
限度額
個人差
個人展
個別化
古井戸
古事記
古写本
古生物
古戦場
古銭学
古泉学
古代語
古代史
古代人
古典学
古典語
古典派
古伝説
古版本
古筆家
古武道
古物商
古文学
古本屋
呼吸器
呼吸法
固定給
固定子
固定長
固有値
孤児院
孤立化
戸籍係
枯草熱
鼓手長
鼓笛隊
五十音
五旬節
五線紙
五大国
五大洋
五斗米
五辺形
五目飯
五輪旗
互助会
娯楽室
後始末
跡始末
後進国
後頭部
後発品
後半生
誤作動
誤動作
誤変換
交易会
交換円
交換器
交換局
交換手
交換所
交換船
交換台
交換品
交歓会
交響楽
交響曲
交際家
交際国
交際上
交際費
交際法
交戦権
交戦国
交代員
交代制
交替制
交通費
交通網
交通量
交通路
交読文
交付金
降霊術
交霊術
候補生
候補地
光化学
光合成
光磁気
光通信
光電子
光電池
光熱費
公安官
公会堂
公海上
公開状
公共債
公共心
公共物
公教会
公使館
公社債
公衆網
公証人
公生活
公聴会
公定価
公徳心
公倍数
公分母
公文書
公募債
公法人
公民科
公民館
公民権
公務員
公約数
公有地
公有物
公有林
公用語
公用車
公用文
功名心
効果音
効率化
拘引状
厚生省
口下手
口角力
口奇麗
口供書
口言葉
口座係
口述書
口小言
口上手
口忠実
口内炎
口入屋
口拍子
口返答
口約束
向学心
向上心
向心力
好加減
好奇心
好事家
好色漢
好人物
好男子
好都合
工学科
工具入
工作物
広告社
広告主
広告塔
広島県
広範囲
広報官
恒温器
恒久化
恒等式
抗凝固
抗生剤
拘置所
控訴審
攻防戦
更衣室
更生期
更年期
校正刷
構成子
構造体
構文法
構文木
皇太后
皇太子
紅冠鳥
絞首刑
絞首台
考古学
航空機
航空券
航空便
荒仕事
行政官
行政府
行列式
講演会
酵素学
鉱山業
鉱物学
降雨量
降水量
降魔術
香辛料
香川県
香味料
高圧縮
高機能
高気圧
高級品
高血圧
高校生
高山病
高姿勢
高射砲
高周波
高所病
高水準
高性能
高知県
高電位
高飛車
高品質
高分子
合議制
合宿所
合唱隊
合唱団
合成語
合成酒
合成物
合成力
合切袋
合奏調
合同軍
合法化
合理化
豪華版
豪商層
克己心
刻一刻
告別式
国際化
国際法
国産車
国事犯
国税局
国税庁
国全土
国防費
国務省
国連旗
黒雲母
黒眼鏡
黒砂糖
黒死病
黒水引
黒水熱
黒装束
黒内障
黒紋付
黒曜岩
黒曜石
骨組織
今月分
今月末
今時分
今世界
今世紀
今朝方
今道心
今様歌
根拠地
混成語
混成団
混分数
佐賀県
差機関
砂時計
座席表
座談会
座標軸
座布団
催促状
催眠剤
催眠術
催眠薬
催涙弾
再下付
再確認
再割引
再感染
再帰熱
再起動
再協議
再教育
再禁止
再軍備
再建築
再検査
再検討
再交付
再工事
再抗弁
再構成
再構築
再考慮
再降臨
再試験
再試行
再試合
再受浸
再従兄
再従弟
再出発
再処理
再上映
再審査
再浸礼
再尋問
再生産
再生品
再生法
再製品
再洗礼
再選挙
再組織
再創造
再測量
再注文
再調査
再調整
再定義
再提案
再訂版
再投稿
再投資
再投票
再入学
再入国
再配置
再配分
再発行
再発足
再評価
再浮上
再武装
再封鎖
再服役
再分配
再編成
再保険
再放送
再輸出
再輸入
再来月
再来週
再来年
再臨派
最高裁
最高潮
最高峰
最終回
最小化
最小限
最少限
最小値
最新式
最盛期
最先端
最前戦
最前線
最大化
最大値
最低限
最適化
歳未満
才未満
細胞学
細胞質
細胞膜
菜種油
裁決書
裁断師
裁判官
裁判権
裁判所
裁判上
裁判人
裁判長
裁縫師
在庫品
在校生
罪悪感
財政難
財政力
埼玉県
造酒屋
作業衣
作業場
作業費
作業服
作曲家
作詩法
作戦上
作務衣
削氷機
刷毛先
刷毛目
撮影所
撮影隊
擦過傷
殺人鬼
殺虫剤
殺風景
雑記帳
雑木林
三角筋
三角波
三角帆
三角法
三角帽
三脚架
三業地
三原色
三元色
三行半
三下半
三国一
三差路
三次元
三尺帯
三十戸
三十路
三重冠
三重県
三重殺
三重唱
三重奏
三重盗
三乗根
三畳紀
三世相
三大国
三大節
三等分
三拍子
三幅対
三文判
三本足
三幕物
三面鏡
三毛作
三葉虫
三輪車
参賀帳
参観人
参議院
参考書
参考人
参考品
参事会
参事官
参政官
参政権
参謀長
参与官
和佐比
山火事
山岳部
山間部
山形県
山口県
山女魚
山小屋
山水画
山茶花
山羊座
山梨県
山林学
不見目
産科学
産卵口
蚕糸業
蚕卵紙
酸化物
酸性雨
酸中毒
仕事師
仕事場
仕事台
仕事着
仕事箱
仕事柄
仕手株
仕上工
仕置場
仕入先
仕舞屋
仕舞物
仕方話
仕訳書
仕訳帳
仕訳表
仕様書
仕立屋
仕立券
仕立物
使節団
使徒書
使徒達
使用権
使用人
使用方
使用法
使用料
使用量
使用例
司法権
司令官
司令室
司令部
史学家
史料館
四角形
四次元
四重奏
四畳半
四半期
四輪車
士君子
始祖鳥
子画面
子会社
子供達
子守歌
市街戦
市街地
市長選
市民権
市民法
市役所
市有地
市有物
市吏員
師団長
志願兵
思春期
思想犯
思惑買
指揮官
指揮所
指揮棒
指示詞
指示先
指定券
指定席
指導部
指話法
支店網
止血剤
死亡数
氏子札
氏子帳
私自身
私書箱
私生活
私有地
糸切歯
糸電話
紙芝居
紫外線
紫水晶
紫陽花
脂肪酸
脂肪層
至急便
至東京
視覚化
視神経
視聴覚
試運転
試供品
試金石
試験官
試験管
試験法
試作機
試作品
試算表
試着室
資本金
資料室
歯科医
歯科学
歯軌条
歯神経
事業化
事業家
事業界
事業主
事業所
事業税
事業部
事件表
事故歴
事実上
事務員
事務家
事務会
事務官
事務器
事務机
事務局
事務室
事務所
事務長
事務服
事務量
似顔絵
似顔画
似非事
似非親
侍衛長
侍気質
侍従官
侍従職
侍従長
児童画
児童劇
文字典
慈善家
慈善会
慈善心
慈善箱
慈悲心
持続力
時間割
時間給
時間軸
時間帯
時間表
時系列
時計屋
時計皿
時計台
時計店
時刻表
時代劇
次世代
次善策
次男坊
滋賀県
滋養分
磁性層
示力図
耳鼻科
自意識
自衛隊
自家製
自画像
自己流
自国語
自治省
自治体
自然数
自然林
自走砲
自尊心
自転軸
自転車
自動化
自働化
自動詞
自動車
自販機
自由化
自由業
自由席
自由党
自立語
自立心
式次第
識別子
七角形
七五調
七十路
七福神
七辺形
七面鳥
七面倒
執達吏
室内楽
湿電池
湿度計
実業家
実験群
実験室
実行権
実施例
実時間
実測図
実用化
芝刈機
舎利塩
写植機
写真屋
写真家
写真顔
写真師
写真術
写真帳
写真版
写真班
写生画
写生文
射手座
射的場
斜角柱
社会悪
社会学
社会人
社会党
社会面
社外秘
社用車
社用族
謝肉祭
車海老
車高短
車用品
車両化
邪魔物
借越金
借地権
借入金
借用書
尺貫法
若年型
弱音器
弱材料
弱小国
弱体化
主観論
主眼点
主記憶
主教冠
主教室
主計局
主権国
主催国
主産地
主産物
主治医
主情論
主食物
主人顔
主人公
主人役
主陣地
主成分
主製品
主戦論
主題歌
主導権
主要駅
主要国
主要点
主流派
主力株
取扱方
守銭奴
手加減
手荷物
手工芸
手術室
手信語
手数料
手拍子
手品師
手裏剣
手料理
朱印状
朱印船
朱子学
朱文金
狩猟期
酒石酸
首都圏
受信機
受信器
受信側
受身形
受精卵
受像機
受付係
受話器
受話機
寿司飯
寿老人
授業料
収穫期
収穫高
収穫物
収監状
収監力
収税官
収税所
収税人
収税吏
収入源
収入役
収納額
収容所
収容力
周囲長
周極星
周波数
周波帯
周辺国
周遊券
宗主国
就業地
就職口
就職先
就職難
就任式
修院長
修験道
修辞学
修辞法
修飾語
修飾子
修整版
修正案
修繕工
修繕費
修道院
修道会
修道士
修道女
修理屋
修理工
修理代
拾得物
秋田県
秋刀魚
終止形
終止符
終身刑
終着駅
終電車
終盤戦
衆議院
週刊紙
週刊誌
集中線
集配人
住所録
住生活
住宅街
住宅地
住宅難
住民税
住民票
十五夜
十三夜
十字架
十字火
十字街
十字軍
十字形
十字線
十字路
十進制
十進法
十二宮
十二支
十二単
十二分
十文字
十六夜
従業員
従兄弟
従姉妹
従来型
柔道家
柔道場
柔道着
重言葉
重火器
重軌条
重騎兵
重禁固
重金属
重工業
重酸素
重手代
重水素
重戦車
重大化
重大視
重箱読
重母音
重役会
重要視
重量感
重労働
寄居虫
宿泊先
縮刷版
熟字訓
出格子
出願人
出漁期
出漁権
出勤簿
出金額
出血死
出港船
出札係
出札掛
出札口
出札所
出産数
出仕事
出資額
出資金
出初式
出身校
出身地
出世間
出世作
出世頭
出征軍
出生地
出席簿
出前持
出張員
出張所
出張店
出土品
出入国
出納係
出納簿
出発点
出版屋
出版界
出版業
出版元
出版費
出版部
出版物
出版法
出品国
出品人
出品物
出不精
出無精
出放題
出目金
出来高
出来事
出来秋
出来心
出来星
出来値
出力線
準会員
準教員
準決勝
準社員
準大手
準備金
潤滑油
純文学
純米酒
処女膜
処世術
初期化
初期値
初産婦
初場所
初体験
初対面
初誕生
初投稿
初任給
所在地
所持品
所帯主
所得税
所有権
所有地
所有物
暑中伺
署名式
書簡集
書記長
書誌学
諸器械
諸問題
助教授
助産院
助産所
助産婦
助数詞
助成金
助太刀
助動詞
女一般
女学生
女子高
女子大
女性器
女性像
女性美
女便所
女郎花
除雪車
除草剤
除幕式
傷病兵
召喚状
召集令
商学士
商慣習
商議員
商業化
商業界
商業街
商業学
商業史
商業地
商業文
商工業
商行為
商取引
商船旗
商船隊
商店街
商売気
商売筋
商売人
商売敵
商売柄
商標権
商品学
商品券
商務官
商務省
商用化
商用語
商用文
将棋盤
将来像
小液胞
小火器
小学校
小学生
小間物
小気味
小規模
小型化
小遣銭
小細工
小作農
小児科
小松菜
小切手
小説家
小道具
小麦色
小麦粉
小判型
小判形
小文字
小文節
小惑星
少国民
少資本
小食家
少食家
少数党
少年院
少年会
少年団
少年法
承認状
招待券
招待状
松竹梅
消音器
消化剤
消火器
消失点
消息筋
消毒剤
消費税
消費量
消防士
消防車
消防署
照射法
省電力
衝撃波
証明書
鐘乳石
障害物
上屋敷
上下線
上下動
上菓子
上級生
上景気
上古史
上向線
上首尾
上昇線
上場株
上申書
上水道
上製本
上奏文
上層雲
上層階
上層土
上層風
上中下
上調子
上天気
上等品
上等兵
上納金
上納米
上半期
上半身
上表紙
乗換駅
乗換券
乗降場
乗合船
乗算器
乗車駅
乗車券
乗車口
乗車賃
乗組員
乗馬隊
乗馬服
乗務員
乗用車
冗談口
冗談事
場所柄
常習犯
常分数
常用癖
常緑樹
情報化
情報源
情報元
情報量
条件文
蒸留水
植物園
植民地
殖民地
植木屋
織物業
職員室
職能給
色鉛筆
色眼鏡
色収差
食管法
食生活
食堂車
食料品
伸縮法
信玄袋
信号旗
信号機
信号手
信号所
信号塔
信号灯
信心家
信託業
信任状
信用状
信頼感
侵入軍
侵略軍
侵略国
寝間着
寝具類
寝台券
寝台車
寝台虫
寝道具
寝不足
寝物語
審議会
審査員
審査官
審判役
審美眼
心臓部
心停止
心電図
心不全
心理学
心理戦
振出人
新快速
新学期
新潟県
新幹線
新記録
新技術
新形式
新建材
新時代
新世紀
新生物
新製品
新体制
新体操
新庁舎
新訂版
新入生
新年会
新発売
新聞紙
新聞社
深呼吸
深刻化
申告箱
申請書
申命記
真意義
真空管
真空帯
真四角
真似事
真人間
真正直
真正面
真清水
真善美
真田虫
真面目
神経科
神経質
神経節
神経戦
神秘学
神謡集
親画面
親近感
親孝行
親馬鹿
親不孝
親不幸
親密感
進退伺
震災地
人一倍
人格化
人格権
人間愛
人間界
人間学
人間業
人間技
人間苦
人間味
人形師
人件費
人口学
人工雨
人工芝
人工雪
人工池
人工雷
人工林
人事院
人事課
人事欄
人種学
人情劇
人情本
人情味
人心地
一心地
人真似
人生観
人生派
人雪崩
人相見
人相書
人造湖
人造米
人体学
人非人
人物画
人物像
人物評
人文史
人望家
人民軍
人名簿
人名録
人力車
人類愛
人類学
人類史
仁王門
二王門
仁王力
陣太鼓
図書館
図書室
吹奏楽
吹替版
垂直線
推進機
水掛論
水化物
水菓子
水銀柱
水源地
水彩画
水産業
水産物
水酸化
水商売
水蒸気
水族館
水道屋
水道管
水兵服
水平線
水墨画
水面下
水力学
水冷式
炊飯器
随行員
数億年
数係数
数表示
世界一
世界史
世界人
世間話
世紀末
世捨人
世俗化
世俗心
世帯主
世話焼
世話人
瀬戸際
瀬戸物
制海権
制球力
制空権
制御下
制御盤
制作室
制酸剤
制動機
制動手
勢力圏
性悪説
性教育
性成熟
性転換
性遊戯
成績表
成層圏
成文化
政治家
政治学
政治力
整理券
整流器
星気体
星条旗
星状体
晴舞台
晴後雨
正会員
正覚坊
正規軍
正規兵
正義感
正教員
正教会
正教師
正誤表
正攻法
正視眼
正字法
正社員
正書法
正常化
正則化
正中線
正電気
正投手
正当化
正統派
正反対
正比例
正符号
正方形
正面図
清掃車
清掃夫
生意気
生化学
生活難
生活費
生産高
生産地
生殖器
生石灰
生態学
生中継
生番組
生物学
生物戦
生放送
精一杯
精神科
精錬所
聖歌隊
声楽家
製鋼業
製鋼所
製図家
製造品
製粉所
西海岸
西半球
西部劇
西洋人
請求書
請負人
青海原
青春期
青少年
青信号
青森県
青天井
青銅色
青二才
静岡県
静止画
静電気
静脈炎
税務署
税理士
斥候隊
斥候兵
石首魚
石川県
石炭酸
石版画
積乱雲
積立金
赤外線
赤血球
赤十字
赤電話
切狂言
切取線
切断図
切断面
接触線
接続語
接続口
接続詞
接着剤
接着力
接頭語
接頭辞
接尾語
接尾辞
摂動論
設計図
説得力
説明書
雪花菜
雪合戦
雪上車
絶対値
絶対論
泉貨紙
先学期
先議権
先験論
先史学
先住民
先進国
先天病
先日付
先入観
先入見
先入主
先任順
先発隊
千三屋
千秋楽
千石船
千卒長
千代紙
千鳥足
千葉県
千里眼
千両箱
占拠地
占取権
占星術
占有権
占領下
占領軍
占領地
宣教師
専門家
専門語
専門章
専門店
戦闘機
戦闘服
扇風機
扇風器
洗面器
洗面所
潜水夫
潜望鏡
選挙権
選挙戦
選手権
選択子
鮮紅色
前衛戦
前額部
前勘定
前駆戦
前景気
前口上
前車軸
前借金
前照灯
前進軸
前進力
前世界
前世紀
前奏曲
前装砲
前置詞
前渡金
前登録
前頭部
前任地
前半期
前半戦
前舞台
前夜祭
善知識
全音符
全荷重
全会衆
全強風
全候補
全国民
全市民
全質化
全住民
全勝軍
全身像
全身病
全身浴
全人格
全人生
全世界
全勢力
全盛期
全製品
全責任
全速力
全単射
全地方
全天候
全二重
全日制
全能力
全反射
全封地
全民衆
全裸体
全論点
祖父母
粗悪品
荒利益
粗利益
素粒子
組織化
創刊号
創業費
創作権
創作力
創世期
創世記
創造説
創造物
創造力
双暗車
双眼鏡
双曲線
双子座
双子葉
双生児
双胴機
双発機
寿語録
群時雨
村時雨
倉庫業
倉敷料
奏鳴曲
掃除婦
操縦席
争奪戦
相違点
相手方
相対死
相対尽
相対値
相対論
相当数
総会屋
総決算
総攻撃
総資産
総辞職
総収入
総人口
総選挙
総務庁
総目録
総理府
総領事
草野球
葬儀式
葬送曲
装甲車
走高跳
走幅跳
走査線
送受信
送別会
増刊号
増殖炉
増訂版
増幅器
造園術
促進剤
側面観
側面図
即興曲
測候所
測長機
測量図
速度計
俗趣味
俗世界
俗世間
俗文学
属性値
卒業式
卒業生
存在論
孫息子
尊王家
尊王党
尊敬語
村八分
多角形
多元論
多原子
多項式
多国籍
多次元
多重化
多神論
多数決
多段階
多島海
多年草
多変数
多辺形
多面角
多面体
多様化
太鼓判
太平洋
大平洋
太陽暦
打楽器
体育家
体育館
体温器
体温計
体系化
体験談
体裁上
体操場
体量器
対応値
対応版
対角化
対角線
対義語
対象体
対情報
対話式
帯域幅
帯分数
待合室
貸金庫
貸付金
逮捕状
代願人
代議員
代議士
代言人
代執行
代書人
代数学
代数式
代替物
代燃車
代表格
代表作
代表団
代表部
代表例
代名詞
代用食
代用肉
代用品
代理業
代理権
代理人
代理店
代理部
台風眼
台湾人
大宇宙
大家族
大外刈
大学院
大学生
大学卒
大企業
大規模
大虐殺
大競争
大型機
大好物
大黒柱
大災害
大祭司
大阪府
大使館
大司教
大寺院
大主教
大丈夫
大成功
大西洋
大掃除
大蔵省
大多数
大地震
大中小
大都会
大統領
大陪審
大反対
大部分
大文字
大文節
大目玉
大理石
大和絵
大和魂
卓越風
卓話会
宅急便
宅配便
託児所
脱衣場
脱穀機
脱脂綿
大口魚
単一化
単一形
単音節
単漢字
単眼鏡
単語集
単行書
単行本
単座機
単細胞
単子葉
単試合
単従陣
単縦列
単純化
単色画
単色光
単振動
単数型
単発機
単比例
単弁花
単本位
単葉機
単利表
単利法
探検隊
探険隊
探査機
探知機
探知器
淡黄色
淡紅色
炭化物
炭酸塩
炭酸水
炭素鋼
短距離
短時間
短縮形
誕生石
団扇虫
弾道弾
断頭台
断熱材
断末魔
断末間
暖房機
暖房器
男子高
男便所
値段表
地下化
地下街
地下室
地下鉄
地下道
地球儀
地形図
地元紙
地質学
地震学
地震計
地震国
地震帯
地対空
地対地
地平線
地方債
地雷原
地理学
致死量
致命傷
畜殺場
畜生道
竹細工
蓄音機
蓄音器
蓄積管
蓄電池
窒息死
茶菓子
茶道具
茶飯事
摘出子
着心地
着番号
着物姿
中位数
中医学
中央口
中央部
中華街
中学校
中学生
中間駅
中間国
中間子
中間層
中間体
中間派
中規模
中級品
中距離
中共軍
中空壁
中継所
中堅手
中古車
中古品
中耕機
中国語
中国人
中仕切
中耳炎
中心地
中心点
中水道
中世史
中性子
中折帽
中長期
中道派
中南米
中二階
中年増
中波長
中盤戦
中立国
中立面
中力粉
中労委
仲介物
仲裁人
仲人口
仲買人
仲立人
忠臣蔵
抽選券
昼興行
昼食会
柱時計
注意点
注意報
注射器
注釈書
注文品
虫眼鏡
虫垂炎
駐在員
駐車場
駐停車
駐輪場
著作権
著述家
貯金箱
貯水池
丁字形
丁定規
彫刻家
彫刻界
彫刻師
彫刻術
彫刻刀
彫刻版
彫刻物
徴兵制
朝寝坊
朝鮮語
聴導犬
聴聞会
調印式
調査票
調味料
超越点
超音速
超格子
超簡易
超合金
超時空
超自然
超大国
超特急
超能力
超文面
超満員
長音階
長距離
長崎県
長時間
長方形
長方体
長野県
長粒米
直映館
直撃弾
直取引
直接税
直接費
直銭形
直足袋
直談判
直弟子
直方体
沈丁花
珍道具
珍紛漢
鎮魂曲
鎮静剤
鎮痛剤
鎮痛薬
追試験
追体験
通過駅
通気孔
通行止
通行人
通信員
通信網
低価格
低学年
低気圧
低丘陵
低教会
低金利
低血圧
低周波
低順位
低所得
低水準
低性能
低成長
低賃金
低電位
低能児
低脳児
低物価
低利金
停音符
停止線
停船場
停留所
定位置
定冠詞
定期券
定型詩
定時制
定礎式
定足数
定比例
帝王学
庭仕事
抵抗器
抵当権
提供側
敵部隊
滴定量
適齢期
鉄工所
鉄鉱石
鉄染色
鉄板焼
天井灯
天井裏
天王星
天下一
天眼鏡
天眼通
天気運
天気屋
天気図
天球儀
髪切虫
天刑病
天皇家
天皇旗
天皇制
天皇杯
天才児
天産物
天蚕糸
天主教
天守閣
天象儀
天上界
天然色
天然痘
天体学
天体図
天長節
天頂儀
天頂点
天動説
天道虫
天日法
天文家
天文学
天文台
展示会
展示物
展望台
展覧会
店仕舞
店頭株
見世番
添加剤
添加物
添乗員
転校生
転入届
点火薬
点眼器
点眼水
点光源
点数制
点滴器
点鼻薬
点滅器
伝音器
伝記物
伝声管
伝声器
伝染毒
伝染病
伝送先
伝送路
伝道師
伝道船
伝馬船
殿上人
殿様芸
殿様風
田舎道
田舎風
田舎娘
電圧計
電解液
電解質
電気工
電気代
電算機
電子化
電磁気
電磁石
電車賃
電通大
電熱器
電離層
電流計
電話機
電話局
電話室
電話線
電話帳
電話網
不如帰
登山客
登録簿
途上国
努力家
土下座
土建屋
土壇場
土地柄
筆頭菜
逆様事
倒置法
党派心
凍結器
刀剣商
唐辛子
島根県
島帝国
投光器
投資家
投書欄
投票権
投与量
東海岸
東海道
東京着
東京都
東京発
東西屋
東天紅
東半球
東北人
東洋人
東洋通
東洋風
桃源郷
桃源境
盗聴器
盗聴機
湯治場
湯豆腐
当世風
当世流
等圧式
等圧線
等温式
等温線
等高線
等身大
糖尿病
統計学
統語学
統合化
統制線
豆鉄砲
陶芸家
陶磁器
頭頂部
頭文字
闘技場
動員令
動滑車
動向表
動植物
動物愛
動物園
動物化
動物界
動物学
動物誌
動物質
動物相
動脈血
動名詞
動力学
動力源
動力炉
同位体
同意義
同意見
同意語
同一視
同音語
同学年
同期式
同期生
同義語
同級生
同居人
同好会
同国民
同志会
同時代
同種類
同趣味
同情心
同心円
同人種
同性愛
同素体
同窓会
同窓生
同族会
同年輩
同父母
同分母
同胞愛
同盟軍
同盟国
導火線
導電体
銅版画
得意気
得意先
徳島県
特異点
特急券
特許権
特許主
特許法
特効薬
特攻隊
特産物
特殊鋼
特待生
特徴量
特派員
特別委
篤志家
篤農家
毒科学
毒見役
毒味役
独居室
独禁法
独占欲
独立心
独立班
読者層
読心術
栃木県
突然死
突破口
豚小屋
奈良県
内科医
内外人
内外野
内割引
内勘定
内曲球
内国産
内耳炎
内斜視
内需型
内祝言
内出血
内証話
内申書
内親王
内鮮人
内大臣
内地人
内地米
内弟子
内反脚
内服薬
内幕話
内務省
内野手
内野席
内遊星
内容物
内用薬
内陸国
内陸霧
内惑星
南京錠
南極海
南極圏
南極光
南極星
南極帯
南極洋
南半球
南蛮人
南蛮船
南方産
南北朝
難破船
二返事
二院制
二箇所
二階家
二階屋
二業地
二筋道
二元論
二原子
二項式
二国間
二次元
二十重
二重唱
二重織
二重身
二重星
二重税
二重奏
二重窓
二重底
二乗根
二進法
二進木
二線式
二直角
二等賞
二等親
二等分
二等兵
二頭筋
二拍子
二分木
二本差
二本棒
二毛作
二輪車
二連式
二連発
肉料理
日刊紙
日系人
日光浴
日射病
日照権
日本画
日本海
日本間
日本軍
日本語
日本史
日本紙
日本式
日本車
日本酒
日本食
日本人
日本晴
日本製
日本側
日本茶
日本刀
日本髪
日本風
日用品
乳化剤
乳兄弟
乳脂肪
乳状液
乳製品
乳石英
乳濁液
乳白色
乳母車
乳幼児
乳用牛
入知恵
入会金
入会権
入会式
入学金
入学式
入学生
入学難
入漁権
入漁料
入港料
入国税
入射角
入手難
入出力
入場券
入場権
入場税
入場門
入場料
入湯客
入道雲
入母屋
入力線
如何物
任命式
任命状
熱拡散
熱血漢
熱硬化
熱帯魚
熱力学
年賀状
年会費
年産額
年始状
年代記
年代順
年齢差
年齢層
粘着力
粘土質
濃青色
濃緑色
能楽堂
能狂言
能動態
能舞台
能文家
能弁家
能率給
脳細胞
脳出血
脳貧血
農作業
農産物
波止場
波戸場
波打際
派生語
破擦音
破傷風
破天荒
破落戸
破裂音
破廉恥
馬鹿力
馬鹿話
馬小屋
拝火教
排気量
排他律
敗戦国
敗北感
背番号
肺活量
配管工
梅雨期
買掛金
買物袋
売国奴
売笑婦
売上票
売買高
売約済
陪審員
寿喜焼
博愛家
博士号
博物学
博物館
博覧会
拍子木
白眼視
白血球
白血病
白子干
薄荷精
薄馬鹿
迫撃砲
爆撃機
爆心地
爆発管
爆発物
爆発力
目利安
麦芽糖
八折判
八角形
八九分
八重雲
八重桜
八重歯
八千草
八千代
八潮路
八百屋
八百長
八辺形
発禁本
発見料
発行所
発酵乳
発信音
発信側
発生学
発電機
発電所
発表会
伴奏部
判検事
判断力
判任官
判別式
半意識
半陰影
半陰陽
半円形
半塩水
半音階
半可通
半夏生
半過去
半開国
半官報
半貴石
半狂乱
半月刊
半減期
半身像
半身浴
半世紀
半製品
半切符
半濁音
半長形
半直線
半透明
半導体
半独立
半二重
半病人
半部族
半母音
半面識
半裸体
反意語
反英雄
反革命
反逆人
反射鏡
反政府
反体制
反対語
反対色
反対側
反対党
反対票
反対論
反動家
反動派
反発力
反比例
反物屋
反物質
反陽子
反乱軍
反粒子
帆立貝
搬送波
板金屋
犯罪学
繁華街
繁体字
販売機
卑金属
卑劣漢
否定語
否定文
彼岸花
彼岸会
批評家
批評眼
比較級
皮膚科
皮膚病
秘書室
被減数
被告人
被災地
被写体
被除数
被乗数
避暑地
避雷針
非営利
非課税
非活動
非許容
非金属
非公開
非公式
非合法
非常口
非常識
非常線
非接触
非線形
非線型
非対応
非対称
非同期
非売品
非変換
非民主
飛行家
飛行機
飛行士
飛行場
飛行船
備後表
備荒食
備蓄米
備忘録
尾状花
微系数
微生物
微調整
微粒子
美術館
美術品
美少女
美少年
美人局
美容院
美容師
鼻下長
鼻眼鏡
鼻呼吸
鼻出血
鼻濁音
必治薬
必需品
必要事
必要品
必要物
筆不精
筆無精
百貨店
百合根
百姓家
百卒長
百分比
百面相
百葉箱
標準化
標準語
氷河期
氷菓子
氷砂糖
氷点下
漂白剤
漂流木
表記法
表具屋
表具師
表決権
表玄関
表座敷
表示書
表示灯
表示物
表忠塔
表忠碑
表二階
表日本
表面化
表面上
評議員
評議会
評論家
病理学
貧乏神
貧乏人
貧民街
不安気
不安心
不安定
不意気
無意気
不一致
不衛生
不穏当
不可解
不可逆
不可欠
不可誤
不可視
不可侵
不可知
不可能
不可避
不可分
不介入
不拡大
不格好
無格好
不確実
不活化
不活動
不完全
不気味
無気味
不規則
不規律
不起訴
不義理
不均質
不具合
不敬罪
不景気
不経済
不決断
不決定
不結果
不健康
不健全
不検束
不見識
不公正
不公平
不行儀
不行状
不行跡
不合格
不合理
不細工
無細工
不参加
不賛成
不思議
不死身
不死鳥
不似合
不時着
不自然
不自由
不手際
不首尾
不十分
不従順
不祝儀
不熟練
不純物
不所存
不勝手
不承諾
不承知
不承認
不消化
不条理
不信義
不信仰
不信実
不信心
不信任
不侵略
不審火
不心得
不親切
不人気
不人情
不随意
不世出
不成功
不成績
不成立
不整合
不整脈
不正確
不正規
不正直
不精巧
不誠意
不誠実
不摂生
不節制
不戦勝
不鮮明
不善感
不相応
不足勝
不体裁
不退転
不注意
不調和
不定期
不定詞
不定法
不適切
不適当
不適任
不都合
不凍液
不凍海
不凍剤
不等辺
不統一
不透明
不動産
不動心
不同意
不同化
不導体
不道徳
不道理
不得意
不得策
不得手
不徳漢
不特定
不如意
不認承
不熱心
不発弾
不必要
不評判
不品行
不等号
無風流
不風流
不服従
不分割
不文法
不文明
不文律
不勉強
不本意
不満足
不名数
不名誉
不明確
不明朗
不夜城
不用意
不用品
不養生
不利益
不流通
不良化
不良品
不料簡
不量見
不了見
不連続
不老泉
付添人
付加税
付属語
付属書
付属節
付属品
付属物
付帯犯
夫婦仲
婦女子
婦人科
婦人服
富山県
府知事
普及版
普請場
普通科
普通株
普通人
普通弾
普通便
普通法
浮気女
浮世絵
父兄会
符号化
符号器
負符号
赴任地
武家物
武器庫
武器倉
武士道
武者絵
武装具
武装船
武勇伝
武力戦
舞台裏
舞踏会
舞踏曲
部屋代
部屋着
部外秘
部落民
風土病
伏魔殿
副会長
副議長
副産物
副司令
副社長
副首相
副収入
副食物
副葬品
副抵当
副牧師
副領事
復習文
福井県
福岡県
福島県
腹上死
腹膜炎
腹話術
複合語
複雑化
複数個
複素数
複葉機
仏教徒
仏舎利
仏生会
仏頂面
仏法僧
物数奇
物真似
物品税
物理学
分科会
分解能
分界線
分岐駅
分岐線
分岐点
分教場
分極化
分光学
分光器
分工場
分散型
分子説
分子量
分譲地
分水界
分水線
分担額
分担金
分度器
分配金
分泌液
分泌物
分別心
分捕品
分与税
分類学
分類表
分列式
噴火口
噴火孔
噴霧器
噴霧機
文化祭
文化財
文学史
文学賞
文庫化
文庫本
文字列
文節数
文部省
文房具
並行線
兵学校
兵器庫
兵器工
兵庫県
兵法家
兵糧米
平安京
平安朝
平易化
平屋根
平滑化
平均値
平均点
平均律
平行線
平行棒
平城京
平生着
平底船
平土間
平等観
平等権
平年作
平方形
平方根
平方和
平面鏡
平面形
平面図
平炉法
平和国
並大抵
閉回路
閉経期
閉世界
米海軍
米議会
米空軍
米国人
米国民
米上院
米陸軍
変圧器
変圧所
変異体
変化球
変換器
変換機
変換子
変光星
変成岩
変声期
変奏曲
変速機
変調波
変電所
変拍子
変分学
変流器
片一方
片手間
片田舎
編集子
編集部
返却値
便衣隊
便利屋
勉強家
弁護士
弁護人
弁護団
弁護料
弁財天
弁才天
弁証学
弁証法
弁証論
弁当屋
弁当箱
弁務官
弁理士
保安林
保育園
保管金
保管証
保管人
保管物
保管料
保管林
保健医
保健婦
保険医
保険金
保険証
保険料
保護金
保護国
保護司
保護色
保護税
保護鳥
保護領
保釈金
保守党
保証金
保証人
保証付
保障付
保身術
保全会
保存量
保有米
保養院
保養地
捕鯨船
補助金
補聴器
母国語
母細胞
母集団
母性愛
包容力
報告書
報道官
奉迎門
奉公口
奉公人
奉公先
奉仕女
奉納額
奉納物
放射線
放射能
放水路
放送局
放物線
方形波
方程式
方面隊
法王庁
法務省
法律上
芳名録
亡祖父
傍聴券
傍聴人
傍聴席
傍聴料
坊主頭
妨害物
妨業員
忘年会
暴走族
暴風雨
暴力団
望遠鏡
棒暗記
貿易業
貿易品
貿易法
防音室
防火壁
防寒服
防空砲
防止法
防総省
防虫剤
防長官
防毒面
防波堤
防腐剤
北欧人
北海道
北極海
北極熊
北極圏
北極光
北極星
北極洋
北国人
北朝鮮
北斗星
北半球
牧場鳥
牧草地
牧畜業
本会議
本街道
本格化
本拠地
本金庫
本契約
本建築
本国人
本試験
本場所
本場物
本籍地
本草学
本調子
本舞台
翻車魚
翻訳家
翻訳権
凡試合
魔術師
魔法使
埋蔵金
又従兄
又従弟
又小作
又請負
又弟子
末始終
万愚節
万国史
万国民
万葉集
満州国
未解決
未開墾
未開拓
未開発
未確定
未刊行
未完成
未記入
未教育
未経過
未経験
未決監
未決済
未決算
未決定
未公表
未耕地
未墾地
未収載
未熟児
未処置
未処分
未消化
未遂罪
未成品
未製品
未然形
未組織
未知数
未着手
未丁年
未通女
未定義
未定稿
未登記
未踏査
未配当
未発見
未発行
未発達
未発表
未亡人
未来型
未来像
未来派
密売品
民営化
民間人
民芸品
民事上
民主化
民主国
民主党
民需品
民衆駅
民数記
民俗学
民族学
民族史
民約説
夢心地
夢想家
夢遊病
無愛想
不愛想
無意識
無意味
無遠慮
不遠慮
無花果
映日果
無感覚
無関係
無関心
無気力
無言劇
無限小
無限大
無降水
無作為
無作法
不作法
無慈悲
無邪気
無手順
無宗派
無重力
無条件
無尽蔵
無水物
無制限
無政府
無声音
無責任
無節操
無線機
無造作
無雑作
無担保
無鉄砲
無保証
無防備
無理数
無礼講
婿養子
名付親
名誉職
名誉心
命中数
命中弾
命令形
命令書
命令文
命令法
明細書
明赤色
明日葉
鳴門巻
免許証
免許状
免罪符
免税表
免税品
綿織物
面相筆
毛織物
猛攻撃
木工場
木製品
木版画
黙示録
黙秘権
黙否権
目玉焼
目的語
目的地
問題児
問題点
紋切型
門下生
門外漢
夜会服
夜学校
夜間部
夜汽車
夜光虫
夜仕事
夜商人
夜想曲
夜盗虫
野外劇
野球場
野球部
野菜畑
野心家
野蛮人
野放図
約半分
薬効物
薬剤師
輸出入
輸送機
輸入額
優越感
優越権
優秀品
優勝旗
優勝馬
優勝杯
優生学
優先株
優先権
優待券
優等賞
優等生
優曇華
優良株
優良児
優良馬
優良品
勇猛心
友好国
幽寂味
幽霊株
幽霊船
幽霊話
有意義
有限個
有神論
有声音
有体物
有袋類
有頂天
有頂点
有名人
有理式
有理数
由来書
誘電体
誘惑物
遊園地
遊撃手
遊撃戦
遊歩道
遊覧船
郵政省
郵送料
郵便屋
郵便局
郵便袋
郵便物
雄弁家
予科生
予算案
予算上
予選会
予想屋
予想高
予知夢
予定案
予定説
予備員
予備科
予備金
予備校
予備室
予備隊
予備馬
予備費
予備品
予備兵
予備役
予報音
予防策
予防線
予防法
予防薬
予約語
余所見
余所目
余水吐
余水路
余白注
与太郎
与太話
与野党
幼児語
幼稚園
揚水車
洋菓子
洋辛子
溶鉱炉
用語集
用心棒
葉緑素
要撃機
陽子線
陽電子
養老院
裸一貫
裸体画
来学期
来客筋
来世紀
頼信紙
落語家
落成式
乱高下
卵細胞
卵巣炎
卵塔場
乱塔場
欄参照
理化学
理学部
理事長
理髪師
理髪店
理不尽
理容師
裏鬼門
裏書人
裏千家
裏貸屋
裏長屋
裏背戸
裏表紙
裏面史
裏木戸
離魂病
陸運局
立候補
立体感
立体派
立方体
立法府
流刑地
流行歌
流星雨
留学生
留守居
留守電
留守番
旅客機
両議院
両脚規
両脚器
両極端
両国語
両手利
両成敗
両替屋
両替機
両替商
両替人
両陛下
両用機
料金所
料理屋
料理店
料理法
量子化
領事館
領収書
領収証
力一杯
力仕事
力自慢
力織機
力不足
臨場感
輪郭線
輪転機
類義語
令夫人
例年祭
冷却器
冷血漢
冷湿布
冷水浴
冷蔵庫
冷蔵車
冷蔵船
冷蔵法
冷凍魚
冷凍業
冷凍庫
冷凍剤
冷凍車
冷凍船
冷房車
零行列
霊安室
霊長類
暦改正
歴史家
歴史画
歴史学
歴史観
歴史劇
歴史上
歴代史
歴年齢
暦年齢
劣勢感
劣等感
恋愛観
恋物語
練習場
連合会
連体形
連体詞
連帯感
連用形
連絡駅
連絡会
連絡先
連絡線
連絡船
錬金術
労働歌
労働祭
労働省
労働党
労働力
労農党
労役場
浪花節
浪人生
浪漫派
老婆心
六角形
六角堂
六三制
六十路
六重唱
六重奏
六大州
六分儀
六辺形
六連発
和菓子
話下手
腕時計
馬刀貝
仕付方
削岩機
牛尾魚
寿留女
悪感情
依頼人
一家言
一個人
一昨年
一私人
一夜妻
黄玉石
黄銅鉱
黄熱病
下半期
下半身
給油所
決定版
研究所
肩甲骨
古印紙
古道具
古文書
五角形
五倍子
三角形
三味線
借家人
出生数
出来物
益荒男
人頭税
勢力家
創造主
早合点
大聖堂
脱衣所
直輸出
直輸入
停車場
弟息子
天日塩
凍豆腐
氷豆腐
内玄関
内分泌
南氷洋
派出所
売春婦
八分目
美男子
氷削機
不器量
無器量
不寝番
不知火
不適格
不面目
不用心
無用心
副読本
平信徒
片頭痛
保育所
保健所
保養所
北氷洋
万華鏡
万国旗
万能薬
密入国
裏日本
療養所
和太鼓
太鼓持
合気道
合言葉
青浮草
青大将
朝御飯
貴方方
有田焼
石決明
安全弁
生字引
悪戯書
一分金
一分銀
一箇月
一箇所
一騎打
一軒家
一軒屋
命辛辛
忌言葉
埋立地
売掛金
絵葉書
絵端書
従祖父
弟弟子
面白味
表表紙
拡声器
拡声機
掛布団
火災流
箇条書
可溶片
仮払金
歌留多
加留多
賀留多
乾燥季
乾燥期
感嘆詞
合衆国
合州国
勤王家
計算機
計算器
健康方
健康法
下克上
小意気
耕運機
交差点
小間使
五大州
差出人
三角州
三段跳
潮干狩
四季施
敷布団
刺激剤
刺激物
七宝焼
仕放題
注連縄
写真機
写真器
写生帳
出版社
言葉典
吸取紙
数箇月
数奇屋
数寄屋
制御器
制御機
赤裸裸
切断機
先先月
善後策
前前回
総売上
掃除機
掃除器
卒都婆
卒塔婆
率塔婆
十露盤
尊皇王
縦社会
玉子焼
代替品
段段畑
乳飲子
乳飲児
直接法
直説法
手忠実
天花粉
天宮図
天球図
天道乾
出入口
取引先
同士打
二階建
延人員
延日数
乗心地
飲兵衛
初節供
初節句
鼻風邪
花言葉
鼻高高
晩御飯
引込線
引出物
単衣物
人差指
泌尿器
告天子
比目魚
昼御飯
不活発
吹出物
不始末
不仕末
普段着
不断着
古武士
不調法
無調法
奉加帳
奉賀帳
前売券
丸暗記
丸木舟
丸木船
未成年
未青年
申込書
夜見世
来来週
悪悪戯
音楽学
音楽祭
関係調
清元節
百済楽
自民党
旗二流
表六玉
兵六玉
証取法
鉄砲玉
鉄砲弾
風邪薬
虚栄心
工学部
最大限
自営業
資本家
食中毒
速達便
煙草屋
張本人
帳本人
通産省
小売店
大前提
取締役
話言葉
腹一杯
不燃物
法学部
発起人
無期限
無機物
無神経
無生物
有機物
要注意
復調器
安心感
医科学
一時期
引受人
陰関数
右中間
営業所
栄養学
円相場
演出家
横断幕
屋台骨
仮面劇
河川敷
改良種
開発部
割引債
管制官
企画室
基準法
期待感
機関紙
機関誌
義太夫
議定書
急成長
防水布
便乱坊
不分明
生一本
度外視
値千金
価千金
地球上
軍人風
半月形
樹枝状
会社立
可処分
既発表
金属製
無鑑査
安息香
操人形
防潮堤
貿易風
暴風圏
棒高跳
没常識
分遣隊
文筆業
無頼漢
病原体
地動説
地方版
地方紙
地方色
地磁気
地下水
窒化物
知能犯
知識欲
直滑降
直円柱
超巨星
中生代
中性塩
大道芸
大音声
断裁機
断裁器
脱脂乳
脱力感
電磁波
電気炉
土着民
同類項
道徳律
栄養分
栄誉礼
流行語
副神経
副総理
風来坊
冬将軍
外耳道
外交団
格天井
配電盤
肺浸潤
白昼夢
白中夢
薄力粉
羽布団
半月弁
半熟卵
反射炉
針仕事
初舞台
比電荷
日時計
必要悪
報道陣
方眼紙
法医学
補助翼
法制局
維管束
因果律
除電針
老夫婦
回送車
老人力
序破急
付属校
潤目節
自自公
公明党
鉄条網
筆記帳
植物質
受取人
石南花
継息子
六連星
高祖父
未整理
衣更着
居場所
居心地
競走馬
競馬場
禁止法
芸術院
芸術祭
決勝点
血糖値
建設省
建築学
検察官
検察庁
検事正
研究官
現行犯
現段階
個個人
古新聞
固定費
後半戦
公式戦
好景気
好成績
工作員
広葉樹
皇民党
行楽地
行進曲
行政権
居合道
回転儀
一分半
巻煙草
金牛宮
金切声
陣羽織
茶話会
用務員
猟犬座
飛道具
雑居寝
赤信号
集合体
時代相
実験台
磁力線
自作農
磁鉄鉱
除虫菊
蒸発皿
重電機
受動態
十八金
従価税
熟練工
潤筆料
従属節
壁新聞
快削鋼
下意識
貝細工
火口原
雷親父
緩下剤
観相学
片貿易
経緯儀
検流計
複数形
海松貝
甘海老
馬鹿貝
中高生
新登場
五万米
五真米
喫煙席
総務部
私小説
拡大鏡
小切子
半濁点
大人気
頭字語
高電圧
球座標
三頭筋
黄金虫
根切虫
四重唱
五重唱
五重奏
便利帳
深海魚
情報誌
調理場
精薄児
貸本屋
組合頭
内視鏡
観客席
一場面
予定表
既知数
木戸銭
起磁力
金石文
子供心
後配株
小役人
固溶体
細小魚
苦灰石
極距離
町工場
孫弟子
埋蔵物
豆電球
豆台風
身勝手
耳学問
水資源
水仕事
目的格
無煙炭
無事故
無理式
生欠伸
生演奏
生返事
粘板岩
熱機関
肉体美
日章旗
農繁期
大喜利
温湿布
親会社
楽隠居
乱開発
乱気流
歴青炭
連合軍
離弁花
理解力
理想郷
里程標
老眼鏡
六面体
露天掘
良導体
緑地帯
料理人
両生類
量子論
隆鼻術
流動食
流星群
生物圏
政府筋
清教徒
青年期
生理学
晴雨計
製造業
製造元
世界観
世間体
責任感
石灰水
責道具
扇状地
斜滑降
射幸心
四分六
子午線
支配人
詞華集
新開地
進化論
神経痛
新機軸
新生代
新世界
素人目
自然界
金赤色
和楽器
手土産
湯湯婆
再配布
非常勤
語源学
明後年
空下手
空取引
音楽家
没食子
一生面
神通力
四拍子
落葉松
救助網
雑収入
接骨木
彩色画
旅商人
風邪気
如雨露
八宝菜
宝石店
水位計
水位標
熱気球
環状線
胃腸薬
空梅雨
恐水病
急傾斜
音楽堂
用兵術
通用門
配給米
娯楽街
逆比例
終刊号
終列車
手仕事
手間賃
社会科
党大会
実社会
勝負事
昇降口
証人台
蒸菓子
放牧地
放浪癖
訪問着
塗擦剤
茶番劇
野球熱
預貯金
対向車
対流圏
見栄坊
車中談
広告欄
文学士
文学部
尾頭付
火口壁
師範代
詰将棋
日記帳
日銀券
始業式
試験場
宿根草
船火事
船着場
舟着場
水道局
水準儀
水酸基
高学年
国際人
国土庁
国文学
再開発
再認識
最恵国
最高級
最高検
最重点
最前列
最優遇
三等星
産業界
四死球
支店長
私企業
私文書
治験薬
自衛官
自治権
自由形
自由型
実生活
写真集
主税局
取締法
首脳部
主脳部
授賞式
受賞式
州政府
集大成
大犬座
小犬座
手引書
寄生木
矢継早
小奇麗
紹介状
消化器
食肉類
省力化
小冊子
小市民
消息通
小前提
相乗積
測距儀
装身具
素寒貧
帯電体
大食漢
退職金
太陽年
探照灯
淡水湖
多神教
鉄道網
灯台守
糖衣錠
隣近所
追徴金
売上高
陽電気
有機体
夢物語
遊離基
財産家
前頭葉
造物主
造船所
無一物
無辺際
空念仏
応接係
秋田犬
夕月夜
小人数
星月夜
女丈夫
喜佐古
審判員
出生届
多人数
貨客船
外分泌
目八分
芝居気
風邪声
無常感
無常観
発振機
発振器
暗暗裏
手間暇
登録済
家付娘
年格好
矢羽根
革命歌
革命家
出合頭
出会頭
長尾鶏
長尾鳥
聴音器
聴音機
寺子屋
寺小屋
流線形
流線型
禁漁期
禁猟期
水様液
水溶液
退紅色
断断固
腕自慢
院外団
冠大会
券売機
巻積雲
絹積雲
巻寿司
官公吏
官給品
管財人
園芸学
園芸家
原籍地
宣伝屋
宣伝員
宣伝費
宣伝戦
宣言書
宣告書
衛生上
衛生兵
衛生学
衛生隊
衛星国
軍略家
運送人
運送店
運送料
運送船
運送費
運送業
運根鈍
運動具
運動界
運動欄
運転台
運転費
運営費
運搬人
運搬費
運輸量
違警罪
君主国
郡役所
骨仕事
骨相学
骨格筋
骨膜炎
骨髄炎
鬼百合
回収金
回春剤
回送店
回帰熱
回教国
回教徒
回転機
回復期
回遊船
回遊魚
胃腸炎
胃腸病
帰化人
貴公子
遺失品
遺留分
遺贈分
混入物
混合林
混合物
混合酒
混合語
混合機
混交林
混成岩
混成物
混成品
混成酒
混血児
混和物
混種語
均等化
均等割
血反吐
血圧計
血清学
血液学
血統書
募金箱
募集費
模造品
模範生
荒事師
荒法師
荒物屋
荒療治
網漁業
魔女狩
魔方陣
無一文
無双窓
無水酸
無欠席
無欠勤
無名指
無灯火
無自覚
無体物
無批判
無技巧
無投票
無利子
無利息
無表情
無価値
無免許
無抵抗
無定形
無定見
無所属
無重量
無風帯
無神論
無計画
無軌道
無能力
無教育
無配当
無得点
無理解
無規律
無着陸
無期刑
無税品
無統制
無意義
無試験
無資力
無資格
無精卵
無線局
無縁仏
無趣味
無機質
無警告
無警察
無競争
舞台劇
舞踊劇
舞踏室
舞踏服
舞踏病
馬鹿面
明文化
猛吹雪
工作品
工芸品
工学士
工事費
工務店
工業化
工業国
工業界
功労金
攻撃力
攻撃軍
攻撃側
攻撃隊
空元気
空中線
空中権
空出張
空世辞
空気口
空気浴
空返事
空軍力
空景気
空証文
空想力
空想家
空論家
控訴人
控訴状
控訴院
控訴権
恐怖心
溶岩流
溶接工
溶接剤
溶接機
溶解力
溶解炉
溶解熱
欲得尽
公文所
公民学
公用物
公共財
公害病
公害罪
公募株
公証料
公選制
松食虫
胸膜炎
港湾税
口上書
口真似
口語文
口語体
口語訳
後日談
後仕舞
後見人
後知恵
後援会
半永久
半端物
判事補
発火点
発会式
発光体
発声法
発言力
発言権
発育期
発明品
発明家
発信人
発射台
発射薬
発案権
発動機
発情期
発想法
発酵素
発電子
発熱量
発頭人
反抗期
反逆児
反逆罪
反復説
返信料
敗残兵
八文字
八面体
片山里
片為替
片脳油
片意地
拝物教
拝観料
破防法
破産法
破壊力
破魔弓
破魔矢
陰陽師
陰謀家
金一封
金文字
金欠病
金本位
金石学
金物屋
金魚草
金解禁
飲用水
飲仲間
飲酒家
減速材
減塩食
感化院
感圧紙
感光紙
感染原
感情家
感情論
感覚毛
感覚点
感覚器
感覚論
感想文
感謝状
感謝祭
吸入器
吸収剤
吸音材
急行便
急病人
急転換
急進派
急進党
合成紙
合唱曲
合掌造
給水所
給水塔
給水管
給油船
給排水
給費生
音響学
暗号文
暗号学
暗剣殺
暗記物
暗黒面
暗黒街
暗紫色
暗緑色
応召兵
応急策
禁制品
禁治産
禁酒法
禁転載
禁衛隊
禁輸品
勘定尽
勘定書
古生代
古代紫
苦心談
固形物
枯山水
格子造
格闘技
抗毒素
抗議文
航空学
航空病
航空路
航空隊
航海術
航続力
戸主権
戸障子
戸籍法
雇用主
行在所
行政法
東洋学
東宮職
重合体
重馬場
動力計
種種相
童話劇
用水池
用水路
用益権
用器画
通行税
通学生
通知表
通知票
通信社
通信費
通信簿
通信欄
通俗化
通風孔
通風口
通風機
通話料
同位角
胴間声
読者欄
読後感
読書人
読書力
読書会
読書室
読書界
読書家
非人情
非合理
非国民
非武装
非現業
非晶質
非戦論
非衛生
排水量
排水路
排水管
排出物
排気管
悲喜劇
悲観論
分子式
分相応
分数式
分類法
仏文科
噴気孔
配分法
配当金
配給所
配達人
配達先
配達料
配電所
配電線
配線図
飛行服
飛行便
飛行隊
捕虫網
捕鯨砲
補給路
薄荷糖
薄雪草
父母会
父性愛
布団蒸
鹿角菜
歩合制
歩合算
歩行器
歩数計
独立国
独立祭
独立語
独立権
独奏会
独習書
独断論
独創力
独演会
独壇場
触太鼓
主任制
注文先
注文服
注射針
注射液
注連飾
注意力
注意書
駐在所
駐留軍
株主権
豆板銀
頭足類
頭頂骨
闘牛士
闘牛場
投石機
投石器
投射角
投書家
投票所
投票箱
投影図
投影法
投影機
投稿欄
投機心
五十肩
娯楽場
逆光線
逆命題
逆宣伝
逆関数
逆輸出
抽象画
抽象論
油圧器
油送船
油送管
輸入品
輸入税
輸出品
輸出税
輸卵管
輸尿管
輸送船
輸送量
輸送費
輸精管
中心角
中国服
中性紙
中和熱
中間色
中継局
朝日影
朝鮮人
透写紙
透明体
透視力
誘導体
誘導弾
首実検
首実験
祖国愛
組織力
昔気質
昔堅気
借地料
守備兵
守備隊
守護神
討伐軍
討論会
受信人
受益権
受領証
受難曲
受難週
受難節
受難劇
受験生
受験料
受験票
授乳期
授産所
畜産学
蓄電器
冬木立
冬至線
終末論
終身官
終夜灯
終業式
収穫祭
手一杯
手工業
手不足
手内職
手文庫
手弁当
手仕舞
手付金
手札型
手沢本
手投弾
手芸品
手奇麗
手相見
手柄顔
手真似
手配師
手術台
手術衣
手細工
手腕家
手塩皿
手話法
昼光色
昼夜帯
獣医学
酸化鉄
酸性岩
酸性紙
村夫子
村芝居
村役場
損害額
都市化
都会人
都議会
著作物
著作家
著述業
着尺地
着火点
着物地
着信局
着眼点
着道楽
署名国
諸外国
書生論
書留料
書記局
書記官
書院造
書評欄
書簡文
書籍商
土用波
土石流
土気色
土地鑑
土地勘
土団子
土百姓
土性骨
土建業
土俗学
土俵際
土産話
社内報
社会化
社会部
社交界
社交家
社務所
石切場
石火矢
石合戦
石灰石
石灰乳
石灰岩
石竹色
石材商
石炭紀
石炭層
石細工
図案家
図書券
貯木場
貯金局
貯炭所
貯蔵所
貯蔵品
貯蔵室
専用車
専用機
専有権
専売局
専売品
専門化
専門医
専門書
団子鼻
団結心
団結権
転化糖
転換炉
転換期
転路器
随想録
随意筋
縁起物
端末機
端境期
断面図
真分数
真骨頂
鎮守府
鎮魂祭
至上権
至近弾
脂肪油
脂肪質
珍無類
遅刻届
遅知恵
遅進児
身上持
身仕舞
身奇麗
実用品
実在論
実行力
実体化
実体論
実物大
実習生
実務家
実証論
実際家
実録物
実験式
質問書
勝手口
勝手元
勝負師
昇降機
登山家
登記所
登記料
証人席
証拠金
徴発令
蒸気圧
蒸気船
蒸汽船
蒸発熱
蒸留酒
蒸留器
取入口
取引所
取引高
取立金
取次店
取扱所
取扱人
取放題
取巻連
趣意書
宗主権
宗門改
宗教心
宗教学
宗教画
宗教家
宗教劇
窓際族
総力戦
総大将
総支出
総本店
総本家
総仕舞
総花式
総指揮
総退却
総動員
総勘定
総領娘
足拍子
足忠実
足温器
速射砲
速記術
速記録
従属国
従量税
走馬灯
送水管
送気管
送油管
送金額
送信機
送風機
送話器
送電線
方位角
方法論
方解石
防火戸
防火線
防炎剤
防食剤
防砂林
防雪林
防湿剤
防寒具
防潜網
防衛庁
放水管
放火狂
放火罪
放送法
放送劇
放電管
放熱器
病虫害
病院船
並木道
並木路
百万言
除外例
除草器
除湿器
除湿機
斜陽族
塗布剤
舎利塔
茶坊主
茶屋酒
予約金
序盤戦
野次馬
野良着
香具師
野営地
野路子
野暮天
野獣派
射利心
射撃場
射爆場
謝恩会
区民税
拘束力
局地風
推計学
推進力
推進器
春分点
春場所
炊事場
隊商宿
対位法
対抗馬
対抗策
対応策
対称軸
対頂角
対戦車
対話体
加算税
加薬飯
建白書
建具屋
建設業
建築士
建築物
建築費
建議案
荷受人
荷送人
寒気団
漢文学
漢方医
漢数字
喫煙車
喫煙室
間欠泉
間欠熱
簡単服
介護人
見目形
見取図
見張所
見習工
不見転
見舞金
見舞客
現代化
現代語
現在高
現行法
現実化
現実感
現象学
現象界
現象論
現業員
現像液
刊行物
研究家
研修所
看護人
周波計
周期律
彫物師
彫金師
調印国
調律師
調剤師
調教師
調馬師
調馬場
調理人
調理台
調理師
陶酔境
陶器商
忠魂碑
忠霊塔
毒人参
毒物学
鋳物師
鋳造所
鋳掛屋
居丈高
威丈高
居合抜
居住権
居留民
居催促
仮執行
海老腰
家系図
家庭着
家屋税
家屋敷
家政学
家政科
家族法
処女地
処女作
処女林
処女峰
処世訓
処刑台
車大工
車井戸
車馬賃
夏季熱
夏風邪
往生際
皇室費
皇霊殿
広告料
広告費
広告業
広報部
横紋筋
横断面
鉱物質
光行差
光度計
光量子
光電管
新人王
新生児
新生面
新左翼
新字体
新紀元
新教徒
新造語
新聞業
新聞種
新興国
親切気
親文字
親日家
親兄弟
親任式
親任官
親告罪
親和力
親衛兵
親衛隊
最上級
最下位
最左翼
最右翼
最多数
最高点
最敬礼
撮影機
切分法
絶交状
絶対量
絶縁体
絶縁線
節博士
未来形
物件費
物相飯
物納税
文人画
文化人
文化史
文化庁
文化圏
文字盤
文体論
文芸学
文芸欄
文学界
文学論
文明国
文章語
文章論
文筆家
文語文
文語体
文選工
紋章学
米産地
米問屋
米騒動
迷信家
微分学
微分法
微苦笑
微積分
尾長鶏
尾長鳥
旗魚座
没理想
没趣味
火山帯
火山脈
火山弾
火事場
火葬場
火薬庫
美丈夫
美女桜
美文調
美食家
美容術
美術史
美術界
美術家
美意識
美顔水
美顔術
紫雲英
紫露草
資本財
資産家
資産株
自由刑
自由詩
自由権
自主権
自在画
自身番
自制心
自治会
自治領
自乗根
自負心
自責点
自然人
自然力
自然死
自然法
自然美
自然生
自然観
自棄酒
自慢話
自衛権
自警団
堅信礼
賢夫人
寿司屋
皆勤賞
結氷期
結団式
結納金
結晶学
一工夫
一寸見
一苦労
一般職
開会式
開架式
開校式
開票所
開閉器
開閉機
筋電図
付着力
府議会
腐葉土
腐植土
豊水期
奉行所
棒磁石
認可証
認証官
認識票
認識論
二刀流
二期作
二期制
日本一
日本化
日本犬
日本学
日向水
日照計
日曜版
人工語
人文字
人気株
人国記
人相学
人間像
年齢給
潤滑剤
秘書官
秘書課
密造酒
密貿易
密輸入
密輸出
密輸品
比例式
比重計
筆記体
編年史
編年体
編集長
番小屋
番号札
板目紙
板金工
板門店
板屋貝
販売人
販売店
繁分数
繁殖期
治療代
治療法
始末屋
始末書
始球式
式部官
式部省
試掘権
試験紙
以遠権
等深線
等距離
等語線
秋日和
秋場所
宿命論
宿直室
宿泊人
宿泊所
宿泊料
酒造家
酒造場
酒造業
提示部
適不適
正反合
正念場
征服欲
政治犯
政治屋
政府案
政党員
政務官
政略家
役人風
役力士
役不足
約不足
役目柄
役員会
沿海州
船大工
舟大工
船小屋
船外機
船幽霊
巡査長
巡航船
巡視船
水中花
水加減
水平面
水平動
水圧計
水圧機
水成岩
水利権
水泳着
水泳帽
水茶屋
水耕法
水害地
水時計
水紋学
水理学
水産庁
水産学
水晶体
水量計
水道料
水準器
水鉄砲
水銀灯
追分節
追羽根
追羽子
追送検
追起訴
追複曲
追徴税
追撃戦
追撃機
論理学
輪番制
輪舞曲
類似点
類音語
類概念
尺取虫
駅馬車
渡世人
渡船場
液量計
不作為
不忠実
不断草
不等式
不徳義
不確定
部分品
部分食
部屋割
部隊長
背文字
背任罪
背美鯨
背格好
背筋力
派出婦
派遣軍
派遣隊
副知事
副都心
材木屋
材木商
財政学
財界人
財務官
財産税
財産権
在来種
在来線
在学生
在留民
採油権
採炭所
採掘権
採算株
災害地
朽葉色
考現学
考証学
考課表
宮内省
招待客
招待席
招請国
照明弾
照明器
照度計
超音波
超党派
超短波
超過額
超新星
超伝導
超電導
到来物
到着駅
焼死体
焼却炉
焼野原
消化液
消化管
消去法
消石灰
消防庁
消防団
消防隊
消毒器
消毒薬
消炎剤
消息文
消費財
消費材
小天地
小手先
小正月
小休止
小会派
小百姓
小宇宙
小作人
小作米
小作料
小作権
小坊主
小豆色
小売商
小児病
小利口
小夜曲
小便所
小屋掛
小為替
小荷物
小馬鹿
小熊座
答申書
執行吏
執政官
踏切番
畳水練
摂関家
有孔虫
有功章
有気音
有名税
有期刑
有税品
有煙炭
有意差
有難味
有難涙
右心房
右心室
国文法
国文科
国民服
国民軍
国有化
国有地
国有林
国言葉
国防色
国防省
国連軍
国産品
国営化
国境線
国際色
国際語
郵便車
郵便受
郵便船
郵便箱
活人画
活用形
活用語
活字本
活版本
活版屋
活性剤
活断層
緩衝国
緩衝液
過大視
過不及
過去帳
過飽和
換気口
遠山里
遠征隊
遠視眼
砲丸投
飽和点
保存食
保安官
保育器
保証書
保護林
腹八分
腹足類
腹具合
腹時計
宝物殿
宝冠章
浮浪児
浮動株
浮動票
相手役
相似形
相弟子
相部屋
相場師
相続人
相続税
相談役
相談所
想像力
箱入娘
箱馬車
素人芸
素封家
素浪人
粗目糖
粗製品
青内障
青年会
青年団
青写真
青物屋
青枯病
青電話
青銅器
情報部
情報網
清朝体
清算人
清算書
静力学
静水圧
静物画
静脈血
精白米
精白糖
精油所
精神力
精神病
精勤賞
精製法
精製品
精製糖
請求権
請求額
請負師
請負業
請願書
星雲説
壁一重
避病院
避寒地
避暑客
避難民
避難所
評判記
名人芸
名文家
名刺判
名店街
名望家
名義人
民有林
民約論
民衆化
売上金
売渡証
命名式
施餓鬼
延長戦
延滞金
延滞税
滞在地
滞在客
滞在費
世界語
世間並
世話役
世話物
移民法
浅知恵
残余額
残念賞
線香代
砂利道
砂防林
散文詩
散水車
散髪屋
産出高
産卵期
産科医
殺人罪
山吹色
山岳病
山査子
義兄弟
義和団
義勇兵
義勇軍
顔見世
言行録
言葉質
基本給
基地局
旗行列
季刊誌
季節感
器量人
器楽曲
安山岩
安死術
安全灯
安定感
案内状
案内図
宴会場
干拓地
肝心要
冷水塊
冷却剤
零細農
隣人愛
隣保館
隣接地
利己心
利付債
利休色
利久色
利尿剤
利権屋
低山帯
低次元
低姿勢
底引網
抵抗力
矢飛白
体重計
指人形
指示薬
指南役
指南車
指南番
凝灰岩
姫小松
医原病
抑留所
恒星年
革細工
皮細工
革新派
極大値
極小値
極限値
極前線
極彩色
極悪人
交声曲
交尾期
交配種
校友会
校正係
学士院
学友会
学生服
学生帽
学用品
学芸会
学校医
学籍簿
教区民
教会法
教会員
教会堂
教会暦
教育長
教育学
教育法
教育界
教育家
教育費
教皇庁
教則本
教授会
教授法
教護院
女子供
女文字
女所帯
女世帯
女学校
女店員
女性化
女性学
女房役
女房詞
女郎屋
女道楽
奴豆腐
怒髪天
如何程
若大将
若白髪
若年寄
若草色
若殿原
若隠居
庭木戸
紙一重
紙表紙
紙粘土
紙鉄砲
地上権
地下線
地中海
地文学
地引網
地方病
地方税
地平面
地衣類
地吹雪
地形学
地役権
地政学
地域差
地誌学
地蔵顔
地質図
地震波
地鎮祭
成人式
成人病
成文法
成文律
成年式
成長点
成長株
成熟期
盛菓子
整流子
整理部
神学士
神学校
神信心
神格化
神経炎
神経学
神経病
神無月
神話学
電子管
電力計
電力債
電気屋
電気量
電位差
電波法
電波星
電信局
電信柱
電信機
電動機
電報料
電話口
電話料
電磁場
電機子
引立役
引換券
演芸会
演習林
演説家
演劇界
先鋭化
洗礼式
洗車場
洗面台
洗眼薬
西日本
西欧化
西洋化
西洋式
西洋画
西洋風
西洋紙
西陣織
四十肩
四天王
四六判
四六版
四分円
紙四手
四辺形
四半分
四旬節
四角柱
四面体
死亡届
死生観
死刑場
死装束
死産児
私生子
私生児
私有物
私家集
細密画
沈没船
沈殿物
針千本
針供養
針葉樹
探究心
探求心
探海灯
探検家
探険家
深山桜
深成岩
審美学
計時係
計量法
計量器
計数管
継電気
携帯品
待避線
持久力
持久戦
持参人
持参金
歯肉炎
市民税
市議会
得業士
得意顔
統制品
統治権
統計表
道中記
道化方
道化師
道具方
道具屋
道具箱
道祖神
道普請
道義心
道徳心
道徳学
道徳家
導波管
導関数
祝賀会
祝儀袋
条約国
波布茶
被告席
被害地
増大号
増血剤
層位学
層積雲
贈与税
贈答品
滋養物
磁力計
磁石盤
磁気学
磁性体
再突入
伏流水
服飾品
婦人会
婦人病
海上法
海上権
海水魚
海水帽
海老茶
海老錠
海坊主
海軍省
海洋学
海食台
海運業
海豚座
海賊版
海潮音
黒八丈
黒文字
黒穂病
夢判断
場外株
湯文字
湯加減
豆腐皮
唐変木
唐破風
上告審
上得意
商業国
浪費癖
落札値
落花生
落第生
落第点
落葉樹
露天商
露出計
距離計
虚弱児
虚無党
許可制
許可証
許容量
丁子油
丁字帯
丁字路
打物師
打撃王
町人物
町内会
町役人
町役場
町村制
町奉行
町道場
町議会
定収入
定式化
定住地
定価表
定例会
定規座
定着剤
定着液
定期船
定義域
定置網
錠前屋
策源地
積分学
積雪量
積極策
積載量
争議権
可変翼
奇形児
奇麗事
奇麗所
寄付金
寄留地
寄宿生
寄宿料
寄贈品
歌会始
出走馬
出版権
退蔵品
鉄火巻
鉄火場
鉄石心
鉄面皮
鉄砲水
鉄道便
鉄鋼業
機内食
機帆船
機密費
機械工
機械学
機械油
機械論
機関士
機関庫
近代詩
近代劇
近地点
近体詩
近海魚
近視眼
近眼鏡
希釈熱
屈折角
屈折語
掘井戸
掘削機
慰安会
慰労会
慰問品
慰問袋
慰霊塔
温泉郷
温排水
練兵場
練習曲
練習帳
練習船
連小便
連子窓
連合国
連判状
連邦制
連隊長
連隊旗
連動機
連結器
連歌師
連鎖店
列伝体
会社法
絵図面
絵画館
絵草紙
絵双紙
絵草子
権利金
権威筋
観兵式
観念論
観客層
観桜会
観測所
観測船
観掌術
観察力
観察眼
観閲式
観覧券
観覧席
観覧料
話上手
話半分
話相手
母子草
母系制
牧羊犬
牧羊地
牧師館
求人難
救助船
救助隊
救命具
救急法
救援軍
救難船
救護所
球面鏡
告発状
告訴人
傷害罪
障子紙
制御棒
製氷所
製氷機
製氷器
製糸業
製材所
製版所
製油所
製革業
製茶業
製陶業
製紙業
製粉業
製粉機
製塩業
製鉄所
製鉄業
製糖所
製糖業
大入道
大人物
大八車
大上段
大小便
大太鼓
大公国
大手筋
大本営
大広間
大白鳥
大礼服
大気圧
大気圏
大回転
大団円
大自然
大豆油
大見得
大車輪
大往生
大英断
大和芋
大和詞
大和煮
大和歌
大海原
大神宮
大逆罪
大将軍
大部屋
大宮司
大根足
大根脚
大時代
大動脈
大黒天
大御所
大幅物
大衆化
大衆紙
大道具
大過去
大業物
大僧正
大腸炎
大福帳
大演習
大静脈
大熊座
大審院
大蔵経
大盤石
大震災
大憲章
大山木
太刀先
太刀持
太刀筋
太公望
太古代
太平楽
太陰暦
太陽虫
太陽灯
太陽炉
太陽神
太陽熱
太鼓腹
多毛作
多方面
多肉果
多肉質
多血質
多足類
多発機
多数派
多趣味
直走路
植毛術
植生図
植字機
植物油
食物油
植物学
植物界
植樹祭
置手紙
徳用品
徳義心
特別号
特別法
特別機
特売品
特売場
特価品
特待券
特科兵
特級酒
特約店
特産品
特許庁
特許料
特集号
左大臣
左心房
左心室
左団扇
差出口
差配人
祭壇座
賛美歌
甘納豆
甘露煮
押切帳
押寿司
圧縮機
圧縮器
敢闘賞
塩化銀
塩水湖
塩類泉
既往歴
既設線
既製品
概念論
気丈夫
気乗薄
気保養
気送管
気候学
気候帯
気動車
気無精
愛妻家
愛書家
愛鳥家
入会地
入園料
内反足
内国債
内接円
内証事
納戸色
納付金
納骨堂
納税額
南洋材
南極点
賃仕事
賃借権
賃貸人
賃貸借
男一匹
男文字
男性美
男所帯
寝小便
寝心地
寝正月
寝装品
寝業師
寝殿造
寝煙草
潜水服
潜水病
潜水器
潜伏期
潜勢力
心丈夫
心配事
心得顔
心意気
心電計
心霊学
心霊術
心臓病
惨死体
羊小屋
羊皮紙
洋皮紙
養毛剤
養父母
養育費
養蚕業
養豚場
養魚池
養魚場
養鶏家
養鶏場
養鶏業
洋画家
洋服屋
洋品店
洋裁師
象皮病
象徴派
象徴詩
栄養剤
営林局
営造物
営業費
画架座
桜前線
規則書
規格判
規格品
改進党
紀元節
記号論
記名株
記事文
記念物
記念品
記念祭
記者席
記憶力
記録係
起工式
起動機
起訴状
起電力
起電機
起請文
起爆剤
起爆薬
興行権
里言葉
里神楽
理事会
理屈屋
理神論
理財家
理想化
理想型
理想家
理論家
裏番組
鳥小屋
鳥打帽
鳥観図
鳥類学
薬包紙
薬用酒
薬局方
薬局法
薬事法
薬理学
労務課
労働権
漂流物
漂流船
爆裂弾
表面積
表情筋
長丁場
長町場
長大息
長水路
長四角
長広舌
長音符
長期戦
長談義
長談議
帳面面
常平倉
常夜灯
常得意
定得意
常設館
常備金
常備軍
常備薬
作為犯
作劇術
創作家
所有格
所作事
所持金
所得顔
所番地
訴願人
初一念
初生児
初年兵
初航海
初等科
将軍家
将軍職
装飾品
装飾音
床見世
床面積
床暖房
床運動
境界標
景教徒
影印本
強力犯
強化米
強行軍
強硬軍
強制力
強奪物
映写幕
映画界
競争心
競技会
競技場
競売人
競馬馬
知日家
知恵袋
知恵歯
知恵熱
知識人
聴取料
聴神経
聴聞僧
聴講生
声明書
聖公会
聖家族
聖誕祭
支出額
支度金
支配力
支配権
技能賞
技術士
枝折戸
枝垂桜
単子論
単孔類
単性花
単項式
弾着点
弾薬庫
戦中派
戦利品
戦車隊
戦前派
戦後派
戦時色
戦病死
戦術家
戦略上
戦略家
戦勝国
戦闘力
戦闘員
戦闘帽
展望車
展開図
脱毛剤
脱水機
脱色剤
脱走兵
税務官
税関吏
税関長
説明文
説教師
説経節
瀬戸焼
幻想曲
玄人筋
花文字
花水木
花形株
花供養
花屋敷
花粉管
花鳥画
貨物車
限定版
根菜類
眼鏡屋
銀本位
銀世界
銀白色
銀行券
銀行界
銀行家
銀行業
銀砂子
銀細工
店屋物
点火器
点眼薬
粘液質
粘着剤
帆前船
帆掛船
法人税
法王権
法学士
法治国
法律学
法律家
法律案
法華宗
法華経
法理学
法務局
品評会
快気祝
快男子
快男児
快速船
快記録
決定論
決断力
決勝線
決算期
決闘状
決議文
決議案
決議権
月世界
月見草
月経帯
外字紙
外気圏
外交員
外耳炎
外国債
外信部
外洋船
外祖母
外商部
外接円
外貨債
外輪船
冒険談
帽子屋
帽子掛
木工所
木工具
木太刀
木戸番
木石漢
木炭画
木食虫
木賃宿
木綿糸
木綿物
木綿針
目一杯
目分量
目見得
目的論
目鼻立
逃口上
逃避行
高山帯
高圧線
高角砲
高度計
高祖母
高級車
高高指
高島田
高温計
高等官
高層雲
高障害
高潮線
高調子
高踏派
高積雲
高瀬舟
県人会
県民税
県議会
毛皮商
毛唐人
毛細管
略記法
両性花
更生品
硬化油
硬骨漢
魚河岸
魚類学
漁色家
漁業法
漁業権
漁獲物
漁獲高
誇張法
華厳宗
華厳経
慣用語
慣習法
慢性化
漫画家
漫遊客
漫談家
面会人
満天下
満年齢
万灯会
綿火薬
綿実油
綿菓子
綿帽子
綿製品
千六本
千分比
進入灯
進入路
進水式
進行形
進行係
進歩党
進駐軍
集札係
集合論
集会所
集光器
集金人
集魚灯
集散地
雑役夫
雑役婦
雑貨商
雑報欄
三下奴
三角比
三角柱
三角座
三角旗
三角翼
三重苦
三冠王
三冠馬
三段目
三連符
三連勝
三等賞
三等親
森林学
森林法
森林浴
森林帯
検圧器
検事局
検波器
検定料
検査役
検査官
検案書
検眼鏡
検潮器
検閲官
検糖計
協和音
線維素
接合子
接合剤
接受国
接待係
接待費
接客婦
接客業
接骨医
監守人
監視所
監視船
監視網
監察官
鑑別所
鑑定人
鑑定家
鑑定書
鑑定料
鑑識家
鑑識眼
臨時費
臨港線
屋台店
屋形船
屋根屋
屋根裏
握力計
宇宙論
宇宙観
羽二重
羽団扇
羽根車
雨台風
時代色
時代物
時計座
時節柄
芝海老
志願書
耳小骨
耐久力
耐火力
耐圧力
耐熱鋼
能力給
能装束
仕切書
仕手戦
仕掛人
事業団
司法官
色事師
色素体
色情狂
遭遇戦
草双紙
草団子
草屋根
草創期
草競馬
造石高
造石税
造血剤
造林学
造船業
造営物
造営費
造影剤
幼友達
幼年期
幼児期
操車係
操車場
操業費
操縦士
繰入金
繰越金
劇中劇
需用家
乳児院
乳房炎
緑十字
緑内障
緑玉石
緑柱石
緑黄色
録音機
蔵屋敷
蔵書家
蔵書票
葬儀屋
葬儀場
郷土史
郷土色
郷土愛
形成層
形式美
形象化
形態学
形態論
耕作地
耕作物
幸運児
掛時計
危機感
傾斜計
恋女房
離乳食
離乳期
離座敷
離着陸
離間策
離縁状
卵胎生
玉子酒
劣等生
乱反射
乱数表
乱層雲
乱調子
裸電球
衣紋掛
穏健派
煙草入
煙草盆
印紙税
本予算
本因坊
本体論
本島人
本格派
肥満児
免税店
免税点
問題劇
聞上手
敏腕家
陸半球
陸軍省
陸海空
陸屋根
陸産物
陸蒸気
陸戦隊
全音階
選手団
選択権
選科生
選挙人
選挙法
選球眼
代理母
代議制
貸出金
貸費生
子午環
子供服
小馬座
思考力
思惑師
思想界
思想家
思想劇
側頭葉
測地学
測地線
測定法
測深機
測量船
測程器
測微計
即位式
即売会
即効薬
即興詩
富士絹
富士額
福寿草
福音書
遊技場
遊戯場
遊泳術
遊牧民
遊撃隊
遊興税
遊興費
遊覧地
遊覧客
農地法
農作物
農牧地
農業国
農機具
濃度計
肉用種
肉食獣
肉弾戦
復水器
復古調
復活祭
複十字
複本位
複写紙
複写機
複比例
福利表
複利法
複座機
複複線
報知機
脳外科
脳神経
脳梅毒
脳膜炎
冗舌家
尿検査
尿道炎
玉手箱
赤毛布
赤砂糖
赤道祭
赤道儀
赤新聞
赤鉄鉱
赤電車
赤銅色
陽極線
護身術
護送車
護送船
護衛兵
生存権
生地獄
生体学
生体膜
生兵法
生没年
生命力
生命線
生物界
生活力
生活苦
生活圏
生計費
生徒会
生菓子
生産力
生産物
生産財
生産費
性犯罪
性善説
敬老会
警世家
警戒色
警戒線
警防団
警官隊
警報器
警報機
警察犬
警察権
経世家
経師屋
経済人
経済法
経済家
経済欄
経産婦
経営費
経営権
経営難
経験談
経験論
軽口話
軽合金
軽業師
軽演劇
燃料棒
難行道
難視聴
難問題
熱処理
熱伝導
熱汚染
熱風炉
熱射病
熱帯夜
熱帯林
熱帯病
熱容量
熱量計
熱電対
熱器具
織物商
職員録
職階制
職務給
職業病
末代物
雲上人
田舎家
田植歌
田園詩
陳列室
陳列窓
陳述書
陳情書
天井値
天理教
構成員
構造式
講習会
講釈師
講義録
講談師
振出局
振動数
振舞酒
震源地
異文化
異教徒
異端視
翼手目
翌翌年
埋蔵量
流布本
流行目
流行眼
流行色
流行児
流行病
流通税
流動体
流動物
流量計
騒乱罪
掃除人
好一対
好下物
好天気
好色本
好色家
好角家
好材料
好取組
好結果
好戦国
好敵手
貿易商
腰弁当
腰布団
腰羽目
約束事
約定書
穀象虫
角細工
角膜炎
紅毛人
紅白粉
紅葉狩
紅衛兵
炭酸紙
前半生
前衛派
立小便
立太子
立方根
立会人
立行司
立体戦
立体鏡
立志伝
立見客
立見席
立法権
立往生
立脚地
立脚点
立替金
林野庁
林産物
葉菜類
葉緑体
淡水魚
淡彩画
淡緑色
談話室
廉価版
廉価品
廉恥心
岩石学
岩田帯
岩清水
旅日記
旅行先
旅行家
旅行記
旅芸人
旅興行
旅館業
食人種
食用油
食卓塩
食前酒
食品店
食道楽
食塩水
食糧庁
弓取式
留守宅
留置場
老人病
老大国
老大家
老練家
譲渡人
交譲木
白人種
白内障
白日夢
白玉粉
白玉楼
白地図
白灯油
白兵戦
白拍子
白砂糖
白雪姫
白鳥座
白装束
白雲石
白詰草
白鉄鉱
白鉛鉱
白髪頭
白銅貨
白熱灯
白熱戦
雪女郎
雪月花
雪見酒
雪辱戦
雪割草
雪景色
座頭鯨
翻訳書
変曲点
孤立語
礼拝堂
短毛種
短水路
短日月
短兵急
短音階
染色体
染物屋
染髪剤
風力計
風切羽
風水害
風向計
風見鶏
風刺画
風物詩
風物誌
風俗画
風致林
風速計
風馬牛
風鳥座
風景画
風雲児
早乙女
早少女
早生児
早仕舞
早見表
早教育
早産児
早場米
降圧剤
降車口
降雨林
降神術
降雪量
楽屋話
楽器店
犬畜生
僧帽弁
畑水練
意地尽
連分数
臨界点
催事場
生活環
七曜表
織女星
省資源
小見世
種概念
素反応
素因数
総二階
煙草銭
短期間
単糖類
定滑車
徒競走
通知簿
氏素姓
揚抗比
有尾類
雑所得
線維束
布団皮
安保理
易損品
一要素
一朱銀
一層目
一般席
田舎侍
薄紫色
歌合戦
宇宙博
運動領
映画狂
影響圏
英数国
英文科
栄養源
栄養短
閲兵台
大宮人
大御代
鬼刑事
親分株
会員章
海岸端
会計課
解散説
会社葬
界磁極
海水温
海賊王
海馬回
開腹術
隔月刊
角分散
革命児
掛小屋
過現未
火口丘
菓子折
過失犯
貸店舗
菓子盆
火星年
滑空機
可搬式
貨物便
空約束
仮契約
仮溶接
皮財布
革手袋
歓迎宴
関西馬
巻子本
緩衝弁
緩徐曲
関数族
漢蔵語
感熱剤
寒冷地
外国勢
該問題
岳友会
機関座
期待薄
軌道船
絹一匹
祈年祭
黄八丈
旧軍人
給料袋
強硬策
強硬論
教授陣
共和政
巨人軍
巨人党
去勢牛
近海物
金属片
技術面
行官庁
玉整理
銀交換
鎖伝動
屈折軸
苦味素
遇不遇
具申書
具体案
軍国調
軍当局
計算簿
経済戦
警備員
警部補
競輪場
決定稿
肩甲帯
検査員
研削代
研米機
芸術論
現体制
現内閣
好影響
高架線
交換嬢
甲骨文
高燥地
高木層
高野聖
高陵土
港湾局
国防論
古生界
古代切
古代裂
寿教室
顧問団
獄中記
誤投下
最賃法
細動脈
採綿器
作業班
左中間
殺人狂
殺人犯
撮像管
三悪趣
佐幕派
左右軸
三国志
三尊仏
散歩道
三眠蚕
在東京
雑居地
雑文家
暫定案
示圧計
子音群
止音器
市街図
止血帯
指掌紋
紫震殿
糸状虫
自然増
自然律
下着類
視地平
七面体
執金鋼
脂肪心
脂肪体
社会層
釈空海
斜投影
収集魔
守護霊
取材班
出穂期
松根油
照射野
小主観
掌中本
商店主
焦電気
小東京
消毒液
商人街
書記補
食肉目
植物誌
食連星
処生訓
指了図
深紅色
進行相
新正月
親展書
新内閣
新発明
真犯人
新聞舗
深夜族
時局柄
自公民
地獄変
辞職願
辞書類
時事論
地蔵尊
実数体
実関数
実名詞
磁方位
事務屋
地元民
弱電器
純収入
純良品
娘子軍
畳成語
条里制
上腕筋
女性軍
女生徒
女性徒
地雷火
水酸根
水平翼
静圧比
生活法
青化物
正教授
整経機
成功裏
製作所
生産額
制酸薬
製材業
清子音
政治色
生得権
生徒数
青年輩
製氷皿
世界新
積算法
石油王
節炭器
線織面
戦時下
先生方
先先週
先着順
専門職
前車輪
前進角
前住所
草月流
繰糸機
早春賦
早東戦
総務局
早明戦
総予算
組織体
措辞法
増加分
増税案
帯黄色
対生葉
逮捕歴
太陽光
多音節
多極化
単位元
単勝式
大歓迎
大極殿
大西郷
大祖父
大納言
奪三振
脱石油
脱炭酸
団菊祭
団地族
知覚知
力関係
畜産業
知識層
知情意
茶器組
中以上
中辞典
沖積統
中毒死
超大型
調合剤
珍現象
定期便
適時打
鉄砲座
天台宗
天然塩
電動式
電報局
投機熱
登記簿
透視図
東照宮
当直員
都議選
徳川方
徳川家
徳川勢
登山口
登山帽
特級品
動安定
同郷人
道議会
道交法
銅相場
動物達
同母姉
土台石
読解力
努力賞
内角球
内臓弓
難波潟
生学問
並製品
難事業
日運動
鈍黄色
日本領
入金票
入港税
燃焼炉
年齢順
農漁民
排気口
排気弁
排障器
排水孔
延縄漁
破戒僧
白金族
判決文
売却益
貝独楽
被害届
筆記具
筆耕料
必読書
平教員
平党員
微分商
秒時計
深緑色
仏文学
風土記
付年表
浮遊物
噴飯物
舞楽面
部長閲
物価高
文語調
文士連
分相機
文明館
勉強机
放火魔
放生会
包装紙
放送網
補強筋
某高校
暴風域
埋伏歯
未踏峰
未登峰
身分柄
民社党
明朝体
無響室
名作選
名詞句
名投手
名場面
毛製品
猛練習
百千鳥
安月給
大和心
友人間
誘電子
有力馬
輸入盤
要確認
養殖池
容積比
揚炭機
揚陸料
立明戦
緑白色
臨床医
隣接県
励振管
錬丹術
練丹術
労働相
若夫婦
悪知恵
木金土
火木金
三軸室
支持力
上載圧
拘束圧
実験値
主応力
非排水
試験機
液状化
地表面
細粒分
脱気水
正規化
全自動
励振器
励磁損
励磁機
変調器
導入部
主信号
混合器
高優先
回折損
液晶盤
裸婦画
猛特訓
猛勉強
玉音盤
格理論
項位置
合理論
自然類
主要部
先行詞
超規則
道具論
葉節点
不飽和
論理和
天井扇
姫御子
参院選
承認図
変成器
補佐役
意見書
米市場
看護師
得点圏
内安打
愛校心
愛党心
悪玉化
悪宣伝
暗号帳
位相差
修了証
意識下
意匠権
慰労金
移転先
医療費
育児書
一体感
一等地
印刷屋
引力圏
陰極管
運動家
英語劇
英語圏
英米人
英米法
駅長室
越冬隊
演習場
演奏家
鉛直線
欧米人
温泉宿
音楽隊
仮登記
加速器
家計費
歌劇場
歌唱力
花火師
花盗人
菓子器
課題曲
貨物室
会計係
解決法
解散権
解説書
解答欄
解放感
開放感
改札係
改札掛
改造車
改良品
海外版
海賊船
開催国
開催地
開拓地
開通式
開幕戦
革製品
革命軍
学芸員
学生課
学年末
活動力
巻頭言
慣用音
観劇会
観光局
観賞魚
鑑賞魚
観測網
関係詞
関数論
企画課
基準点
基本語
奇術師
奇想曲
寄港地
機械科
機関室
機関長
記念樹
技術料
義務感
喫煙所
脚本家
逆転層
吸湿剤
吸収力
給水車
虚脱感
距離感
漁獲量
競争馬
教務課
教養部
興行界
禁煙席
筋肉質
金魚屋
銀時計
駆動力
駆動輪
空気穴
屈曲部
訓練所
訓練生
契約金
形式論
形成期
形容語
経済面
警察力
警備隊
軽量級
芸術品
劇場街
建設費
建築業
憲兵隊
検出器
権利書
研究科
研究心
研究費
原子論
厳冬期
現代劇
現代史
現代版
現地人
限定詞
個体群
個体差
古書展
固定票
故障車
枯葉剤
後半期
語学力
交響詩
口話法
工作室
工場長
幸福感
広報課
広報誌
控除額
校長室
構成比
構築物
甲板員
航海士
行楽客
行商人
行政学
講演料
高音部
高度差
高等科
合格点
合成音
合奏団
豪華船
国語学
国際線
国内線
国内法
砂糖水
最終案
最北端
採石場
採点表
細胞壁
材料費
作業員
作詞家
作用点
殺陣師
雑貨店
参加国
散兵線
仕事量
司令塔
四季報
始発駅
姉妹校
市販品
志望校
指揮権
指導員
指導力
支給額
紙細工
紙吹雪
紙製品
試作車
試乗車
試聴室
資金源
資本力
治療費
自習室
自信家
識別力
執行部
執着心
執務室
質量数
実業界
実験場
実体鏡
社長室
車掌室
車内灯
手羽先
手配書
受信料
受領書
授与式
収益金
収集家
修正液
集中力
住居跡
住宅費
重圧感
重量級
出演料
出世魚
準備室
順応力
処理場
初飛行
助手席
女子校
女友達
小品集
少数派
承諾書
消防法
照会先
照準器
賞金王
障壁画
上腕骨
乗降客
乗船券
常識家
常識人
食文化
信仰心
心拍数
振付師
振動計
振動子
新刊書
新人賞
新造船
新年号
浸透圧
申告書
申告制
真実味
真理値
親切心
親日派
人形劇
人事部
人情話
図書費
図像学
随筆家
随筆集
髄膜炎
世帯数
制動灯
社民党
売春宿
性行動
性衝動
性道徳
性本能
成長期
政権党
政府米
整骨師
整数比
整数論
整髪剤
整髪料
整備工
生息地
精算所
精算書
精肉店
精米所
聖火台
製作費
製造所
製本屋
西洋史
青果物
積分法
切迫感
接近戦
接続駅
設備費
専攻科
専用線
戦車兵
船長室
選挙民
全国紙
素人筋
組合員
組合費
組織学
組織票
倉庫番
操作盤
相似点
相続権
総務課
送付先
測定器
測定値
測量器
測量士
尊厳死
多数党
太陽風
打撃戦
体育祭
対数表
待避所
大型車
大衆車
大病人
単数形
嘆願書
短大生
短編集
団体客
弾性体
男子校
知日派
地球人
地獄耳
中心部
中隊長
中和剤
抽出物
抽象化
注文書
貯水量
貯蔵庫
調査員
調査団
調理法
直行便
賃借人
通産相
通知状
通訳官
低音部
停泊地
定期戦
定常波
定年制
提出物
哲学書
展示場
展示品
展望塔
転居先
転送先
転入生
転任先
伝導体
電子音
渡来人
登山道
登録料
都市部
投手陣
投手戦
投手力
投書箱
投票数
東洋史
当歳馬
当事国
統語論
統率力
豆腐屋
同系色
同国人
同情票
道徳上
桃花鳥
得意客
得票数
特製品
特選品
特大号
特注品
特等席
特別室
特別職
特別席
読取機
読取器
二極化
二重丸
二分法
日程表
日付印
入館料
入場式
任命権
認証式
認定証
年代物
燃料費
納品書
納付書
農学部
配水管
梅雨空
白色光
発信局
発着所
発売元
反射角
反射光
反省会
反則金
反対派
版画家
繁殖地
繁殖力
販売元
販売部
販売網
批判力
疲労感
秘書科
被害額
備考欄
美術書
美術商
美術展
美術部
標識灯
標準型
表現力
描写力
不変量
舞踊家
舞踊団
副詞句
復元力
復原力
復刻版
覆刻版
複刻版
複製品
分隊長
分布図
分離派
紛失届
文教族
文章題
文法書
平常心
閉会式
編集局
弁当代
保育料
保健室
保険屋
保守派
保存料
捕物帳
歩合給
補給線
補佐官
補助員
補助線
奉仕品
宝石商
宝石箱
放映権
放水車
法改正
芳香剤
訪問客
冒険家
冒険心
防衛費
防護壁
埋葬地
慢性病
満足感
漫画本
漫才師
未開人
未開地
未来学
密輸船
名人戦
命名法
明細表
迷彩服
免許制
面会室
模造紙
目的物
薬学部
油圧計
輸送力
優勝戦
優先席
優良店
有価物
有効打
有望株
有名校
遊休地
予備軍
予約係
予約制
予約席
預託金
養殖場
翼面積
理工科
理事国
理想論
両替所
料金表
料理番
療養費
量記号
量販店
領海線
類似品
冷却液
冷却水
冷蔵室
冷凍機
冷凍器
冷凍室
練習機
練習所
練習生
連続体
露出狂
労働法
和声学
和声法
大洋州
三国人
保佐人
補助人
合議体
紹介文
三悪道
対世効
無認識
平水夫
微温湯
異人種
異民族
胃拡張
黄土色
街宣車
間氷期
丸屋根
円屋根
喜望峰
逆回転
急展開
極低温
銀灰色
軽電機
絹層雲
巻層雲
後置詞
後背地
公権力
硬骨魚
鉱産物
今川焼
紺飛白
再加工
再販売
最後列
三和音
不生女
産油国
始生代
子安貝
小安貝
私家版
実定法
車前草
大葉子
十姉妹
書見台
諸経費
序二段
小太鼓
消息子
新生活
性科学
生野菜
税収入
舌平目
船会社
前宣伝
帯広告
帯番組
大仕事
大所帯
大代表
大納会
大発会
大発生
単母音
仲見世
長母音
転貸借
独航船
日計表
農学校
配偶子
浜千鳥
浜木綿
副音声
補集合
防風林
無安打
無国籍
無思慮
名文句
矢車草
夕景色
葉煙草
葉鶏頭
裏街道
陸海軍
立面図
冷暗所
冷暖房
四十路
水不足
大年増
全日本
宇宙研
医科研
多言語
情報学
精算人
署名鑑
好選手
通訳人
水道水
顔文字
悪液質
安全帽
暗紅色
位相語
異数体
移住民
衣装方
遺棄罪
遺存種
一次式
一太刀
一般角
一般式
引用書
右胸心
宇宙病
宇宙法
羽隠虫
羽状脈
運動学
鋭先形
円環体
鉛公害
鉛室法
鉛直面
塩化金
塩化鉄
塩化銅
塩辛声
塩素水
横領罪
温帯林
下属音
仮道管
仮導管
価値論
加熱器
加熱炉
夏布団
家長権
家庭医
科学史
果菜類
河海豚
川海豚
河跡湖
火工品
火山雷
花式図
花信風
華字紙
菓子皿
過越祭
過給機
過熟児
過熱器
過冷却
画学生
解釈学
解離熱
回転角
回転計
回転子
回転窓
回転体
回転面
快楽説
海人酸
海成層
海跡湖
海洋法
海陸風
灰重石
灰色熊
灰吹法
界磁石
絵空事
絵空言
絵物語
辛子色
辛子油
開放創
外陰炎
外貨建
外気浴
外航船
外国法
外骨格
外車船
外出血
外性器
外務員
外惑星
確信犯
角距離
角質層
角測量
角目鳥
閣内相
隔膜法
隔離説
学習机
額面株
我楽多
冠不全
寒紅梅
完全数
官能基
干海老
感染源
感熱紙
換羽期
環境権
管継手
管状花
肝吸虫
総務省
環境省
財務省
内閣府
臨時工
譲許表
未知語
抵抗体
道徳劇
長電話
日常品
村議会
申立人
諸条件
入出金
調査部
受講生
英国民
大火傷
急斜面
豆知識
無宗教
入門書
着手金
口述権
貸与権
親方株
留守録
英英語
鉄格子
二次体
玉筋魚
小女子
短母音
揚音符
鉱物油
裁断機
人民元
被造物
大法官
多国間
改革派
改正法
環境法
肝機能
肝不全
間接費
疑問票
公企業
工程線
高帯域
市販薬
試験薬
事故死
失見当
出血熱
純利益
信任票
信用買
政府軍
生産量
接続料
線量計
大恐慌
大銀行
大衆薬
男女比
地上戦
地方局
通信料
低体温
独唱会
内科学
熱疲労
売上税
陪審制
半棒術
貧困線
不交付
放送権
法史学
無効票
利益幅
裏取引
六尺棒
針治療
旧漢字
同人誌
番号帳
長柄刀
野太刀
長太刀
長刀術
北東風
白鼻心
期待権
私人間
再生紙
補助輪
運営上
健康上
好条件
高金利
国民党
最上階
最年少
最年長
市庁舎
何方道
翻筋斗
個人戦
団体戦
開口数
実体験
手作業
最終章
住環境
重軽傷
小型車
小動物
小論文
少子化
少人数
数箇国
数箇所
双方向
大金持
大発見
調査官
長期間
直営店
賃貸料
冬作物
同年代
入退院
年度末
筆忠実
不美人
物干台
賦存量
未処理
名演技
友愛会
夕御飯
旅客船
両方向
青粉毒
道州制
光解離
丸一晩
中高年
大師範
丸網機
王太子
王党派
工場主
君主制
君主政
大天使
遠征軍
四神獣
多者間
関東軍
五車星
生命体
天帝星
流浪人
州議会
州議選
救援隊
間伐材
秘密裏
要介護
研修会
通信文
下宿生
熱発生
底意地
地縛霊
自縛霊
自爆霊
新開発
入植地
照明灯
狂牛病
協議書
商品力
農漁業
紙風船
未開封
小太刀
専門誌
係助詞
沈金彫
仕入高
論理積
負論理
声明文
請願権
高成長
経財相
組織図
外適応
開教師
翻訳調
魚料理
保温材
端子台
銀行印
幹細胞
部単位
絶滅種
即返事
即返信
空白文
指示子
脱衣室
通路側
調湿剤
理髪室
噴射式
起震車
多民族
陳列品
霊長目
大冒険
食洗機
絞刑吏
膨張剤
色校正
若者頭
年寄株
決定戦
新弟子
心技体
審判長
三役格
幕内格
十両格
幕下格
準優勝
同部屋
初土俵
初優勝
不戦敗
部屋頭
星取表
控布団
控力士
勝負俵
大横綱
大金星
推挙式
四本柱
準年寄
二段目
新十両
新入幕
新三役
新大関
新横綱
再十両
再入幕
絵番付
板番付
水引幕
優勝額
再出場
根岸流
紙番付
力士会
断髪式
道産子
道産娘
場所入
番付表
常陸梅
悪送球
味加減
無彩色
五面体
受取書
強電線
弱電線
七方出
万力鎖
取扱書
出張費
登山隊
温泉地
黒御影
雨波貝
北寄貝
増粘剤
安本丹
能天気
能転気
脳天気
制汗剤
粘液便
正論理
格助詞
企画部
清水器
試用版
縦横比
名詞節
付加語
建具師
蔵書印
共依存
輸入量
指定詞
導波路
手取金
電子線
昇圧機
劇場版
礼拝所
連合体
木炭車
巡回僧
全面安
遺体袋
性産業
部長付
調査役
副長官
買物客
安全圏
性体験
返読点
農業家
農場主
不足分
半島国
半島人
大建築
機関手
配置薬
大会社
登録証
肺実質
答弁書
登下校
中継網
中屋敷
貯金帳
無教会
改善点
受信箱
外交史
自由人
自由画
女子部
大爆笑
大欠伸
投機師
細工師
経営面
耳年増
厚労省
参加費
悪知識
植物相
接尾詞
経産省
大画面
自走式
引換証
文科省
検討会
横架材
独居房
文化省
二重腰
無党派
標本室
辞書学
審判官
鹿尾菜
水平軸
再委託
稲荷揚
療法士
石刻文
本選挙
入口点
高床式
副総裁
光造形
大混乱
務長官
本部長
憲法上
正露丸
征露丸
投薬量
政調会
弁明書
外交術
農水省
農水産
投開票
魔女子
大事業
必殺技
国緊隊
分社化
促音便
白妙菊
昨年夏
党首脳
野生犬
過電圧
加電圧
犯罪歴
符号語
陳情団
光熱水
総支部
複合機
中継地
空乏層
耐火物
申込人
調整値
赤酸塊
黒酸塊
房酸塊
交流会
満作科
一財産
放射角
光陰極
熱陰極
異人館
田虫葉
金糸梅
紫式部
小真弓
白雲木
山法師
山帽子
赤四手
輝安鉱
警備兵
負傷兵
八十代
昼食代
車載器
不快感
行動学
省略形
変化形
変異形
酸性土
闘争心
裏工作
学務課
心膜炎
負電気
負電荷
歯周病
小忠実
反義語
水文学
外国産
基本法
好印象
草石蚕
大変化
宇宙像
非摂動
強結合
厳密解
弱結合
近似解
重力場
物性学
放射光
非破壊
風信子
小田巻
男友達
鬼課長
鬼将軍
尾羽根
親時計
女主人
解氷期
退任展
裁判員
散布図
分散図
推移図
総合職
電磁弁
客単価
集客力
兄者人
不可算
介護士
保湿液
短角牛
長角牛
非主要
名容詞
芸者屋
平社員
特攻服
料理長
大海老
校閲係
大怪我
大試合
小部分
小企業
小部屋
小取回
支持層
妙竹林
入構証
増改築
星河豚
二交替
反対番
加工乳
低脂肪
木目込
貿易上
大変革
勉強会
個体数
未確認
低燃費
停車駅
豪速球
占星学
好業績
地味婚
特別展
星勘定
九柱戯
歴史書
生理痛
皮膚炎
空気圧
会計簿
荒治療
最速化
問題視
疑問視
古着屋
所属長
大火事
高利益
実空間
記念誌
宝飾品
京阪奈
意味深
岩盤浴
後夜祭
最優先
通過点
四分位
親代代
円関数
誤認識
心拍計
彼自身
存在感
一本化
米連邦
拡張子
野武士
分教会
髪文字
青坊主
中童子
肉食鳥
土佐犬
短周期
不支持
高齢化
頭子音
末子音
対馬音
漢字音
革表紙
皮表紙
金型費
箇国語
殺処分
事実婚
結納式
絶好調
特許品
飛距離
火皿貝
落下物
中心街
日本初
貸金業
保険業
住空間
剣闘士
二等車
写真画
相矛盾
臨済宗
様子見
副流煙
観相術
外事課
一芝居
私年号
五葉松
生産児
利酒師
外宇宙
統語法
記者室
総書記
温泉卵
橋本病
空手着
剣道着
天井画
大打撃
音博士
四脚門
貿易船
身障児
漁船員
清掃員
家畜商
大衆魚
無人駅
名門校
代書屋
校務員
獣医師
決定打
京言葉
重視型
宗教色
太鼓台
収蔵庫
胎蔵界
大日経
大自在
土産物
鎮守社
学問所
開山堂
念持仏
唐草文
総裁選
新陰流
時限目
薬業界
日本円
野戦砲
入管法
脳血管
刑法犯
自然史
剣道場
支配下
延喜式
使命感
終助詞
刺激薬
今週末
脱構築
全財産
副助詞
申請人
国家間
目的税
実行犯
新発見
両国間
主要因
平均台
陳列台
悪党面
記録面
金市場
男生徒
男性徒
太陰月
無名骨
日朝間
設計書
作業量
大角豆
交雑種
異性愛
不正常
群青色
収納室
収納庫
混合薬
感性界
感性論
監視員
腐女子
貴腐人
年寄衆
水産品
支援策
輸出額
無公害
審議官
案内人
怪電話
経理部
不信感
経理課
聴解力
首長国
浪費家
七変化
世界初
世帯員
信用残
超限数
業務課
業務部
輝銅鉱
業務上
固有種
吸水管
求積法
旧石器
急転回
教戒師
身八口
浴衣地
中高型
頭高型
尾高型
平板型
重犯罪
故意犯
身請金
形式上
議運委
施設庁
防止策
事情通
不採算
日本新
秘境駅
版権物
調度品
文章体
落羽松
給油機
脳年齢
面接官
普通紙
商売女
殺人課
輸入米
国産米
新素材
学士号
合計数
回想記
武勇談
体操服
秋明菊
豆黄金
収集品
携帯型
馬鹿穴
最重要
魔道士
魔導師
魔導士
魔道師
五本指
温度差
日本鹿
譲受人
支出金
電視台
分裂病
関連語
不織布
水和物
不登校
舟状骨
中止法
中止形
作業着
無農薬
普通体
大躍進
郭言葉
遊里語
理容室
勝負服
坊主畳
没風流
爆発音
防衛省
防衛力
大浴場
現実味
悪印象
持久走
小便器
金準備
一形式
万葉調
着信音
大迷惑
非軍事
新冷戦
赤水晶
総重量
花嫁姿
食事代
会費制
警戒感
全方位
夏至祭
旅行券
色無地
色指定
色指数
奉書紙
共作曲
現地着
当社比
現場着
重力子
蔵骨器
調査課
心情論
自己満
無足人
過去問
尊大語
大部隊
吸収体
総画数
農園主
学生会
清潔感
結納品
動画家
集合知
半通夜
食器類
重電気
再就職
組織論
感染病
太鼓虫
治療薬
人工弁
負担感
改良型
安定期
降誕祭
丁度今
大流行
保安係
市民軍
大陸法
宗教法
脈絡膜
肺動脈
案内役
呼吸筋
長方向
慎重論
脳損傷
松果体
一欠片
一騒動
細胞間
移民局
卵料理
同性婚
構造物
新首相
万霊節
焼香台
手紙文
医師団
研修医
血流量
検査法
反射波
尿酸値
認定医
若年層
正常値
拡張期
収縮期
石灰質
血管壁
脂肪肝
海綿状
脳組織
粉末状
肝細胞
一分野
一家族
地上絵
筋硬直
急性期
慢性期
抗老化
性機能
脳底部
栄養物
断層像
即死亡
健康人
仕事口
白海豚
最高刑
至福感
内面化
無力感
超自我
産卵管
外呼吸
内呼吸
肺呼吸
外来種
手術代
大失敗
統一感
影富士
技術点
講書始
皇族費
菊花章
仮眠室
難読語
非協力
問題群
新概念
敵対国
用語法
関税局
外来魚
理念型
宅老所
託老所
身分証
公述人
猟官制
特別会
仕事始
忠誠心
交通課
内閣法
打開策
法輪功
国務院
浮気心
感染力
死亡例
感染例
脳動脈
報告例
修理店
販売員
大勝利
最後尾
情報通
資金力
夫婦間
乾燥感
新成人
幼少期
大事件
新設校
上座部
新宗教
金光教
大本教
霊友会
沖縄戦
脱獄犯
無回答
恋愛運
結婚運
仕事運
健康運
勉強運
八正道
八聖道
三法印
大衆部
失敗作
記者証
演技力
死刑台
州警察
検死官
宣伝部
奥義書
連座制
卒園式
輸入国
帝揚羽
楽天地
白点病
大進歩
勤務医
数直線
大人数
点数係
族議員
新進党
産学官
逆方向
強盗犯
大学校
古賀派
町村派
山崎派
高村派
為公会
雑誌社
起業家
灯台草
厚労相
外無双
内無双
大逆手
黒人兵
禁固刑
多毛類
激戦地
入社式
差別語
送風口
独身男
新人類
大募集
焼菓子
有理化
有利化
活人剣
犯人像
密出国
歌番組
気取子
非識字
新平民
関東煮
白身魚
赤身魚
車検証
毛表皮
紹興酒
中国茶
中国酒
日本通
双線形
双線型
登場感
発酵病
北前船
再発信
貿易量
特急便
再配達
圧縮袋
新体験
新政府
学会誌
小売値
衣料品
名刺大
昭和史
早退届
男性観
女性観
技師長
海賊旗
矢車菊
二輪草
山吹草
乙女桜
朝霧草
大学芋
炭素税
代動詞
沼沢地
記録会
抑止力
最新鋭
総所得
女性語
客室係
社説面
大事故
陰陽暦
老朽化
物活論
無答責
基本金
六国史
日本紀
日本米
開音節
鼻母音
大和文
開口音
合口音
石地蔵
助産師
強談判
擁護論
予算委
周産期
離婚届
天保暦
法師髪
一般医
公欠届
出来婚
指小辞
給紙機
表現法
形式知
暗黙知
準体言
定動詞
本動詞
道府県
後頭葉
頭頂葉
前頭骨
側頭骨
後頭骨
神経筋
疑問点
年相応
歳相応
返答書
合計額
手柄話
卵円窓
正円窓
毛様体
朝自習
防衛策
木彫師
万聖節
自然体
反射能
吸煙器
氷下魚
都知事
少糖類
多糖類
仕掛品
熱分解
大豆粉
古書店
担当医
花見酒
汽水湖
氷河湖
背表紙
伝来語
大至急
中国史
台湾茶
残存種
洗剤液
分波器
面倒見
老婦人
通知書
若衆道
人鳥類
国籍法
不突合
枝尺取
白衛軍
府県制
一見客
準新作
本波布
真穴子
人間型
大女将
若女将
超保守
背理法
排中律
語用論
三分法
同一律
学校祭
大学祭
国語科
非常食
唱歌集
集合財
私的財
総需要
海綿体
前庭球
技術屋
死荷重
静荷重
下級財
上級財
逆進税
比例税
記憶術
多関節
自由財
座頭虫
耐久財
中間財
劣等財
優等財
正常財
名古屋
北九州
権兵衛
三合会
初会合
月中旬
駐機場
便失禁
介助犬
人面魚
斜長石
学術誌
胎生学
金花虫
歩行虫
姫黄金
甲虫目
源五郎
鉄砲虫
真海豚
大角羊
条海豚
巨頭鯨
赤坊鯨
扇歯鯨
五島鯨
稲象虫
豆象虫
大象虫
真章魚
眼仁奈
団子虫
小網座
眼鏡熊
水章魚
鳥盤類
天南星
里芋科
順序数
立田揚
周期表
被昇天
三博士
無原罪
創造論
超長波
光伝導
光電導
受注額
水素化
酸素酸
人工肺
水銀剤
白金黒
操作部
制御部
処理部
記憶部
送信部
孤立感
自傷癖
中間値
長元坊
吹出口
中央値
自白剤
投稿文
金属音
慈悲殺
示性値
精神波
国交省
受発注
大佐賀
非売知
比売知
赤目魚
眼奈太
総議員
白色体
木登魚
公公然
紅団扇
説話集
計器盤
人屋根
一夜干
二十脚
内乱罪
集団犯
強盗罪
結合犯
集合犯
地獄道
人間道
三皇后
歯膜炎
人格神
原始星
南十字
十字座
十二直
宿曜経
行程表
準教授
青人草
路線図
受信音
衣魚虫
雲母虫
浜防風
九州弁
東北弁
食品群
未成熟
連勝式
音変化
外果皮
内果皮
中果皮
裂開果
医学書
神聖視
感動文
感嘆文
継父母
副部長
二十路
猟友会
九十路
食用花
高灯台
数時間
集中型
言葉数
読者数
浸透印
原子団
半数体
二倍体
早稲田
外出先
屋久鹿
台湾鹿
全粒粉
水上機
水上下
動作主
仕掛物
田楽焼
田植踊
地球照
県病院
婚外子
四種姓
無修正
法相宗
整合説
対応説
仏心宗
多雨林
上新粉
転法輪
証拠品
土産品
倉稲魂
宇賀神
医方明
如来蔵
置時計
山水牛
訂正印
桜海老
新当流
常不軽
真言宗
大発作
小発作
立体視
古皮質
旧皮質
新皮質
外障眼
全体論
後成説
前成説
共感覚
越冬地
夕影鳥
浅羽鳥
文目鳥
勧農鳥
早苗鳥
百声鳥
無常鳥
田長鳥
油点草
時鳥草
呼子鳥
合法鳥
大百舌
鬼郭公
行行子
仰仰子
石千鳥
米利堅
小千鳥
黒歌鳥
食細胞
卵胞期
下垂体
喜知次
来次第
不可得
出納帳
網闘士
制気口
肉団子
精進物
重陽子
大富豪
卸会社
五角柱
六角柱
八角柱
半固体
内骨格
円口類
糖脂質
芳香油
足根骨
中足骨
手根骨
中手骨
床掃除
相転移
太陽鳥
太陽潮
太陰潮
大不敬
謀大逆
銭貨学
私鋳銭
端黄卵
等黄卵
海盤車
単純泉
酸性泉
酒石英
牛海老
噴出岩
沈積岩
二文字
時計草
小胞体
岩流圏
州権論
長鼻類
少林流
正断層
逆断層
公会議
熱的死
同族列
同族体
中立説
共進化
赤芽球
変形体
波状熱
解決済
色見本
機織鳥
千歳鳥
弓作成
黒揚羽
並揚羽
知知武
自己目
野球帽
紅毛船
臨床上
無足類
針金虫
輪虫類
腹毛類
線虫類
線形虫
投機筋
慣用法
大原則
総務相
多角化
多年生
波布草
想像上
防衛戦
防衛線
唐当帰
自然食
輸出国
長寿命
雇用国
射干玉
野干玉
無着色
連絡網
事例集
上気道
士師記
共鳴器
発音器
問答法
産婆術
等値面
蒸発岩
仏教書
仏教家
散布体
二畳紀
奥陶紀
原生代
完新世
更新世
鮮新世
中新世
始新世
最新世
現在世
運賃箱
偶然論
黒雷鳥
古神道
前頭筋
眼輪筋
口輪筋
大胸筋
縫工筋
僧帽筋
広背筋
平目筋
外転筋
内転筋
凝集素
凝集原
掛茶屋
海綿質
海綿鉄
威儀細
五奉行
五大老
遊水地
天気雨
庭見草
初時雨
空気袋
決定木
料理書
水深計
残圧計
土産店
主原因
転出先
統計法
転出届
水平社
六観音
六地蔵
六道銭
七観音
大谷派
高田派
木辺派
山元派
鎮西派
西山派
閉鎖式
歌劇団
百合科
貧毛類
抗血清
血清病
脱感作
除感作
動原体
微小管
鉄骨造
推論式
推理式
減感剤
輪胴式
偶関数
奇関数
話題作
激励会
満州族
帰宅部
異端児
巻頭歌
手水舎
再転送
指燃草
美化語
毒電波
火山群
火山砂
火山列
火山毛
昇華熱
風配図
根本悪
張力計
所属先
諸元表
一段上
普通話
矢視図
変動費
秋分点
冬至点
酸化数
多胎児
小口径
高収入
提案書
牛乳計
豆腐乳
桜桃忌
食用菊
料理菊
色茶屋
書籍館
鉛筆画
視等級
交番所
運動部
文芸部
準惑星
孤独感
母文字
文字詞
宝飾店
作編曲
舌三寸
火車婆
珍走団
労組法
双極子
方鉛鉱
量子数
並行論
相制説
重粒子
軽粒子
粒子線
小胞子
大胞子
半整数
直言歌
乗継便
太鼓打
最悪期
近点年
近点月
恒星月
恒星天
恒星表
児童会
頭状花
二次林
加圧器
面積計
臨界角
内容語
横海老
端脚類
浜跳虫
気功師
母平均
前年比
全画面
縦座標
総秘書
地域色
川八目
砂八目
武士詞
武者詞
経由地
前意識
理性論
九谷焼
彼岸桜
丁字桜
大島桜
富士桜
夜開草
河豚毒
多用途
名目上
要出典
葉書大
林務官
失敗談
花角力
小悪魔
普化宗
明清楽
前駆体
白羊宮
双児宮
処女宮
人馬宮
騎射宮
双魚宮
茶立虫
埋葬虫
馬追虫
挙尾虫
竹節虫
世界線
銀河群
銀河団
逆縁婚
米食鳥
進学校
礼奉公
走行会
進行波
物質波
波動説
物質量
声聞僧
検知器
陰謀論
陰謀説
十八禁
大連立
順不同
敬称略
表現型
代表権
在留届
変更届
空燃比
汽水域
税負担
鉄酵母
銅酵母
超空間
糸球体
抱合語
包合語
後氷期
連鎖群
倍数体
一倍体
三倍体
基本数
四倍体
警告色
性細胞
体細胞
娘細胞
嬢細胞
絵手紙
午後一
深層水
底層水
中層水
上層水
予報円
着衣泳
地元語
精米機
経済史
経営上
採金地
手操作
雑貨屋
護教論
意味不
行刑官
進行役
戒律宗
純正律
純正調
調子笛
十二律
六調子
壱越調
太食調
大食調
陽音階
陰音階
律音階
風俗嬢
天人鳥
洗口液
香雨鳥
降河魚
降流魚
昇流魚
生態型
地方型
陸封型
降海型
湖沼学
陸水学
湖沼型
頭胸部
出糸管
担子器
胞子体
配偶体
造胞体
花独活
運動着
概念化
低木層
草本層
軍配虫
黄立羽
男根期
板皮類
中間圏
電離圏
磁気圏
吸虫類
肺吸虫
片山病
能力値
真羽太
赤羽太
本諸子
帯水層
打撃数
打席数
犠牲打
天平尺
棒人間
編集版
宣伝文
金鉱脈
服飾店
塩基対
三大洋
裁量権
八尋殿
関八州
空腹感
道陸神
絵馬堂
絵馬殿
式部職
権現造
天満宮
引赤薬
発赤薬
神楽笛
式年祭
神楽殿
教部省
時代祭
例大祭
神社局
無格社
神田祭
全真教
大社教
神理教
神習教
実行教
黒住教
大成教
神宮教
犬四手
熊四手
要治療
陽明学
低料金
初出場
歯列弓
大阪弁
程朱学
性理学
検潮儀
検電器
中子星
足垂星
雨降星
稲見星
土人形
標本化
常盤桜
高圧水
桑白皮
大型化
類型化
模型化
四等官
常香盤
調光器
法句経
通用口
法規制
書記素
世界樹
落書帳
静音化
一体型
十辺形
辞書形
句動詞
触知覚
黒魔術
白魔術
経験値
帝国兵
魔道書
魔導書
最高額
深径覚
準同型
和集合
閉区間
零因子
有限型
十二経
雨四光
倹約令
現在形
誕生会
副詞節
掃除魚
五文型
心血管
中書省
門下省
利用料
都察院
請求項
真河豚
箱河豚
給食室
複勝式
複試合
古雑誌
古時計
立志式
感電死
文否定
語否定
準否定
側女房
郷里制
弾正台
司法省
呼吸孔
千里竹
高麗笛
文明史
古英語
中英語
非定型
否定形
備前焼
満州語
立毛筋
起毛筋
平滑筋
思案顔
自宅裏
構想力
工場街
山桜桃
口頭語
山言葉
完了形
重量法
車前子
車前科
中務省
治部省
民部省
左弁官
閉音節
真名本
真字本
歌詞集
問題集
小海老
陸宿借
岡宿借
三光鳥
内陸部
太平州
点耳薬
大御神
防衛相
大御宝
星宝貝
統合体
給油口
結晶粒
伸開線
縮閉線
食習慣
木綿綿
映画会
表形式
文字間
探傷面
予約券
確認証
荒人神
成果物
観念化
条虫類
浜昼顔
走野老
衝羽根
車葉草
西洋梨
山薄荷
見島牛
割線法
安定液
毒舌家
地方官
大谷渡
音楽界
当日券
羽織虫
男性器
円貨建
米国車
歓喜天
自在天
多聞天
多門天
広目天
増長天
持国天
聖観音
正観音
台湾語
女学院
節約家
内道場
内供奉
館内図
明治節
地久節
四方拝
四大節
体験版
一限目
免責額
小事件
均田制
体操着
多重塔
多層塔
五香粉
待雪草
松雪草
遭難船
都鳥貝
黄心樹
川水雲
二糖類
名詞法
形容句
接中辞
賦形剤
正定業
輸配送
異次元
枯尾花
大師堂
善根宿
納経帳
島四国
十如是
追及権
分類群
二名法
三白眼
誘眠剤
脳病院
舗装路
層序学
微化石
多宝塔
八品詞
加持身
本地身
豊山派
身口意
小商人
非日常
神聖化
救貧法
弁神論
神義論
物神論
司会役
付着物
温野菜
原体験
理学士
風露草
参考本
周辺化
香盤表
自明解
正定値
監視下
軽速歩
斜横足
時間目
守衛所
自由訳
仕組債
食料費
武道家
非通知
消化力
勤務地
急接近
最優秀
消灯令
脂肪滴
希塩酸
弱塩基
弱塩酸
観月会
技術員
受付嬢
債務国
代行業
同意書
左翼党
整水器
十進数
八進数
圧伸器
移行期
移動局
一次局
一般色
印字欄
右方端
宇宙局
英文字
演算器
演算数
演算表
演算部
応答側
横倍角
欧字列
下位語
下位層
仮引数
仮原文
仮手続
仮想局
仮配列
可搬型
可変部
課金制
過負荷
画面上
会話形
回線群
回線網
階層化
外部型
完全版
環境句
環境光
環状網
監視局
簡略版
観測値
関連図
危険域
基準縁
基準値
規準値
基底解
基本値
基本文
記憶列
記号列
記述項
起動側
逆編集
共通化
共通線
狭帯域
局管理
空状態
空白列
係数器
型定義
継続行
継続文
計数器
計測値
決定表
検出部
肩文字
原稿台
原資料
減算器
減衰量
源項目
現位置
現在値
現在点
現地化
現付番
現要素
限定子
呼出側
呼処理
呼制御
固有色
互換機
後方端
誤差幅
交換機
交換型
交換網
公開文
広域網
広帯域
構成節
構成体
構造型
構文素
行位置
行間隔
行起点
行始端
行番号
行方向
高画質
高速化
高度化
国番号
左辺値
左方端
差分法
座標点
再割当
再計算
再始動
再実行
再接続
再設定
再宣言
再組立
再送信
再描画
最右端
最左端
最終値
最終版
最上位
最新版
最大数
細分化
細胞状
作業域
雑時間
参照権
参照先
参照線
散布量
算術式
算術文
算術和
始端部
子操作
指定子
指動輪
試験群
試験体
字方向
時分割
次元数
自立型
実引数
実記憶
実験網
実効値
実効長
実行文
実体文
実体木
手順書
受諾側
受動局
修正版
終端間
終端部
終着局
集合型
集中化
集中局
従属局
重回帰
出回線
出口点
準内字
純正品
順序木
順番列
順編成
初期点
書簡箱
商用版
消光比
消磁器
照合機
証明証
上位語
上位層
上下限
上下列
上限値
冗長化
冗長量
情報群
条件式
色空間
色指標
色写像
色分解
色補正
信号局
信号網
新機能
新規呼
親操作
親要素
推定値
数字句
数値型
数値語
数表現
制御域
制御局
制御権
制御卓
制御点
整数型
整数値
星状網
正規形
生映像
製表機
製品化
製品版
積分器
宣言子
宣言文
線間隔
線状網
選択型
前方端
全集合
全体語
組始端
組終端
双安定
層管理
操作卓
操作棒
走査器
送信器
送信側
増分量
即接続
束指標
属性型
属性表
多機能
多義語
対話型
対話形
袋文字
代入文
大改訂
大記憶
大容量
単位列
単純型
単方向
断片化
知識木
地球局
地上波
地図帳
置換文
遅延線
中軌道
中継器
中断点
注記行
注記項
著作集
超高速
超小型
頂点色
直定数
通信行
通信節
通信量
通信路
通知型
低損失
低遅延
低電力
低容量
定数式
電子式
電磁界
登録機
登録器
投影線
等化器
統一化
動画像
動作行
同位列
同期化
同時間
特定子
内容長
内容部
難語集
二次局
二重化
入回線
入力行
入力順
入力値
入力類
任意型
認証局
年日付
配線盤
配電器
配列値
倍長語
発信元
発信源
発生順
否定積
否定和
比較器
比較式
被加数
非圧縮
非常駐
非直結
必要語
標題誌
表計算
表示域
表示器
表示面
表要素
評価値
描画像
付番群
浮上高
符号表
部品表
部分語
部分木
部分列
副電力
副要求
復号化
複号化
復号器
復調機
複合局
複合式
複合文
複合法
複数行
物理層
分散化
分周器
分離子
分離符
文関数
文字像
文字幅
文書化
文書館
文書型
文番号
文脈列
平均化
柄様式
米政府
辺線種
保守盤
補助語
補数器
母関数
包絡線
方向姓
防爆形
本体部
未規定
密結合
密閉型
無変換
名称集
名前群
明確化
網管理
木構造
木状網
輸出権
優先語
有効域
有効化
用語表
要求側
要素型
要素数
略成語
量集合
隣接局
暦日付
列番号
列変数
連結式
連結網
連続紙
連絡節
論文集
論理型
論理図
被告側
訴追側
出版地
可能形
独占権
航時機
無性語
電装品
低血糖
配架法
管理官
頭首工
計測器
保管庫
除光液
開発元
最高限
外眼筋
回転灯
直観像
対処法
単語表
当選券
排卵痛
誘導子
電気式
本切羽
連絡盤
選炭機
副申書
論文誌
鶏胸肉
金銭尽
生物剤
対消滅
人工乳
複合体
受容器
資金面
後腹膜
大分類
野球人
就学生
抗張力
爆薬庫
派手婚
公労委
公労法
証券化
深川飯
名産地
保健師
修正論
客観視
客観化
計算尽
異世代
同世代
発生源
楽屋口
内輪差
不適合
高学歴
黒魔法
白魔法
通学路
空心菜
柔剣棒
避難場
預言書
歴代志
宮大工
豊後梅
大神楽
代神楽
木付子
林鐘梅
金宝樹
珍至梅
唐糸草
満天星
青文字
小羊歯
天門冬
合歓木
守破離
木工芸
数種類
鉱工業
領有権
攻撃機
極最近
皇民化
座敷犬
精算機
着色剤
着色料
分注器
瞬発力
送信所
照会状
輸送車
手術着
旧憲法
装締師
表外字
手術跡
誤表記
宗教史
最大手
法務部
扇動家
販管費
空港駅
英語訳
前段階
身分制
権力欲
草食獣
留置所
降霊会
交霊会
宿泊客
法教育
保存先
会見場
誘導灯
休眠芽
大捕物
非球面
不存在
個人間
支配層
反主流
西洋語
医歯薬
賛成論
民法典
分離論
中継車
延命草
新材料
低学歴
常態化
回顧談
多幸感
肉筆画
基本権
生命権
自然権
翌翌月
法哲学
社会権
黒鹿毛
青鹿毛
川原毛
樹木医
委嘱状
依頼書
渡来神
風俗店
主演作
公教育
自由民
保健省
様式化
注目株
超高層
資料館
商学部
不適正
雑種犬
膨張式
事故米
色再現
排気音
正典化
感傷劇
調心輪
小型犬
中型犬
大型犬
水水母
近現代
構造色
霊体験
親父化
入浴剤
法整備
兄貴分
先導車
北極点
角部屋
風化岩
彼個人
送付状
珍事件
地元産
映画学
乳飲料
発信機
無調整
拡音器
拡音機
検討図
鋳鍛鋼
順位表
壁下地
無洗米
動詞句
資金難
除雪機
全面高
回向文
寿退社
不要論
西欧人
威圧感
収蔵品
同志愛
同士愛
子山羊
小山羊
強意見
鉄道駅
温水器
草刈場
草刈機
刈払機
皇霊祭
神楽歌
尺拍子
引込管
相似比
小盗人
文芸家
愛飲家
実業団
原盤権
図工室
矛盾律
自同律
駐退機
一風景
格闘家
異国人
紙婚式
木婚式
銅婚式
高等部
上方語
東京語
性形質
後形質
単結合
対生成
電子対
電子雲
染色質
単量体
人工湖
人口湖
未来人
天気祭
飲酒店
零余子
大王松
町全体
性風俗
玄関口
再拘留
左官屋
残尿感
視学官
海老尾
法人格
壁崩壊
前掲書
得意技
植物館
航宙士
星間雲
好対照
神明社
神明造
落葉状
狭視野
発展型
複母音
中二病
当番兵
導水管
接骨院
脳活動
接触式
高負荷
日震学
操体法
宣命体
貴大学
労働官
移植片
日本国
盗難車
半時間
期間工
指文字
外出着
家庭劇
天師道
道路網
富士派
三鳥派
新精霊
幸若舞
大時化
大馬鹿
安全網
淡青色
青野菜
協和語
日満語
奉教人
整備士
配位子
独参湯
緊張感
帳台構
朝鮮鐘
赤茶色
唐果物
唐菓子
前庭窓
膜迷路
骨迷路
迷路炎
口径食
口径比
紀伝体
秘伝書
白粘土
鼻科学
問題化
下足室
最大量
異世界
仮納付
職務上
保水力
属人法
西王母
新書判
半魚人
受身文
受動文
測量家
地域化
代当主
山王祭
八脚門
八足門
増解結
抽出法
好青年
警務官
警務隊
日避虫
生毛体
涙小管
鼻涙管
劣後債
応答長
符号付
耐屈曲
体系学
空港税
北極線
南極線
大猟獣
理論値
特技兵
承認証
承認印
比抵抗
試合場
拘束衣
雑性花
個包装
赦免状
天目台
一次回
提携先
先買権
金時豆
絹雲母
白雲母
大角鹿
物洗貝
太陽儀
太陽鏡
公理論
対数尺
単純語
石細胞
精細胞
柔細胞
視細胞
刺細胞
骨細胞
間細胞
類脂質
神獣鏡
支配株
性反応
半透膜
表舞台
小遣帳
単弓類
双弓類
無弓類
獣弓類
本発明
補酵素
助酵素
補因子
性役割
多様体
交易路
積集合
開集合
差集合
点集合
閉集合
余集合
羊膜類
真獣類
後獣類
背乾鯨
北極鯨
家畜化
多系統
側系統
単系統
分岐学
寿星桃
長者貝
漏斗胸
脱腸帯
主原料
選択式
不応期
秋田貝
合成数
遭遇説
作用素
顔面骨
箱海老
有限体
動物間
推理力
紅樹林
使君子
四君子
同意味
松葉菊
発展場
万代草
収縮胞
鋳鉄管
調節卵
祈願所
産官学
突撃砲
等値線
顔認証
八分儀
象限儀
四分儀
哲学史
教父学
談義所
現金化
使用域
最後発
本論文
表層形
何種類
共分散
空手道
鎮魂歌
五加木
獣脚類
鳥脚類
電熱線
入力文
冷房機
冷房器
赤矢柄
青矢柄
浮矢柄
出土地
四重禁
民政党
民進党
石製品
放射状
車輪石
秋唐松
蒸発計
油菜科
古地理
美容室
親水基
海毛虫
実経験
生販在
異言語
計算上
上一段
下一段
斜方形
熱電子
延齢草
旅人木
大寿林
大野貝
方向角
踊子草
和時計
金水引
万寿菊
集積化
小谷渡
捨身技
一対多
多対多
梨子地
慣行犯
慣手段
活版所
統一法
再集計
千鳥草
鉄砲魚
船食虫
真旗魚
眼旗魚
目旗魚
四角豆
統制派
皇道派
障害児
墨絵風
処方薬
翼甲類
記号学
相手先
記号素
最高位
月球儀
数分間
着味液
武闘家
和解案
四足獣
触手冠
腕足類
種付花
介添人
田代芋
著名人
片眼鏡
先取点
半自動
半人工
全面積
電離箱
黒旗魚
常連客
飛行体
海松菜
夜香木
連理草
黄体期
京都賞
片月見
白粉焼
資料集
貫頭衣
修道僧
分留塔
老年期
法務官
紺四郎
犬香需
評価減
唐土船
唐土人
連合野
臨界量
量水計
黒茶色
流紋岩
立体角
離岸流
理想像
理財学
木化石
変化量
落葉剤
養子論
葉状体
遊走子
誘導路
有肺類
有色体
有彩色
事自体
聖書学
釈義学
豊年祭
至上神
最高神
数値化
共役角
目的因
形相因
質料因
動力因
作用因
木目塗
木質化
網様体
網膜炎
模式図
明順応
暗順応
無尾類
無任所
無性芽
無月経
無気肺
無感動
夏安居
冬安居
万霊祭
没義道
謀反人
房室弁
胞子葉
金羊皮
可能態
自然学
放電灯
放出音
柔組織
放射圧
放散虫
報時球
政策学
法制史
統辞論
博言学
悪魔派
代表所
代表処
粉砂糖
楽団員
自己愛
変性剤
閉曲線
平歯車
文章法
粉白粉
分離器
分離機
物自体
石材店
修行僧
常光線
複屈折
補佐人
明治期
意志力
丸文字
航海法
長期化
副検事
腐食剤
父系制
河川水
浮浪人
放流水
濁度計
出荷料
過電流
後世方
古医方
建築史
世界像
地百足
石百足
色素胞
営巣地
田平子
異性化
遺産税
車中泊
防水着
非友好
鶏小屋
隷属国
非現実
談義本
光線束
声楽曲
文庫版
医療法
計量化
計量士
洋装本
和装本
衛星船
白変種
垂直圏
鉛直圏
小新聞
大新聞
業界人
張見世
黄血塩
周転円
離心円
検査係
発売所
度田舎
怒田舎
催吐薬
等脚類
山高帽
負担金
負担額
整骨院
無傷針
並穴針
並孔針
紅梅焼
原尾類
振興策
景観権
表題曲
楽屋裏
三柱門
白飛白
月下香
呼吸鎖
草稿本
漢熟検
前評判
統計量
現代戦
自決権
難読化
法規範
修士号
学習法
副専攻
抗磁力
保磁力
四分法
仮株券
仮種皮
国交相
小電力
過呼吸
火消役
定火消
走鳥類
平胸類
原獣類
鼻中隔
国民食
枝角類
児童館
格技場
古人骨
返金口
黒紫色
粒子径
一呼吸
夜御飯
自小作
本占地
本湿地
原初元
三益友
三損友
小翼羽
非処女
現病歴
網目版
学位記
慰霊碑
礼拝式
連結詞
奉納金
祭壇画
火打金
回帰式
回転翼
海洋底
海緑石
灰長石
旅行社
閣外相
宿泊数
奇兵隊
地下駅
送電網
皆脚類
開区間
開頭術
階段室
外交家
外斜視
消防船
工作船
軌陸車
熱固定
擦半鐘
計画書
太陽柱
女同士
男同士
非特異
正整数
固有射
双有理
高次元
陸上部
遊女屋
貸座敷
淡紫色
普通車
部活動
職業柄
革工場
留年生
必勝法
排熱口
無脂肪
長半径
背負子
原単位
搬送物
停留場
待合所
白足袋
新体詩
粘土層
社交服
社交場
発送電
中廊下
現代文
報連相
倒置文
児童書
去年末
段級制
持将棋
再整理
西洋館
熱帯国
講義室
再結晶
内毒素
最下部
妻問婚
黄金比
教育令
需用費
軽野砲
徳政令
大商人
恵方巻
吉方巻
環境税
歳徳神
和包丁
立振舞
新内節
四方竹
整理屋
根保証
霊能力
再判定
留意点
二進数
音便形
火山涙
公訴権
発光器
二箇年
三箇年
四箇年
五箇年
六箇年
七箇年
八箇年
九箇年
十箇年
即身仏
輸送科
認証書
更新暦
搾乳器
搾乳機
士大夫
趣味家
修道服
墳丘墓
非公認
上白糖
下流域
新市場
低浸襲
青金石
野沢菜
旧情報
熱損失
光環境
光損失
成長面
負投手
高得点
竹麦魚
視野角
衝突器
指導標
仮想化
名詞止
体言止
土日月
日月火
森林地
建設地
半単純
緊張病
完成版
研究部
印度洋
編入学
安全帯
不胎化
巡見使
未登録
外省人
本省人
山岳地
因州弁
狩猟隊
出雲弁
発信地
系統学
基本形
基本型
接頭詞
撮像機
生政治
非自己
方言学
示談金
翻訳学
発音学
発声学
大貧民
顔認識
顔画像
力本説
非自立
七分丈
防止剤
騎士団
甘味所
甘味処
完結相
完了相
州長官
接続法
条件法
農耕地
牛製品
形成体
撮影会
再発表
干物女
四本足
地図学
現地語
緩衝材
差分商
可換環
季節柄
水風船
又来週
大相場
通話口
土取場
脱出口
文言葉
良質紙
時計塔
粘度計
脳波計
天気輪
鋼青色
大学士
逆転写
通行券
豆電灯
構築子
前期比
報道人
報道局
報道部
石炭袋
腰掛台
銭勘定
風帆船
向河岸
今戸焼
路地口
美人画
不動尊
長煙管
護身刀
路地裏
板屋根
製造場
運弓法
座敷着
観音堂
液冷式
採掘師
木工師
地底湖
射撃孔
略本暦
方位神
八将神
天一神
分生子
分離片
遊山船
牛飼座
天文方
接眼鏡
涙滴型
人工物
被爆国
不正解
金梅草
天然型
極東風
佐波理
安納芋
深宇宙
開成所
赤芽芋
微地形
矢場女
温泉場
出養生
高帽子
角座標
歌沢節
亡者船
引揚船
博打打
肺静脈
新憲法
大地主
軌道面
公転面
投弾帯
奴隷制
油障子
雨障子
造像記
単峰型
造仏所
線積分
触覚器
女言葉
男言葉
官有地
山形紋
板唐戸
肺血流
紺青鬼
膜電位
卵白質
下降調
上昇調
文学書
演芸場
演芸館
縦格子
仏桑花
仏桑華
限量子
生活誌
宗教熱
面格子
推進剤
名残雪
夏座敷
初松魚
小望月
手弱女
党本部
強盗団
七曜星
佐保姫
芋煮会
畑仕事
送迎車
初当選
佐保神
季言葉
振舞水
般若湯
低軌道
調整役
光量計
開発費
中高齢
実動車
実働車
望火楼
最安値
低重力
最高値
交際術
衆院選
板塔婆
五時教
分光計
都護府
給水船
港則法
白子漁
常滑焼
当座帳
造形物
弁財船
弁才船
紛失物
八丈絹
貯水場
勤勉家
島寒菊
演説会
模倣犯
放物面
面開発
船引網
小倉織
天明調
女部屋
男部屋
雲霧林
賛助員
健胃薬
金唐革
金唐皮
女神子
副意識
現実界
出出虫
女御子
和算家
和三盆
唐三盆
男御子
男皇子
十三仏
仏足石
可住地
得意場
大草原
水仕女
新面目
新世代
転輪王
輪宝貝
質問状
箱眼鏡
貝割菜
大内裏
十二門
富本銭
五摂家
分国法
談林派
談林風
命数法
植生帯
山地帯
雲級図
友千鳥
千草色
乙女子
少女子
緩急車
平山城
台割表
八十神
川千鳥
群千鳥
子規忌
役者絵
保冷剤
一分判
強弱法
弾道学
満腹感
霊台郎
翼状針
離婚劇
中東欧
生砂糖
家族会
中間線
総務会
採卵鶏
月平均
年平均
世代間
情報館
生型法
越屋根
腰屋根
切妻造
細腰鼓
事故機
抵抗感
通常型
東日本
中日本
財政面
先行馬
遊説先
有力筋
警備人
借用語
水葬礼
対空砲
宣明暦
神宮暦
無人機
小豆飯
同位面
回転数
尊敬心
支石墓
再葬墓
不定形
学園長
県警察
心臓弁
結晶水
結晶面
結晶質
結晶軸
準結晶
単結晶
染色法
初冠雪
真十鏡
十寸鏡
真澄鏡
女髪結
一中節
洋服店
小座敷
整備室
国防相
小政党
透渡殿
打麦場
門付歌
鳥追棒
鳥追歌
房中術
持仏堂
武徳殿
馬場殿
端女郎
局女郎
細工所
鉄甲船
武家造
南大門
露地門
内露地
内路地
外露地
外路地
中門廊
主殿造
平安宮
南蛮煮
暗穴道
地獄絵
一本指
丸太船
丸太舟
新選組
丸子船
両院制
語中音
育種学
影響下
運搬船
六神丸
風船玉
重病人
小料理
仏馬力
寝場所
料飲店
団子屋
立版古
野博打
講談本
和漢薬
非暴力
持小屋
専売制
大目付
物質界
精神界
求人欄
書道家
宿営地
鋼鉄製
配電網
郷友会
陳列箱
魔術団
新所帯
新世帯
細石器
日輪草
地財法
手本紙
毛切石
入込湯
紅葉袋
加賀紋
女郎買
部屋方
部屋子
横兵庫
手織機
自然木
月雪花
不定称
立女形
無愛敬
地火炉
地下炉
自棄腹
観世流
能太夫
水白粉
飯盛女
内教坊
飯売女
高評価
家父入
絶好機
仁寿殿
里内裏
承香殿
麗景殿
登華殿
登花殿
高御座
茶屋女
遊山所
結構人
共同湯
女弁士
瀬取船
上荷船
発条指
天体暦
長岡京
応天門
朝堂院
平城宮
南部暦
発馬機
木工品
十七殿
校書殿
安福殿
儀陽殿
春興殿
皇后宮
専修科
作物所
進物所
襲芳舎
凝華舎
凝花舎
飛香舎
昭陽舎
目撃談
手続法
実体法
英議会
政権下
補訂版
直噴射
鉄扇術
転換点
管理権
実年齢
親子月
春待月
雪待月
神在月
神有月
神去月
時雨月
寝覚月
紅葉月
太郎月
早緑月
年端月
梅見月
雪消月
秋風月
濃染月
木染月
紅染月
七夜月
風待月
常夏月
松風月
早苗月
夏端月
花残月
花見月
夢見月
言語化
船首像
石版刷
足関節
色図鑑
細工物
浮人形
水狂言
夏芝居
水機関
水絡繰
薬味皿
鹿火屋
海兵団
行脚僧
三具足
不変化
赤富士
接着面
装束能
新聞屋
六知事
日米豪
寺務所
雪装束
落成祝
日本踊
無境化
無国境
無境界
脱境界
脱国境
航海図
航海長
鎖歯車
再発見
文脈化
模造刀
儀礼刀
居合刀
抜刀術
大噴火
絵羽織
同田貫
胴田貫
鼓膜炎
人外境
起源説
語源説
支配頭
無点本
提重箱
中小姓
散乱体
致死傷
組屋敷
子宮口
子宮脱
真骨類
種子骨
完全花
完全葉
普通葉
十腕類
八腕類
女地主
哀傷歌
田計里
雌日芝
女日芝
雄日芝
鑑賞眼
文芸誌
岩面高
石炭灰
孔夫子
指示語
風来人
七賢人
海松食
俗神道
三角貝
震源域
弾性波
地震動
風台風
大震法
小地震
中地震
鳥飼病
満潮線
干潮線
潮上帯
潮間帯
潮下帯
玉貝科
腹足綱
越虫貝
水字貝
水晶貝
朝顔貝
未分化
動物極
植物極
中黄卵
中心体
部分割
不等割
官房学
変成帯
構造線
断層帯
貫入岩
断層線
断層面
断層湖
紅葉貝
石畳貝
揚巻貝
雪眼鏡
雪野原
三盆白
暴風雪
雪量計
雪氷学
大雪加
雪対策
未払金
尾白鹿
終着点
人工歯
歯周炎
歯根膜
直腸脱
強心臓
心臓死
心臓形
内性器
基盤岩
羊背岩
君沢形
煙水晶
黒水晶
三温糖
平準化
宿泊費
録音盤
一生物
脳科学
網目状
民有地
取調室
馬鹿鳥
警視長
警視監
警視正
中心線
都会派
大殿筋
処刑場
近縁種
州浜草
嘱託医
警音器
銀食器
女祭司
延滞料
都人士
消防夫
女教師
女司祭
女教皇
平面角
肉布団
実世界
投機家
大盛況
浮遊霊
岩苦菜
親王家
問注所
中納言
鉱山学
牛肉屋
指定単
菓子箱
生息子
管理費
大手術
小手術
出合宿
洗髪剤
梅花祭
長信銀
大宗教
一本歯
組体操
反語法
副大臣
実念論
模写説
反映論
女子会
同年齢
療養地
年始着
冬景色
自動式
感潮域
冷却材
実験所
保安院
耳掃除
白水郎
放射霧
放射計
放射熱
熱放射
雨久花
大水青
原発巣
転移巣
重水炉
高速炉
超臨界
脱原発
私保険
公保険
保険薬
自国民
防護服
守護人
松阪牛
米沢牛
土佐弁
無角牛
無角類
制御室
早寿司
観音経
普門品
供奉僧
五七調
大会旗
筋断裂
汚染水
菜種菜
賞与金
現預金
川崎病
仲立業
彫金家
二量体
三量体
四量体
強精剤
強精薬
取水口
変動幅
肝移植
期近物
都市圏
中間期
大店法
評価損
評価益
翌日物
部民制
硬化剤
成幼虫
戸籍簿
人別帳
紅海月
大服茶
大福茶
神楽堂
初富士
初景色
初東風
告解師
腐肉食
初若菜
治部煮
畔唐菜
畔冬菜
百物語
時雨忌
色打掛
冬北斗
芳名帳
創作欲
南大頭
頼母子
大漁旗
配給制
鮮魚店
恐怖感
落下音
鼻音化
鼻甲介
黒熱病
黒化液
黄鉛鉱
鶏冠石
高血糖
高浮彫
高品位
骨髄球
骨端炎
骨盤帯
骨盤位
骨年齢
逮捕権
魔法円
行動力
民間薬
三振法
春日和
貝寄風
精霊会
聖霊会
精霊舟
精霊船
仮入部
体制側
都市型
春疾風
春早手
潮干潟
技科大
技術科
民自党
新局面
健康病
最遠点
制水弁
皇太孫
電力量
発受電
全地球
機能面
中山道
企画力
駆風剤
駆虫薬
不安感
養生法
養殖業
食道鏡
食道炎
供給網
景況感
飛将棋
顧問官
類縁体
類似体
顔面筋
郵務局
音響器
音響機
音素論
巡回群
源氏星
平家星
立飲屋
箱寿司
砲術家
非凡人
急拡大
静電場
静脈圧
青緑色
青化法
好決算
賛成票
株式化
企業間
湾曲部
留学先
清政府
革命派
電波源
電気盆
除細動
電子戦
電位計
零空間
代替機
最深部
集音機
集積点
大強風
疾強風
至軽風
陰電荷
陰謀団
関連痛
関節痛
開花期
開創器
長角果
長日月
長老派
経産相
構造壁
鑑定官
鎮静化
沈静化
鏡像体
真割引
鉱石車
鉱床学
金輪王
鉄芽球
金雲母
金緑石
金紅石
金庫株
病院長
重晶石
重感染
重力計
重力波
酸性塩
精製塩
自然塩
水中毒
酸素化
酸性化
大資本
大勝負
酸化銅
酸化剤
現存在
配糖体
配合土
部分群
青血引
脂坊主
油坊主
鬼金目
方頭魚
草河豚
禁帯出
田諸子
望遠魚
数秘術
大恩人
緑河豚
夜光貝
達成感
過形成
社大党
言論界
研究書
論説欄
中学年
運送品
運動野
感覚野
運動覚
造精器
蔵精器
造卵器
蔵卵器
筆写体
古代米
原料費
猛訓練
雪風巻
俳句会
一向宗
点灯管
口分田
通行証
通行料
非連続
接置詞
無添加
通行権
高土間
上層部
連絡員
満州人
文具店
派遣団
米軍機
略奪品
閉架式
絶対悪
州知事
犯罪人
逃亡犯
再結成
暴露本
商品化
中央駅
一定値
田舎人
古美術
対立王
軽質油
美容法
重質油
検定済
超過分
裏社会
同一化
水死体
少年課
転落死
庭掃除
警察医
推進部
超越神
政財界
超大物
食事会
有力紙
収集癖
講師料
死亡地
総菜屋
薄桃色
成道会
相続分
家族観
精鋭軍
調査法
骨角器
教養人
護民官
名選手
発掘隊
調査隊
仏教国
透明質
透明帯
避難路
副将軍
猛反対
大手柄
南海岸
常灯明
聖水盤
古武術
売春街
近接学
近代人
輝銀鉱
需品科
手羽元
大親友
大病院
転写紙
軍事化
大先輩
車輪止
焼芋屋
高流量
絶飲食
距離標
番太郎
印判屋
朗読会
文明人
筆跡学
超越数
超分子
起動力
走時表
演習室
陣痛室
通気管
赤銅鉱
赤粘土
赤星病
質問表
完晶質
準学士
大百科
新発意
総合館
夏本番
食後酒
送水口
放水口
貯蔵物
貫生葉
販売術
貧歯類
財政家
取出口
遠島船
土手焼
土手煮
透明感
写真展
避難口
単語帳
伝説上
大手行
投入口
返却口
大満足
半地下
熱成形
般若経
警察隊
水金梅
仕手柱
目付柱
大臣柱
地謡座
切戸口
後見座
狂言座
中正面
出発便
卸売業
小拍子
結節点
解散風
電灯線
短冊形
違反車
名物男
公選法
順位戦
猛反発
友人宅
屈辱感
人情家
支払額
二国論
原画展
国立大
失望感
農村部
修正法
排煙口
油粘土
優良賞
大量死
仮決定
訓読文
俗文体
普通文
機材庫
未舗装
漢文典
和文体
漢文法
入庫車
洋包丁
包丁人
包丁師
鑑評会
優秀賞
知藩事
株取引
突起物
売却損
不況型
上昇期
下降期
追加額
未就学
朝学習
説明会
接続先
諸注意
番外地
純漢文
半幅帯
大乱戦
精神面
生活面
快進撃
同期元
同期先
非一致
非可分
好位置
私募債
特別賞
全段階
再逆転
最高齢
最終戦
太物店
税収増
暫定値
党税調
配送便
鉄無地
検針済
実行委
指数化
前月比
電源車
調速機
制度化
軍高官
地蔵盆
旧帝大
空調機
学年暦
社員証
一門会
気血水
八端織
八反織
試験片
試験室
試験台
女兄弟
女姉妹
男兄弟
出場所
証拠物
記号化
出張版
異業種
小所帯
和唐紙
暗記力
発想力
出題例
結婚観
文章力
目安箱
給湯室
無酸素
有酸素
謝礼金
観光業
幻歯痛
奇御魂
往来物
給茶機
給茶器
生物体
温暖化
演芸人
赤字額
原型炉
多文化
一行物
合掌組
小屋組
算盤尽
神経毒
有毒物
製造国
出資法
人気校
民有化
両院協
制服組
視話法
視覚野
視空間
視準儀
乗船場
前小口
先安観
最終便
左胸心
人生論
教育論
大問題
溶接部
縦方向
意義素
区間賞
三連休
独奏曲
高価格
大作家
包囲網
販売費
丁重語
調査局
自分史
急発展
講習料
保安上
弱気筋
強気筋
魔法薬
走攻守
成績書
光電離
狂言方
本狂言
狂言師
踊念仏
念仏踊
科白劇
小屋根
大屋根
正気散
宮内官
腸管膜
中幅帯
自己像
武道館
古文字
仲継人
春時雨
黒南風
南東風
窓敷居
同期会
漂流記
大観衆
黒人参
車軸草
拠出金
相手国
一方向
議長国
飼育員
印欧語
利用客
接続便
公立校
私立校
党幹部
盆踊歌
国公立
女性史
無伴奏
英仏独
技術陣
選択制
金属量
重元素
流動化
負担増
国家語
実用語
被服費
分権化
経済圏
大歓声
三単現
花薄荷
姫薄荷
薄荷脳
薄荷油
宗教上
民族上
土器片
人種上
更新料
音楽院
家族愛
上質葉
職業人
人間力
新方言
男性語
不良株
若者語
半獣神
集会室
十二天
熊手婆
菓子司
関節面
手札判
談話会
測高器
測光器
漫画化
公開株
未開国
野蛮国
人造石
自然石
大空襲
危急種
希少種
割安感
略礼服
職人技
料理酒
意気組
不審物
拡大管
太夫元
脳手術
追物射
複製権
複分解
補間法
補外法
字幕版
内陸湖
無口湖
不満気
着地点
全摘出
大騒動
室内灯
装飾物
装飾家
被験薬
衰退期
月見酒
山岳会
内容美
内容積
海面下
浮遊法
全米一
大惨事
衛兵所
血管炎
血玉髄
血液病
掘足綱
小玉貝
八千種
香道具
潮吹貝
翼形類
共学校
非常灯
連音符
単板綱
白海老
上手物
永楽銭
夢日記
薬物学
薬剤学
薪小屋
薄葉紙
薄茶色
蓄財家
蒸気霧
変若水
数字根
岩石層
高塩分
少年兵
自由帳
改編期
共通項
荷物車
立位置
花被片
全作品
外環道
色度図
船首楼
船尾材
舌圧子
舌下錠
興奮薬
軽車両
前処理
上行路
下行路
膨大部
膜性骨
音数律
桃花染
長春花
棒砂糖
太白星
砂糖計
紫湿地
紫占地
黄占地
畑占地
畑湿地
白木耳
麦御飯
太鼓焼
圏界面
腹横筋
腸間膜
腰神経
神足通
宿命通
六神通
機械室
出退勤
営業員
重役室
予告灯
新方式
夏学期
気管炎
脱落膜
脱分極
脱分化
速報値
脈管炎
脈管学
胸骨柄
丸耳象
背景幕
胆管炎
輸胆管
肺切除
肺性心
肺胞炎
白梨樹
潮見表
平地林
西洋流
全快祝
尿失禁
紅大豆
全粉乳
肩関節
金時芋
超一流
日向夏
要相談
来月号
来月末
有機米
食中酒
光沢剤
玄米粉
百一物
野生児
防虫網
桑葉末
保安課
保安庁
保育士
保育室
報恩講
荷物室
抱一派
八丈桑
晴天域
内覧会
全宇宙
無縁墓
金太郎
川越芋
氷小豆
十八界
事業体
肝静脈
肝門脈
肝臓炎
肝動脈
有資格
来訪神
絡糸嬢
楽天観
楽天論
六欲天
代謝物
日本字
青花紙
糸繰車
愛敬毛
愛敬紅
愛玉子
愛好会
早稲女
種分化
種形成
異形成
外交配
再逮捕
純資産
九角形
恒星船
二個一
十角形
六角星
輪状種
寝台船
性選択
群選択
化石種
地球化
高精細
連体格
円環面
化楽天
四王天
利尿薬
相借家
愛聴盤
入門機
敵味方
学級会
半自治
超豪華
秋入学
結合角
和定食
会話力
貸倒金
黒歴史
前受金
土中水
合子草
海水面
沿岸流
美容液
予算化
塩場菜
左義長
健全化
海松色
海松茶
水松茶
無色界
洗顔料
日野菜
和食処
発汗計
大気光
山頂光
大気差
幻日環
対日照
甲虫類
夜光雲
航空法
自噴井
右傾化
国内製
動物種
半乾燥
道楽娘
女関係
難関大
植物種
硬葉樹
獣形類
全獣類
単弓綱
獣弓目
異歯類
獣歯類
貧困層
移民団
出発地
猛抗議
腹直筋
一斤染
貝紫色
松脂岩
苦鉄質
風適法
両生綱
造山帯
遊漁船
発信力
焼却灰
脳硬膜
島皮質
三角部
毒性学
比内鶏
比内鳥
大道走
小道走
命名権
寝待月
法令線
豊麗線
豊齢線
収納箱
周縁部
五念門
日射量
劇画調
急浮上
球状帯
未解明
化石水
超変異
変異原
保護帽
赤色灯
補助券
事件屋
矢状面
舎利殿
発射場
熱膨張
物性値
発明王
右翼手
恐角目
肉歯目
訪問地
訪問先
鼻周囲
商用車
上目線
意生身
従量制
防音壁
未熟卵
集電体
測量学
鳥衝突
精巣炎
双曲面
直音化
生春巻
桜吹雪
鉄工場
動物群
狭端体
重歯目
胸一杯
腐男子
個人語
双子語
老人語
略奪婚
週末婚
族外婚
族内婚
低年齢
高年齢
火口箱
貨物箱
鼻紙袋
克灰袋
小便袋
太刀袋
救助袋
革足袋
日不見
無削除
逆写像
生活科
近世語
吸着音
言語音
側面音
阻害音
超流動
超固体
送迎会
舌背音
舌頂音
反舌音
歯擦音
皮膚弁
細胞死
低線量
陸援隊
一般道
乗車証
厳罰化
花虫綱
顧客層
分布域
暴走車
切紙絵
衛生局
現代風
抱合体
超解像
超回転
超回復
超海洋
超低温
超原子
大恋愛
超悪玉
幽回忌
黄金期
交通局
脅迫文
建設局
現業職
離党届
高野紙
異状死
外因死
間期死
孤独死
次次発
雨落石
野面石
初登場
現業庁
印刷局
無信仰
無信心
五文字
鏡文字
唐文字
銀文字
縄文字
品文字
独歩高
独歩安
異彩高
発起書
出展社
阻害剤
入子詞
沖言葉
学生語
滑昇風
滑降風
製品群
万馬券
統計値
分割表
共変量
検出力
作動油
語形成
最新作
方言量
金玉袋
和製語
社内便
飛魚座
般若面
女自慢
男自慢
深夜業
問題作
漫画字
最近親
宝石学
環境学
半規管
無尾目
全翼機
有尾目
最徐行
呼出音
最優良
酒造米
峡谷風
傾度風
山谷風
曲物屋
青海牛
国王印
証言台
初公開
原発相
世界博
万国博
府民税
都民税
高速船
水中翼
存在量
火傷病
全共闘
内内定
全否定
子供顔
子供衆
角叫鳥
取材源
五具足
角質化
内国人
田舎間
中京間
気孔体
未回答
新古品
金地金
金為替
家電店
外国籍
道議選
知事選
機能美
大絶賛
家内制
斜交群
斜交軸
岩緑青
買相場
売相場
握手会
愛国歌
郷土食
有力視
攻撃法
新装版
孤立死
混合体
倒立式
乳犬歯
黄皮木
青色光
眼鏡店
再注目
自信作
原風景
事業場
倒立像
電車道
技術書
刑罰化
刑事罰
石鳥居
光沢紙
中国娘
平家造
平屋造
平屋建
平家建
綿毛布
即戦力
発色団
無酸紙
翻訳語
玉形弁
玉型弁
少納言
路線価
指点字
木造船
山背風
英語力
高重力
女子力
工具箱
日本馬
図書係
製板所
金物店
洋品屋
黒電話
太陽族
異空間
圧力差
易行道
島豆腐
誕生仏
大腰筋
小腰筋
絵画展
連絡帳
劣等種
松虫草
回峰行
沖縄学
退職願
洋学校
木質部
葬送歌
保水剤
予定死
奉仕料
迷子犬
迷子札
文語形
口語形
凶行人
浅木炭
自然光
禁止令
案内申
平家節
民族服
生出演
女真語
野生種
再導入
線描画
線文字
黄金株
治療食
何百個
箱水母
姫波布
東京人
大阪人
細断機
隷属民
保冷車
転呼音
大原女
三遊間
集印帳
河太郎
川太郎
動物霊
機中泊
保有株
四不像
口白鹿
牛皮消
低湿地
旗章学
外国株
外国米
金属灰
水煙管
水煙草
岩煙草
屋敷林
読書灯
民放局
超塩基
強塩基
独我論
快速調
夜出発
心雑音
迷演技
名調子
星形成
分子雲
関係筋
敬譲語
姉妹語
上代語
大正解
冷凍便
洗礼堂
洗礼盤
有精卵
三美神
凝固剤
専門紙
関西人
汚部屋
無方針
入園式
終園式
大賛成
初奉公
見送人
自然犯
法定犯
馬鹿女
裏階段
現政権
今更感
資本主
楽観視
肉製品
畜産物
薄荷水
小旅行
情熱家
美青年
年増女
経験上
基底膜
体節制
袋八目
貸方票
小花柄
方形骨
円周角
球状体
西京焼
便所神
慰安所
多毛綱
熱暴走
攻略本
主要紙
不協和
矢細工
一貫校
発煙弾
胃粘膜
野風増
通行本
無過失
命令調
中国学
有機酸
無機酸
結晶化
古記録
噴水孔
節度使
海浜流
副振動
南朝鮮
差別化
帰属感
大不況
再入力
大活躍
残業代
決起会
自慢気
精神論
角柱形
隣同士
応量器
病害虫
冊封使
電磁力
防湿庫
中年男
中年女
具現化
木活字
富士講
最寄駅
分化能
反捕鯨
洗眼剤
帰化種
故障品
副主席
給食費
最貧国
制作費
財務相
組積造
着火剤
着火材
着火燃
飽和色
吐水口
重国籍
分光法
合意点
白千鳥
大千鳥
熱雑音
裸単騎
大三元
選考会
一手間
雑居房
運次第
託児室
搬入口
突出部
名義上
原画家
模倣品
手元金
手許金
小三元
子項目
漢字圏
中北部
新天地
仏教語
立替払
大音量
英語人
混血人
生活音
本土人
不審死
赤水母
構成型
養成所
文字数
文字式
晴後曇
検査所
傾斜地
交通圏
非承認
株仲間
崩壊熱
無所得
脱毛器
諸手当
製氷室
現行品
魚焼器
断捨離
断捨利
一般紙
大守宮
雪中花
野生化
心破裂
再手術
敵対視
改良版
仕事人
利用権
四行連
映写室
万病薬
日銀法
録音室
長財布
操縦法
格納箱
下足場
一生分
家相学
最南端
最西端
誕生地
身体上
血肉化
子供会
塩酸塩
不告知
絶対数
厚表紙
草書体
事件簿
水晶玉
修理人
外人妻
操作法
見思惑
跳躍力
学術書
日出国
生合成
機械類
格子柄
豚丹毒
子牛肉
放送分
発毛剤
線対称
怪情報
理系女
道路上
警務部
至聖所
反定立
代用語
最下段
絵双六
聴力計
前夜式
非整合
無根拠
準安定
送話口
老人学
翼状筋
債権国
側頭部
締約国
武士団
十脚目
女校長
緩染剤
緩和法
線条体
緑陰樹
登録車
竹鉄砲
更衣場
総胆管
総元締
綿繰機
地下湖
展示室
人形焼
鬼退治
固定客
復帰作
養成校
生産国
実店舗
待降節
不明点
牛盗人
病人食
生活感
白隠元
給水池
大演説
結節状
結合剤
結合価
海岸砲
現地紙
成木責
出場権
海老芋
行優先
遭難死
犯罪死
列優先
私物化
正選手
外来科
形成術
公共圏
正位置
逆位置
場所代
煮玉子
等寒線
配当表
術中死
実用書
家族葬
取材陣
重装備
車社会
介錯人
組織球
多客期
殺人剣
陽解法
評価式
大変形
初生値
土手道
政治論
止血法
珍穴子
梨河豚
利用法
精子数
監査人
素無視
失血死
松葉貝
青紅葉
冬野菜
干菜湯
寒苦鳥
浮寝鳥
紅葉酒
新小豆
新豆腐
花独楽
秋団扇
超軽量
生活史
彼岸潮
秋出水
普通種
春暖炉
中世語
春手袋
小弓引
機内誌
故買屋
八歳児
歌曲集
殺人刀
西洋種
陰陽家
異郷人
納期限
素屋根
飼育室
労働服
対立軸
見物客
調査室
古今集
争議団
火格子
温泉街
参拝客
駆除剤
天道教
光分解
根性論
緊迫感
大音響
自分流
人工葉
伝統食
食養生
回復薬
養殖魚
三一致
正長石
自然銅
自然銀
福地鉱
車骨鉱
紅銀鉱
天青石
氷晶石
針鉄鉱
黒銅鉱
紅鉛鉱
大阪石
上国石
異極鉱
紅柱石
鉄重石
透輝石
電気石
葉長石
巨大波
魚眼石
黄長石
親指族
緑玉髄
保証状
守護代
未来記
社会派
基準線
純白色
中等部
小学部
機種変
許容差
社有地
大環状
有力説
平和裏
大太刀
婿入婚
嫁入婚
招婿婚
寝部屋
両性愛
異性運
銀舎利
八頭身
大湯屋
輪抜奴
栄誉賞
人肉食
四川省
滑液膜
滑液包
超展開
梨状筋
代用魚
和人地
式内社
保護法
徴古館
謝恩使
練習台
国絵図
藩知事
藩王国
父子草
分離果
単花果
電子版
未収金
入手先
地方史
紅輪花
警告状
夜直鳥
肉骨粉
仮住所
官公署
既判力
製造物
演技派
紅花油
確定力
争点効
信義則
手相術
無尽講
等価値
火水母
発芽米
九輪草
放牧場
水平器
怪獣像
接平面
全微分
重積分
未収録
星座図
呼吸点
内整理
布教師
医務官
付添役
住居費
所得割
七事式
小理屈
名演説
回顧展
強膜炎
卵管炎
好試合
翻訳文
配送料
原資産
五街道
昔人間
島宇宙
異性装
宣伝係
文法上
車掌車
工程表
転勤族
大便所
超意識
未着品
特許群
低栄養
主菓子
古地図
無料化
策略家
遅場米
絶対視
絶対知
補助犬
入山料
遺棄児
天然水
料理通
三論宗
天然物
生前葬
駅地下
寒梅粉
女王国
金庫番
裏帳簿
勝負所
矢狭間
電波料
校正室
放水砲
水大砲
終油礼
紺青色
虚無感
薬味酒
馬乳酒
最古参
自生地
二戸建
超光速
開拓使
必携品
正義漢
北日本
南日本
大感謝
東京円
光増感
古民家
高山族
単連結
科技相
便所飯
視察員
翼手類
判例集
窓側席
家出人
都庁舎
小劇場
月面車
生命感
敷設船
摂取量
封建制
深見草
超田舎
演武場
老舗店
蒸留所
反戦歌
鉄平石
抽選会
鑑定士
低騒音
分電盤
人生初
法定刑
赤海老
淡水産
運上金
等圧面
暴露話
縄文人
内定式
内定先
揚水機
弁護側
大食家
検察側
発熱体
夫婦墓
無化調
担当官
乳房雲
合胞体
低評価
恒星間
国債費
炭火焼
依頼主
反魂香
正電荷
要冷蔵
操縦室
現役生
半潜水
運用長
活荷重
小僧子
新知識
線同期
支社長
補器室
異母妹
蒸気浴
発展家
適応力
喫茶室
女性誌
鉄道線
副成分
魚付林
入魂式
買取屋
金券屋
法文化
細胞説
細胞毒
細糸期
視力表
部分音
純収益
原糸体
糸状体
糖原質
糖原病
精製所
精細管
粗飼料
粘液酸
筋骨型
筋電計
筋線維
筋緊張
筋細胞
筋形質
筋収縮
電話代
等張液
競走場
競売買
端度器
波長計
非表示
早御飯
内航船
和小物
好中球
窓間壁
突出物
空胞化
音楽室
私学校
神統記
平和学
依頼料
新境地
相手側
練習会
宇治茶
静岡茶
貨物機
卵豆腐
液状卵
加工卵
凍結卵
冷凍卵
義父母
一弾指
駆動軸
反省文
共鳴胴
根野菜
投扇興
公記録
高位株
低位株
越年草
清明祭
美文字
地元車
皮肉屋
大念仏
夜行便
主調音
最下階
生成器
席次表
担保権
振動覚
裂肉歯
助変数
行動圏
育種価
相談室
母分散
相関図
隣接辺
送信元
燃料庫
文科相
陳腐化
姫青木
姫水鶏
神幸祭
要領書
最大級
大教室
低品質
純喫茶
法格言
人造語
仏具店
人口減
郡内織
神経管
神学生
複素環
離発着
入湯税
保存版
紅白帽
好酸球
野試合
言語野
生死観
無人化
鶏唐揚
今現在
型鍛造
法人化
作業道
暗者女
非円形
着陸船
休刊号
夕河岸
宿泊券
尾根筋
仮予約
円柱形
円柱状
脂肪線
重低音
家畜車
行書体
組太鼓
個性派
要求書
事務職
暗電流
市条例
周縁化
護憲派
原生地
卒原発
減原発
縮原発
連邦法
準抗告
保護膜
魔法数
丸大豆
機関砲
分類辞
火輪船
評価額
終末期
保有熱
波来土
四法印
武家衆
公家衆
社債券
水先人
徴税吏
白帯下
無性愛
人工光
週休制
石炭塔
代換法
箱企業
定着氷
多年氷
氷晶点
谷氷河
流氷野
氷丘脈
周氷河
合成薬
赤古里
朝鮮服
敬老金
胎内仏
近点角
荷物番
動詞化
臨参命
大陸命
大陸指
大海令
大海訓
大海指
全体像
黄赤色
分籍届
教料書
局方品
寒水石
紫馬肥
小玉銀
快感帯
徴兵令
大評判
開戦派
兵役法
色浴衣
侍大将
網細工
収益化
二代目
博物誌
会員権
未公開
後処理
後療法
奇麗目
常動曲
回腸炎
結腸炎
月経痛
月経期
対象化
非平和
埋没毛
憲法学
聖天子
日天子
月天子
月宮殿
小陪審
近親調
下中音
塩対応
紹介料
看視人
初穂料
装飾花
磁電管
磁気力
磁束計
人定法
制定法
砂鉱床
石灰化
短尾類
短半径
極半径
知覚力
大海馬
味付卵
味玉子
美魔女
均田法
出来役
非喫煙
意識化
粉吹芋
室外機
真砂土
在国衆
試作版
発行人
意向形
水族園
中国暦
世界暦
巡回展
青果店
実写化
都心部
準拠法
当駅止
配席図
行列店
提案箱
部屋食
繁忙期
国産化
処分場
未申告
保安部
生権力
整氷車
要援護
水温計
真正午
視正午
駐輪所
首長族
通話表
諸事情
行動派
憩室炎
点灯夫
初紅葉
両政府
役割語
肥満体
軍基地
出荷先
正規生
臨時会
仁王経
活用表
鎮壇具
旅行客
典型例
晩産化
晩婚化
過期産
正期産
奴隷船
採血法
応相談
周堤墓
風営法
戦争屋
朝食券
賛成派
金属質
天然木
天然林
理義字
登山届
原告団
敵性語
白粒岩
脳磁図
脳磁計
脳磁界
法解釈
好評価
調理室
招魂社
神葬祭
招魂祭
金砂鉱
整流管
作品集
小売業
衛生士
自衛団
沈積物
電装盤
大手紙
円熟味
古女房
三段腹
均質化
太極旗
決算書
孫会社
病院食
単装砲
連装砲
出来年
自治州
自治県
不安顔
小線源
当座煮
小皇帝
地方札
勘定台
角変位
変位計
世話係
特商法
床上手
突撃隊
無線家
双胴船
冬戦争
生地屋
石敢当
空屋敷
川穴子
捕獲岩
涙滴状
宇宙機
重力圏
極軌道
比推力
透水層
四炭糖
学習書
銀行法
降圧薬
行政庁
決死行
上下巻
町年寄
町名主
大正月
女正月
映画人
展望窓
人民服
経験則
金糸卵
条件表
中戦車
豆戦車
軽戦車
平面波
神樹蚕
編曲家
逆格子
防鳥網
学問僧
既発債
雄羊歯
玉羊歯
田字草
紅羊歯
穂羊歯
足病医
家父長
金玉糖
白山吹
運転室
輸送管
吸収線
同圧線
同重体
盾状地
卓状地
特異質
片山貝
宮入貝
遊離酸
腐食薬
乱切法
乱刺法
海老根
確率場
山野草
水千鳥
土通草
土木通
水道代
社号標
蒸散計
蒸発散
隔離室
沼大根
両全花
風散布
京菓子
小米草
非正規
商慣行
未婚化
一輪草
重過失
債権法
契約法
対当額
色柄物
単意論
単性説
単性論
仮現説
青鶏頭
身体刑
三道具
逮捕術
捕手術
地蔵堂
鉄観音
新甘泉
車輪梅
小豆梨
中国梨
白文字
君影草
石持草
大字報
宝形造
方形造
定式幕
一重草
発酵学
八進法
催花雨
紫御殿
寒忌竹
玉緑茶
農用地
岩南天
差異化
写字室
甘野老
報告会
世間知
花見客
根生葉
根出葉
先遣隊
骨伝導
肝臓病
振飛車
聖遺物
準光速
露地物
食糧法
再発明
米百俵
日本型
輸入車
大得意
高気密
高断熱
教育力
銅配線
変速比
功労賞
最東端
女体化
計算式
死生学
等生化
売子宿
端裏書
化身話
大博士
職分田
定積分
面積分
体積分
陽関数
積極論
基本列
非可換
物語風
失敗学
空虚感
全順序
大博打
秘密箱
前日談
道徳経
四和音
三全音
風俗歌
賃労働
寺納豆
唐納豆
多様式
商習慣
固定側
肉食魚
多能工
単能工
産子数
判子絵
手合割
類別詞
未完了
河川学
心霊論
九面体
十面体
年長組
移受換
物見台
多動児
試写会
雨羽織
重粘土
部分和
整級数
基本群
熱化学
一般項
健常児
様式美
生気論
一線級
無香料
古気候
見学会
絶縁状
大絶滅
設定画
放射脳
魚問屋
数週間
数百万
行動家
植字工
救急科
性経験
限定品
階段下
環世界
多音字
対抗品
油締木
犬辛子
大怪獣
貴方達
貴女達
淡水化
四元数
八元数
清真教
被爆地
造営材
前払金
上層語
基層語
略礼装
環反転
電動車
高潮堤
法執行
補給船
固定翼
香港人
動静脈
点電荷
異符号
悪茶利
半紙本
海羊歯
分岐器
住警器
紀年法
正電極
負電極
姉者人
理容店
理容所
聖史劇
神秘劇
美容所
美容店
理髪所
米国化
水素水
大惑星
宇宙項
軌道上
卓球部
警保局
街道筋
都大路
作業台
郊外化
岩隠子
天皇陵
地電流
防寒帽
新聞学
同値類
量化子
公現祭
十二夜
代数和
尿道口
接戦州
激戦州
水晶球
登高器
土負貝
共焦点
増加量
空気砲
職人芸
不定元
自殺点
姉妹船
七大州
保留音
大床子
月火水
火水木
水木金
波食台
外連味
愛上男
民主制
電話番
労基法
聖骨箱
観相家
指甲花
救貧院
白丁花
地母神
本百姓
転車台
毛帽子
賞金首
現代病
航空図
多孔質
人文学
共重合
降格圏
掛取引
潜伏先
馬鹿安
超微細
論理値
長整数
短整数
創作物
点検口
旧皇族
大陸塊
電撃戦
付加刑
等間隔
無限定
中心力
生薬学
中毒学
痛単車
痛電車
旧車会
十柱戯
逆電圧
花大根
紫花菜
紫花豆
黒目豆
黒大豆
山母子
裁縫鳥
初夜権
即完売
生配信
耐力壁
右左折
障害走
刑法学
炊事婦
造船学
児童婚
物理量
天中殺
執刀医
零集合
集成材
非自明
電照菊
双子星
二等星
低予算
共謀罪
農民工
調査船
作用線
駆風薬
数秘学
風倒木
司政官
若魚子
先発品
流通網
冠番組
外光派
潮吹穴
迷子石
脱進機
給食係
輝緑岩
風成土
風積土
面対称
量水標
量水器
水準点
測量標
直訳体
妨害罪
早付木
中高層
鼻粘膜
偶発犯
類型論
類型学
機会犯
立体美
子守熊
帯気音
無気音
取水塔
信号弾
県大会
求知心
独自色
事後審
相変態
軍事学
縦断面
八路軍
反故紙
反古紙
船名録
信号書
二遊間
落下点
移入種
侵入種
使役犬
狩猟犬
入学祝
内破音
入破音
超正常
再生毛
救急隊
聖画像
防衛軍
背広組
非会員
引火源
鉄警隊
横断線
自絞死
後備役
社名版
英国病
司令船
機械船
殺虫灯
地面師
閉鎖音
電波塔
菓子店
野戦食
行動食
草本帯
原田病
老年学
下部屋
時計学
温蔵庫
管理上
行政上
離職票
軽四輪
包有物
暗号法
欧文脈
高身長
共同浴
計測学
微気象
平行調
並行調
訴求力
民族誌
超曲面
超平面
竹夫人
竹婦人
覆面算
序数詞
基数詞
映画賞
火山湖
足留薬
開水路
調節器
英語学
矛山車
文章家
路面店
合金鉄
合金鋼
鉄合金
脳虚血
法科学
民間機
乳姉妹
魚子織
斜子織
石大工
日常語
燃料油
電解水
返礼品
丸眼鏡
余因子
連鎖律
全域木
赤黒木
通信使
準天頂
無機塩
準備稿
奉安殿
出国税
脱真実
紅葉襲
紅葉衣
歌物語
低炭素
無課金
偶因論
合体字
離岸堤
共鳴箱
論壇誌
高級感
大悪人
大罪人
歯切盤
台湾元
当身技
床関数
紅玉髄
煙草畑
子実体
補装具
弱冷車
先先代
強攻策
物質論
安置所
安置室
主戦場
湿布薬
可聴域
路側帯
女社長
査定額
墜落死
誤警報
筋肉美
指示棒
内製化
人工肉
軽禁固
風水説
風水師
八角鏡
神対応
耐震化
仕事観
抜毛癖
築年数
大根葉
小説化
舞台化
粗面岩
退職届
一文銭
石包丁
基本音
没入感
東名阪
話題化
縦中横
南蛮宗
提宇子
関特演
国防軍
心字池
右万字
左万字
借金苦
樹木園
天然石
情報局
縦横家
番組表
全人代
復興庁
線維膜
硬骨類
飼育箱
花緑青
授乳室
深井戸
神経剤
国民病
卸価格
示性式
特産種
半化石
準化石
宅配人
一兵卒
単二型
単三型
単四型
単五型
単六型
人造氷
花前線
通信士
加工肉
成型肉
成形肉
結着肉
一塊肉
手羽肉
部分肉
刺青師
乾燥肉
鬼太鼓
小家族
蒸留塔
精留塔
後番組
諸兄姉
寒暖差
非上場
猛打賞
左翼手
事務方
進化形
銅合金
育児語
最有力
無理筋
青海波
清海波
青海破
高級紙
成長痛
板発条
個人店
食人族
輪行袋
補給食
携行食
当時物
券面額
浮揚力
洗面室
太極図
山岳賞
不幸話
論理上
大株主
実質上
外交上
交流戦
発汗剤
銀古美
子供園
幼保園
金古美
少年愛
無冠詞
左横書
右横書
生活語
法動詞
活動詞
化学種
改善策
男体化
福音派
絶頂期
生命刑
名誉刑
財産刑
炭酸鉛
薬種屋
薬種商
幼物語
空気感
分断線
当時品
美食学
黒字化
貧乏舌
異物感
関節学
陣中食
調査書
昇天祭
性被害
性虐待
体組成
体組織
対戦台
予備罪
通用音
統治下
主寝室
日本流
追加点
紅白戦
新大陸
陰生代
小麦畑
飼育場
企画展
常設展
絵地図
向岸流
新常態
副反応
地方風
世襲制
上顧客
解決案
目的化
小並感
魔法陣
重弁花
文字絵
停留点
残便感
造形美
造型美
大脳脚
極地法
塩風害
石油箱
山羊毛
合羽版
消防組
省人化
防護団
悪戯心
格闘術
近代語
格差婚
極弱火
自分事
野菜室
地狂言
地芝居
荒壁土
冷水塔
冷却塔
肺気胸
合弁花
内内示
後継機
善女人
善男子
混合気
旗指物
指小旗
縦倍角
徴用工
殺傷力
珍回答
珍解答
通風管
超数学
希少糖
展望室
構内図
航空戦
群知能
朝夕食
食事処
和洋室
禁煙室
発着駅
取扱店
大改正
施業林
単独室
仮需要
仕事机
室内着
乗継地
精選版
仏弟子
自然葬
普及品
政官財
仏教学
超特大
食料庫
過去世
過去生
単回答
両墓制
功徳蔵
美人湯
炭酸泉
噴射管
温泉浴
温泉学
温泉客
温泉権
温泉源
要支援
建設族
道路族
本登記
登録税
面会権
内装材
外壁材
通気口
給気口
資産税
氷河学
後座砲
外婚制
新入荷
内婚制
印刷版
五賢帝
高揚感
点粒子
福建省
貴州省
海南省
河北省
河南省
湖北省
湖南省
吉林省
青海省
山東省
山西省
雲南省
喫煙具
毛筆画
所場代
単独犯
群像劇
群集劇
解体屋
起始点
区議会
点描画
酸味料
増量剤
調整剤
迷惑料
神経堤
粘結剤
粘結炭
幾千代
親項目
計算量
計量学
室内犬
室外犬
前会計
性自認
反応炉
得点王
不均一
今週号
飲友達
有口湖
男性化
欧米化
外見上
負動産
同日着
保湿剤
営業税
西夏語
赤身肉
分散相
検修場
相関詞
虐待死
手入力
難関校
大赤字
煙霧質
単縦陣
分散質
仮符号
血清型
外毒素
姉妹群
分岐群
分子線
原子線
安定剤
三糖類
在野党
中瀬鉱
超階乗
指導医
可食部
保存剤
鉱業権
様似鉱
手稲石
豊羽鉱
大峰石
単位胞
光学軸
桜井鉱
空間群
文様群
壁紙群
特異値
線形化
並列化
無光沢
点対称
赤金鉱
原田石
岩手石
南部石
仲介役
間取図
団地妻
下気道
種実類
梨状果
新鉱物
無審査
絶望視
修了式
管理員
大収納
子供室
構造化
断面積
円仏教
管理士
未加工
一定数
占城稲
大唐米
母者人
父者人
恒信風
催乳薬
告解場
上祭服
大反響
属人化
文化面
年金額
露出魔
心筋炎
凶悪犯
動脈炎
浴仏会
開心術
怪談話
災害級
屈曲位
性依存
内容量
美人妻
内容品
返送品
原産国
諸料金
論理行
物理行
自社製
検査薬
法制化
義務化
運送状
保管所
簡化字
避難地
制限高
売物件
打言葉
引用元
誕生月
通知音
小気候
微気候
大辞典
小辞典
調子物
小地域
料金箱
宅配車
指揮車
駐車券
合流車
雨仕舞
地上階
黄信号
地下階
会話語
自然金
断食月
同系語
究理学
海豚漁
桜並木
転路手
冠飾句
大議論
定番化
低家賃
尾瀬草
上皇后
軍警察
初仕事
火山学
花鳥図
退位式
海外県
大先生
難事件
鳥目絵
女装家
性倒錯
通学帽
正体字
言語権
寿司米
超大作
男社会
易疲労
異常値
清澄剤
福建語
芸者上
裏情報
金明竹
神経網
審査権
新型車
松葉油
八王子
競売品
星震学
消防官
鉱業法
風俗犯
位置皿
酒寿司
赤寿司
干葉飯
乾葉飯
茶水晶
時計師
時計士
着物屋
和裁士
冒険団
書籍化
天下人
無給医
衰弱死
湿地帯
待機室
至極色
調整池
真行草
名台詞
戦上手
九段線
貯蔵穴
横穴墓
金銀銅
分割線
使用感
地震光
指南書
閲覧数
仏頂尊
到着音
植物肉
宝物庫
処断刑
特化型
左半身
右半身
根付魚
後部席
主婦業
物置台
参加賞
牧場主
幾千万
街路灯
消波堤
素十六
父権制
斜長岩
中華圏
中秋節
駅係員
五大陸
新商品
右上手
左上手
県外人
海賊党
検事長
福祉司
受審人
内水面
信託法
理容院
口呼吸
初出品
前打音
黄朽葉
点眼剤
仏名会
残念会
冷水機
冷水器
事故車
試遊台
合同葬
社長業
試遊版
武道場
幻灯機
少女愛
大方針
不携帯
油井管
近過去
遠過去
根性悪
上面図
定食屋
姫女子
姫男子
届出人
愛憎劇
乳児期
青竹色
訓練場
付加詞
交際官
波状雲
台湾犬
女性形
男性形
皆様方
自主練
頭脳線
大豆肉
未精製
易感染
四念処
機織業
改革家
古参兵
回春型
果生型
初版本
清純派
凍結肩
竹小豆
文武官
秘密会
馬鹿舌
人新世
二黄卵
衣装持
梅花皮
火神鳴
継続費
水神鳴
明所視
装備品
強風域
酒合戦
鉱物相
水成論
安導券
安導権
保護室
子供兵
超純水
環境相
経済相
人数分
微圧計
回避策
妨害機
遣明船
遣明使
島言葉
感想戦
区画線
名画座
卓球台
花粉学
確定石
区民館
無意志
上質紙
通訳士
無効化
反射材
花見幕
宿泊税
青朽葉
取調官
口装砲
低糖質
野合戦
営業車
食糧難
不殺生
梅春物
便潜血
奥医師
休耕地
定住化
入力法
担根体
光脱毛
旅行業
成果給
心配顔
業績給
在中物
二分心
性表現
棒姉妹
芋田楽
遅刻魔
有名店
社会脳
雑草魂
大隊長
定型文
手間代
茶道口
無遅刻
赤黄色
参集殿
避難先
火災雲
男子便
不定休
対人戦
紅葉鳥
物産館
素物語
遊標尺
手洗場
保護犬
支局長
宇宙軍
国民兵
教育相
七宝文
準二世
邦字紙
浜笛吹
演劇部
配達員
非政府
代替肉
政治局
変革期
譲渡会
有料化
赤系統
青系統
製造機
地方民
計算手
受益圏
受苦圏
指関節
装備庁
監査官
属和音
三周忌
手掛女
春野菜
夏野菜
秋野菜
海帰派
最終財
基本財
小番付
個人蔵
日本病
激安店
渡航歴
兵部省
境界層
公議所
集議院
小中高
賃加工
小浮草
野菜類
戦間期
節振舞
原典版
交替形
湯治客
寄稿家
臨時便
密売買
無声化
有声化
生命愛
縮約版
貧書生
選仏場
銭太鼓
品不足
活字化
幽霊語
節分草
滞在歴
飲酒戒
物名歌
不安視
春景色
雨景色
人工鼻
観光省
納豆肥
比体積
水見舞
異年号
地名学
環球法
塗工紙
尊属殺
貧困国
知能線
無食欲
低地帯
通勤客
仏料理
夜道怪
五輪塔
花頭窓
火灯窓
華頭窓
向唐門
夢見草
血紅色
小芝居
確実視
無憂樹
大芝居
朱印帳
洋食器
沖縄語
画像石
再考察
代用字
点鬼簿
回収車
無観客
服加減
熱回収
八割方
団子魚
学習帳
底辺層
勝負運
海賊盤
樹形図
光回線
軍大将
国政術
振興局
中古語
中古文
精力剤
領主制
八八花
案内記
皇祖考
母教会
来店客
屋根窓
真名文
真字文
日語校
左傾化
非同盟
再変換
自候生
空士長
実験論
空将補
海将補
陸将補
地理極
北磁極
具体詩
民芸紙
営業力
主婦層
病因学
概念図
縫合糸
持針器
東京弁
三善根
乗継券
露点計
露光計
最下層
学齢簿
洋食化
参加型
京野菜
日留試
概要欄
町中華
団扇絵
絵団扇
粗収入
冊子版
掃除屋
筆文字
手加工
上方絵
橋上駅
地上駅
高架駅
多項目
算盤玉
畜産場
詰放題
純損失
怪現象
生物膜
精液量
治工具
三戦神
祝勝会
紙加工
後加工
焦燥感
腸重積
野生豚
名言集
野菜庫
前景化
場外戦
客体化
簡易版
南海道
西海道
半光沢
出世欲
山羊乳
体表面
連通管
毒針毛
仕付銀
最外側
二連球
準特急
長崎絵
形状詞
梅水晶
色上質
展色剤
特薄口
特厚口
新出語
本場風
小隊長
内因死
電話台
袋菓子
神南備
復元品
会計室
大転子
小転子
特殊紙
振付家
反応式
黒種草
府県税
勢力図
天地眼
固形食
無戸籍
火田民
私立大
公立大
生木綿
大合唱
地頭代
花札屋
不就学
激変星
工芸家
大爆発
我御料
配置図
飛行帽
三和土
真南蛮
飲食業
実測値
動画師
路上寝
一次会
先住権
三次会
力加減
神前式
最確数
安息角
金包包
換毛期
普通品
上級品
子生婦
幸運夫
最高作
名誉賞
新古車
絶不調
訓練機
主尋問
天主堂
冷房病
産業化
普通盛
協賛金
作動音
正規品
射的屋
埋込型
埋込形
立法院
六百間
背徳感
常識論
保健学
試胆会
加圧力
同符号
大貴族
半合成
高層階
移動車
大日本
科学界
校正員
名詞化
青磁色
屈折形
屈折計
創成期
開店花
担税力
保証料
国産材
合同式
六文銭
間知石
仮審査
本審査
防汚剤
食事券
十六進
勝負飯
東雲色
想像図
風商売
仁太夫
遠州茶
沼田場
菓子札
特飲店
特飲街
原料乳
路考茶
扇子腹
史学史
居飛車
絶対場
不見出
大坊主
構文論
立三本
試食品
落丁本
乱丁本
市販本
止血弁
翼開長
翼開張
不満点
織部焼
座敷芸
要望書
大舞台
防衛食
中古音
人別改
大荷物
助演賞
航洋船
吸気口
非標準
大型店
七夕祭
指定校
奥二重
科学力
百塩茶
日本文
転売屋
変異種
党総裁
吸血姫
中止犯
搬送帯
人造金
化学車
未成線
計画線
押太鼓
紹介所
良馬場
半球形
若社長
母親業
大好評
跡白波
教員室
魔改造
雇調金
球技場
重武装
決疑論
字上符
燃焼器
完成形
悪行税
解約金
可展面
分解図
精肉商
管制圏
大作戦
特措法
経団連
極形式
産育休
小確幸
内申点
集積所
個人技
極貧層
大円団
神道家
在宅死
主読紙
調布巻
盤双六
双六盤
郵趣家
貸出券
多結晶
越南語
漢越語
罰金刑
赤木耳
極美品
労作歌
作業歌
仕事歌
正極材
変異株
五逆罪
順現業
三時業
順次業
順生業
順後業
親子愛
姉妹愛
自由円
現代華
純小数
軽動詞
徒歩軍
二重苦
都府県
義実家
団結力
組文字
乳用種
大局観
新鮮味
順世派
無呼吸
線膨張
沖地震
誤入札
雪捨場
証明力
都道県
塩類化
救命袋
脳内圧
職業観
集近閉
光工学
軽印刷
固形脂
会報誌
本人談
交差位
合当理
一兵士
長期債
安近短
以下略
前前年
麦般若
見本品
逆質問
大判焼
大集合
高級店
北陸道
種雄牛
狩猟鳥
公安部
鶏南蛮
鳥南蛮
甘松香
性解放
大逆転
秘宝館
源氏絵
並天道
化製場
丸面子
多浪生
眼軸長
土埋木
文春砲
漫画肉
系統群
医大生
保存樹
完全癖
自在戸
赤枯病
処理水
死者数
深海帯
女乗物
小休憩
州立校
硬表紙
本製本
赤玉土
骨壊死
低脂質
減農薬
順縁婚
回路計
超高温
不在届
一般客
純国産
死花花
紙花花
四文字
面付錠
航路権
無反省
紙容器
幼児婚
書換字
書替字
展示館
屋敷神
水分子
日変化
速成科
速成法
無感情
葉野菜
堅豆腐
固豆腐
超広角
暗所視
公文式
塩性化
信号場
耐衝撃
横方向
美濃判
肥大化
地券紙
産業医
脱炭素
塩浴炉
共用体
経済誌
見放題
協力車
長嘆息
保存庫
所蔵館
出版年
山仕事
着床式
浮体式
流行地
防寒着
有余年
接種券
変換所
開閉所
和漢洋
地表水
民訴法
刑訴法
軽作業
翻訳機
団地間
豊胸術
使役形
支援金
格文法
有効票
文庫判
副教材
無頼派
若主人
電動化
条坊制
夏作物
地位財
記述式
流星体
先制点
組織委
小水力
感染死
育成牛
非化石
神学院
母文化
全性愛
緩斜面
四連休
中期防
開港場
現名称
旧名称
軽歩兵
直売所
大内刈
広卵形
闘球盤
投球盤
小内刈
名産品
六味丸
所蔵品
譲渡益
非電化
水危機
伝統色
分岐路
自噴泉
金銭運
天草版
最接近
南西部
北西部
総点検
接近音
精製水
恋愛物
熱工学
加法群
非有界
変分法
九去法
類体論
交換子
学区制
党四役
印象論
非調和
無教養
小二輪
自二輪
性加害
火夏星
微惑星
水道業
沿岸部
古墳人
大和人
焼肉店
焼肉屋
土産屋
正面口
生原稿
低用量