明白
白地
天魚
雨子
旗魚
機関
急度
白口
半平
散荷
列記
印度
加行
左行
佐行
助番
多行
波行
麦酒
夜行
愛育
愛飲
愛犬
愛好
愛国
愛児
愛車
愛書
愛唱
愛息
愛鳥
愛読
愛馬
愛用
悪意
悪衣
悪運
悪化
悪果
悪貨
悪寒
悪感
悪漢
悪気
徒者
悪球
悪玉
悪形
悪方
悪言
悪事
悪者
悪手
悪酒
悪習
悪所
悪書
悪女
悪場
悪心
悪神
悪人
悪水
悪声
悪戦
悪相
悪天
悪徒
悪投
悪童
悪道
悪徳
悪熱
悪念
悪筆
悪病
悪風
悪文
悪法
悪役
悪友
悪用
悪令
悪例
悪路
安楽
安気
安産
安手
安酒
安住
安宿
安心
安神
安静
安全
安息
安打
安置
安着
安直
安定
安物
暗雲
暗君
暗号
暗合
暗算
暗室
暗唱
暗色
暗然
暗中
暗転
暗部
暗流
案下
案外
案出
案内
以遠
以下
以外
以後
以上
以西
以前
以東
以内
以南
以北
以来
位階
位官
位記
位次
位相
委員
委曲
委細
委付
意外
意気
意見
意思
意図
意地
意中
意馬
意表
意味
意力
成手
衣香
衣食
衣帯
衣服
衣料
医員
医院
医家
医科
医会
医界
医学
医官
医業
医局
医事
医者
医書
医大
医長
医道
医博
医薬
医用
井守
井底
育英
育児
育種
印画
印形
印行
印材
印刷
印紙
印字
印書
印章
印相
印池
印刀
印肉
印本
員外
員数
引当
引火
引見
引照
引数
引用
引卒
引力
引例
飲口
飲手
飲代
飲薬
飲酒
飲助
飲食
飲用
飲料
院外
院号
院生
院長
院本
右下
右岸
右手
右上
右折
右足
右辺
右方
右面
右目
右葉
羽根
羽子
羽衣
羽音
羽化
羽太
羽毛
羽目
雨雲
雨具
雨空
雨戸
雨声
雨着
雨中
雨注
雨天
雨量
馬屋
運気
運休
運行
運算
運上
運転
運動
運筆
運命
運用
雲海
雲間
雲形
雲高
雲助
雲上
雲水
雲母
雲量
栄位
栄花
栄光
栄進
栄達
栄典
栄転
栄養
泳法
英気
英京
英語
英国
英詩
英字
英書
英数
英文
英米
英名
英和
駅員
駅前
駅長
駅伝
駅頭
駅夫
駅名
円安
円貨
円曲
円高
円周
円心
円柱
丸柱
円転
円内
円本
円満
園芸
園児
園長
遠泳
遠音
遠火
遠海
遠近
遠景
遠見
遠国
遠出
遠心
遠浅
遠足
遠大
遠地
遠方
遠望
遠目
遠矢
遠洋
遠来
遠路
塩化
塩気
塩焼
塩湯
塩豆
塩梅
塩物
塩分
塩味
塩類
横顔
横議
横行
横死
横車
横書
横線
横隊
横着
横長
横笛
横転
横道
横波
横文
横面
横木
横目
横様
王位
王化
王家
王宮
王国
王子
王事
王室
王者
王手
王女
王城
王水
王族
王朝
王土
王道
王物
王法
王様
王立
黄花
黄海
黄金
黄口
黄身
黄体
黄鳥
黄土
黄白
黄緑
岡目
沖積
沖天
沖縄
億兆
屋外
屋号
家号
屋根
家根
屋上
屋台
屋体
家台
屋内
温顔
温室
温順
温色
温水
温帯
温点
温度
温湯
温熱
温浴
温良
音階
音楽
音感
音曲
音訓
音字
音信
音声
音節
音速
音調
音頭
音読
音波
音便
音名
音量
音力
下位
下意
下院
下家
下屋
下火
下界
下絵
下期
下記
下級
下金
下血
下見
下戸
下向
下校
下行
下国
下坂
下阪
下歯
下車
下手
下宿
下書
下女
下乗
下城
下心
下臣
下人
下図
下水
下石
下線
下船
下草
下側
下足
下帯
下達
下男
下着
下町
下湯
下等
下道
下読
下熱
下馬
下半
下番
下表
下品
下付
下部
下風
下物
下聞
下放
下方
下名
下命
下目
下問
下役
下薬
下様
下落
下流
化育
化学
化合
化身
化成
化生
化石
何回
何月
何才
何事
何時
何者
何人
何千
何卒
何点
何度
何等
何日
何年
何番
何百
何物
何分
何方
何様
加温
加害
加給
加工
加号
加算
加持
加水
加数
加速
加入
加熱
加年
加配
加筆
加法
加味
加役
加薬
加養
加里
夏衣
夏山
夏場
夏着
夏虫
夏日
夏服
夏物
夏野
家運
家屋
家学
家教
家業
家具
家兄
家計
家元
家作
家産
家事
家主
家集
家出
家書
家信
家臣
家人
家声
家相
家族
家中
家長
家庭
家伝
家電
家内
家風
家法
家名
家来
家礼
家令
家例
家路
家老
科学
科挙
科料
果菜
果実
果食
果然
果肉
果皮
果物
歌会
歌学
歌曲
歌手
歌集
歌書
歌唱
歌心
歌人
歌題
歌道
歌風
火屋
火花
火器
火気
火足
火急
火玉
火元
火光
火口
火皿
火山
火事
火手
火種
火酒
火食
火星
火先
火中
火柱
火熱
火夫
火薬
火曜
火力
花屋
花火
花芽
花器
花客
花形
花見
花香
花札
花時
花実
花信
花束
花鳥
花道
花畑
花木
花梨
花林
花輪
荷札
荷車
荷主
荷受
荷重
荷船
荷足
荷台
荷電
荷縄
荷馬
荷物
花美
花車
課員
課外
課業
課金
課題
課長
貨車
貨物
画意
画家
画会
画学
画期
画才
画材
画紙
画室
画手
画集
画商
画心
画人
画数
画然
画題
画談
画帳
画調
画定
画道
画板
画筆
画風
画法
画本
画面
賀意
賀正
会意
会員
会飲
会期
会議
会計
会見
会合
会式
会社
会主
会集
会所
会商
会場
会食
会心
会席
会戦
会談
会長
会頭
会同
会読
会話
回帰
回教
回心
回数
回生
回折
回線
回想
回送
回虫
回転
回答
回付
回文
回目
回遊
回礼
回路
改悪
改印
改行
改作
改札
改心
改新
改正
改選
改組
改題
改定
改変
改名
改良
海員
海運
海外
海岸
海軍
海原
海港
海国
海参
海事
海女
海馬
海上
海食
海深
海水
海草
海中
海底
海兵
海辺
海面
海洋
海陸
海流
海路
界面
絵画
絵図
絵本
開院
開運
開園
開化
開花
開会
開館
開業
開局
開口
開校
開港
開山
開始
開城
開場
開戦
開通
開店
開発
開票
開平
開放
開明
開門
開立
階下
階級
階数
貝貨
貝柱
貝類
外衣
外科
外貨
外角
外観
外気
外局
外形
外径
外見
外語
外交
外向
外国
外紙
外字
外耳
外車
外周
外出
外場
外食
外信
外人
外線
外相
外注
外的
外典
外電
外湯
外灯
外道
外皮
外付
外部
外聞
外米
外方
外面
外野
外遊
外様
外用
外来
害悪
害虫
害鳥
街角
町角
街区
街図
街灯
街頭
街道
街路
各位
各員
各駅
各界
各階
各月
各県
各校
各行
各国
各市
各紙
各自
各室
各社
各種
各所
各省
各人
各地
各店
各部
各面
各別
覚者
角材
角笛
角度
角皮
学位
学院
学園
学科
学課
学会
学界
学期
学究
学級
学業
学区
学芸
学校
学祭
学者
学習
学生
学説
学卒
学長
学徒
学童
学内
学年
学府
学部
学名
学問
学友
学理
学力
楽員
楽園
楽屋
楽観
楽器
楽曲
楽勝
楽章
楽想
楽隊
楽天
活気
活字
活動
活発
活用
活量
活力
活路
松魚
空風
寒害
寒気
寒空
寒暑
寒村
寒帯
寒地
寒中
寒天
寒波
寒風
寒夜
寒流
寒冷
完結
完成
完全
完走
完敗
官界
官事
官命
官用
官話
感化
感覚
感泣
感光
感心
感想
感知
感電
感度
感動
感服
漢英
漢音
漢語
漢詩
漢字
漢文
漢和
管区
管内
管理
観客
観月
観光
観察
観戦
観点
観念
間近
真近
間欠
間口
間合
間者
間食
間数
間男
間中
間話
関係
関所
関心
関西
関節
関知
関東
関白
関門
関連
屋形
館員
館長
丸味
円味
丸一
丸公
丸事
丸毎
丸首
丸十
丸石
丸太
丸帯
丸底
丸本
丸木
丸薬
丸曲
岸辺
目差
岩塩
岩屋
岩角
岩山
岩石
岩乗
顔形
顔色
顔付
顔面
顔役
顔立
顔料
願意
願主
願酒
願書
願文
願面
願力
器楽
器官
器具
器材
器物
器用
器量
岐路
希求
希望
旗手
旗色
旗頭
旗挙
期間
期待
期内
期日
期末
機運
機化
機会
機械
器械
機器
器機
機材
機種
機首
機先
機体
機長
機転
気転
機動
機内
帰化
帰京
帰結
帰国
帰社
帰順
帰省
帰着
帰路
気運
気温
気化
気学
気楽
気管
気球
気軽
気候
気功
形気
気色
気心
気前
気相
気息
気体
気長
気道
気配
気品
気風
気分
気味
気立
気流
気力
汽車
汽水
汽船
汽笛
季語
季候
季節
希少
希世
記号
記事
記者
記章
記帳
記入
記念
記法
記名
記録
起案
起業
起工
起算
起草
起点
起電
起動
起用
起立
議案
議員
議院
議会
議決
議事
議場
議席
議題
議長
議定
客員
客観
客間
客室
客車
客席
客船
客体
客土
休意
休会
休学
休業
休校
休止
休場
休戦
休息
休足
休転
休電
休日
休養
宮司
宮中
弓具
弓形
弓道
弓矢
急足
急行
急坂
急死
急所
急場
急進
急切
急送
急速
急病
急変
急用
急落
急流
求愛
求人
求積
求道
泣笑
泣虫
球形
球根
球場
球体
究極
究明
級数
級長
級友
給血
給仕
給食
給水
給湯
給付
給油
給料
牛車
牛肉
牛馬
牛皮
去月
去年
去来
挙行
挙国
挙止
挙式
挙手
挙動
挙兵
漁業
漁港
漁場
漁色
漁船
漁村
漁夫
漁父
漁労
魚屋
魚貝
魚群
魚肉
魚類
京形
京阪
京坂
京女
京人
京地
京表
京風
京物
京方
京葉
男気
競泳
競合
競作
競争
競走
競馬
競売
競歩
競輪
共栄
共学
共感
共産
共助
共生
共通
共鳴
共有
共用
共立
協会
協議
協業
協商
協心
協調
協定
協約
協和
強味
強意
強引
強音
強化
強気
強健
強行
強国
強弱
強打
強大
強調
強度
強風
強要
強力
教育
教員
教王
教化
教科
教会
教官
教区
教訓
教材
教室
教習
教書
教典
教徒
教父
教本
教養
教理
教練
鏡台
鏡板
鏡面
業果
業火
業界
業者
業種
業病
業物
局員
局所
局地
局長
局番
局部
局面
曲物
曲悪
曲学
曲球
曲芸
曲事
曲水
曲折
曲節
曲説
曲線
曲調
曲直
曲馬
曲筆
曲名
曲面
曲目
曲流
曲路
極悪
極意
極印
極右
極楽
極寒
極小
極上
極線
極大
極地
極点
極度
極東
極北
極力
玉石
玉虫
玉門
近海
近目
近県
近所
近親
近世
近代
近東
近日
近年
近辺
近来
金印
金貨
金管
金魚
金銀
金具
金欠
金言
金庫
金高
金歯
金持
金星
金物
金平
金目
金曜
金利
金力
銀貨
銀漢
銀器
銀行
銀山
銀紙
銀色
区会
区間
区議
区長
区点
区内
区分
区別
区民
苦界
苦学
苦楽
苦言
苦行
苦手
苦笑
苦心
苦戦
苦土
苦味
苦役
苦労
具足
具体
具有
空地
空位
空間
空気
空軍
空言
空港
空行
空車
空手
空所
空色
空席
空前
空想
空中
空調
空転
空白
空母
空包
空名
空理
空陸
空冷
空路
熊手
君子
君主
君臣
君達
訓育
訓辞
訓点
訓読
訓令
訓練
訓連
訓話
群生
群体
群島
群落
軍衣
軍医
軍歌
軍学
軍楽
軍器
軍旗
軍機
軍記
軍議
軍犬
軍功
軍港
軍国
軍使
軍事
軍車
軍手
軍書
軍神
軍人
軍船
軍卒
軍隊
軍談
軍長
軍刀
軍道
軍馬
軍配
軍票
軍夫
軍部
軍服
軍法
軍民
軍門
軍用
軍旅
軍令
軍礼
軍路
郡県
郡部
係官
係数
係船
係争
係長
兄後
兄姉
兄弟
形見
形式
形成
形相
形体
景観
景気
景勝
形勝
景色
景品
径路
計画
計器
計算
計上
計数
計量
軽機
軽業
軽口
軽少
軽食
軽石
軽度
軽便
軽油
軽卒
軽量
鳥肉
芸者
芸人
芸大
芸当
芸風
芸名
欠員
欠課
欠字
欠席
欠点
欠番
欠文
欠落
欠礼
決意
決議
決行
決算
決死
決勝
決心
決戦
決然
決定
決別
結果
結球
結局
結言
結語
結合
結社
結集
結成
結石
結節
結束
結末
血管
血目
血気
血球
血行
血色
血清
血相
血族
血豆
血肉
月間
月給
月極
月見
月光
月事
月色
月食
月日
月次
月別
月末
月明
月面
月夜
月曜
月例
健康
健児
健勝
健全
健投
健筆
健歩
建議
建具
建国
建材
建白
建物
建立
犬歯
研学
研究
県下
県会
県議
県道
県内
県民
県立
見学
見合
見参
見事
美事
見者
見地
見当
見物
見聞
見方
見本
元悪
元気
元軍
元結
元号
元三
元始
元手
元首
元帳
元朝
元日
元年
元標
元方
元本
元来
元老
原案
原意
原音
原画
原器
原形
原語
原作
原産
原始
原子
原糸
原紙
原詩
原種
原書
原色
原人
原図
原生
原隊
原虫
原典
原点
原頭
原動
原発
原板
原票
原品
原付
原物
原文
原本
原民
原毛
原木
原薬
原油
原由
原理
原料
黒人
言草
言種
言分
言方
言外
言語
言行
言説
言伝
言動
言明
言葉
古意
古音
古画
古学
古楽
古顔
古器
古記
古曲
古訓
古血
古語
古今
古参
古詩
古字
古式
古手
古書
古城
古色
古人
古昔
古説
古巣
古草
古体
古代
古池
古茶
古着
古典
古伝
古都
古刀
古道
古筆
古風
古服
古米
古方
古法
古来
古流
古例
古老
固化
固形
固持
固辞
固守
固体
固定
固有
戸外
戸口
戸主
戸数
戸板
戸別
古事
湖上
湖水
湖面
午後
午前
午年
後家
後学
後期
後記
後金
後見
後作
後産
後事
後室
後者
後手
後書
後場
後世
後生
後先
後続
後置
後日
後年
後発
後半
後部
後方
後味
後列
語意
語学
語感
語気
語形
語原
語根
語順
語数
語族
語調
語長
語頭
語法
語末
語類
語路
語録
交感
交合
交差
交信
交戦
交通
交点
交読
交配
交番
交付
交友
交遊
交流
候鳥
候文
光物
光栄
光学
光景
光子
光線
光速
光電
光度
光年
光波
光明
光量
公安
公案
公園
公家
公課
公会
公海
公開
公害
公館
公器
公議
公休
公共
公教
公金
公言
公庫
公国
公差
公算
公使
公司
公子
公試
公事
公式
公社
公人
公図
公正
公選
公然
公達
公定
公庭
公的
公転
公電
公道
公徳
公売
公表
公平
公辺
公方
公法
公民
公明
公役
公約
公有
公用
公理
公立
公路
功業
功徳
功名
功労
口火
口絵
口外
口角
口気
口金
口径
口元
口語
口才
口耳
口実
口車
口取
口受
口重
口書
口上
口説
口先
口前
口早
口茶
口中
口調
口笛
口伝
口答
口頭
口内
口味
口約
向岸
向寒
向暑
向上
向米
好意
好学
好感
好漢
好機
好手
好色
好調
好転
好投
好物
好例
広遠
工員
工科
工学
工業
工具
工芸
工作
工事
工数
工夫
功夫
工兵
工法
工面
功者
幸福
広角
広場
広大
校医
校歌
校外
校旗
校章
校正
校長
校庭
校内
校門
校友
港口
港町
港内
考案
考課
考察
油薬
新木
行先
行員
行火
行楽
行間
行使
行司
行事
行者
行書
行商
行進
行数
行成
行灯
行頭
行動
行方
行列
校売
香気
香港
香水
香草
香典
香道
香味
香木
香油
香料
高位
高温
高音
高官
高級
高給
高空
高校
高次
高速
高卒
高台
高大
高地
高低
高度
高等
高熱
高波
高配
号外
号館
号泣
号室
号車
号数
号令
合口
相口
合意
合一
合羽
合間
合議
合金
合計
合祭
合作
合算
合式
合宿
合唱
合図
相図
合成
合切
合戦
合体
合着
間着
合調
合同
合法
合本
合理
合流
合力
国王
国家
国歌
国花
国会
国外
国旗
国界
国教
国庫
国語
国交
国産
国事
国字
国手
国書
国大
国中
国定
国鉄
国電
国土
国道
国内
国富
国文
国別
国民
国名
国有
国立
国連
黒海
黒血
黒山
黒子
黒衣
黒字
黒松
黒焼
黒色
黒星
黒線
黒船
黒帯
黒炭
黒地
黒茶
黒点
黒土
黒豆
黒肉
黒麦
黒板
黒表
黒風
黒服
黒米
黒目
黒緑
今一
今夏
今回
今期
今月
今古
今後
今時
今次
今秋
今週
今春
今上
今人
今生
今度
今冬
今風
今方
今夜
今様
根暗
根気
根元
根原
根号
根治
根城
根太
根底
佐官
左右
左下
左官
左岸
左記
左手
左上
左折
左前
左足
左目
差引
差歯
差配
差分
差別
最愛
最悪
最外
最期
最強
最近
最古
最後
最高
最左
最終
最初
最小
最少
最新
最前
最早
最大
最短
最低
最良
才覚
才学
才器
才気
才芸
才子
才女
才色
才人
才徳
才筆
才媛
才物
才分
才名
才量
才力
祭司
祭神
祭典
祭日
祭礼
細引
細工
細糸
細事
細心
細身
細説
細雪
小波
細部
細分
細面
細目
細流
菜葉
菜園
菜種
菜食
材木
材料
坂道
阪神
酒菜
作意
作家
作歌
作業
作曲
作詩
作者
作場
作図
作成
作戦
作男
作土
作動
作病
作品
作風
作物
作文
作法
作用
作例
昨今
昨春
昨年
草紙
草子
刷本
刷新
刷数
刷毛
察知
札束
参院
参加
参画
参賀
参会
参観
参議
参宮
参向
参考
参事
参集
参照
参上
参戦
参着
参朝
参道
参内
参入
参列
山間
山菜
山寺
山車
山女
山水
山刀
山道
山羊
野羊
山林
散会
散見
散水
散発
散文
散歩
産院
産科
産休
産業
産後
産出
産地
産着
産衣
産物
産毛
算出
算数
算体
算定
算法
算用
残業
残金
残光
残高
残暑
残心
残念
残飯
仕官
仕業
仕口
仕事
仕手
仕切
仕草
仕種
仕置
仕入
仕付
仕様
仕立
使者
使臣
使節
使丁
使徒
使命
使役
使用
司会
司教
司書
司法
司令
始業
始終
始動
始発
始末
仕末
姉上
姉弟
子音
子宮
子局
子持
子守
子種
子女
子息
子孫
子弟
子等
子年
子馬
小馬
子分
市井
市会
市外
市街
市議
市区
市子
市松
市上
市場
市人
市中
市長
市電
市内
市日
市部
市民
市門
市有
市立
思案
思考
思想
指向
指図
指数
指先
指定
指南
指標
指名
指輪
指令
仕度
止血
止宿
死角
死活
死期
死球
死去
死後
死語
死産
死者
死神
死人
死体
死別
氏子
氏神
氏名
糸口
糸車
紙面
詩形
詩集
詩人
詩的
試案
試験
試行
試合
仕合
試作
試算
試写
試食
試着
試問
試薬
試用
試料
試練
歯音
歯科
歯芽
歯学
歯形
歯固
歯根
歯車
歯石
歯面
歯列
事共
事業
事局
事後
事実
事前
事相
事大
事典
事物
事変
事由
事理
事例
児女
児孫
児童
字引
字画
字形
字体
字典
寺院
滋雨
持場
持前
持参
持続
持病
時雨
時下
時間
時期
時給
時局
時空
時計
時差
時節
時相
時速
時代
時短
時点
時分
次位
次会
次回
次官
次期
次兄
次元
次号
次子
次式
次女
次章
次数
次席
次代
次第
次男
次長
次点
次年
次表
次便
滋養
治安
治具
治水
耳順
耳鼻
耳目
自愛
自家
自覚
自活
自給
自国
自作
自治
自社
自主
自首
自習
自重
自省
自信
自身
自席
自説
自選
自前
自然
自他
自体
自転
自伝
自動
自働
自白
自発
自筆
自負
自分
自明
自由
自立
自力
辞意
辞書
辞表
辞令
鹿追
式辞
式場
式典
式服
失意
失火
失業
失血
失言
失語
失考
失笑
失速
失地
失着
失調
失点
失当
失念
失敗
失望
失名
失命
失明
失礼
室温
室外
室長
室内
早手
実意
実印
実家
実害
実感
実業
実兄
実験
実行
実習
実数
実線
実体
実地
実直
実父
実物
実母
実名
実用
実利
実力
実例
実録
実話
写字
写実
写植
写真
写生
写本
社員
社会
社外
社交
社説
社長
社内
社名
社用
車庫
車種
車線
車体
車道
車内
車風
車両
車輪
借手
借切
借方
借金
借主
借人
借地
借用
借料
弱音
弱気
弱行
弱国
弱者
弱卒
弱体
弱虫
弱弟
弱点
主音
主家
主管
主観
主教
主君
主計
主語
主事
主上
主色
主食
主席
首席
主戦
主体
主題
主調
主長
主動
主日
主馬
主筆
主部
主物
主文
主法
主命
主役
主薬
主用
主要
主流
主力
取材
守宮
家守
手間
手記
手鏡
手近
手形
手軽
手芸
手元
手口
手指
手紙
手持
手首
手習
手順
手書
手心
手数
手先
手前
手相
手足
手動
手配
手箱
手品
手法
手本
手話
手械
玉算
種子
種族
種別
種目
種類
酒屋
酒気
酒場
酒代
酒名
酒類
首相
首長
首都
首府
首輪
受皿
受入
受験
受取
受信
受身
受注
受動
受理
集録
周回
周期
周章
周知
周年
周波
周辺
周遊
周流
州崎
秋雨
秋気
秋口
秋風
秋分
終業
終局
終結
終始
終止
終身
終戦
終息
終点
終電
終日
終末
終夜
習作
習字
船歌
週間
週末
集荷
集会
集金
集群
集計
集光
集合
集成
集積
集中
集配
集約
集落
住家
住持
住所
住人
住民
実手
拾万
重愛
重科
重器
重機
重合
重出
重心
重臣
重水
重星
重積
重説
重代
重大
重点
重湯
重箱
重病
重文
重目
重役
重油
重用
重要
重陽
重利
重量
重力
守公
宿屋
宿借
宿場
宿題
宿直
宿望
宿命
祝賀
祝祭
祝辞
祝典
祝電
祝日
祝福
出物
出家
出火
出花
出荷
出芽
出会
出合
出願
出京
出金
出群
出軍
出欠
出血
出庫
出向
出港
出札
出産
出仕
出歯
出時
出社
出城
出場
出色
出身
出世
出席
出先
出前
出足
出題
出炭
出典
出店
出度
出土
出湯
出頭
出動
出入
出馬
出発
出板
出番
出品
出府
出兵
出方
出目
出門
出様
出来
出立
出力
春画
春休
春秋
春先
春風
春分
順礼
順守
順法
順位
順化
順行
順次
順調
順番
順列
初夏
初荷
初回
初期
初級
初耳
初手
初秋
初出
初春
初心
初雪
初代
初冬
初等
初頭
初日
初歩
初夜
初老
所以
所感
所管
所見
所作
所産
所持
所信
所説
所長
所定
所望
所有
所用
暑気
暑中
書院
書記
書庫
書式
書生
書体
書店
書道
書物
書名
書面
書類
助教
助祭
助産
助辞
助手
助成
助走
助長
助命
助役
助力
女医
女王
女子
女児
女神
女親
女人
女生
女声
女体
女中
女湯
女流
勝楽
勝算
勝者
勝手
勝敗
勝負
勝利
商運
商家
商科
商会
商館
商機
商議
商業
商工
商港
商号
商才
商事
商社
商船
商大
商談
商店
商売
商標
商品
商法
商用
商利
商量
唱歌
唱道
小雨
小屋
小学
小金
小計
小結
小言
小康
小国
小皿
小指
子指
小児
小耳
小船
小春
小食
少食
小心
小人
小水
小数
小生
小石
小節
小説
小雪
小隊
小町
小鳥
小刀
小豆
小麦
小鼻
小品
小物
小変
小面
小話
少関
少佐
少時
少者
少数
少年
昭和
松虫
消化
消火
消去
消極
消失
消息
焼印
焼魚
照会
照合
照度
照明
省察
省線
省令
笑顔
笑止
上板
上位
上意
上屋
上家
上下
上荷
上界
上絵
上官
上気
上記
上議
上客
上級
上京
上玉
上空
上計
上古
上戸
上向
上作
上使
上司
上紙
上歯
上手
上酒
上宿
上書
上場
上申
上人
上図
上水
上席
上石
上線
上前
上足
上体
上帯
上代
上達
上知
上長
上天
上等
上馬
上白
上箱
上半
上番
上表
上品
上部
上服
上物
上文
上聞
上米
上辺
上面
上目
上役
上陸
上流
上例
乗気
乗員
乗号
乗合
乗算
乗車
乗数
乗積
乗船
上船
乗組
乗馬
乗法
城下
城主
城代
城門
場合
場所
場内
場末
場味
場面
定連
植字
植付
植物
植民
植林
色気
色香
色合
色刷
色紙
色事
色弱
色女
色男
色調
色目
食塩
食器
食後
食指
食事
食前
食通
食道
食肉
食品
食物
食用
食料
信愛
信管
信教
信号
信実
信者
信受
信書
信心
信徒
信念
信望
信約
信用
心外
心気
心血
心持
心身
身心
神身
身神
心地
心中
心底
真底
心的
心配
心付
心服
心理
心労
新案
新芽
新館
新顔
新教
新曲
新形
新語
新作
新札
新参
新字
新式
新車
新手
新種
新人
新星
新生
新説
新雪
新体
新着
新調
新入
新年
新板
新風
新聞
新米
新味
新約
新緑
森林
深味
深遠
深海
深度
深夜
申出
申分
申年
真赤
真意
真横
真夏
真顔
真空
真言
真実
真上
真心
目深
真深
真人
真水
真正
真西
真相
真打
心打
真竹
真昼
真冬
真東
真南
真美
真筆
真物
真北
真味
真勇
真理
神化
神学
神楽
神官
神司
神宮
神業
神社
神主
神代
神童
神道
神徳
神父
神風
神様
神話
臣下
臣民
親愛
親局
親玉
親元
親子
親指
親字
親身
親切
深切
親族
親日
親父
親分
親方
親友
親類
親和
身形
身近
身空
身元
身上
身長
身内
身分
身辺
進化
進学
進級
進行
進出
進数
進度
進入
進歩
進路
人位
人員
人家
人外
人間
人気
人魚
人君
人形
人後
人語
人口
人工
人材
人参
人山
人事
人時
人車
人種
人出
人臣
人世
人生
人声
人選
人前
人相
人足
人体
人達
人中
人柱
人的
人伝
人頭
人道
人肉
人波
人馬
人品
人付
人夫
人物
人別
人望
人民
人名
人命
人面
人里
人類
図案
図画
図形
図式
図書
図表
図法
図面
水泳
水温
水化
水害
水気
水牛
水玉
水銀
水子
水死
水車
水色
水星
水生
水着
水中
水柱
水虫
水道
水夫
水手
水主
水分
水兵
水平
水面
水門
水曜
水陸
水流
水力
水路
水馬
数回
数学
数字
数式
数人
数千
数多
数日
数年
数百
数秒
数名
数理
数量
数列
世界
世間
世局
世才
世子
世事
世辞
世上
世人
世相
世帯
所帯
世代
世知
世伝
世変
世話
成育
成果
成金
成形
成功
成人
成長
成年
成敗
成分
成立
整形
整合
整数
整然
整地
整理
整流
整列
星雲
星空
星図
星夜
晴間
晴天
晴夜
正位
正意
正音
正課
正貨
正覚
正教
正業
正金
正訓
正月
正午
正号
正札
正使
正子
正字
正式
正室
正出
正書
正色
正数
正西
正切
正続
正体
正大
正中
正朝
正調
正直
正伝
正東
正当
正答
正南
正負
正風
正副
正服
正物
正文
正兵
正方
正北
正本
正味
正面
真面
正目
正門
正立
正路
清栄
清算
清酒
清書
清勝
清流
生育
生家
生活
生協
生計
生後
生産
生残
生死
生糸
生身
生成
生前
生息
生体
生地
生長
生徒
生年
生物
生別
生母
生命
生理
生録
声楽
声高
声色
声帯
声望
声明
声門
西岸
西側
西南
西日
西陽
西部
西風
西北
西洋
青果
青玉
青空
青菜
青春
青色
青図
青草
青虫
青年
青物
静観
静止
静注
静的
静物
静夜
席上
昔式
昔日
昔風
昔話
石英
石化
石火
石工
石持
石室
石炭
石庭
石頭
石木
石油
積立
積雲
積極
積算
積雪
積分
赤化
赤貝
赤外
赤軍
赤札
赤字
赤線
赤道
赤熱
赤飯
赤面
赤毛
切火
切花
切口
切子
切紙
切石
切炭
切立
切愛
切羽
切開
切願
切言
切歯
切実
切手
切線
切望
切点
折中
折半
節気
節酒
節食
節水
節点
節電
節度
節分
節約
説教
説明
説話
雪害
雪景
雪見
雪国
雪祭
雪女
雪男
雪中
雪道
雪路
先安
先覚
先議
先客
先金
先君
先決
先月
先見
先古
先口
先考
先行
先高
先細
先山
先主
先取
先手
先週
先勝
先進
先人
先生
先太
先代
先達
先知
先着
先度
先投
先日
先入
先年
先発
先番
先付
先父
先負
先物
先便
先方
先夜
先役
先約
先様
先例
知木
川下
戦火
戦記
戦局
戦国
戦死
戦時
戦車
戦勝
戦場
戦線
戦前
戦争
戦隊
戦力
戦列
浅海
浅学
線画
線形
線香
線分
線量
線路
船員
船室
船主
船首
船隊
船長
船灯
船便
船旅
選挙
選曲
選考
選手
選集
選出
選定
選別
前科
前回
前官
前期
前記
前軍
前景
前言
前古
前後
前行
前号
前菜
前者
前車
前借
前週
前書
前章
前場
前身
前進
前人
前世
前生
前節
前説
前線
前代
前置
前庭
前電
前頭
前日
前年
前板
前表
前夫
先夫
前部
前文
前便
前方
前名
前面
前門
前夜
前約
前葉
前例
前列
全員
全音
全家
全科
全開
全角
全館
全岸
全級
全局
全曲
全軍
全形
全景
全戸
全校
全山
全市
全紙
全社
全集
全書
全勝
全焼
全心
全身
全人
全図
全数
全席
全然
全速
全体
全隊
全地
全長
全通
全天
全店
全都
全土
全島
全道
全日
全敗
全品
全部
全文
全米
全便
全面
全量
全力
白人
組曲
組合
組成
組長
村雨
群雨
倉荷
倉庫
倉主
倉卒
草卒
想起
想定
欠氷
早期
早計
早見
早口
速口
早耳
早足
速歩
速足
早速
早朝
巣箱
争議
争点
相関
相手
相乗
相場
相席
合席
相続
相対
相談
相当
角力
草案
草花
草魚
草原
草書
草体
草笛
走行
走者
走路
送金
送受
送出
送信
送電
送付
送別
送料
側泳
側近
側根
側室
側車
側線
側部
側辺
側面
側役
息子
束帯
足音
足業
足首
足場
足早
足速
単皮
足労
速記
速達
速度
速力
続行
続出
続発
卒業
卒者
卒中
村人
村長
村民
他愛
他意
他家
他界
他県
他見
他行
他国
他山
他事
他社
他者
他出
他心
他生
他村
他店
他日
他年
他念
他物
他聞
他方
他面
他流
他力
多岐
多元
多言
多幸
多才
多産
多種
多重
多少
多食
多数
多大
多読
多年
多分
多面
多様
多用
多量
太古
太字
太刀
大刀
太陽
打開
打者
打数
打線
身体
体育
体温
体外
体感
体形
体験
体言
体重
体積
体中
体調
体長
体内
体熱
体面
体様
体要
体量
体力
対案
対外
対角
対岸
対決
対向
対照
対数
対戦
対談
対等
対面
対立
対話
帯同
待機
待望
対治
隊員
隊長
代案
代位
代印
代員
代官
代願
代議
代休
代金
代言
代行
代作
代参
代書
代人
代数
代走
代打
代地
代置
代読
代入
代筆
代表
代品
代父
代物
代返
代母
代役
代用
代理
台下
台顔
台形
台紙
台車
台所
台場
台数
台石
台地
台帳
台頭
台本
台名
台木
台輪
大安
大意
大雨
大王
大火
大会
大海
大学
大気
大漁
大形
大局
大金
大空
大群
大公
大工
大国
大根
大佐
大差
大祭
大作
大皿
大使
大事
大字
大社
大手
大暑
大書
大女
大勝
大小
大臣
大人
大水
大正
大生
大声
大昔
大切
大雪
大戦
大全
大体
大隊
大代
大男
大地
大豆
大徳
大日
大波
大麦
大半
大部
大物
大分
大別
大変
大便
大方
大望
大名
大要
大陸
大量
第一
第二
題材
題名
題目
達者
達人
達成
谷間
谷底
単位
単一
単音
単角
単漢
単機
単記
単級
単元
単語
単作
単三
単式
単車
単色
単身
単数
単線
単相
単打
単体
単帯
単調
単発
単文
単葉
単利
炭化
短歌
短期
短気
短詩
短所
短大
短調
短刀
短波
短命
男泣
男根
男子
男女
男色
男親
男前
談合
談笑
談話
知覚
知見
知事
知人
知的
知名
知命
知力
地位
地衣
地下
地球
地区
地形
地元
地主
地酒
地所
地上
地図
地帯
地代
地点
地頭
地道
地平
地方
地味
地名
地面
地理
地力
置場
竹材
竹刀
竹馬
竹輪
茶屋
茶会
茶器
茶室
茶色
茶柱
茶道
茶畑
茶番
茶目
着衣
着工
着実
着手
着色
着信
着心
着席
着想
着服
着物
着目
着用
着陸
中位
中医
中央
中外
中学
中間
中期
中気
中宮
中級
中京
中共
中空
中形
中景
中次
中古
中口
中高
中国
中黒
中佐
中皿
中止
中糸
中耳
中手
中州
中小
中心
中数
中世
中正
中前
中速
中隊
中柱
中低
中庭
中天
中点
中東
中等
中肉
中日
中入
中年
中農
中波
中半
中飯
中部
中分
中米
中葉
中立
中流
中老
中和
仲夏
仲兄
仲春
中春
仲人
仲冬
中冬
仲買
仲立
昼時
昼前
昼飯
昼夜
昼礼
柱石
柱頭
注意
注記
注入
注文
注目
虫類
丁子
丁字
丁重
丁数
丁度
丁年
丁半
丁目
兆民
帳場
帳面
朝会
朝顔
朝市
朝焼
朝食
朝方
朝夕
朝礼
塩風
町家
町屋
町会
町人
町村
町長
町内
町歩
町民
丁番
調印
調合
調子
調書
調整
調声
調節
調達
調度
調薬
調理
調和
長官
長期
長月
長持
長者
長所
長女
長短
長男
長調
長年
長辺
長旅
長老
長話
鳥屋
鳥類
鳥観
直下
直覚
直角
直感
直観
直結
直言
直後
直交
直行
直参
直出
直上
直進
直線
直前
直送
直達
直中
直通
直伝
直刀
直売
直筆
直面
直立
直流
直列
追手
追加
追求
追究
追申
追想
追放
通院
通貨
通学
通関
通気
通研
通行
通算
通商
通信
通説
通達
通知
通帳
通念
通風
通分
通夜
通用
通例
通路
通話
山茶
低位
低雲
低下
低回
低級
低空
低語
低唱
低声
低速
低地
低置
低調
低度
低頭
低木
低目
低落
低利
定員
定期
定木
定時
定式
定住
定食
定数
定石
定説
定着
定年
定本
定理
定量
定例
底豆
底本
底力
庭園
庭球
庭番
庭木
弟分
弟妹
的屋
的中
鉄管
鉄橋
鉄材
鉄道
鉄板
鉄分
典物
典薬
典礼
天位
天意
天衣
天井
天運
天雲
天下
天火
天花
天外
天漢
天顔
天機
天気
天泣
天球
天業
天極
天金
天空
天軍
天候
天工
天国
天才
天産
天使
天子
天主
天守
天助
天女
天上
天色
天心
天真
天水
天成
天晴
天生
天声
天然
天草
天孫
天体
天台
天柱
天朝
天底
天童
天日
天馬
天府
天父
天福
天分
天文
天聞
天兵
天辺
天命
天明
天来
天理
店員
店子
店主
店先
店長
店頭
店内
店番
転回
転機
転業
転向
転校
転写
転借
転出
転身
転生
転送
転調
転入
転売
転変
転用
転落
点火
点画
点景
点光
点字
点者
点水
点数
点線
点茶
点灯
点頭
伝手
伝家
伝記
伝習
伝世
伝説
伝線
伝送
伝達
伝単
伝道
伝馬
伝票
伝聞
伝法
伝来
伝令
田園
田植
田地
電位
電化
電荷
電界
電器
電機
電気
電球
電極
電光
電工
電算
電子
電車
電場
電信
電線
電送
電池
電柱
電鉄
電灯
電動
電波
電番
電文
電流
電力
電話
徒花
徒手
徒弟
徒歩
徒労
時鳥
登記
登校
登山
登場
登録
都会
都合
都市
都心
都度
都内
都風
都民
都立
努力
度合
度数
土間
土器
土産
土手
土人
土星
土石
土足
土台
土地
土着
土筆
土木
土曜
土用
冬季
冬空
冬山
冬物
刀下
刀工
刀自
刀身
刀礼
島根
島山
島司
島人
島台
島中
島内
島風
島民
投機
投球
投手
投書
投石
投入
投票
投薬
東雲
東歌
東海
東岸
東宮
東京
東軍
東口
東行
東国
東上
東進
東清
東西
東天
東都
東南
東半
東部
東方
東北
東面
東門
東洋
湯気
湯元
湯治
湯船
灯台
灯明
灯油
当字
当身
当駅
当期
当機
当局
当事
当時
当社
当初
当人
当世
当選
当然
当店
当日
当番
当分
当方
当面
当用
等温
等級
等号
等差
等身
等分
等辺
答案
答申
豆富
豆本
豆料
豆類
頭角
頭金
頭取
頭上
頭皮
頭部
頭目
動員
動画
動機
動議
動向
動作
動産
動体
動的
動天
動転
動物
動量
動力
動輪
同位
同意
同一
同音
同化
同家
同感
同期
同気
同級
同業
同訓
同月
同県
同好
同校
同行
同国
同根
同紙
同事
同字
同時
同室
同社
同車
同種
同宿
同所
同書
同省
同上
同乗
同色
同信
同心
同数
同席
同説
同船
同前
同然
同相
同族
同村
同地
同町
同調
同定
同店
同点
同等
同道
同日
同年
同筆
同病
同文
同門
同夜
同役
同様
同流
同類
同列
同労
童歌
童画
童顔
童子
童心
童話
道化
道楽
道教
道具
道行
道主
道場
道徳
道標
道理
道路
道話
徳用
徳利
特記
特急
特級
特訓
特功
特産
特使
特種
特集
特色
特待
特大
特長
特定
特典
特売
特筆
特別
特命
特約
特有
特例
読手
読者
読書
読点
奈辺
奈落
内意
内科
内界
内角
内観
内気
内議
内局
内金
内訓
内径
内向
内港
内国
内事
内耳
内室
内実
内住
内祝
内助
内省
内所
内心
内申
内積
内戦
内線
内倉
内争
内相
内側
内達
内談
内地
内池
内通
内定
内的
内典
内湯
内部
内服
内福
内分
内聞
内包
内方
内法
内命
内面
内約
内用
内陸
内力
内輪
長刀
縄文
南下
南海
南岸
南極
南光
南口
南行
南山
南進
南中
南朝
南都
南半
南風
南米
南方
南北
南満
南無
南面
南門
南洋
自乗
肉屋
肉牛
肉色
肉食
肉親
肉体
肉筆
肉類
日課
日間
日記
日計
日光
日産
日時
日照
日食
日中
日当
日付
日米
日歩
日夜
日曜
日輪
日和
入目
入用
入院
入園
入荷
入会
入学
入京
入金
入庫
入交
入校
入港
入国
入札
入試
入室
入社
入手
入所
入城
入場
入植
入信
入船
入選
入隊
入朝
入定
入電
入湯
入道
入内
入念
入梅
入夫
入府
入木
入門
入浴
入来
入力
熱愛
熱意
熱気
熱血
熱心
熱線
熱帯
熱中
熱湯
熱病
熱望
熱量
年下
年賀
年会
年回
年間
年季
年期
年給
年玉
年金
年後
年功
年号
年差
年祭
年産
年始
年子
年次
年弱
年初
年少
年上
年数
年生
年代
年歯
年男
年中
年長
年度
年内
年波
年配
年分
年別
年末
年来
年利
年輪
年礼
念願
念校
念写
念書
念頭
念力
農園
農家
農学
農協
農業
農工
農産
農場
農村
農地
農夫
農民
農薬
農林
波線
波長
波頭
波動
馬具
馬市
馬車
馬丁
馬頭
馬肉
馬面
馬力
敗残
敗者
敗戦
敗走
敗北
配下
配給
配合
配乗
配色
配水
配線
配送
配達
配置
配電
配当
配分
配列
倍音
倍加
倍数
倍大
梅花
梅見
梅酒
梅林
買取
売家
売切
売物
売国
売女
売店
売買
売名
売約
芽子
博愛
博学
博大
博徒
博物
博聞
白衣
白羽
白金
白黒
白菜
白子
白紙
白書
白身
白線
白昼
白日
白熱
白米
白夜
麦芽
麦角
麦作
麦束
麦茶
麦笛
麦田
麦湯
麦畑
箱庭
木目
畑地
発育
発音
発火
発芽
発覚
発見
発言
発光
発行
発作
発散
発車
発出
発色
発信
発進
発生
発声
発想
発送
発達
発着
発注
発電
発動
発熱
発売
発表
発病
発明
発令
半円
半音
半開
半角
半旗
半期
半季
半休
半弓
半球
半玉
半金
半径
半口
半国
半作
半死
半紙
半時
半周
半神
半身
半数
半生
半切
半折
半長
半天
半島
半道
半農
半白
半分
半面
半夜
半里
半輪
反英
反歌
反感
反間
反共
反軍
反語
反照
反省
反身
反数
反戦
反側
反対
反転
反動
反日
反発
反物
反米
反別
反変
反歩
反面
反毛
反目
反問
反落
反心
反臣
板紙
板前
板画
板元
飯場
飯店
番外
番犬
番号
番人
番線
番組
番台
番地
番茶
番頭
番付
番目
悲運
悲観
悲願
悲鳴
広目
皮下
皮相
皮肉
飛行
飛散
飛来
美化
美学
美観
美港
美女
美人
美大
美男
美的
美点
美徳
美風
美味
美名
鼻音
鼻下
鼻歌
鼻口
鼻高
鼻根
鼻水
鼻先
鼻柱
鼻内
鼻面
鼻毛
鼻木
鼻薬
鼻輪
必見
必治
必勝
必然
必着
必中
必定
必読
必要
必用
筆記
筆者
筆順
筆先
筆頭
筆箱
筆法
筆名
標記
標語
標高
標定
標的
標本
氷雨
氷屋
氷海
氷期
氷結
氷原
氷山
氷食
氷人
氷雪
氷炭
氷点
氷田
氷面
氷輪
票決
表意
表記
表具
表芸
表決
表口
表号
表紙
表出
表側
表題
標題
表通
表土
表白
表皮
表明
表面
表門
病院
病気
病苦
病原
病後
病死
病室
病弱
病人
病巣
病的
病名
秒速
品種
品物
品名
品目
不安
不意
不一
不印
不運
不覚
不間
不器
不期
不急
不言
不語
不幸
不才
不作
不参
不死
不時
不次
不実
不順
不信
不臣
不図
不正
不整
不戦
不全
不足
不達
不知
不着
不仲
不調
不通
不当
不等
不動
不同
不徳
不二
不敗
不買
不発
不服
不文
不平
不変
不便
不法
不満
不味
不明
不毛
不問
不予
不利
不理
不良
不例
不労
不老
不和
付物
付根
付札
付所
着所
付加
付会
付記
付議
付近
付言
付図
付帯
付着
付注
付表
付和
阜頭
良人
夫君
夫子
夫人
富強
富力
府県
父兄
父子
父上
父親
父母
父方
負荷
負号
夫役
部位
部員
部屋
部下
部外
部材
部首
部数
部族
部隊
部長
部内
部品
部分
部面
部門
部落
部類
風雨
風雲
風下
風化
風景
風習
風水
風雪
風船
風速
風体
風土
風物
風聞
風流
風力
副業
副使
副手
副書
副食
副題
副本
副木
服役
服薬
服用
福音
福利
物音
物議
物語
物産
物差
物指
物事
物色
物心
物体
物置
物的
物品
物理
分院
分化
分家
分科
分課
分会
分界
分外
分館
分岐
分業
分局
分極
分区
分光
分校
分散
分子
分室
分社
分周
分宿
分乗
分身
分進
分数
分節
分体
分隊
分地
分注
分店
分点
分配
分売
分秒
分別
分母
分木
分野
分利
分立
分流
分量
分力
分類
分列
小米
文案
文意
文化
文科
文学
文楽
文官
文芸
文月
文庫
文語
文字
文章
文節
文体
文中
文調
文通
文筆
文部
文法
文民
文明
文面
文例
聞手
強者
兵員
兵家
兵科
兵火
兵学
兵器
兵語
兵事
兵車
兵種
兵書
兵食
兵数
兵船
兵卒
兵隊
兵長
兵馬
兵変
兵法
兵役
兵力
平安
平温
平家
平角
平気
平作
平氏
平時
平手
平信
平水
平生
平静
平然
平定
平底
平庭
平等
平日
平熱
平年
平板
平服
平分
平方
平民
平明
平面
平落
平和
米印
米屋
米軍
米語
米国
米作
米麦
米飯
米話
別意
別院
別家
別科
別間
別館
別記
別業
別形
別言
別戸
別後
別口
別行
別号
別使
別紙
別事
別時
別辞
別室
別種
別席
別送
別当
別売
別表
別物
別便
別法
別路
変目
変位
変化
変改
変形
変死
変事
変字
変種
変色
変心
変身
変人
変数
変成
変節
変速
変体
変調
変通
変動
変物
変法
変名
変量
辺地
返歌
返金
返事
返辞
返上
返信
返送
返答
返品
返礼
便意
便衣
便管
便器
便所
便乗
便船
便通
便服
便法
便利
勉学
勉強
持合
歩行
歩合
歩調
歩道
歩兵
母印
母音
母語
母校
母港
母国
母子
母上
母親
母船
母体
母方
包丁
包皮
放火
放言
放出
放心
放水
放送
放題
放置
放電
放熱
放念
放牧
方位
方角
方形
方言
方向
方式
方便
方法
方面
法案
法衣
法王
法外
法学
法具
法治
法人
法線
法定
法的
法典
法令
望遠
北海
北岸
北極
北光
北行
北上
北進
北西
北朝
北天
北半
北部
北米
北辺
北方
北満
北面
北門
北洋
北陸
牧人
牧草
牧童
牧羊
本案
本位
本意
本員
本院
本屋
本音
本家
本科
本管
本館
本願
本気
本業
本局
本校
本国
本紙
本字
本社
本州
本書
本省
本章
本場
本心
本人
本数
本節
本線
本船
本然
本草
本体
本隊
本題
本朝
本店
本島
本当
本道
本日
本年
本箱
本番
本部
本物
本望
本名
本命
本来
本流
毎回
毎時
毎週
毎朝
毎度
毎日
毎秒
末茶
末期
末寺
末社
末女
末世
末生
末節
末代
末男
末日
末年
末法
満作
満員
満開
満月
満州
満場
満席
満足
味覚
味方
身方
未開
未完
未決
未見
未進
未成
未然
未知
未着
未定
未読
未年
未聞
未満
未明
未来
未練
民意
民家
民間
民業
民芸
民戸
民国
民事
民主
民宿
民心
民人
民生
民選
民度
民徳
民風
民福
民兵
民法
民望
民有
民利
民力
民話
無塩
無音
無学
無機
無休
無給
無形
無欠
無言
無口
無残
無事
無実
無上
無色
無人
無水
無数
無声
無線
無題
無知
無地
無茶
無念
無法
無名
無用
無理
無料
無力
無礼
名案
名医
名家
名画
名曲
名言
名工
名香
名作
名札
名産
名残
名実
名手
名所
名乗
名人
名声
名前
名湯
名答
名物
名文
名木
名目
名門
命運
命根
命数
命題
命中
命日
命名
命令
明方
明暗
明記
明言
明細
明察
明星
明朝
明度
明文
名酒
名茶
鳴声
鳴動
面画
面会
面子
面積
面前
面相
面白
面目
毛糸
毛虫
毛頭
毛皮
毛筆
木管
木材
木星
木石
木炭
木馬
木箱
木曜
目安
目印
目標
目下
目玉
目高
目指
目次
目上
目星
目先
目前
目的
目当
目白
目鼻
目方
目薬
目録
問題
問答
門戸
門口
門歯
門松
門地
門弟
門徒
門番
文目
夜毎
夜暗
夜雨
夜会
夜学
夜間
夜気
夜宮
夜業
夜曲
夜具
夜空
夜景
夜光
夜市
夜色
夜食
夜戦
夜船
夜前
夜着
夜中
夜昼
夜長
夜鳥
夜道
夜風
夜分
夜明
夜来
野外
野球
野牛
野犬
野菜
野次
野心
野人
野生
野戦
野草
野鳥
野望
野良
矢印
矢面
矢表
役員
役者
役所
役場
役人
役目
約数
約束
約定
薬屋
薬学
薬局
薬指
薬草
薬箱
薬品
薬物
薬味
油井
油絵
油気
油菜
油虫
油田
勇気
勇決
勇健
勇者
勇進
勇図
勇戦
勇飛
勇夫
勇名
勇力
友愛
友引
友軍
友交
友好
友人
友成
友達
有様
有意
有害
有機
有給
有形
有功
有終
有人
有数
有声
有線
有体
有望
有無
有名
有用
有料
有力
由来
遊心
遊休
遊女
遊説
遊底
遊牧
遊里
昨夜
夕顔
夕焼
夕食
夕日
夕陽
夕風
夕方
夕立
予科
予覚
予感
予期
予見
予後
予行
予算
予習
予選
予想
予知
予定
予表
予約
予令
用船
様体
曜日
様子
様式
様相
洋画
洋楽
洋間
洋館
洋語
洋式
洋室
洋酒
洋書
洋食
洋風
洋服
用意
用具
用言
用語
用紙
用事
用心
要心
用水
用地
用度
用品
用法
用命
用量
用例
羊肉
羊毛
葉書
要員
要求
要石
要点
要望
要目
陽画
陽気
陽極
陽光
陽子
陽皮
陽物
養育
養魚
養子
養女
養成
養生
養父
養母
浴室
浴場
来意
来院
来会
来観
来季
来月
来光
来阪
来社
来車
来週
来書
来信
来世
来談
来着
来朝
来店
来電
来日
来年
来方
来遊
落度
落下
落後
落語
落差
落札
落首
落書
楽書
落成
落石
落第
落地
落丁
玉子
利害
利金
利口
利子
利息
利他
利点
利用
梨園
理科
理学
理工
理事
理神
理想
理知
理念
理法
理由
里子
里心
里方
陸運
陸軍
陸行
陸上
陸戦
陸相
陸湯
陸風
陸路
立話
立案
立夏
立秋
立春
立場
立体
立冬
立方
立法
流音
流感
流血
流産
流出
流水
流星
流石
流体
流通
流動
流入
流氷
流用
流量
旅館
旅客
旅行
旅人
旅先
旅路
両院
両家
両岸
両極
両軍
両口
両国
両氏
両耳
両者
両手
両種
両人
両生
両全
両度
両刀
両頭
両日
両分
両便
両方
両名
両面
両様
両洋
両用
両立
両輪
料金
料理
良好
良心
良品
量感
量産
量子
量的
力泳
力学
力業
力行
力作
力石
力説
力戦
力走
力足
力帯
力点
力投
力役
力量
緑色
緑青
緑地
林学
林間
林業
林道
林内
林立
輪回
輪転
輪番
類語
類別
令兄
令姉
令室
令色
令息
令孫
令弟
令聞
令望
令妹
令名
例会
例外
例月
例言
例祭
例時
例式
例数
例題
例日
例年
例文
例話
冷飯
冷雨
冷害
冷覚
冷気
冷血
冷語
冷光
冷笑
冷水
冷静
冷戦
冷然
冷肉
礼金
礼式
礼節
礼服
列挙
列国
列車
列席
列島
練功
練習
連歌
連休
連係
連結
連語
連行
連合
連子
連勝
連戦
連想
連続
連打
連帯
連隊
連中
連動
連日
連敗
連発
連番
連用
連立
練成
矢倉
路線
路地
労銀
労苦
労功
労作
労使
労組
労農
労役
労力
労連
老後
老功
老子
老人
録音
録画
和人
和英
和音
和歌
和楽
和牛
和金
和語
和紙
和室
和上
和食
和風
和服
和文
和平
和本
和洋
話者
話題
話法
里言
里語
母指
旗下
輪奈
地虫
愛想
愛着
悪業
悪計
悪血
悪口
悪行
悪日
悪馬
悪名
案文
横糸
右側
雨気
雨足
雨水
雲足
引船
円鏡
円形
丸形
遠道
塩害
塩水
横風
黄玉
黄色
黄水
黄道
黄熱
温習
音色
下作
下知
下民
下葉
何所
加重
夏時
夏草
家君
家訓
科白
火矢
花園
花街
花町
荷役
画工
海神
海鳥
絵馬
外界
外側
外庭
各回
角界
願望
球面
金色
軍兵
軍役
兄妹
見栄
元金
元服
元利
古歌
古寺
古酒
古金
古鉄
古物
古文
付子
口数
工場
黄葉
行来
行末
高名
合点
合板
黒雲
黒熊
黒白
今昔
今朝
今日
今年
今夕
左側
最上
最中
昨日
刷子
姉妹
詩歌
歯肉
借家
借屋
借問
主客
主根
主人
重荷
重手
出漁
出国
出所
出水
出生
出船
出鼻
春雨
順風
初産
助言
女形
女方
商人
小便
少女
小女
省筆
上着
上衣
表着
上院
上世
上側
上皮
上方
上様
乗客
食客
真直
真白
人心
人身
人数
人徳
人文
人目
人力
水鳥
水薬
正気
正客
正道
西方
赤色
切畑
先王
川面
浅緑
船底
前金
前足
前歯
前半
前輪
全国
全治
早急
相反
草木
卒去
他言
他人
単衣
茶店
中指
中風
昼間
朝飯
直球
直談
直答
直路
弟子
天神
天人
天地
天道
天路
見世
点心
伝言
島国
東側
東風
灯火
頭数
同人
道管
赤金
読本
内外
内宮
内治
内庭
南国
南西
南側
南東
日数
日本
入口
入水
奈何
年月
年頭
年表
波形
梅雨
博打
麦秋
麦飯
発足
半月
半日
半年
反古
鼻鏡
鼻血
鼻紙
花紙
鼻声
鼻息
氷室
氷水
氷柱
不具
不治
不定
不日
富者
風車
副官
分明
文書
平地
別人
別名
北国
北側
北東
北風
牧場
本文
毎月
毎年
末席
末弟
末葉
末流
末路
民草
明日
問屋
夜寒
夜半
夜番
夜話
夕飯
予言
浴衣
来客
来春
来場
落葉
流行
両側
両足
冷酒
老弱
和名
上薬
合印
合標
空巣
秋晴
足械
足元
足下
香魚
年魚
暗記
暗黒
案配
案分
育成
育生
生花
活花
意向
位置
位地
入相
入海
入日
入歯
入物
印箱
雨季
雨期
受付
受持
打消
売上
売子
売出
売手
売場
売行
運送
英才
英知
海老
追風
王公
岡辺
沖合
置物
覚書
重味
母屋
母家
主屋
折紙
折目
温和
会館
回章
回船
買手
買主
買物
海里
係員
花期
花季
夏季
書初
書取
画一
画引
下体
語部
科目
課目
家門
借物
関数
気合
利目
起原
希書
機知
希図
気持
強固
共同
協同
協力
共力
切通
切札
切身
切味
切地
切物
切者
区画
組立
位負
海月
水母
黒金
黒円
具合
工合
群集
消印
決起
決着
結着
建言
験算
健実
下種
下司
原注
子犬
小犬
幸運
好運
子牛
小牛
交代
小売
古希
古言
木立
古注
小包
子羊
小羊
才知
作付
細魚
仕上
仕方
仕着
仕組
子細
羊歯
失神
失心
失体
紙魚
衣魚
首位
主位
主意
拾集
主取
主持
週令
主唱
首唱
消灯
正油
少量
小量
唱和
知合
仕分
信服
事体
辞典
弱小
弱少
弱年
重体
上乗
人知
助平
成員
正員
折角
先頭
先登
全線
全船
全知
前兆
側聞
卒先
卒直
卒然
空豆
対日
台風
太平
章魚
建前
立前
近道
近路
中秋
仲秋
兆候
直径
付馬
付落
付人
付焼
包金
包紙
手当
定形
手帳
手続
手引
照焼
天平
天変
伝唱
島主
島守
登用
時折
年老
取手
飛石
飛魚
飛火
止金
取決
取組
取消
取調
取説
取次
取引
取分
動気
同形
動静
同名
中仕
仲仕
中身
中味
投物
夏祭
夏向
成行
荷送
荷積
入神
願事
年令
飲水
飲物
飲屋
乗手
乗場
乗物
箱船
鼻風
話中
花祭
鼻元
食出
晴着
反旗
反徒
売春
馬鹿
博労
化物
板金
引合
引馬
引金
引算
引手
引戸
日差
左利
必死
火付
単物
日焼
冷麦
表札
標札
平目
平屋
昼食
中食
不帰
不起
福引
両親
不要
不用
不漁
古里
古兵
付録
無様
不様
部所
別品
包帯
母形
前売
曲玉
末季
末香
丸顔
円顔
満点
見返
神子
見積
見通
見習
名字
民族
虫歯
申入
申立
持主
持物
焼鳥
焼肉
焼物
有利
要約
横丁
横町
他所
夜店
読取
読物
弱味
来賀
類形
労働
労動
早生
各週
長音
低温
低音
同学
合方
糸竹
歌声
戦後
原題
音詩
音大
階名
楽才
楽人
楽調
楽典
楽界
地声
頭声
室町
新橋
平成
食育
社歌
赤組
早業
速業
高然
苦塩
帯皮
消然
大様
風上
風薬
国力
山積
時機
自問
週休
順路
水産
成算
早春
草食
多角
達筆
長大
出梅
冬期
立札
何十
日給
話声
府立
小火
町中
街中
満面
身軽
道草
道順
見所
耳元
明年
無害
無心
無風
名月
明月
明治
要所
用足
用達
陸橋
老化
路上
和式
生起
生気
面談
衣類
引取
引受
院内
英明
園内
横手
加点
回向
回戦
海戦
海道
絵筆
開国
外洋
完工
完治
完勝
完投
完売
官民
漢方
漢法
管長
観音
関取
館内
旗印
旗標
客足
牛歩
高進
思料
思量
族生
極希
順良
順当
高直
老練
類希
望見
着火
着帯
打電
配付
放流
表章
辞去
自生
開帳
活写
見分
結実
帰朝
帰一
固着
校合
挙用
味読
目礼
目送
落球
落馬
落着
輪唱
立身
老成
類焼
流失
散花
死守
消光
焼香
手交
習練
対置
登板
当直
投下
登高
投宿
通読
予察
遊泳
遊食
望外
治下
町立
中細
色白
管下
小形
区立
無配
無二
輪形
最南
清新
生新
雪白
所期
所要
終極
大輪
帯緑
全麦
馬身
米貨
牧笛
木刀
部会
部活
部局
文教
分筆
病根
病身
茶園
着地
着駅
着氷
着意
着水
地歩
地表
地階
治国
地文
治産
治世
長物
長打
長兄
調教
長命
調味
調練
長身
調色
虫害
柱面
注進
注水
注油
大福
第五
第三
大卒
男児
打算
打席
伝動
度量
役牛
赤子
赤児
園丁
風波
風光
風向
服地
福徳
風味
船宿
富農
分速
風説
節糸
負数
外心
岐阜
行幸
敗軍
配本
配管
配流
配役
発会
白票
白色
板木
半焼
畑作
機屋
法度
返電
返照
変転
飛鳥
飛球
日長
品行
筆力
放談
法博
放校
本分
本土
本末
歩数
法要
票田
山男
青葉
大洋
老父
地学
実梅
香箱
香合
香花
手玉
田虫
緑虫
小手
物流
星目
井目
飛箱
田楽
葉月
神月
相子
漁民
共和
教頭
近作
金石
金品
欠場
月産
月内
県外
後進
好守
好天
受章
松明
金気
広間
赤土
戦地
草地
谷地
長目
鉄線
土神
物持
野宿
矢先
宿六
馬子
長石
当板
道板
図体
老母
自害
地金
地色
時事
時候
自今
滋味
地熱
辞林
時流
寺社
次週
自足
実姉
実相
日月
実妹
持薬
定席
城市
女色
門出
客死
加州
川魚
川底
荷葉
連理
間八
鳥貝
白魚
顔黒
新春
陽春
思議
定番
土中
和合
主神
赤紙
徳分
熱唱
飛地
国体
配信
白札
直音
遊学
遊楽
遊子
遊軍
遊芸
結縄
季春
小声
小魚
街着
毎分
守刀
満期
目頭
名分
名花
名君
明君
名勝
明色
名刀
実生
木工
毛根
目算
門柱
門札
村里
内合
生水
熱戦
肉太
肉声
日参
農具
大台
大口
負目
面持
女手
親船
落日
落城
落命
落選
礼法
列強
連作
練炭
練達
練鉄
連山
列伝
陸地
輪読
輪作
理路
老木
路面
老年
路用
良家
緑化
緑茶
緑土
良民
良書
良材
流木
流会
流説
声調
成虫
清風
整風
生業
生来
星食
青天
席次
積年
昔年
先学
選者
戦果
戦功
選民
先兵
船倉
船側
説法
車台
社屋
社運
司直
試乗
色相
深部
身代
進言
神明
進物
深緑
深浅
司祭
詩才
子葉
氏族
官位
金赤
平米
立米
赤口
漢名
表書
神式
同原
楽焼
後宮
水引
着底
日朝
焼死
高察
消長
追号
特化
鳴物
死相
省字
実写
書法
馬主
空室
松風
後輪
父君
油紙
手水
着荷
徒然
新香
文箱
宿世
船具
水辺
水底
水鼻
水草
小才
小用
小路
国風
名聞
山風
山家
利札
女気
神酒
神器
細字
皮衣
字面
海風
落人
近火
太夫
大夫
内孫
薬湯
初子
初孫
法主
外孫
外海
量目
漁期
集注
草屋
生魚
流民
角行
葉茶
白目
白雪
白雲
白旗
日英
字書
水位
官辺
和声
君側
無代
工人
金鉄
合服
間服
客人
客年
京都
種皮
種馬
用便
用談
通人
続落
配所
父老
頭注
投打
投合
投身
中卒
朝見
朝野
首級
守札
終生
終世
州都
手下
手札
手旗
手練
船人
村落
所員
書写
書画
書家
土色
社寺
徒食
石柱
石高
図星
転化
勝地
登坂
登院
速球
数倍
送達
方今
方円
野点
野選
春色
春季
隊形
対辺
対米
対局
対語
賀表
漢土
調馬
車屋
光熱
新茶
親王
親米
節会
節季
文治
文相
結願
府下
筆生
飯台
辞世
秋思
宿老
宿所
宿便
宿駅
宿願
酒色
酒家
水冷
水差
水指
水深
高下
高所
国学
国軍
国人
国対
今季
左辺
最下
最多
最長
昨秋
山手
山陽
産品
産量
子役
市道
紙上
字数
持家
持出
持味
時半
治験
自決
自室
自助
式部
失投
実子
実戦
実弟
車中
取口
取付
取水
手中
受給
秋季
週内
集結
集散
集票
重度
出走
酒店
宿木
古紙
小引
小事
小道
小径
初校
植生
暑熱
省力
章節
小社
祝言
集貨
相伝
息女
早世
相思
早産
大病
大器
待命
太子
帯刀
太山
達観
炭田
短信
達意
底辺
低辺
定位
底角
底流
鉄筆
鉄色
当地
徳行
特写
特等
答礼
当路
当節
灯心
追記
産声
売方
約分
山場
山里
養分
要談
要害
洋品
洋上
洋行
要路
羊水
弱火
遊民
遊山
遊星
残雪
浴客
公田
客月
客語
行年
茶人
茶話
宿主
焼畑
有徳
国府
名利
山気
女官
西遊
希代
大兵
大所
大業
祭文
心算
長夜
初空
声音
高声
雨風
生類
軽重
好事
風神
組歌
矢羽
待合
心太
校注
転進
活魚
利酒
聞酒
高言
広言
唱名
新選
速決
耳輪
元売
元高
元歌
完本
院主
院議
官印
官立
官有
官名
官学
官金
官府
官軍
官給
官等
官業
官選
館主
館外
課役
原石
原曲
原初
原級
丸材
和字
和書
和船
和漢
和戦
和親
和議
軍足
運弓
運指
君民
君国
君命
群小
群竹
群羊
群臣
群青
群発
群雲
村雲
群議
回天
回国
回春
回流
回訓
回読
回議
帰心
帰服
帰休
帰来
帰村
帰投
帰参
帰校
帰港
帰農
血合
血便
血書
血戦
血路
無才
無毛
無手
無月
無札
無辺
無灯
無血
無位
無体
無台
無住
無芸
無季
無味
無始
無官
無明
無根
無病
無宿
無産
無期
無量
無筆
無道
無想
無意
無電
徒飯
無熱
無類
馬上
馬方
馬首
馬食
馬料
明主
明春
明美
明答
明達
明徳
明鏡
工手
功力
功臣
功利
空文
空目
空合
空耳
空身
空佐
空谷
空発
空茶
空家
空屋
空音
空荷
空馬
空戦
空電
空説
空箱
空談
谷風
浴用
浴後
公印
公知
候由
候所
候間
港外
港図
口辺
口軽
口輪
後人
後口
後天
後出
後代
後光
後車
後門
後便
後軍
後指
後送
後流
後足
後葉
後景
発心
発向
発走
発起
発案
発馬
発給
発意
発話
発語
発駅
発議
反例
返本
返付
返書
返球
敗色
別命
辺土
金工
金口
金字
金主
金糸
金波
金的
金員
金側
金箱
金談
金輪
鉄輪
感受
感官
急火
急使
急信
急追
急転
給金
給電
給養
音物
引物
暗緑
暗線
苦肉
苦虫
苦寒
苦節
苦熱
各戸
客分
客用
客種
戸毎
行人
行文
行水
行金
行軍
行宮
行旅
行路
重唱
動線
種火
種牛
種本
種名
種油
種板
種物
種紙
童女
用字
用兵
用役
用材
用金
用筆
用器
通力
通好
通交
通有
通計
通運
通語
通観
同体
同着
同量
続投
続物
続開
読切
読会
読図
読後
悲曲
悲話
悲歌
配車
配球
配船
飛札
飛電
飛語
博引
歩度
主辞
豆板
豆炭
頭分
頭字
頭重
頭書
投縄
語音
油単
油然
油照
中子
中火
中表
中音
中席
朝来
朝臣
朝風
朝酒
朝家
朝湯
朝賀
朝間
朝議
首足
首題
組手
組頭
昨夕
昨冬
昨朝
潟湖
席画
席料
席順
守成
守兵
守役
守戦
受口
冬日
冬毛
冬服
冬着
冬場
終曲
終決
終車
終発
終期
手工
手代
手付
手写
手合
手羽
手兵
手車
手金
手長
手業
手塩
手鼻
手管
昼席
週日
週番
週給
村立
村会
村有
村童
村道
孫子
都人
都下
都鳥
着岸
着発
着船
着雪
着順
着電
着類
書中
書手
書付
書札
書目
書役
書見
書林
書信
書風
土工
土功
土民
土管
土語
社中
社友
社主
社印
社命
社風
社家
社章
社業
社線
社頭
徒死
徒名
徒行
石弓
石文
石竹
石材
石板
石屋
石組
石焼
石筆
石器
図工
図会
図説
図録
伝受
転地
転成
転位
転住
転学
転注
転音
転科
転記
転戦
室料
身中
身共
身命
身重
身持
実学
実見
実科
実員
実記
実理
実景
実働
実説
勝景
登極
取木
取札
取皿
取的
取所
取前
足代
足形
足芸
足弱
足湯
足軽
束柱
速写
速成
速筆
速算
速読
族長
数十
数万
数次
数度
数等
走法
送水
送風
送球
送辞
送話
方正
方里
方図
放列
放鳥
放散
放歌
病中
病友
病欠
病体
病変
病害
病理
茶代
茶所
茶席
茶飯
茶箱
野天
野手
野火
野末
野辺
野合
野馬
野焼
野道
野路
局外
具申
具案
春本
春光
春祭
春着
春寒
春陽
隊列
隊商
対人
対内
対生
対当
対空
対物
対流
対校
対顔
建売
寒月
寒心
寒色
寒行
寒竹
寒国
寒点
寒梅
寒極
漢人
漢学
漢書
漢族
間夫
間代
間色
間作
相作
間然
間道
間遠
界標
見台
見目
見神
見料
見場
見様
調号
調法
調音
調進
湖心
湖底
湖岸
家父
車力
車上
車夫
車代
車馬
下味
夏作
夏鳥
黄変
広口
広原
広量
横根
横雲
泳者
光力
光束
光体
光点
光覚
光輪
光頭
兄事
新刀
新月
新地
新来
新兵
新法
新品
新酒
新書
新進
新道
新薬
親木
親心
親交
親里
親近
親柱
親書
親祭
親鳥
親筆
親等
親電
切目
切要
札付
札所
節用
節目
節米
未発
味見
物見
物量
物種
文人
文才
文末
文名
文事
文典
文物
文弱
文理
文鳥
文集
文運
文様
文選
文題
米中
米材
米差
米油
米英
米松
米所
米食
米産
米塩
火水
火色
火消
火縄
火線
門人
門下
門火
門付
門外
門灯
門前
門院
美文
美本
美田
美形
美声
美育
美服
美音
美食
美酒
美挙
美景
美感
美辞
美談
美顔
自火
自失
自用
自利
自画
自注
自書
自記
焼酒
臣事
臣服
臣節
階上
階乗
結氷
開札
付票
日夕
日子
日用
日毎
日印
日足
日直
日録
年毎
年式
年強
筆太
筆写
筆紙
筆答
筆戦
筆意
筆算
筆談
鼻熊
番手
番兵
番卒
番所
番長
板子
板戸
板目
板屋
板書
飯米
飯屋
飯時
治山
治者
始原
始期
式日
式台
式目
式次
式法
試筆
試飲
等外
等式
等位
等角
等速
等量
等親
辞色
秋水
秋日
秋色
秋作
秋冷
秋声
秋波
秋草
秋祭
秋期
宿根
宿料
宿帳
宿悪
宿運
宿業
宿意
酒手
酒客
酒徒
酒席
酒量
酒器
酒倉
題号
題字
題言
題画
題意
題辞
役夫
役名
船中
船方
船出
船台
船虫
船体
船医
船足
船板
船客
船級
船荷
船路
船玉
船頭
水火
水木
水心
水先
水芸
水利
水油
水明
水物
水屋
水神
水食
水浴
水菜
水球
水船
水量
水運
水練
水管
水線
水鏡
追分
追白
追送
追福
追録
輪生
輪差
類火
類本
類字
類同
類例
類音
類書
類歌
類題
駅手
駅路
夜目
夜祭
夕月
号音
号笛
考究
考量
宮人
宮守
宮室
宮家
宮様
照星
焼失
焼打
焼成
焼場
焼結
焼筆
焼飯
焼塩
消散
小曲
小伝
小成
小字
小作
小兵
小利
小男
小足
小身
小使
小夜
小知
小官
小者
小勇
小首
小昼
小差
小寒
小景
小童
小農
小歌
小器
小頭
笑気
笑声
笑話
答辞
有夫
有心
有半
有司
有色
有事
有配
有産
有期
右左
国父
国母
国号
国主
国守
国光
国利
国使
国典
国法
国原
国元
国鳥
国運
国漢
活物
活計
遠耳
遠島
相好
相役
相客
相宿
相愛
想念
想望
箱屋
新玉
青地
青竹
青豆
青貝
青梅
青書
青息
青馬
白馬
青票
青雲
清音
清遊
清朝
清福
晴雨
静心
静思
静養
星学
星宿
星祭
平皿
名山
名主
名代
名号
名店
名品
名流
名馬
名望
名筆
名数
名辞
名歌
名器
名薬
民具
買入
買方
買付
売人
売文
売主
売品
売薬
鳴子
鳴戸
刀豆
帯地
帯心
帯金
帯紙
帯電
浅手
浅黄
残月
残生
残花
残物
残品
残香
残部
残照
散光
散兵
散票
散開
散薬
産気
産別
産児
産金
産前
産室
産屋
産湯
産道
山人
山犬
山守
山国
山海
山鳥
山番
言上
言下
言辞
言様
岸頭
期成
期首
旗日
旗本
季末
季題
安固
害心
害意
冷夏
利水
利手
利発
利便
利根
利福
利器
底土
底止
底面
底荷
底魚
底意
矢文
矢玉
矢来
矢場
矢種
指折
指物
差物
指頭
億万
皮具
極内
極月
極左
極光
極言
極洋
極流
極細
極道
極暑
極量
極熱
交角
校本
校主
校定
校服
校具
校風
校訓
学才
学外
学事
学風
学徳
教生
教主
教学
教法
教具
教門
教案
教場
女工
女心
女主
女坂
女物
女持
女給
庭石
庭先
氏人
氏寺
紙入
紙子
紙衣
紙花
紙屋
紙帳
紙筆
紙数
紙器
地口
地中
地引
地心
地目
地合
地米
地底
地変
地相
地界
地場
地温
地番
地歌
地積
成文
成体
成典
成約
成案
成魚
成鳥
成業
成語
城内
城外
城池
城兵
城府
整式
整調
申達
神人
神木
神火
神気
神州
神色
神灯
神体
神助
神国
神変
神前
神品
神速
神馬
神意
神橋
神鏡
電命
電路
電熱
引札
先天
西土
死力
死中
死文
死生
死肉
死地
死児
死命
死物
死所
死海
死病
死票
死線
死顔
細大
細民
細別
細君
細雨
細帯
細筆
細道
深化
深手
深長
深酒
深雪
深間
深意
計時
待人
持分
持説
止水
道中
道心
道学
道糸
道念
道家
道歌
祝事
祝酒
祝勝
祝意
祝歌
虫気
虫薬
波風
波音
波面
波高
波間
波路
字母
字音
字訓
字間
海人
海山
海区
海内
海牛
海気
改機
海黄
海図
海松
水松
海門
海産
海魚
海関
黒竹
場代
場外
場数
挙足
湯口
湯女
湯水
湯玉
湯花
湯屋
湯葉
湯波
油皮
上底
上期
商学
商戦
良工
良友
良田
良医
良夜
良法
良知
良風
良計
良案
良馬
良貨
良港
良種
良薬
落口
落手
落体
落花
落魚
落陽
打力
打水
打身
打法
打点
打球
打順
灯下
灯光
町方
町名
定立
定見
定言
定法
定点
定宿
定温
定植
定業
定置
積木
積荷
積悪
歌口
出校
鉄人
鉄工
鉄山
鉄火
鉄心
鉄石
鉄血
鉄柱
鉄路
鉄器
機才
機上
機具
機根
機業
近古
近体
近臣
近事
近国
近時
近着
近景
近間
近業
希土
希有
温石
練糸
練兵
練物
連年
連名
連投
連声
連夜
連記
連関
絵心
絵札
見高
観入
観相
観梅
観望
観照
観想
話好
話芸
話頭
母君
母物
母線
毎夕
毎号
毎次
毎夜
梅園
牧夫
牧牛
牧民
牧地
牧者
牧神
牧歌
求心
球界
球電
当今
当月
当代
当主
当付
当年
当夜
当所
当家
当落
当量
悪才
英主
英法
英貨
折戸
折本
折線
折箱
大力
大弓
大円
大功
大白
大礼
大目
大老
大同
大成
大身
大君
大役
大足
大命
大典
大法
大味
大乗
大勇
大風
大度
大計
大食
大酒
大挙
大息
大笑
大船
大敗
大黄
大寒
大農
大数
大路
大観
大願
太白
太初
多毛
多生
多色
多肉
多作
多芸
多売
多雨
多事
多発
多病
多望
多感
達文
達見
直配
直読
植毛
植皮
置石
置所
置屋
徳化
徳目
徳育
徳望
特出
特立
特注
特発
特高
特配
特進
特電
特選
左様
然様
佐様
差足
差金
指金
差等
祭主
祭式
祭事
祭服
祭具
祭場
祭器
塩引
塩魚
気付
気早
気位
気重
気室
気弱
気短
愛社
愛孫
愛機
入合
入部
入漁
内皮
内発
南画
男工
男手
男心
男坂
男声
男役
男物
心土
心学
心材
心事
心室
心神
心音
心根
心組
心意
心機
心頭
心願
養老
養家
洋弓
洋犬
洋本
洋学
洋紙
洋梨
洋種
洋銀
街録
改元
改号
改進
起毛
起死
起結
起筆
里人
里数
里親
理外
理数
力水
力負
鳥人
鳥目
鳥追
薬方
薬代
薬用
薬礼
薬研
薬食
薬害
薬酒
薬理
薬園
薬種
料地
料紙
票数
標石
標旗
表音
長上
長子
長文
長円
長生
長考
長足
長波
長径
長雨
長家
長湯
帳元
作画
所行
所業
所労
所思
所願
初口
初生
初氷
初号
初年
初役
初花
初見
初物
初発
初音
初速
初湯
景物
景教
強弓
強火
強兵
強直
強記
強飯
強談
競市
知友
知日
知行
知育
知者
知勇
知歯
知徳
声量
単行
単勝
戦中
戦友
戦役
戦法
戦敗
戦雲
戦意
戦旗
戦機
説服
花入
花代
花氷
花色
花守
花糸
花柱
根毛
根方
根付
根雪
銀地
銀糸
銀位
銀波
銀側
銀輪
点差
点薬
法力
法文
法号
法名
法灯
法式
法身
法事
法例
法官
法服
法相
法科
法界
法理
法貨
法楽
法話
法語
法談
品形
品書
品番
品等
品数
決水
月下
月毎
月形
月利
月番
月輪
外力
外分
外伝
外地
外材
外事
外法
外物
外宮
外商
外港
外輪
外題
木末
木皮
木皿
木地
木通
木理
木組
木部
木魚
木葉
目元
目今
目色
目地
目角
目茶
目線
目顔
飛板
橋台
高工
高札
高目
高年
高角
高弟
高利
高足
高点
高風
高教
高菜
高歯
高話
高遠
高徳
高歌
高説
高談
高調
高根
県人
県令
県有
毛玉
毛羽
毛色
毛足
毛管
路銀
路標
路頭
両三
両目
両前
量器
魚灯
魚油
魚板
魚信
魚道
魚族
漁区
漁火
漁法
漁具
漁家
川風
川路
訓電
関守
関頭
面皮
面色
面当
面体
面長
面差
面部
面輪
満山
満天
満水
満目
満身
満車
満室
満票
満願
信女
進上
進水
進取
進発
進軍
集札
見番
羽虫
羽風
雨女
雨氷
雨男
雨後
雨間
寺男
時人
時化
時文
時日
時世
時好
時季
時運
詩友
詩文
詩心
詩作
詩学
詩想
詩語
詩選
耳打
耳底
耳語
色文
色糸
色里
色町
色街
色物
色神
色黒
色悪
色覚
色絵
色道
色感
草本
草市
草色
草物
草根
草葉
熊祭
緑玉
緑豆
緑林
緑雨
緑門
緑便
緑風
緑酒
緑野
香車
香具
形木
形代
形声
幸便
衣手
本丸
本元
本手
本代
本色
本式
本官
本給
本選
聞耳
聞役
聞知
聞書
陸生
陸海
陸送
陸産
陸続
全会
全学
選外
選良
選局
選果
選炭
選科
選書
選球
選歌
選管
算入
算木
子方
糸目
糸印
糸底
糸遊
糸魚
思念
富札
富有
富国
富家
福耳
福助
福相
福運
遊行
遊君
遊歩
遊金
遊客
農会
農作
農兵
農芸
農事
農法
農牧
農相
農科
農期
農道
肉池
肉芽
肉的
肉界
肉細
肉感
弱化
弱電
玉体
玉屋
玉音
玉菜
赤手
赤心
赤本
赤目
赤地
赤虫
赤身
赤門
陽転
生木
生皮
生肉
生色
生形
生血
生米
生国
生首
生面
生酒
生害
生紙
生動
生節
生番
径行
径庭
軽水
軽目
軽信
軽挙
熱波
熱発
熱風
熱度
熱球
熱感
熱願
末孫
末筆
雲台
雲気
雲表
雲井
雲散
雲集
田夫
欠本
欠号
欠目
欠便
欠食
欠配
来期
流人
流言
流連
流速
流転
好古
好打
好走
好配
好球
好望
好悪
好期
好戦
休心
休神
休漁
休館
要人
要用
要地
要式
要図
要具
要港
帯下
約手
約言
角地
角灯
角貝
角店
角柱
角帯
角通
角番
炭火
炭焼
前付
立木
立会
立地
立役
立見
立言
立命
立国
立者
立食
立席
立番
立飲
立願
林木
林野
林産
葉末
葉身
葉芽
葉物
葉風
岩戸
岩室
岩根
岩魚
岩場
業苦
旅心
旅所
食虫
食言
食間
弓手
弓馬
止男
止具
老女
老中
老公
老手
老少
老生
老死
老来
老体
老兵
老臣
老実
老松
老酒
老害
老病
老農
白太
白文
白玉
白光
白糸
白波
白雨
白面
白星
白酒
白梅
白焼
白話
白熊
白銀
雪上
雪加
雪下
雪山
雪玉
雪目
雪花
雪空
雪原
雪雲
雪線
芸子
芸文
芸事
芸林
芸道
芸談
変説
礼典
礼物
礼楽
短小
短毛
短文
短日
短打
短見
短足
短夜
短音
風口
風月
風合
風位
風見
風足
風前
風食
風帯
風害
風教
早天
早出
早老
早馬
早番
早道
早飯
徒事
楽土
楽長
楽音
楽節
牛刀
犬死
犬馬
各方
折節
連星
昨紙
正塩
先住
親好
死点
消夏
消音
焼身
小弟
少弟
小店
生薬
他動
定休
底数
庭前
登城
追試
右筆
妹分
印面
雲景
英音
栄落
塩浴
黄人
王孫
大店
音標
開銀
海景
海相
貨客
角牛
化工
活線
火木
官女
漢朝
学兄
岩頭
機位
季子
究理
教委
共役
鏡高
共働
協働
曲管
曲度
去声
近習
牛角
行体
行中
玉顔
玉章
玉代
銀笛
国表
曲輪
郡長
月商
月相
月央
月金
言海
光照
公住
工大
工博
光来
高来
国司
小箱
小目
根菜
左直
左表
左方
山径
残柱
鹿皮
止観
失対
社共
週期
宿学
首章
主節
小委
小一
生者
小乗
昭然
昭代
勝着
小名
初葉
信金
深交
清国
真書
自玉
自工
字号
時習
実車
重工
重変
上声
上進
次類
成空
清秋
青松
昔時
世銀
切入
浅才
候調
束群
大兄
太守
立入
谷水
単節
炭柱
短路
台辞
治平
着米
中二
中飛
付木
庭訓
手刀
手機
手役
天重
田家
田作
登科
当行
投信
登第
投飛
都議
取代
道央
道観
同市
同小
同大
道民
土日
日加
日出
日白
日波
農博
白兵
母鳥
飛車
左耳
筆才
羊雲
品位
標章
平声
負極
府庫
太糸
文博
平語
法会
放光
本初
母材
店屋
道辺
民放
無死
明初
女波
薬包
有夏
遊失
右文
用人
来由
梨花
梨果
陸岸
陸大
陸兵
利刀
良日
旅次
輪業
路加
連辞
労相
和訓
大歌
木金
等方
木耳
成犬
外客
成銀
成香
連量
欠品
顔着
参拾
不学
少子
食感
関説
暗点
飛白
山側
女達
初戦
星印
星形
炭取
冬鳥
熱雲
雨林
遠投
塩湖
外連
完調
旗門
気根
急冷
球速
共起
強運
金器
決選
血刀
建学
見付
原酒
戸車
公魚
工船
合札
黒鳥
差動
石女
小鹿
子鹿
持方
実包
社訓
車前
習合
集束
春歌
初球
勝差
食分
心皮
新卒
新例
真皮
人定
図学
数表
青味
赤鼻
川船
全高
全問
走力
人様
多目
体毛
対極
大軍
単産
単子
単品
短目
地物
仲店
昼顔
昼光
直話
同和
縄目
年休
年商
馬陸
配点
白州
部室
文言
毎期
毎食
力感
対地
注口
板場
名犬
野山
全休
予研
追行
追完
発問
意字
塩安
温覚
温風
火取
火田
花材
花台
花物
花野
花葉
画業
海幸
海進
海雪
海台
絵皿
開管
開所
開度
開法
開方
階差
外書
官員
官治
管球
落筆
実親
法院
当校
起票
点着
小書
極太
牛後
整体
外銀
兄上
赤肉
賀春
原末
事案
西和
和西
表内
表外
食材
商流
通電
角打
通年
英人
米人
先回
類群
子機
親機
同送
建玉
近場
出自
声道
相方
文具
本真
無印
取方
陸連
薬名
手談
孫局
本葉
国側
角出
土国
通事
通辞
黄味
温気
注力
県花
最速
昨週
試走
学参
残置
海地
自軍
所出
数行
数社
線上
前月
前作
帯出
度毎
冬作
当会
物書
夕空
両社
星界
副長
同区
都銀
米兵
王弟
姉君
前王
宿星
麦球
洋文
鳴管
州議
魚体
船内
帳票
電着
旅衣
連画
正相
帳表
手番
配意
母数
白物
府省
里山
黄組
青組
緑組
車名
国試
光機
国都
係合
外積
分荷
花板
頭記
首記
線径
弟君
結界
文臣
帯板
夕礼
麦類
受肉
他州
直帰
直近
地気
色校
楽日
明荷
力紙
相星
手礼
北玉
輪湖
算式
道長
通箱
足輪
味塩
上右
上左
下右
下左
通紙
要説
法面
歌物
青白
長虫
周天
西語
念動
苦無
番代
車高
数歩
波数
見知
本会
文頭
礼記
老番
明夜
曲順
親水
暗箱
行所
板長
美白
式神
遠流
外板
船上
西下
人毎
港区
数種
横列
電食
自走
自公
前転
横材
目草
内着
実機
束子
天面
祭官
票差
白飯
中人
青女
青花
水飯
本歌
氷魚
参差
足長
単四
単二
県連
府連
都連
県都
右横
米朝
京菜
家犬
選時
食安
米側
黒番
州外
州内
米紙
園生
船外
公助
階調
中皮
発水
肉球
調波
前広
緑葉
側路
地毛
自毛
方立
絵面
豆科
真弓
水目
南天
残兵
印加
語例
目合
勝機
有道
銀塩
主夫
色差
折方
共形
多体
鹿肉
地鳥
男帯
改案
角氷
集客
兄者
年女
鹿毛
固焼
昨夏
名表
香菜
談語
大阪
早目
速目
借入
側転
大葉
員名
乗根
初刷
子熊
階建
手短
本学
細縄
英作
角形
赤味
転部
転石
男神
陽神
岩絵
特養
正引
空様
発止
月毛
当来
頭身
岩板
声母
口音
反切
末文
川波
管外
予兆
階高
港市
月代
毛見
来夏
老犬
育休
読札
山号
入寺
作庭
道号
害者
白湯
切字
計里
景雲
天長
天徳
安和
天元
長徳
長和
長元
康平
康和
長治
天治
大治
康治
天養
平治
安元
養和
正治
建長
康元
正元
建治
正安
徳治
正和
元徳
正平
建徳
元中
文和
康安
正長
文安
康正
文正
天正
元和
正徳
元文
明和
元治
天和
梅肉
頭語
帰米
油分
細石
寺号
子院
官寺
才六
馬手
番太
寺中
校名
必敗
水和
楽車
馬連
相輪
受花
中台
心柱
真柱
単立
前側
鼻頭
絵伝
体色
和様
飛雲
助六
後漢
外光
星人
州法
青緑
板絵
木板
木印
他車
赤日
本月
土面
空引
人日
売地
来館
熊送
正極
転折
終筆
帰巣
熊虫
反歯
合字
漁協
球種
曲想
極相
極板
局名
金運
休部
先公
名車
円文
客気
同法
羊皮
特上
魚心
和算
直火
茶葉
船形
足根
順光
道内
絵付
赤絵
号口
生管
生足
角字
名機
立礼
近村
練香
足先
着生
戸建
対中
太目
水雲
海雲
付方
共作
女帯
入刀
径間
機変
度目
宿代
金包
帰天
重電
大飯
細動
大魚
固電
黒石
通園
中一
散大
血流
熱水
氷上
残機
入市
包虫
鳥天
成道
卒園
冬芽
開学
人鳥
生食
谷町
借景
朝一
小父
小母
苦菜
完食
完飲
青目
清談
知音
図南
英日
日西
深皿
静置
夜直
新古
強面
特番
形動
体動
左変
佐変
良変
奈変
加変
速急
筆界
花金
画角
洋字
音図
開音
合音
指事
生有
死有
中有
本有
神具
丁夜
公欠
気門
野面
給紙
立大
有休
耳管
帰島
残菜
必達
赤点
養親
春節
絵組
学活
赤鹿
赤花
回族
海自
美道
白軍
波食
少雨
愛様
毛先
種差
選言
牛屋
子達
約物
散茶
広島
埼玉
静岡
新潟
月中
矢車
葉虫
青歯
筆石
産生
借字
教母
黒体
群部
早成
農水
赤魚
空然
母衣
大頭
竹笛
立刀
冬頭
糸頭
声聞
人界
季夏
季秋
季冬
上冬
子月
毛衣
外合
下合
上合
本宮
別宮
新宮
今宮
大鹿
宿曜
社日
選日
肉月
列火
連火
上科
小満
小暑
音写
真果
下前
上宮
下宮
首紙
首上
発頭
老頭
帰阪
小貝
刀子
類友
毛束
大貝
数分
山札
極体
西神
洋形
石帯
魚田
田遊
木所
紙箱
面的
清白
法輪
冬木
夕雲
黒毛
内明
油女
油目
油子
茶入
有念
色身
失行
旅鳥
田長
死出
鳥馬
羽白
星月
太極
都卒
雨月
無極
物化
持子
秋味
口細
西国
不道
人手
女竹
弱竹
川竹
苦竹
漢竹
洋灯
酒石
角岩
根深
青魚
語群
風鳥
原牛
当院
魚鳥
輪虫
線虫
金味
元夫
数発
当帰
下文
鳥皮
湯室
犬子
犬児
陽動
雨音
軽銀
正典
回音
花丸
間葉
油物
消雪
肉柱
根管
元正
水魚
門波
春機
正写
高唱
月火
予熱
急雨
本皮
無字
岩虫
黄血
感作
本作
豆鹿
目木
名親
週案
青梨
正身
直身
自知
念話
所生
国章
関電
米州
和主
発毛
長球
火車
石塩
山塩
星表
近点
遠点
月立
買春
頭花
大羽
包葉
特金
根音
上音
音画
理体
神別
色玉
夜顔
本目
農大
清楽
明楽
母様
川虫
皮虫
聞法
木走
算賀
未申
代引
後月
海氷
相同
夜酒
自機
神族
目耳
多形
側芽
街金
内府
上無
左楽
下無
平調
雨鳥
口器
節間
土雲
倍良
病葉
日東
太兆
申楽
散楽
楽部
発赤
引赤
真麦
太笛
式年
薬室
官人
庭火
府社
県社
村社
階位
観心
関代
関副
柱間
黄酒
天王
人長
参宿
牛宿
群書
氏文
官司
主典
調光
黄梅
体文
速習
係止
加群
回動
赤短
日極
西周
東周
東漢
前漢
西漢
年央
天官
地官
春官
夏官
秋官
冬官
司徒
司空
司馬
戸部
礼部
兵部
工部
悲泣
転院
水石
矢竹
馬草
別体
土味
毛包
庭景
大箱
真名
真字
酒母
差羽
長銀
大神
卒族
来孫
赤玉
朝練
雲孫
指羽
羽車
大玉
建水
何語
日共
中夏
何名
門葉
台流
反力
暑夏
野老
平文
学食
星虫
矢虫
天部
後身
借音
借訓
固相
大鳥
細小
産女
正見
正行
助業
正命
正念
正定
高一
高二
高三
第四
全村
出定
発願
石道
多時
空相
追給
気印
無徳
無有
頭光
身光
本地
特管
真風
作出
所議
行道
両辺
豆球
耳落
省内
泳動
雪風
正悪
横足
歩法
発場
中銀
標目
歯間
前出
先出
上市
産学
線表
給気
給送
局建
空列
結線
光化
主局
出側
節名
線種
束表
単紙
単票
転置
等化
等時
内字
倍角
倍速
発局
半語
付番
分間
名礼
連言
子安
通字
犬笛
町石
丁石
近医
立教
神伝
山行
角印
詩行
長着
頭首
本曲
管見
生中
馬印
馬標
馬験
第九
等色
目付
害魚
口話
庫内
流線
草付
追走
野梅
庭梅
銀葉
面高
貝母
通流
遊具
自切
春花
配転
太線
細線
休出
特休
去校
新期
特区
底生
来園
耳石
知客
良酒
犬種
長姉
星草
夕景
小部
青毛
白毛
売笑
愛器
茶湯
茶事
小間
月神
対自
黄衣
語種
真作
主菜
右図
日次
重苦
成女
新伝
日清
建屋
最北
大悪
出図
南区
表目
漢才
代車
席外
女院
同左
小業
語間
神典
借間
具材
直和
数間
何用
医生
列福
根明
神名
客先
色数
始点
残土
選好
放課
目力
糸倉
転手
点手
柱体
清笛
小子
小妹
少妹
山梨
天板
星間
男運
女運
牛耳
両形
成書
死苦
読話
天界
連写
観法
局紙
火病
本伝
帳台
帳代
赤茶
兵農
中今
塩橋
菜飯
飯切
女顔
所相
神門
大姉
室積
丁合
庫院
生変
打刀
茶花
後炭
正炭
台子
天目
仕服
時数
社大
地鉄
残量
和国
多飲
極書
理力
芽茶
草炭
同語
同案
内道
予参
真先
白炭
神位
神階
両部
和方
書字
標数
初度
動径
弱起
後周
心耳
国訓
強的
特機
銀目
折板
人月
合皮
石黄
帳合
梨地
相待
日商
王府
表地
未草
鉄魚
古馬
所記
回分
着味
野茨
通級
氷温
丸八
都草
円相
連玉
和毛
内数
倍力
漢氏
連刷
連音
冷寒
冷温
例説
力線
茶名
帯化
葉理
洋白
受記
有界
転作
代親
高神
薬店
約音
目板
目見
木化
夏中
本天
法家
時球
悪地
新貨
水音
品玉
輪子
放下
花貝
丸字
対心
流下
部別
工所
神力
平曲
徳器
引目
白声
雲鏡
種芸
不食
老鳥
円板
園地
塩花
美君
横流
病児
花豆
洋算
直根
強雨
線材
労金
美品
毎冬
単走
食人
灯体
丁香
下面
火球
岩組
通約
金文
使令
糸道
寺子
古名
明代
友子
者共
道走
旅信
有要
林家
字種
船名
貝部
絵様
通船
鉄船
花炭
有理
法体
便屋
司試
明神
正丁
全期
血中
念者
書箱
車外
地子
強電
初午
筆画
指笛
油屋
多極
副生
工種
土倉
馬軍
失活
方竹
法竹
詩化
別様
長板
生口
小車
主材
差口
協治
石人
配光
油火
単板
赤気
真円
本図
組子
利生
外辺
内辺
長毛
来校
正法
和子
公地
官庫
酒旗
間投
最右
弱雨
左図
副菜
肉合
化転
波止
波戸
商材
分有
長手
付合
付台
馬体
入館
入管
苦鳴
水文
水理
宮門
沖波
曲用
車速
安康
皮目
根石
工順
車室
竹屋
小庭
客冬
橋板
小家
昼中
名題
木札
鉄塩
土船
曲刀
用木
金神
中神
才英
大官
詩家
詩客
詩業
駅使
伝録
冷風
遊走
丁未
詩美
星官
客星
主鏡
星群
算道
他校
番重
注連
駅馬
院試
門内
古松
足台
矢庭
昔者
庭土
弓場
弓庭
新円
図子
菜単
上通
市章
天一
耳当
里村
官船
葉音
丸竹
足底
無役
多動
投出
青鼻
追出
風音
雨夜
雪間
深秋
風花
生半
花心
徒心
祝女
雪代
春衣
春服
花衣
初声
寒雨
寒雲
秋意
水貝
生貝
仕初
細管
実動
秋空
大行
副鏡
法雨
主柱
所内
人屋
新湯
本祭
村内
当金
当銀
買薬
岡引
男湯
国者
番屋
神札
童男
庭口
鹿子
馬道
見始
矢取
口子
歩帯
欠所
女君
和鏡
伝声
物外
最深
午飯
他色
自色
漢直
好味
王配
行徳
少童
湯立
神遊
和産
本門
飛子
旅子
受宿
選対
雲級
月氏
談林
朝寒
平城
日女
後朝
店立
親犬
議連
議運
風量
真屋
両下
風木
正対
春社
大年
大才
年神
明王
後夜
中夜
順向
東学
開板
福楽
糸屋
音高
茶利
新内
直様
病兵
白首
身屋
南庭
関船
早船
酒虫
本品
外教
白板
都城
茶庭
中門
内教
神兵
楽語
式楽
長詩
表戸
船場
照葉
漢薬
対手
豆油
開先
笑談
茶商
月待
街商
母岩
付室
前室
外転
内転
初風
湯番
分取
冷物
冷者
湯具
訓言
後頭
初漁
高機
深林
暗香
色子
転合
定命
京童
広葉
清元
女楽
昼三
中三
出女
間切
友会
姉分
竹束
茶船
初会
力代
計帳
旅宿
工期
直衣
具名
朝陽
朝空
山畑
木羽
岩面
実年
書皮
春昼
残寒
秋暑
黄冬
初月
令月
親月
梅月
正倉
清和
夏館
田守
初市
池水
薬石
夏雲
電休
木橋
地民
主公
司式
開浴
化鳥
送配
他種
無業
歯元
図絵
絵羽
里犬
銀面
海側
週次
商連
例語
院卒
始電
点本
立談
売日
物日
物前
愛酒
木豆
風来
東名
集印
神機
車地
車知
耳貝
波貝
石貝
船貝
玉貝
日外
内帯
外帯
節理
鳴鳥
落雪
雪夜
雪輪
雪止
雪持
雪消
雪水
雪氷
雪形
山雪
里雪
無雪
飛雪
雪食
赤雪
春雪
宿雪
雪室
細氷
未生
着果
中度
松目
赤熊
最弱
生日
終着
羊群
岩群
神成
無化
柱書
指板
周面
虫魚
神使
低所
毎夏
面角
家司
中店
通物
起首
春水
兄分
町湯
念友
念人
中宿
風度
末家
決答
詩会
海手
本星
農人
大州
正楽
耳毛
生歯
農書
金毛
小虫
行手
後山
来手
朝活
引波
来学
開式
農高
放線
陸自
無角
向付
平包
受電
工区
流路
管路
地銀
通期
期近
理会
部民
品部
山外
豆打
半歩
平入
予祝
食積
食草
大服
福茶
初事
横板
寒九
火祭
丁銀
冬菜
貝焼
売色
年見
木守
数育
黒化
黄化
白化
験者
想察
当薬
半成
魚種
最遠
足半
足中
食味
飛節
売付
作話
青星
無敗
群山
親石
英王
静電
雨下
本表
集村
散村
軽風
間柱
門生
長頭
短頭
中頭
長角
炭車
金円
白味
塩角
配向
金頭
火魚
欠望
朝服
無点
録取
兄矢
早矢
矢束
数矢
酒米
赤米
風選
湯取
黄飯
名田
本機
平場
名水
井水
園池
州兵
赤血
公所
全州
足指
月役
休薬
薬中
黒味
黒身
医方
近位
大言
転流
足部
大戸
走時
門中
名石
冷点
前医
筆屋
空店
明店
事観
温玉
品題
水金
金梅
笛柱
便追
正先
上首
地紙
小門
屋戸
屋前
坂路
阪路
住金
右記
終速
訓化
和酒
山月
親兵
和習
好位
短観
太物
行草
仕所
詩神
詩書
試金
交連
児相
店名
帰日
夏期
春期
春気
多夫
遊園
神庫
新子
女木
男木
単館
初動
長歌
勝運
相銀
正横
君等
色味
神鹿
表方
不成
直長
音取
馬名
線区
商銀
信組
山立
産炭
満都
名橋
兄様
折丁
箱形
内食
徒毛
歩卒
和協
晴男
晴女
地体
機外
新船
血道
血石
血温
陸貝
鏡貝
半建
手力
鹿木
虫部
取米
葉形
州走
水注
指差
荷印
芽球
芽体
全作
色度
船軍
音数
名局
牛飯
寒熱
犬科
日台
村戸
雪面
下医
直人
徒人
山草
中太
食油
極味
花月
園庭
放冷
来局
来県
来者
来秋
来所
来冬
来命
相合
王都
原反
終礼
礼紙
軍持
黒牛
方案
法意
法音
方音
金時
付毛
来行
来札
来集
来路
来話
楽毛
落月
落車
楽所
落照
楽事
落字
落想
落帯
楽地
落鉄
落梅
間紙
間銀
合銀
愛校
愛日
種間
角食
相店
愛重
相年
愛念
相番
相等
間日
合火
相引
月一
相物
間物
合物
老梅
西進
山食
湖口
夏羽
海緑
色界
他屋
別火
不落
向日
落研
火灯
火頭
開湯
有生
湯量
君父
古期
角回
台船
出州
文香
目結
残戸
節祭
住戸
平虫
声点
様方
山幸
黄皮
黒皮
犬皮
好発
徒言
横言
温言
家言
単形
表事
王父
王母
公空
級別
直毛
名様
差上
差声
指声
入方
京滋
芸香
安車
切絵
葉菜
洋物
和物
中物
気死
次発
星石
板石
青石
油石
油色
次客
熱学
無信
歌語
火風
金位
初品
大用
黒便
京官
外官
校区
湖風
酒息
物相
組員
紙皿
内官
角化
所場
害人
京間
泳力
商屋
道議
道会
多選
初表
初参
落水
各様
青短
次葉
馬着
何頭
母熊
副文
小顔
特服
欠指
多指
中歯
学的
玉形
小的
数的
全的
歯黒
角家
好客
石打
印地
子祭
外箱
自死
外大
外群
町議
来島
上一
同君
丁種
真説
水月
女男
最安
小戦
道着
短少
大取
助動
連体
係助
終助
公利
感取
雲茶
安者
浅木
夏空
体養
社協
秋月
相中
相仲
画力
物申
白組
府内
血浴
女真
女直
辺材
水場
社食
顔中
各科
用後
共色
風草
遠行
小夏
市神
犬神
内神
産神
花神
歌神
鳴神
行神
栄名
男名
生馬
旗章
刀室
聞香
落橋
軽声
色石
暗語
転活
名説
無勉
洋医
路次
登園
帰園
初給
祝別
庭内
焼石
点出
分級
悲調
半間
内柱
側板
毛帯
他教
鼻角
海角
西京
的矢
計約
伝写
長路
長道
土代
死都
海鳴
友船
外臣
和色
高中
急風
波板
店印
体節
白道
台北
反中
死馬
児子
箱物
詩体
場風
順子
犬服
目面
下衣
持札
面金
酒人
天児
静音
横周
男顔
入村
来福
来京
中底
光害
打感
持芸
和薬
通名
和約
末子
白球
山折
持手
豆男
代子
教子
鉄球
無主
黒玉
名色
長鼻
受話
固目
日語
体表
首元
必置
平草
耳鏡
耳金
耳標
白茶
考試
不育
卒後
徒卒
終活
馬船
水軍
終章
大知
明知
線毛
末妹
変分
秋雪
雨雪
銀雪
男山
女山
風戸
夏冬
反流
切金
細金
結目
入家
有塩
加塩
実食
業法
内衣
漢水
寒水
入山
名詩
名帳
当寺
当山
乗鉄
組物
競場
多客
名城
陽的
通底
洋刀
松皮
曲集
寒苦
年酒
冬月
野遊
古葉
春灯
畑焼
聞茶
利茶
春意
足刀
投写
直臣
葉肉
小味
福神
横物
上湯
内調
手事
着回
陸電
秋寒
陸島
分画
後転
星様
正肉
夜飯
科名
遊着
単五
集住
円石
宮寺
自園
社地
平頭
着方
土建
小柱
神農
化内
化外
名神
鳥頭
豆果
節果
単果
石果
苦参
強取
乗口
差縄
指縄
徒金
会歌
同中
島外
側道
面一
水天
球陽
小板
積金
特少
食養
打手
鳥飯
公主
着金
門主
荷室
深青
丸皿
真神
食入
食害
時花
清冷
入線
育毛
育林
集英
類話
全室
駅近
中量
他説
終油
終板
酒食
無文
有文
建主
必食
身位
完母
学法
家用
宮号
正時
全英
氷頭
家着
薬浴
期望
来城
群行
魚形
出玉
出球
中石
母星
長城
化調
時角
他書
配荷
唱題
送客
実字
助字
順手
直生
音場
長点
短点
駅中
売電
花酒
船庫
同母
同父
勇兵
新線
目数
発来
細根
紙土
管足
管束
筆録
笛竹
章動
神水
風笛
入数
空事
国選
要事
前玉
船祭
変顔
父馬
作刀
公女
学都
気切
他銀
駅家
部番
下階
上階
他筆
相加
残差
福木
音形
神幸
体側
本身
神事
敗着
氷州
言表
下木
暗屋
暗者
上木
雪茶
筆毛
緑草
塩茶
日局
日土
野音
立面
芽生
森立
生豆
葉群
休筆
半目
夜天
間章
山主
駅子
産機
底部
火船
入店
売高
雲客
無終
実事
側筆
産直
末等
湯畑
参命
作命
金満
別字
局方
白度
練度
病者
残席
竹炭
散炭
助炭
小炭
人才
味酒
歩速
用土
全点
黒暗
終朝
中輪
日天
月天
月宮
銀鏡
鉄面
流局
服種
品代
同生
真花
初鳴
波力
海口
矢石
味玉
単球
海南
場札
組札
早梅
何色
老働
花塩
強塩
水族
笑門
配席
焼土
休園
夏毛
自強
官本
住屋
特学
整氷
作中
野風
末客
便名
球児
足乗
特願
連取
葉先
分合
夜用
銀歯
山体
父王
父音
何階
紙管
顔芸
正円
戦区
薬事
空自
母貝
重音
実化
歯周
昨季
中文
全波
新同
外生
内生
民画
省都
黒札
固食
梅色
元夕
菜心
清見
帰隊
軍才
主業
町代
玉糸
投戦
無目
小球
遊人
女役
分置
考古
門標
門表
黒変
社号
小花
買時
買場
細麦
単意
岩梅
雪梨
豆梨
重種
類化
菜豆
作字
村切
次作
農用
赤物
熊肉
金葉
小旗
急焼
手皿
食時
半顔
下代
安目
筆札
散積
親業
変電
皮田
皮多
位田
功田
事力
欠官
官物
出挙
老丁
次丁
仕丁
課口
少丁
中男
課戸
白丁
実部
半夏
陽根
試買
差音
指芸
多調
直積
公船
産子
冷菜
花水
家国
事計
白頭
重土
側位
立位
青線
関手
原水
暗夜
軽雨
未病
切土
病衣
冬天
好字
回青
西教
等倍
通言
転帰
単糸
幸水
新水
養方
列植
固結
姉者
台屋
建家
対飲
橋上
量化
直道
神回
周長
体高
金土
相人
水行
石子
石投
名子
銀玉
冬祭
対合
昼帯
古形
英学
育薬
丸走
他害
聞様
手球
建軍
共変
敗肉
軽車
切頭
別電
早発
民工
馬毛
回頭
最東
最西
変声
力積
暗数
京城
風成
空力
唱法
車校
星列
来住
節日
戦馬
下令
官地
色水
投法
城館
共紙
米銀
自風
庭場
馬産
軽四
花六
包有
油玉
油球
南流
北流
東流
西流
着港
黒犬
白犬
人年
園路
時法
都有
物標
薬科
種数
残材
秋夕
氷球
板材
足浴
手浴
石理
石目
魚子
上元
下元
語中
年半
民屋
通所
主星
県紙
同通
黄落
有向
名園
持高
伝書
別学
旗国
体菜
香害
低塩
争友
後根
古材
神曲
上葉
雲中
福豆
水氷
実売
有印
湖北
方書
通直
愛徳
近流
上国
落木
多頭
建場
木毛
望観
便女
元期
改氏
次戦
単六
氷箱
上肉
両県
内肉
初語
県央
急便
氷島
輪行
奈行
和行
校書
中朝
放学
青肉
兵児
両校
古美
色名
左書
虫札
散打
平行
左横
包菜
虫国
放楽
漢代
車列
前席
後席
神矢
下土
町道
青身
音度
内見
輪縄
横持
県鳥
初学
電書
後庭
集音
進法
中軍
新都
新京
県土
帰城
行雲
市名
中計
男波
秋高
青焼
西行
清代
岩松
表山
旗持
大外
旗指
旗差
緑園
相倍
当園
鉄馬
横飯
歩様
酒塩
苦海
新駅
合筆
積水
上門
外名
内名
隊旗
起始
各日
病休
活語
着差
時中
庭中
連単
多子
真中
西夏
来沖
北周
星章
弓兵
天宮
側方
宮女
親中
羽板
点群
州牧
母者
青漢
山井
貝肉
令和
人用
車間
配食
管楽
別日
青金
都区
直電
転筆
秒角
飛天
根矢
糸玉
地雨
表店
表年
標柱
軍場
数札
火計
長弓
転園
木道
心所
不害
秋雲
朝雲
馬取
山雲
神王
終雪
玉酒
西軍
願人
放生
米式
英式
魚市
魚店
地魚
根魚
寒松
畑刀
小二
出丸
付置
小三
小四
小五
小六
犬顔
母牛
黄牛
京男
右前
国方
試遊
地車
犬肉
重連
湯種
室礼
長春
走向
乗機
極夜
種井
行星
清美
係柱
岩梨
客前
王台
好晴
飛入
回書
進運
康福
静定
社有
空書
明所
通理
泣男
泣女
焼色
書芸
官兵
香子
校地
省思
黄旗
器皿
市国
死絵
里地
下辺
反社
中辺
種石
国歩
金地
正着
小酒
上波
後側
春物
改令
工口
大耳
他紙
代目
点前
細注
中衣
早雪
回雪
遊標
遊糸
新出
軍種
下議
英紙
文協
親雪
利雪
春運
白肉
野味
黄連
歌意
官服
紙店
作絵
寒食
冷食
筆研
心友
後来
受苦
整置
正置
側女
側目
詩意
今世
和弓
両京
群遊
残欠
語別
重九
丸台
菜類
文身
全一
都電
特牛
他地
多知
挙例
大害
有米
馬医
妹君
休院
休室
国所
図化
生所
人天
草薬
物名
定日
春望
雨意
天山
首部
漢服
別語
門流
連字
満地
新葉
州立
新馬
無食
産飯
魚菜
本寺
道上
府道
都道
伝助
理気
大覚
辺上
妹兄
羽球
官戸
安地
女書
観者
世運
海佐
貝葉
人海
笛子
菜切
町丁
算筆
新知
聞見
日新
本所
老大
配植
本金
車重
行法
同作
地動
地利
予等
連木
小感
合紙
筆字
実飲
覚路
組香
香札
北送
兵庫
立県
出雲
佐賀
高知
徳島
愛知
滋賀
群馬
前橋
栃木
岩手
青森
陸前
信州
石見
出羽
羽後
羽前
岩代
陸中
良化
陸州
連通
重言
民鉄
長声
郡民
大二
小丸
目札
神命
天川
答電
色上
金札
鉄札
冷感
完泳
転子
追客
愛神
朝命
会者
宮相
悪食
勇魚
新楽
男方
男形
引家
母側
父側
高商
県南
無間
顔本